{"C:\\Users\\Gustavo Larsen\\Desktop\\gestao_rh\\frontend\\src\\App.tsx": {"path":"C:\\Users\\Gustavo Larsen\\Desktop\\gestao_rh\\frontend\\src\\App.tsx","statementMap":{"0":{"start":{"line":27,"column":2},"end":{"line":67,"column":null}}},"fnMap":{"0":{"name":"App","decl":{"start":{"line":26,"column":24},"end":{"line":26,"column":30}},"loc":{"start":{"line":26,"column":30},"end":{"line":69,"column":null}},"line":26}},"branchMap":{},"s":{"0":0},"f":{"0":0},"b":{},"meta":{"lastBranch":0,"lastFunction":1,"lastStatement":1,"seen":{"f:26:24:26:30":0,"s:27:2:67:Infinity":0}}}
,"C:\\Users\\Gustavo Larsen\\Desktop\\gestao_rh\\frontend\\src\\auth\\ProtectedRoute.tsx": {"path":"C:\\Users\\Gustavo Larsen\\Desktop\\gestao_rh\\frontend\\src\\auth\\ProtectedRoute.tsx","statementMap":{"0":{"start":{"line":13,"column":15},"end":{"line":13,"column":null}},"1":{"start":{"line":15,"column":2},"end":{"line":17,"column":null}},"2":{"start":{"line":16,"column":4},"end":{"line":16,"column":null}},"3":{"start":{"line":19,"column":2},"end":{"line":25,"column":null}},"4":{"start":{"line":20,"column":4},"end":{"line":20,"column":null}},"5":{"start":{"line":20,"column":26},"end":{"line":20,"column":null}},"6":{"start":{"line":21,"column":4},"end":{"line":21,"column":null}},"7":{"start":{"line":21,"column":26},"end":{"line":21,"column":null}},"8":{"start":{"line":22,"column":4},"end":{"line":22,"column":null}},"9":{"start":{"line":22,"column":25},"end":{"line":22,"column":null}},"10":{"start":{"line":24,"column":4},"end":{"line":24,"column":null}},"11":{"start":{"line":27,"column":2},"end":{"line":27,"column":null}}},"fnMap":{"0":{"name":"ProtectedRoute","decl":{"start":{"line":9,"column":16},"end":{"line":9,"column":31}},"loc":{"start":{"line":12,"column":24},"end":{"line":28,"column":null}},"line":12}},"branchMap":{"0":{"loc":{"start":{"line":11,"column":2},"end":{"line":11,"column":null}},"type":"default-arg","locations":[{"start":{"line":11,"column":15},"end":{"line":11,"column":null}}],"line":11},"1":{"loc":{"start":{"line":15,"column":2},"end":{"line":17,"column":null}},"type":"if","locations":[{"start":{"line":15,"column":2},"end":{"line":17,"column":null}},{"start":{},"end":{}}],"line":15},"2":{"loc":{"start":{"line":19,"column":2},"end":{"line":25,"column":null}},"type":"if","locations":[{"start":{"line":19,"column":2},"end":{"line":25,"column":null}},{"start":{},"end":{}}],"line":19},"3":{"loc":{"start":{"line":19,"column":7},"end":{"line":19,"column":26}},"type":"binary-expr","locations":[{"start":{"line":19,"column":7},"end":{"line":19,"column":21}},{"start":{"line":19,"column":21},"end":{"line":19,"column":26}}],"line":19},"4":{"loc":{"start":{"line":20,"column":4},"end":{"line":20,"column":null}},"type":"if","locations":[{"start":{"line":20,"column":4},"end":{"line":20,"column":null}},{"start":{},"end":{}}],"line":20},"5":{"loc":{"start":{"line":21,"column":4},"end":{"line":21,"column":null}},"type":"if","locations":[{"start":{"line":21,"column":4},"end":{"line":21,"column":null}},{"start":{},"end":{}}],"line":21},"6":{"loc":{"start":{"line":22,"column":4},"end":{"line":22,"column":null}},"type":"if","locations":[{"start":{"line":22,"column":4},"end":{"line":22,"column":null}},{"start":{},"end":{}}],"line":22}},"s":{"0":0,"1":0,"2":0,"3":0,"4":0,"5":0,"6":0,"7":0,"8":0,"9":0,"10":0,"11":0},"f":{"0":0},"b":{"0":[0],"1":[0,0],"2":[0,0],"3":[0,0],"4":[0,0],"5":[0,0],"6":[0,0]},"meta":{"lastBranch":7,"lastFunction":1,"lastStatement":12,"seen":{"f:9:16:9:31":0,"b:11:15:11:Infinity":0,"s:13:15:13:Infinity":0,"b:15:2:17:Infinity:undefined:undefined:undefined:undefined":1,"s:15:2:17:Infinity":1,"s:16:4:16:Infinity":2,"b:19:2:25:Infinity:undefined:undefined:undefined:undefined":2,"s:19:2:25:Infinity":3,"b:19:7:19:21:19:21:19:26":3,"b:20:4:20:Infinity:undefined:undefined:undefined:undefined":4,"s:20:4:20:Infinity":4,"s:20:26:20:Infinity":5,"b:21:4:21:Infinity:undefined:undefined:undefined:undefined":5,"s:21:4:21:Infinity":6,"s:21:26:21:Infinity":7,"b:22:4:22:Infinity:undefined:undefined:undefined:undefined":6,"s:22:4:22:Infinity":8,"s:22:25:22:Infinity":9,"s:24:4:24:Infinity":10,"s:27:2:27:Infinity":11}}}
,"C:\\Users\\Gustavo Larsen\\Desktop\\gestao_rh\\frontend\\src\\auth\\useAuth.tsx": {"path":"C:\\Users\\Gustavo Larsen\\Desktop\\gestao_rh\\frontend\\src\\auth\\useAuth.tsx","statementMap":{"0":{"start":{"line":22,"column":6},"end":{"line":22,"column":null}},"1":{"start":{"line":24,"column":69},"end":{"line":87,"column":null}},"2":{"start":{"line":25,"column":22},"end":{"line":25,"column":null}},"3":{"start":{"line":26,"column":24},"end":{"line":26,"column":null}},"4":{"start":{"line":27,"column":28},"end":{"line":27,"column":null}},"5":{"start":{"line":30,"column":2},"end":{"line":36,"column":null}},"6":{"start":{"line":31,"column":4},"end":{"line":35,"column":null}},"7":{"start":{"line":32,"column":6},"end":{"line":32,"column":null}},"8":{"start":{"line":34,"column":6},"end":{"line":34,"column":null}},"9":{"start":{"line":39,"column":2},"end":{"line":59,"column":null}},"10":{"start":{"line":41,"column":6},"end":{"line":56,"column":null}},"11":{"start":{"line":42,"column":28},"end":{"line":42,"column":null}},"12":{"start":{"line":43,"column":8},"end":{"line":46,"column":null}},"13":{"start":{"line":44,"column":10},"end":{"line":44,"column":null}},"14":{"start":{"line":45,"column":10},"end":{"line":45,"column":null}},"15":{"start":{"line":48,"column":8},"end":{"line":48,"column":null}},"16":{"start":{"line":49,"column":25},"end":{"line":49,"column":null}},"17":{"start":{"line":50,"column":8},"end":{"line":50,"column":null}},"18":{"start":{"line":52,"column":8},"end":{"line":52,"column":null}},"19":{"start":{"line":53,"column":8},"end":{"line":53,"column":null}},"20":{"start":{"line":55,"column":8},"end":{"line":55,"column":null}},"21":{"start":{"line":58,"column":4},"end":{"line":58,"column":null}},"22":{"start":{"line":62,"column":21},"end":{"line":62,"column":null}},"23":{"start":{"line":64,"column":4},"end":{"line":64,"column":null}},"24":{"start":{"line":65,"column":4},"end":{"line":65,"column":null}},"25":{"start":{"line":66,"column":4},"end":{"line":66,"column":null}},"26":{"start":{"line":68,"column":4},"end":{"line":68,"column":null}},"27":{"start":{"line":69,"column":4},"end":{"line":69,"column":null}},"28":{"start":{"line":73,"column":4},"end":{"line":73,"column":null}},"29":{"start":{"line":74,"column":4},"end":{"line":74,"column":null}},"30":{"start":{"line":75,"column":4},"end":{"line":75,"column":null}},"31":{"start":{"line":76,"column":4},"end":{"line":76,"column":null}},"32":{"start":{"line":77,"column":4},"end":{"line":79,"column":null}},"33":{"start":{"line":78,"column":6},"end":{"line":78,"column":null}},"34":{"start":{"line":82,"column":2},"end":{"line":85,"column":null}},"35":{"start":{"line":90,"column":8},"end":{"line":90,"column":null}},"36":{"start":{"line":91,"column":2},"end":{"line":91,"column":null}},"37":{"start":{"line":91,"column":12},"end":{"line":91,"column":null}},"38":{"start":{"line":92,"column":2},"end":{"line":92,"column":null}}},"fnMap":{"0":{"name":"(anonymous_0)","decl":{"start":{"line":24,"column":69},"end":{"line":24,"column":70}},"loc":{"start":{"line":24,"column":87},"end":{"line":87,"column":null}},"line":24},"1":{"name":"(anonymous_1)","decl":{"start":{"line":30,"column":12},"end":{"line":30,"column":18}},"loc":{"start":{"line":30,"column":18},"end":{"line":36,"column":5}},"line":30},"2":{"name":"(anonymous_2)","decl":{"start":{"line":39,"column":12},"end":{"line":39,"column":18}},"loc":{"start":{"line":39,"column":18},"end":{"line":59,"column":5}},"line":39},"3":{"name":"loadUser","decl":{"start":{"line":40,"column":19},"end":{"line":40,"column":30}},"loc":{"start":{"line":40,"column":30},"end":{"line":57,"column":null}},"line":40},"4":{"name":"login","decl":{"start":{"line":61,"column":17},"end":{"line":61,"column":23}},"loc":{"start":{"line":61,"column":56},"end":{"line":70,"column":null}},"line":61},"5":{"name":"logout","decl":{"start":{"line":72,"column":11},"end":{"line":72,"column":20}},"loc":{"start":{"line":72,"column":20},"end":{"line":80,"column":null}},"line":72},"6":{"name":"(anonymous_6)","decl":{"start":{"line":77,"column":15},"end":{"line":77,"column":21}},"loc":{"start":{"line":77,"column":21},"end":{"line":79,"column":5}},"line":77},"7":{"name":"useAuth","decl":{"start":{"line":89,"column":16},"end":{"line":89,"column":26}},"loc":{"start":{"line":89,"column":26},"end":{"line":93,"column":null}},"line":89}},"branchMap":{"0":{"loc":{"start":{"line":31,"column":4},"end":{"line":35,"column":null}},"type":"if","locations":[{"start":{"line":31,"column":4},"end":{"line":35,"column":null}},{"start":{"line":33,"column":11},"end":{"line":35,"column":null}}],"line":31},"1":{"loc":{"start":{"line":43,"column":8},"end":{"line":46,"column":null}},"type":"if","locations":[{"start":{"line":43,"column":8},"end":{"line":46,"column":null}},{"start":{},"end":{}}],"line":43},"2":{"loc":{"start":{"line":91,"column":2},"end":{"line":91,"column":null}},"type":"if","locations":[{"start":{"line":91,"column":2},"end":{"line":91,"column":null}},{"start":{},"end":{}}],"line":91}},"s":{"0":0,"1":0,"2":0,"3":0,"4":0,"5":0,"6":0,"7":0,"8":0,"9":0,"10":0,"11":0,"12":0,"13":0,"14":0,"15":0,"16":0,"17":0,"18":0,"19":0,"20":0,"21":0,"22":0,"23":0,"24":0,"25":0,"26":0,"27":0,"28":0,"29":0,"30":0,"31":0,"32":0,"33":0,"34":0,"35":0,"36":0,"37":0,"38":0},"f":{"0":0,"1":0,"2":0,"3":0,"4":0,"5":0,"6":0,"7":0},"b":{"0":[0,0],"1":[0,0],"2":[0,0]},"meta":{"lastBranch":3,"lastFunction":8,"lastStatement":39,"seen":{"s:22:6:22:Infinity":0,"s:24:69:87:Infinity":1,"f:24:69:24:70":0,"s:25:22:25:Infinity":2,"s:26:24:26:Infinity":3,"s:27:28:27:Infinity":4,"s:30:2:36:Infinity":5,"f:30:12:30:18":1,"b:31:4:35:Infinity:33:11:35:Infinity":0,"s:31:4:35:Infinity":6,"s:32:6:32:Infinity":7,"s:34:6:34:Infinity":8,"s:39:2:59:Infinity":9,"f:39:12:39:18":2,"f:40:19:40:30":3,"s:41:6:56:Infinity":10,"s:42:28:42:Infinity":11,"b:43:8:46:Infinity:undefined:undefined:undefined:undefined":1,"s:43:8:46:Infinity":12,"s:44:10:44:Infinity":13,"s:45:10:45:Infinity":14,"s:48:8:48:Infinity":15,"s:49:25:49:Infinity":16,"s:50:8:50:Infinity":17,"s:52:8:52:Infinity":18,"s:53:8:53:Infinity":19,"s:55:8:55:Infinity":20,"s:58:4:58:Infinity":21,"f:61:17:61:23":4,"s:62:21:62:Infinity":22,"s:64:4:64:Infinity":23,"s:65:4:65:Infinity":24,"s:66:4:66:Infinity":25,"s:68:4:68:Infinity":26,"s:69:4:69:Infinity":27,"f:72:11:72:20":5,"s:73:4:73:Infinity":28,"s:74:4:74:Infinity":29,"s:75:4:75:Infinity":30,"s:76:4:76:Infinity":31,"s:77:4:79:Infinity":32,"f:77:15:77:21":6,"s:78:6:78:Infinity":33,"s:82:2:85:Infinity":34,"f:89:16:89:26":7,"s:90:8:90:Infinity":35,"b:91:2:91:Infinity:undefined:undefined:undefined:undefined":2,"s:91:2:91:Infinity":36,"s:91:12:91:Infinity":37,"s:92:2:92:Infinity":38}}}
,"C:\\Users\\Gustavo Larsen\\Desktop\\gestao_rh\\frontend\\src\\components\\DatePicker.tsx": {"path":"C:\\Users\\Gustavo Larsen\\Desktop\\gestao_rh\\frontend\\src\\components\\DatePicker.tsx","statementMap":{"0":{"start":{"line":17,"column":26},"end":{"line":17,"column":null}},"1":{"start":{"line":19,"column":2},"end":{"line":34,"column":null}}},"fnMap":{"0":{"name":"DatePicker","decl":{"start":{"line":16,"column":16},"end":{"line":16,"column":29}},"loc":{"start":{"line":16,"column":29},"end":{"line":36,"column":null}},"line":16}},"branchMap":{"0":{"loc":{"start":{"line":28,"column":11},"end":{"line":28,"column":null}},"type":"cond-expr","locations":[{"start":{"line":28,"column":11},"end":{"line":28,"column":40}},{"start":{"line":28,"column":40},"end":{"line":28,"column":null}}],"line":28}},"s":{"0":0,"1":0},"f":{"0":0},"b":{"0":[0,0]},"meta":{"lastBranch":1,"lastFunction":1,"lastStatement":2,"seen":{"f:16:16:16:29":0,"s:17:26:17:Infinity":0,"s:19:2:34:Infinity":1,"b:28:11:28:40:28:40:28:Infinity":0}}}
,"C:\\Users\\Gustavo Larsen\\Desktop\\gestao_rh\\frontend\\src\\components\\Sidebar.tsx": {"path":"C:\\Users\\Gustavo Larsen\\Desktop\\gestao_rh\\frontend\\src\\components\\Sidebar.tsx","statementMap":{"0":{"start":{"line":17,"column":25},"end":{"line":17,"column":null}},"1":{"start":{"line":18,"column":26},"end":{"line":18,"column":null}},"2":{"start":{"line":21,"column":32},"end":{"line":21,"column":null}},"3":{"start":{"line":22,"column":32},"end":{"line":22,"column":null}},"4":{"start":{"line":23,"column":8},"end":{"line":23,"column":null}},"5":{"start":{"line":24,"column":23},"end":{"line":24,"column":null}},"6":{"start":{"line":26,"column":20},"end":{"line":26,"column":null}},"7":{"start":{"line":27,"column":23},"end":{"line":27,"column":null}},"8":{"start":{"line":29,"column":24},"end":{"line":79,"column":null}},"9":{"start":{"line":82,"column":4},"end":{"line":84,"column":null}},"10":{"start":{"line":83,"column":6},"end":{"line":83,"column":null}},"11":{"start":{"line":83,"column":48},"end":{"line":83,"column":59}},"12":{"start":{"line":88,"column":4},"end":{"line":88,"column":null}},"13":{"start":{"line":89,"column":4},"end":{"line":89,"column":null}},"14":{"start":{"line":92,"column":2},"end":{"line":223,"column":null}},"15":{"start":{"line":126,"column":25},"end":{"line":126,"column":null}},"16":{"start":{"line":126,"column":48},"end":{"line":126,"column":53}},"17":{"start":{"line":152,"column":28},"end":{"line":152,"column":51}},"18":{"start":{"line":154,"column":27},"end":{"line":154,"column":null}},"19":{"start":{"line":155,"column":25},"end":{"line":155,"column":null}},"20":{"start":{"line":156,"column":12},"end":{"line":204,"column":null}},"21":{"start":{"line":159,"column":33},"end":{"line":159,"column":null}},"22":{"start":{"line":184,"column":42},"end":{"line":184,"column":65}},"23":{"start":{"line":186,"column":26},"end":{"line":199,"column":null}},"24":{"start":{"line":190,"column":30},"end":{"line":195,"column":null}}},"fnMap":{"0":{"name":"Sidebar","decl":{"start":{"line":20,"column":24},"end":{"line":20,"column":34}},"loc":{"start":{"line":20,"column":34},"end":{"line":225,"column":null}},"line":20},"1":{"name":"toggleMenu","decl":{"start":{"line":81,"column":11},"end":{"line":81,"column":22}},"loc":{"start":{"line":81,"column":37},"end":{"line":85,"column":null}},"line":81},"2":{"name":"(anonymous_2)","decl":{"start":{"line":82,"column":17},"end":{"line":82,"column":18}},"loc":{"start":{"line":83,"column":6},"end":{"line":83,"column":null}},"line":83},"3":{"name":"(anonymous_3)","decl":{"start":{"line":83,"column":41},"end":{"line":83,"column":42}},"loc":{"start":{"line":83,"column":48},"end":{"line":83,"column":59}},"line":83},"4":{"name":"handleLogout","decl":{"start":{"line":87,"column":11},"end":{"line":87,"column":26}},"loc":{"start":{"line":87,"column":26},"end":{"line":90,"column":null}},"line":87},"5":{"name":"(anonymous_5)","decl":{"start":{"line":126,"column":19},"end":{"line":126,"column":25}},"loc":{"start":{"line":126,"column":25},"end":{"line":126,"column":null}},"line":126},"6":{"name":"(anonymous_6)","decl":{"start":{"line":126,"column":38},"end":{"line":126,"column":39}},"loc":{"start":{"line":126,"column":48},"end":{"line":126,"column":53}},"line":126},"7":{"name":"(anonymous_7)","decl":{"start":{"line":152,"column":18},"end":{"line":152,"column":19}},"loc":{"start":{"line":152,"column":28},"end":{"line":152,"column":51}},"line":152},"8":{"name":"(anonymous_8)","decl":{"start":{"line":153,"column":15},"end":{"line":153,"column":16}},"loc":{"start":{"line":153,"column":25},"end":{"line":206,"column":11}},"line":153},"9":{"name":"(anonymous_9)","decl":{"start":{"line":159,"column":27},"end":{"line":159,"column":33}},"loc":{"start":{"line":159,"column":33},"end":{"line":159,"column":null}},"line":159},"10":{"name":"(anonymous_10)","decl":{"start":{"line":184,"column":32},"end":{"line":184,"column":33}},"loc":{"start":{"line":184,"column":42},"end":{"line":184,"column":65}},"line":184},"11":{"name":"(anonymous_11)","decl":{"start":{"line":185,"column":29},"end":{"line":185,"column":30}},"loc":{"start":{"line":186,"column":26},"end":{"line":199,"column":null}},"line":186},"12":{"name":"(anonymous_12)","decl":{"start":{"line":189,"column":39},"end":{"line":189,"column":40}},"loc":{"start":{"line":190,"column":30},"end":{"line":195,"column":null}},"line":190}},"branchMap":{"0":{"loc":{"start":{"line":26,"column":20},"end":{"line":26,"column":null}},"type":"binary-expr","locations":[{"start":{"line":26,"column":20},"end":{"line":26,"column":35}},{"start":{"line":26,"column":35},"end":{"line":26,"column":null}}],"line":26},"1":{"loc":{"start":{"line":27,"column":23},"end":{"line":27,"column":null}},"type":"cond-expr","locations":[{"start":{"line":27,"column":35},"end":{"line":27,"column":44}},{"start":{"line":27,"column":44},"end":{"line":27,"column":null}}],"line":27},"2":{"loc":{"start":{"line":83,"column":6},"end":{"line":83,"column":null}},"type":"cond-expr","locations":[{"start":{"line":83,"column":29},"end":{"line":83,"column":63}},{"start":{"line":83,"column":63},"end":{"line":83,"column":null}}],"line":83},"3":{"loc":{"start":{"line":119,"column":11},"end":{"line":121,"column":null}},"type":"binary-expr","locations":[{"start":{"line":119,"column":11},"end":{"line":119,"column":null}},{"start":{"line":120,"column":12},"end":{"line":121,"column":null}}],"line":119},"4":{"loc":{"start":{"line":131,"column":11},"end":{"line":134,"column":null}},"type":"cond-expr","locations":[{"start":{"line":132,"column":12},"end":{"line":132,"column":null}},{"start":{"line":134,"column":12},"end":{"line":134,"column":null}}],"line":131},"5":{"loc":{"start":{"line":140,"column":7},"end":{"line":140,"column":null}},"type":"binary-expr","locations":[{"start":{"line":140,"column":7},"end":{"line":140,"column":21}},{"start":{"line":140,"column":21},"end":{"line":140,"column":null}}],"line":140},"6":{"loc":{"start":{"line":143,"column":7},"end":{"line":146,"column":null}},"type":"binary-expr","locations":[{"start":{"line":143,"column":7},"end":{"line":143,"column":null}},{"start":{"line":144,"column":8},"end":{"line":146,"column":null}}],"line":143},"7":{"loc":{"start":{"line":163,"column":22},"end":{"line":163,"column":68}},"type":"cond-expr","locations":[{"start":{"line":163,"column":34},"end":{"line":163,"column":53}},{"start":{"line":163,"column":53},"end":{"line":163,"column":68}}],"line":163},"8":{"loc":{"start":{"line":169,"column":19},"end":{"line":170,"column":null}},"type":"binary-expr","locations":[{"start":{"line":169,"column":19},"end":{"line":169,"column":null}},{"start":{"line":170,"column":20},"end":{"line":170,"column":null}}],"line":169},"9":{"loc":{"start":{"line":175,"column":19},"end":{"line":201,"column":null}},"type":"binary-expr","locations":[{"start":{"line":175,"column":19},"end":{"line":175,"column":33}},{"start":{"line":175,"column":33},"end":{"line":175,"column":null}},{"start":{"line":176,"column":20},"end":{"line":201,"column":null}}],"line":175},"10":{"loc":{"start":{"line":192,"column":32},"end":{"line":194,"column":null}},"type":"cond-expr","locations":[{"start":{"line":193,"column":36},"end":{"line":193,"column":null}},{"start":{"line":194,"column":36},"end":{"line":194,"column":null}}],"line":192},"11":{"loc":{"start":{"line":216,"column":12},"end":{"line":216,"column":null}},"type":"cond-expr","locations":[{"start":{"line":216,"column":24},"end":{"line":216,"column":43}},{"start":{"line":216,"column":43},"end":{"line":216,"column":null}}],"line":216},"12":{"loc":{"start":{"line":220,"column":11},"end":{"line":220,"column":null}},"type":"binary-expr","locations":[{"start":{"line":220,"column":11},"end":{"line":220,"column":25}},{"start":{"line":220,"column":25},"end":{"line":220,"column":null}}],"line":220}},"s":{"0":10,"1":10,"2":530,"3":530,"4":530,"5":530,"6":530,"7":530,"8":530,"9":0,"10":0,"11":0,"12":0,"13":0,"14":530,"15":0,"16":0,"17":2120,"18":530,"19":530,"20":530,"21":0,"22":0,"23":0,"24":0},"f":{"0":530,"1":0,"2":0,"3":0,"4":0,"5":0,"6":0,"7":2120,"8":530,"9":0,"10":0,"11":0,"12":0},"b":{"0":[530,530],"1":[0,530],"2":[0,0],"3":[530,530],"4":[0,530],"5":[530,530],"6":[530,530],"7":[0,530],"8":[530,530],"9":[530,530,0],"10":[0,0],"11":[0,530],"12":[530,530]},"meta":{"lastBranch":13,"lastFunction":13,"lastStatement":25,"seen":{"s:17:25:17:Infinity":0,"s:18:26:18:Infinity":1,"f:20:24:20:34":0,"s:21:32:21:Infinity":2,"s:22:32:22:Infinity":3,"s:23:8:23:Infinity":4,"s:24:23:24:Infinity":5,"s:26:20:26:Infinity":6,"b:26:20:26:35:26:35:26:Infinity":0,"s:27:23:27:Infinity":7,"b:27:35:27:44:27:44:27:Infinity":1,"s:29:24:79:Infinity":8,"f:81:11:81:22":1,"s:82:4:84:Infinity":9,"f:82:17:82:18":2,"s:83:6:83:Infinity":10,"b:83:29:83:63:83:63:83:Infinity":2,"f:83:41:83:42":3,"s:83:48:83:59":11,"f:87:11:87:26":4,"s:88:4:88:Infinity":12,"s:89:4:89:Infinity":13,"s:92:2:223:Infinity":14,"b:119:11:119:Infinity:120:12:121:Infinity":3,"f:126:19:126:25":5,"s:126:25:126:Infinity":15,"f:126:38:126:39":6,"s:126:48:126:53":16,"b:132:12:132:Infinity:134:12:134:Infinity":4,"b:140:7:140:21:140:21:140:Infinity":5,"b:143:7:143:Infinity:144:8:146:Infinity":6,"f:152:18:152:19":7,"s:152:28:152:51":17,"f:153:15:153:16":8,"s:154:27:154:Infinity":18,"s:155:25:155:Infinity":19,"s:156:12:204:Infinity":20,"f:159:27:159:33":9,"s:159:33:159:Infinity":21,"b:163:34:163:53:163:53:163:68":7,"b:169:19:169:Infinity:170:20:170:Infinity":8,"b:175:19:175:33:175:33:175:Infinity:176:20:201:Infinity":9,"f:184:32:184:33":10,"s:184:42:184:65":22,"f:185:29:185:30":11,"s:186:26:199:Infinity":23,"f:189:39:189:40":12,"s:190:30:195:Infinity":24,"b:193:36:193:Infinity:194:36:194:Infinity":10,"b:216:24:216:43:216:43:216:Infinity":11,"b:220:11:220:25:220:25:220:Infinity":12}}}
,"C:\\Users\\Gustavo Larsen\\Desktop\\gestao_rh\\frontend\\src\\components\\modals\\BaseModal.tsx": {"path":"C:\\Users\\Gustavo Larsen\\Desktop\\gestao_rh\\frontend\\src\\components\\modals\\BaseModal.tsx","statementMap":{"0":{"start":{"line":30,"column":2},"end":{"line":80,"column":null}}},"fnMap":{"0":{"name":"BaseModal","decl":{"start":{"line":21,"column":16},"end":{"line":21,"column":26}},"loc":{"start":{"line":29,"column":19},"end":{"line":82,"column":null}},"line":29}},"branchMap":{"0":{"loc":{"start":{"line":28,"column":2},"end":{"line":28,"column":null}},"type":"default-arg","locations":[{"start":{"line":28,"column":13},"end":{"line":28,"column":null}}],"line":28},"1":{"loc":{"start":{"line":59,"column":9},"end":{"line":62,"column":null}},"type":"binary-expr","locations":[{"start":{"line":59,"column":9},"end":{"line":59,"column":null}},{"start":{"line":60,"column":10},"end":{"line":62,"column":null}}],"line":59},"2":{"loc":{"start":{"line":68,"column":7},"end":{"line":78,"column":null}},"type":"binary-expr","locations":[{"start":{"line":68,"column":7},"end":{"line":68,"column":null}},{"start":{"line":69,"column":8},"end":{"line":78,"column":null}}],"line":68}},"s":{"0":1174},"f":{"0":1174},"b":{"0":[1174],"1":[1174,1174],"2":[1174,1060]},"meta":{"lastBranch":3,"lastFunction":1,"lastStatement":1,"seen":{"f:21:16:21:26":0,"b:28:13:28:Infinity":0,"s:30:2:80:Infinity":0,"b:59:9:59:Infinity:60:10:62:Infinity":1,"b:68:7:68:Infinity:69:8:78:Infinity":2}}}
,"C:\\Users\\Gustavo Larsen\\Desktop\\gestao_rh\\frontend\\src\\components\\ui\\button.tsx": {"path":"C:\\Users\\Gustavo Larsen\\Desktop\\gestao_rh\\frontend\\src\\components\\ui\\button.tsx","statementMap":{"0":{"start":{"line":7,"column":6},"end":{"line":35,"column":null}},"1":{"start":{"line":43,"column":15},"end":{"line":54,"column":null}},"2":{"start":{"line":45,"column":17},"end":{"line":45,"column":null}},"3":{"start":{"line":46,"column":4},"end":{"line":51,"column":null}},"4":{"start":{"line":55,"column":0},"end":{"line":55,"column":null}}},"fnMap":{"0":{"name":"(anonymous_0)","decl":{"start":{"line":44,"column":2},"end":{"line":44,"column":3}},"loc":{"start":{"line":44,"column":68},"end":{"line":53,"column":null}},"line":44}},"branchMap":{"0":{"loc":{"start":{"line":44,"column":31},"end":{"line":44,"column":48}},"type":"default-arg","locations":[{"start":{"line":44,"column":41},"end":{"line":44,"column":48}}],"line":44},"1":{"loc":{"start":{"line":45,"column":17},"end":{"line":45,"column":null}},"type":"cond-expr","locations":[{"start":{"line":45,"column":27},"end":{"line":45,"column":34}},{"start":{"line":45,"column":34},"end":{"line":45,"column":null}}],"line":45}},"s":{"0":1,"1":1,"2":16,"3":16,"4":1},"f":{"0":16},"b":{"0":[16],"1":[0,16]},"meta":{"lastBranch":2,"lastFunction":1,"lastStatement":5,"seen":{"s:7:6:35:Infinity":0,"s:43:15:54:Infinity":1,"f:44:2:44:3":0,"b:44:41:44:48":0,"s:45:17:45:Infinity":2,"b:45:27:45:34:45:34:45:Infinity":1,"s:46:4:51:Infinity":3,"s:55:0:55:Infinity":4}}}
,"C:\\Users\\Gustavo Larsen\\Desktop\\gestao_rh\\frontend\\src\\components\\ui\\calendar.tsx": {"path":"C:\\Users\\Gustavo Larsen\\Desktop\\gestao_rh\\frontend\\src\\components\\ui\\calendar.tsx","statementMap":{"0":{"start":{"line":24,"column":8},"end":{"line":24,"column":null}},"1":{"start":{"line":26,"column":2},"end":{"line":169,"column":null}},"2":{"start":{"line":38,"column":10},"end":{"line":38,"column":null}},"3":{"start":{"line":127,"column":10},"end":{"line":133,"column":null}},"4":{"start":{"line":137,"column":10},"end":{"line":141,"column":null}},"5":{"start":{"line":138,"column":12},"end":{"line":139,"column":null}},"6":{"start":{"line":143,"column":10},"end":{"line":150,"column":null}},"7":{"start":{"line":144,"column":12},"end":{"line":148,"column":null}},"8":{"start":{"line":152,"column":10},"end":{"line":153,"column":null}},"9":{"start":{"line":158,"column":10},"end":{"line":163,"column":null}},"10":{"start":{"line":179,"column":8},"end":{"line":179,"column":null}},"11":{"start":{"line":181,"column":14},"end":{"line":181,"column":null}},"12":{"start":{"line":182,"column":2},"end":{"line":184,"column":null}},"13":{"start":{"line":183,"column":4},"end":{"line":183,"column":null}},"14":{"start":{"line":183,"column":27},"end":{"line":183,"column":null}},"15":{"start":{"line":186,"column":2},"end":{"line":207,"column":null}}},"fnMap":{"0":{"name":"Calendar","decl":{"start":{"line":12,"column":9},"end":{"line":12,"column":18}},"loc":{"start":{"line":23,"column":3},"end":{"line":171,"column":null}},"line":23},"1":{"name":"(anonymous_1)","decl":{"start":{"line":37,"column":29},"end":{"line":37,"column":30}},"loc":{"start":{"line":38,"column":10},"end":{"line":38,"column":null}},"line":38},"2":{"name":"(anonymous_2)","decl":{"start":{"line":126,"column":14},"end":{"line":126,"column":15}},"loc":{"start":{"line":126,"column":52},"end":{"line":135,"column":null}},"line":126},"3":{"name":"(anonymous_3)","decl":{"start":{"line":136,"column":17},"end":{"line":136,"column":18}},"loc":{"start":{"line":136,"column":59},"end":{"line":155,"column":null}},"line":136},"4":{"name":"(anonymous_4)","decl":{"start":{"line":157,"column":20},"end":{"line":157,"column":21}},"loc":{"start":{"line":157,"column":48},"end":{"line":165,"column":null}},"line":157},"5":{"name":"CalendarDayButton","decl":{"start":{"line":173,"column":9},"end":{"line":173,"column":27}},"loc":{"start":{"line":178,"column":43},"end":{"line":209,"column":null}},"line":178},"6":{"name":"(anonymous_6)","decl":{"start":{"line":182,"column":18},"end":{"line":182,"column":24}},"loc":{"start":{"line":182,"column":24},"end":{"line":184,"column":5}},"line":182}},"branchMap":{"0":{"loc":{"start":{"line":15,"column":2},"end":{"line":15,"column":null}},"type":"default-arg","locations":[{"start":{"line":15,"column":20},"end":{"line":15,"column":null}}],"line":15},"1":{"loc":{"start":{"line":16,"column":2},"end":{"line":16,"column":null}},"type":"default-arg","locations":[{"start":{"line":16,"column":18},"end":{"line":16,"column":null}}],"line":16},"2":{"loc":{"start":{"line":17,"column":2},"end":{"line":17,"column":null}},"type":"default-arg","locations":[{"start":{"line":17,"column":18},"end":{"line":17,"column":null}}],"line":17},"3":{"loc":{"start":{"line":80,"column":10},"end":{"line":82,"column":null}},"type":"cond-expr","locations":[{"start":{"line":81,"column":14},"end":{"line":81,"column":null}},{"start":{"line":82,"column":14},"end":{"line":82,"column":null}}],"line":80},"4":{"loc":{"start":{"line":137,"column":10},"end":{"line":141,"column":null}},"type":"if","locations":[{"start":{"line":137,"column":10},"end":{"line":141,"column":null}},{"start":{},"end":{}}],"line":137},"5":{"loc":{"start":{"line":143,"column":10},"end":{"line":150,"column":null}},"type":"if","locations":[{"start":{"line":143,"column":10},"end":{"line":150,"column":null}},{"start":{},"end":{}}],"line":143},"6":{"loc":{"start":{"line":183,"column":4},"end":{"line":183,"column":null}},"type":"if","locations":[{"start":{"line":183,"column":4},"end":{"line":183,"column":null}},{"start":{},"end":{}}],"line":183},"7":{"loc":{"start":{"line":193,"column":8},"end":{"line":196,"column":null}},"type":"binary-expr","locations":[{"start":{"line":193,"column":8},"end":{"line":193,"column":null}},{"start":{"line":194,"column":8},"end":{"line":194,"column":null}},{"start":{"line":195,"column":8},"end":{"line":195,"column":null}},{"start":{"line":196,"column":8},"end":{"line":196,"column":null}}],"line":193}},"s":{"0":0,"1":0,"2":0,"3":0,"4":0,"5":0,"6":0,"7":0,"8":0,"9":0,"10":0,"11":0,"12":0,"13":0,"14":0,"15":0},"f":{"0":0,"1":0,"2":0,"3":0,"4":0,"5":0,"6":0},"b":{"0":[0],"1":[0],"2":[0],"3":[0,0],"4":[0,0],"5":[0,0],"6":[0,0],"7":[0,0,0,0]},"meta":{"lastBranch":8,"lastFunction":7,"lastStatement":16,"seen":{"f:12:9:12:18":0,"b:15:20:15:Infinity":0,"b:16:18:16:Infinity":1,"b:17:18:17:Infinity":2,"s:24:8:24:Infinity":0,"s:26:2:169:Infinity":1,"f:37:29:37:30":1,"s:38:10:38:Infinity":2,"b:81:14:81:Infinity:82:14:82:Infinity":3,"f:126:14:126:15":2,"s:127:10:133:Infinity":3,"f:136:17:136:18":3,"b:137:10:141:Infinity:undefined:undefined:undefined:undefined":4,"s:137:10:141:Infinity":4,"s:138:12:139:Infinity":5,"b:143:10:150:Infinity:undefined:undefined:undefined:undefined":5,"s:143:10:150:Infinity":6,"s:144:12:148:Infinity":7,"s:152:10:153:Infinity":8,"f:157:20:157:21":4,"s:158:10:163:Infinity":9,"f:173:9:173:27":5,"s:179:8:179:Infinity":10,"s:181:14:181:Infinity":11,"s:182:2:184:Infinity":12,"f:182:18:182:24":6,"b:183:4:183:Infinity:undefined:undefined:undefined:undefined":6,"s:183:4:183:Infinity":13,"s:183:27:183:Infinity":14,"s:186:2:207:Infinity":15,"b:193:8:193:Infinity:194:8:194:Infinity:195:8:195:Infinity:196:8:196:Infinity":7}}}
,"C:\\Users\\Gustavo Larsen\\Desktop\\gestao_rh\\frontend\\src\\components\\ui\\dialog.tsx": {"path":"C:\\Users\\Gustavo Larsen\\Desktop\\gestao_rh\\frontend\\src\\components\\ui\\dialog.tsx","statementMap":{"0":{"start":{"line":7,"column":15},"end":{"line":7,"column":null}},"1":{"start":{"line":9,"column":22},"end":{"line":9,"column":null}},"2":{"start":{"line":11,"column":21},"end":{"line":11,"column":null}},"3":{"start":{"line":13,"column":20},"end":{"line":13,"column":null}},"4":{"start":{"line":15,"column":22},"end":{"line":27,"column":null}},"5":{"start":{"line":19,"column":2},"end":{"line":26,"column":null}},"6":{"start":{"line":28,"column":0},"end":{"line":28,"column":null}},"7":{"start":{"line":30,"column":22},"end":{"line":51,"column":null}},"8":{"start":{"line":34,"column":2},"end":{"line":50,"column":null}},"9":{"start":{"line":52,"column":0},"end":{"line":52,"column":null}},"10":{"start":{"line":54,"column":21},"end":{"line":64,"column":null}},"11":{"start":{"line":58,"column":2},"end":{"line":64,"column":null}},"12":{"start":{"line":66,"column":0},"end":{"line":66,"column":null}},"13":{"start":{"line":68,"column":21},"end":{"line":78,"column":null}},"14":{"start":{"line":72,"column":2},"end":{"line":78,"column":null}},"15":{"start":{"line":80,"column":0},"end":{"line":80,"column":null}},"16":{"start":{"line":82,"column":20},"end":{"line":94,"column":null}},"17":{"start":{"line":86,"column":2},"end":{"line":93,"column":null}},"18":{"start":{"line":95,"column":0},"end":{"line":95,"column":null}},"19":{"start":{"line":97,"column":26},"end":{"line":106,"column":null}},"20":{"start":{"line":101,"column":2},"end":{"line":105,"column":null}},"21":{"start":{"line":107,"column":0},"end":{"line":107,"column":null}}},"fnMap":{"0":{"name":"(anonymous_0)","decl":{"start":{"line":18,"column":2},"end":{"line":18,"column":3}},"loc":{"start":{"line":19,"column":2},"end":{"line":26,"column":null}},"line":19},"1":{"name":"(anonymous_1)","decl":{"start":{"line":33,"column":2},"end":{"line":33,"column":3}},"loc":{"start":{"line":34,"column":2},"end":{"line":50,"column":null}},"line":34},"2":{"name":"(anonymous_2)","decl":{"start":{"line":54,"column":21},"end":{"line":54,"column":22}},"loc":{"start":{"line":58,"column":2},"end":{"line":64,"column":null}},"line":58},"3":{"name":"(anonymous_3)","decl":{"start":{"line":68,"column":21},"end":{"line":68,"column":22}},"loc":{"start":{"line":72,"column":2},"end":{"line":78,"column":null}},"line":72},"4":{"name":"(anonymous_4)","decl":{"start":{"line":85,"column":2},"end":{"line":85,"column":3}},"loc":{"start":{"line":86,"column":2},"end":{"line":93,"column":null}},"line":86},"5":{"name":"(anonymous_5)","decl":{"start":{"line":100,"column":2},"end":{"line":100,"column":3}},"loc":{"start":{"line":101,"column":2},"end":{"line":105,"column":null}},"line":101}},"branchMap":{},"s":{"0":0,"1":0,"2":0,"3":0,"4":0,"5":0,"6":0,"7":0,"8":0,"9":0,"10":0,"11":0,"12":0,"13":0,"14":0,"15":0,"16":0,"17":0,"18":0,"19":0,"20":0,"21":0},"f":{"0":0,"1":0,"2":0,"3":0,"4":0,"5":0},"b":{},"meta":{"lastBranch":0,"lastFunction":6,"lastStatement":22,"seen":{"s:7:15:7:Infinity":0,"s:9:22:9:Infinity":1,"s:11:21:11:Infinity":2,"s:13:20:13:Infinity":3,"s:15:22:27:Infinity":4,"f:18:2:18:3":0,"s:19:2:26:Infinity":5,"s:28:0:28:Infinity":6,"s:30:22:51:Infinity":7,"f:33:2:33:3":1,"s:34:2:50:Infinity":8,"s:52:0:52:Infinity":9,"s:54:21:64:Infinity":10,"f:54:21:54:22":2,"s:58:2:64:Infinity":11,"s:66:0:66:Infinity":12,"s:68:21:78:Infinity":13,"f:68:21:68:22":3,"s:72:2:78:Infinity":14,"s:80:0:80:Infinity":15,"s:82:20:94:Infinity":16,"f:85:2:85:3":4,"s:86:2:93:Infinity":17,"s:95:0:95:Infinity":18,"s:97:26:106:Infinity":19,"f:100:2:100:3":5,"s:101:2:105:Infinity":20,"s:107:0:107:Infinity":21}}}
,"C:\\Users\\Gustavo Larsen\\Desktop\\gestao_rh\\frontend\\src\\components\\ui\\input.tsx": {"path":"C:\\Users\\Gustavo Larsen\\Desktop\\gestao_rh\\frontend\\src\\components\\ui\\input.tsx","statementMap":{"0":{"start":{"line":5,"column":14},"end":{"line":19,"column":null}},"1":{"start":{"line":7,"column":4},"end":{"line":16,"column":null}},"2":{"start":{"line":20,"column":0},"end":{"line":20,"column":null}}},"fnMap":{"0":{"name":"(anonymous_0)","decl":{"start":{"line":6,"column":2},"end":{"line":6,"column":3}},"loc":{"start":{"line":6,"column":42},"end":{"line":18,"column":null}},"line":6}},"branchMap":{},"s":{"0":1,"1":32,"2":1},"f":{"0":32},"b":{},"meta":{"lastBranch":0,"lastFunction":1,"lastStatement":3,"seen":{"s:5:14:19:Infinity":0,"f:6:2:6:3":0,"s:7:4:16:Infinity":1,"s:20:0:20:Infinity":2}}}
,"C:\\Users\\Gustavo Larsen\\Desktop\\gestao_rh\\frontend\\src\\components\\ui\\popover.tsx": {"path":"C:\\Users\\Gustavo Larsen\\Desktop\\gestao_rh\\frontend\\src\\components\\ui\\popover.tsx","statementMap":{"0":{"start":{"line":6,"column":16},"end":{"line":6,"column":null}},"1":{"start":{"line":8,"column":23},"end":{"line":8,"column":null}},"2":{"start":{"line":10,"column":22},"end":{"line":10,"column":null}},"3":{"start":{"line":12,"column":23},"end":{"line":28,"column":null}},"4":{"start":{"line":16,"column":2},"end":{"line":27,"column":null}},"5":{"start":{"line":29,"column":0},"end":{"line":29,"column":null}}},"fnMap":{"0":{"name":"(anonymous_0)","decl":{"start":{"line":15,"column":2},"end":{"line":15,"column":3}},"loc":{"start":{"line":16,"column":2},"end":{"line":27,"column":null}},"line":16}},"branchMap":{"0":{"loc":{"start":{"line":15,"column":16},"end":{"line":15,"column":34}},"type":"default-arg","locations":[{"start":{"line":15,"column":24},"end":{"line":15,"column":34}}],"line":15},"1":{"loc":{"start":{"line":15,"column":34},"end":{"line":15,"column":50}},"type":"default-arg","locations":[{"start":{"line":15,"column":47},"end":{"line":15,"column":50}}],"line":15}},"s":{"0":0,"1":0,"2":0,"3":0,"4":0,"5":0},"f":{"0":0},"b":{"0":[0],"1":[0]},"meta":{"lastBranch":2,"lastFunction":1,"lastStatement":6,"seen":{"s:6:16:6:Infinity":0,"s:8:23:8:Infinity":1,"s:10:22:10:Infinity":2,"s:12:23:28:Infinity":3,"f:15:2:15:3":0,"s:16:2:27:Infinity":4,"b:15:24:15:34":0,"b:15:47:15:50":1,"s:29:0:29:Infinity":5}}}
,"C:\\Users\\Gustavo Larsen\\Desktop\\gestao_rh\\frontend\\src\\hooks\\branch\\useBranches.ts": {"path":"C:\\Users\\Gustavo Larsen\\Desktop\\gestao_rh\\frontend\\src\\hooks\\branch\\useBranches.ts","statementMap":{"0":{"start":{"line":17,"column":15},"end":{"line":17,"column":null}},"1":{"start":{"line":18,"column":28},"end":{"line":18,"column":null}},"2":{"start":{"line":19,"column":24},"end":{"line":19,"column":null}},"3":{"start":{"line":20,"column":20},"end":{"line":20,"column":null}},"4":{"start":{"line":23,"column":4},"end":{"line":23,"column":null}},"5":{"start":{"line":24,"column":4},"end":{"line":24,"column":null}},"6":{"start":{"line":25,"column":4},"end":{"line":33,"column":null}},"7":{"start":{"line":26,"column":23},"end":{"line":26,"column":null}},"8":{"start":{"line":27,"column":6},"end":{"line":27,"column":null}},"9":{"start":{"line":29,"column":6},"end":{"line":29,"column":null}},"10":{"start":{"line":30,"column":6},"end":{"line":30,"column":null}},"11":{"start":{"line":32,"column":6},"end":{"line":32,"column":null}},"12":{"start":{"line":37,"column":21},"end":{"line":39,"column":null}},"13":{"start":{"line":40,"column":4},"end":{"line":40,"column":null}},"14":{"start":{"line":44,"column":21},"end":{"line":46,"column":null}},"15":{"start":{"line":47,"column":4},"end":{"line":47,"column":null}},"16":{"start":{"line":51,"column":30},"end":{"line":51,"column":null}},"17":{"start":{"line":52,"column":4},"end":{"line":52,"column":null}},"18":{"start":{"line":55,"column":4},"end":{"line":55,"column":null}},"19":{"start":{"line":58,"column":2},"end":{"line":58,"column":null}}},"fnMap":{"0":{"name":"useBranches","decl":{"start":{"line":16,"column":16},"end":{"line":16,"column":30}},"loc":{"start":{"line":16,"column":30},"end":{"line":59,"column":null}},"line":16},"1":{"name":"createBranch","decl":{"start":{"line":22,"column":17},"end":{"line":22,"column":30}},"loc":{"start":{"line":22,"column":70},"end":{"line":34,"column":null}},"line":22},"2":{"name":"listBranches","decl":{"start":{"line":36,"column":17},"end":{"line":36,"column":30}},"loc":{"start":{"line":36,"column":62},"end":{"line":41,"column":null}},"line":36},"3":{"name":"listDistinctBranches","decl":{"start":{"line":43,"column":17},"end":{"line":43,"column":59}},"loc":{"start":{"line":43,"column":59},"end":{"line":48,"column":null}},"line":43},"4":{"name":"updateBranch","decl":{"start":{"line":50,"column":17},"end":{"line":50,"column":30}},"loc":{"start":{"line":50,"column":65},"end":{"line":53,"column":null}},"line":50},"5":{"name":"deleteBranch","decl":{"start":{"line":54,"column":17},"end":{"line":54,"column":30}},"loc":{"start":{"line":54,"column":42},"end":{"line":56,"column":null}},"line":54}},"branchMap":{"0":{"loc":{"start":{"line":29,"column":15},"end":{"line":29,"column":70}},"type":"binary-expr","locations":[{"start":{"line":29,"column":15},"end":{"line":29,"column":47}},{"start":{"line":29,"column":47},"end":{"line":29,"column":70}}],"line":29}},"s":{"0":0,"1":0,"2":0,"3":0,"4":0,"5":0,"6":0,"7":0,"8":0,"9":0,"10":0,"11":0,"12":0,"13":0,"14":0,"15":0,"16":0,"17":0,"18":0,"19":0},"f":{"0":0,"1":0,"2":0,"3":0,"4":0,"5":0},"b":{"0":[0,0]},"meta":{"lastBranch":1,"lastFunction":6,"lastStatement":20,"seen":{"f:16:16:16:30":0,"s:17:15:17:Infinity":0,"s:18:28:18:Infinity":1,"s:19:24:19:Infinity":2,"s:20:20:20:Infinity":3,"f:22:17:22:30":1,"s:23:4:23:Infinity":4,"s:24:4:24:Infinity":5,"s:25:4:33:Infinity":6,"s:26:23:26:Infinity":7,"s:27:6:27:Infinity":8,"s:29:6:29:Infinity":9,"b:29:15:29:47:29:47:29:70":0,"s:30:6:30:Infinity":10,"s:32:6:32:Infinity":11,"f:36:17:36:30":2,"s:37:21:39:Infinity":12,"s:40:4:40:Infinity":13,"f:43:17:43:59":3,"s:44:21:46:Infinity":14,"s:47:4:47:Infinity":15,"f:50:17:50:30":4,"s:51:30:51:Infinity":16,"s:52:4:52:Infinity":17,"f:54:17:54:30":5,"s:55:4:55:Infinity":18,"s:58:2:58:Infinity":19}}}
,"C:\\Users\\Gustavo Larsen\\Desktop\\gestao_rh\\frontend\\src\\hooks\\career-path\\useCareerPaths.ts": {"path":"C:\\Users\\Gustavo Larsen\\Desktop\\gestao_rh\\frontend\\src\\hooks\\career-path\\useCareerPaths.ts","statementMap":{"0":{"start":{"line":22,"column":28},"end":{"line":22,"column":null}},"1":{"start":{"line":23,"column":24},"end":{"line":23,"column":null}},"2":{"start":{"line":24,"column":20},"end":{"line":24,"column":null}},"3":{"start":{"line":30,"column":21},"end":{"line":33,"column":null}},"4":{"start":{"line":34,"column":4},"end":{"line":34,"column":null}},"5":{"start":{"line":38,"column":4},"end":{"line":38,"column":null}},"6":{"start":{"line":39,"column":4},"end":{"line":39,"column":null}},"7":{"start":{"line":40,"column":4},"end":{"line":53,"column":null}},"8":{"start":{"line":41,"column":23},"end":{"line":44,"column":null}},"9":{"start":{"line":45,"column":6},"end":{"line":45,"column":null}},"10":{"start":{"line":47,"column":6},"end":{"line":49,"column":null}},"11":{"start":{"line":50,"column":6},"end":{"line":50,"column":null}},"12":{"start":{"line":52,"column":6},"end":{"line":52,"column":null}},"13":{"start":{"line":60,"column":21},"end":{"line":63,"column":null}},"14":{"start":{"line":64,"column":4},"end":{"line":64,"column":null}},"15":{"start":{"line":68,"column":4},"end":{"line":68,"column":null}},"16":{"start":{"line":71,"column":2},"end":{"line":78,"column":null}}},"fnMap":{"0":{"name":"useCareerPaths","decl":{"start":{"line":21,"column":16},"end":{"line":21,"column":33}},"loc":{"start":{"line":21,"column":33},"end":{"line":79,"column":null}},"line":21},"1":{"name":"listCareerPaths","decl":{"start":{"line":26,"column":17},"end":{"line":26,"column":33}},"loc":{"start":{"line":29,"column":28},"end":{"line":35,"column":null}},"line":29},"2":{"name":"createCareerPath","decl":{"start":{"line":37,"column":17},"end":{"line":37,"column":34}},"loc":{"start":{"line":37,"column":67},"end":{"line":54,"column":null}},"line":37},"3":{"name":"updateCareerPath","decl":{"start":{"line":56,"column":17},"end":{"line":56,"column":null}},"loc":{"start":{"line":59,"column":4},"end":{"line":65,"column":null}},"line":59},"4":{"name":"deleteCareerPath","decl":{"start":{"line":67,"column":17},"end":{"line":67,"column":34}},"loc":{"start":{"line":67,"column":46},"end":{"line":69,"column":null}},"line":67}},"branchMap":{"0":{"loc":{"start":{"line":48,"column":8},"end":{"line":48,"column":null}},"type":"binary-expr","locations":[{"start":{"line":48,"column":8},"end":{"line":48,"column":40}},{"start":{"line":48,"column":40},"end":{"line":48,"column":null}}],"line":48}},"s":{"0":0,"1":0,"2":0,"3":0,"4":0,"5":0,"6":0,"7":0,"8":0,"9":0,"10":0,"11":0,"12":0,"13":0,"14":0,"15":0,"16":0},"f":{"0":0,"1":0,"2":0,"3":0,"4":0},"b":{"0":[0,0]},"meta":{"lastBranch":1,"lastFunction":5,"lastStatement":17,"seen":{"f:21:16:21:33":0,"s:22:28:22:Infinity":0,"s:23:24:23:Infinity":1,"s:24:20:24:Infinity":2,"f:26:17:26:33":1,"s:30:21:33:Infinity":3,"s:34:4:34:Infinity":4,"f:37:17:37:34":2,"s:38:4:38:Infinity":5,"s:39:4:39:Infinity":6,"s:40:4:53:Infinity":7,"s:41:23:44:Infinity":8,"s:45:6:45:Infinity":9,"s:47:6:49:Infinity":10,"b:48:8:48:40:48:40:48:Infinity":0,"s:50:6:50:Infinity":11,"s:52:6:52:Infinity":12,"f:56:17:56:Infinity":3,"s:60:21:63:Infinity":13,"s:64:4:64:Infinity":14,"f:67:17:67:34":4,"s:68:4:68:Infinity":15,"s:71:2:78:Infinity":16}}}
,"C:\\Users\\Gustavo Larsen\\Desktop\\gestao_rh\\frontend\\src\\hooks\\company\\useCompanies.ts": {"path":"C:\\Users\\Gustavo Larsen\\Desktop\\gestao_rh\\frontend\\src\\hooks\\company\\useCompanies.ts","statementMap":{"0":{"start":{"line":24,"column":28},"end":{"line":24,"column":null}},"1":{"start":{"line":25,"column":24},"end":{"line":25,"column":null}},"2":{"start":{"line":28,"column":4},"end":{"line":28,"column":null}},"3":{"start":{"line":29,"column":4},"end":{"line":29,"column":null}},"4":{"start":{"line":31,"column":4},"end":{"line":39,"column":null}},"5":{"start":{"line":32,"column":23},"end":{"line":32,"column":null}},"6":{"start":{"line":33,"column":6},"end":{"line":33,"column":null}},"7":{"start":{"line":35,"column":6},"end":{"line":35,"column":null}},"8":{"start":{"line":36,"column":6},"end":{"line":36,"column":null}},"9":{"start":{"line":38,"column":6},"end":{"line":38,"column":null}},"10":{"start":{"line":43,"column":16},"end":{"line":43,"column":null}},"11":{"start":{"line":45,"column":21},"end":{"line":45,"column":null}},"12":{"start":{"line":46,"column":4},"end":{"line":46,"column":null}},"13":{"start":{"line":50,"column":30},"end":{"line":50,"column":null}},"14":{"start":{"line":51,"column":4},"end":{"line":51,"column":null}},"15":{"start":{"line":55,"column":4},"end":{"line":55,"column":null}},"16":{"start":{"line":58,"column":2},"end":{"line":65,"column":null}}},"fnMap":{"0":{"name":"useCompanies","decl":{"start":{"line":23,"column":16},"end":{"line":23,"column":31}},"loc":{"start":{"line":23,"column":31},"end":{"line":66,"column":null}},"line":23},"1":{"name":"createCompany","decl":{"start":{"line":27,"column":17},"end":{"line":27,"column":31}},"loc":{"start":{"line":27,"column":72},"end":{"line":40,"column":null}},"line":27},"2":{"name":"listCompanies","decl":{"start":{"line":42,"column":17},"end":{"line":42,"column":31}},"loc":{"start":{"line":42,"column":90},"end":{"line":47,"column":null}},"line":42},"3":{"name":"updateCompany","decl":{"start":{"line":49,"column":17},"end":{"line":49,"column":31}},"loc":{"start":{"line":49,"column":67},"end":{"line":52,"column":null}},"line":49},"4":{"name":"deleteCompany","decl":{"start":{"line":54,"column":17},"end":{"line":54,"column":31}},"loc":{"start":{"line":54,"column":43},"end":{"line":56,"column":null}},"line":54}},"branchMap":{"0":{"loc":{"start":{"line":35,"column":15},"end":{"line":35,"column":73}},"type":"binary-expr","locations":[{"start":{"line":35,"column":15},"end":{"line":35,"column":47}},{"start":{"line":35,"column":47},"end":{"line":35,"column":73}}],"line":35},"1":{"loc":{"start":{"line":43,"column":16},"end":{"line":43,"column":null}},"type":"cond-expr","locations":[{"start":{"line":43,"column":30},"end":{"line":43,"column":60}},{"start":{"line":43,"column":60},"end":{"line":43,"column":null}}],"line":43}},"s":{"0":0,"1":0,"2":0,"3":0,"4":0,"5":0,"6":0,"7":0,"8":0,"9":0,"10":0,"11":0,"12":0,"13":0,"14":0,"15":0,"16":0},"f":{"0":0,"1":0,"2":0,"3":0,"4":0},"b":{"0":[0,0],"1":[0,0]},"meta":{"lastBranch":2,"lastFunction":5,"lastStatement":17,"seen":{"f:23:16:23:31":0,"s:24:28:24:Infinity":0,"s:25:24:25:Infinity":1,"f:27:17:27:31":1,"s:28:4:28:Infinity":2,"s:29:4:29:Infinity":3,"s:31:4:39:Infinity":4,"s:32:23:32:Infinity":5,"s:33:6:33:Infinity":6,"s:35:6:35:Infinity":7,"b:35:15:35:47:35:47:35:73":0,"s:36:6:36:Infinity":8,"s:38:6:38:Infinity":9,"f:42:17:42:31":2,"s:43:16:43:Infinity":10,"b:43:30:43:60:43:60:43:Infinity":1,"s:45:21:45:Infinity":11,"s:46:4:46:Infinity":12,"f:49:17:49:31":3,"s:50:30:50:Infinity":13,"s:51:4:51:Infinity":14,"f:54:17:54:31":4,"s:55:4:55:Infinity":15,"s:58:2:65:Infinity":16}}}
,"C:\\Users\\Gustavo Larsen\\Desktop\\gestao_rh\\frontend\\src\\hooks\\department\\useDepartments.ts": {"path":"C:\\Users\\Gustavo Larsen\\Desktop\\gestao_rh\\frontend\\src\\hooks\\department\\useDepartments.ts","statementMap":{"0":{"start":{"line":12,"column":28},"end":{"line":12,"column":null}},"1":{"start":{"line":13,"column":24},"end":{"line":13,"column":null}},"2":{"start":{"line":14,"column":20},"end":{"line":14,"column":null}},"3":{"start":{"line":17,"column":21},"end":{"line":17,"column":null}},"4":{"start":{"line":18,"column":4},"end":{"line":18,"column":null}},"5":{"start":{"line":22,"column":21},"end":{"line":22,"column":null}},"6":{"start":{"line":23,"column":4},"end":{"line":23,"column":null}},"7":{"start":{"line":27,"column":4},"end":{"line":27,"column":null}},"8":{"start":{"line":28,"column":4},"end":{"line":28,"column":null}},"9":{"start":{"line":29,"column":4},"end":{"line":37,"column":null}},"10":{"start":{"line":30,"column":23},"end":{"line":30,"column":null}},"11":{"start":{"line":31,"column":6},"end":{"line":31,"column":null}},"12":{"start":{"line":33,"column":6},"end":{"line":33,"column":null}},"13":{"start":{"line":34,"column":6},"end":{"line":34,"column":null}},"14":{"start":{"line":36,"column":6},"end":{"line":36,"column":null}},"15":{"start":{"line":41,"column":21},"end":{"line":41,"column":null}},"16":{"start":{"line":42,"column":4},"end":{"line":42,"column":null}},"17":{"start":{"line":46,"column":4},"end":{"line":46,"column":null}},"18":{"start":{"line":49,"column":2},"end":{"line":49,"column":null}}},"fnMap":{"0":{"name":"useDepartments","decl":{"start":{"line":11,"column":16},"end":{"line":11,"column":33}},"loc":{"start":{"line":11,"column":33},"end":{"line":50,"column":null}},"line":11},"1":{"name":"listDepartments","decl":{"start":{"line":16,"column":17},"end":{"line":16,"column":33}},"loc":{"start":{"line":16,"column":69},"end":{"line":19,"column":null}},"line":16},"2":{"name":"listDistinctDepartments","decl":{"start":{"line":21,"column":17},"end":{"line":21,"column":66}},"loc":{"start":{"line":21,"column":66},"end":{"line":24,"column":null}},"line":21},"3":{"name":"createDepartment","decl":{"start":{"line":26,"column":17},"end":{"line":26,"column":34}},"loc":{"start":{"line":26,"column":64},"end":{"line":38,"column":null}},"line":26},"4":{"name":"updateDepartment","decl":{"start":{"line":40,"column":17},"end":{"line":40,"column":34}},"loc":{"start":{"line":40,"column":73},"end":{"line":43,"column":null}},"line":40},"5":{"name":"deleteDepartment","decl":{"start":{"line":45,"column":17},"end":{"line":45,"column":34}},"loc":{"start":{"line":45,"column":46},"end":{"line":47,"column":null}},"line":45}},"branchMap":{"0":{"loc":{"start":{"line":33,"column":15},"end":{"line":33,"column":76}},"type":"binary-expr","locations":[{"start":{"line":33,"column":15},"end":{"line":33,"column":47}},{"start":{"line":33,"column":47},"end":{"line":33,"column":76}}],"line":33}},"s":{"0":0,"1":0,"2":0,"3":0,"4":0,"5":0,"6":0,"7":0,"8":0,"9":0,"10":0,"11":0,"12":0,"13":0,"14":0,"15":0,"16":0,"17":0,"18":0},"f":{"0":0,"1":0,"2":0,"3":0,"4":0,"5":0},"b":{"0":[0,0]},"meta":{"lastBranch":1,"lastFunction":6,"lastStatement":19,"seen":{"f:11:16:11:33":0,"s:12:28:12:Infinity":0,"s:13:24:13:Infinity":1,"s:14:20:14:Infinity":2,"f:16:17:16:33":1,"s:17:21:17:Infinity":3,"s:18:4:18:Infinity":4,"f:21:17:21:66":2,"s:22:21:22:Infinity":5,"s:23:4:23:Infinity":6,"f:26:17:26:34":3,"s:27:4:27:Infinity":7,"s:28:4:28:Infinity":8,"s:29:4:37:Infinity":9,"s:30:23:30:Infinity":10,"s:31:6:31:Infinity":11,"s:33:6:33:Infinity":12,"b:33:15:33:47:33:47:33:76":0,"s:34:6:34:Infinity":13,"s:36:6:36:Infinity":14,"f:40:17:40:34":4,"s:41:21:41:Infinity":15,"s:42:4:42:Infinity":16,"f:45:17:45:34":5,"s:46:4:46:Infinity":17,"s:49:2:49:Infinity":18}}}
,"C:\\Users\\Gustavo Larsen\\Desktop\\gestao_rh\\frontend\\src\\hooks\\employee\\useEmployeeHistories.ts": {"path":"C:\\Users\\Gustavo Larsen\\Desktop\\gestao_rh\\frontend\\src\\hooks\\employee\\useEmployeeHistories.ts","statementMap":{"0":{"start":{"line":26,"column":28},"end":{"line":26,"column":null}},"1":{"start":{"line":27,"column":24},"end":{"line":27,"column":null}},"2":{"start":{"line":28,"column":20},"end":{"line":28,"column":null}},"3":{"start":{"line":31,"column":21},"end":{"line":31,"column":null}},"4":{"start":{"line":32,"column":4},"end":{"line":32,"column":null}},"5":{"start":{"line":35,"column":2},"end":{"line":35,"column":null}}},"fnMap":{"0":{"name":"useEmployeeHistories","decl":{"start":{"line":25,"column":16},"end":{"line":25,"column":39}},"loc":{"start":{"line":25,"column":39},"end":{"line":36,"column":null}},"line":25},"1":{"name":"listEmployeeHistories","decl":{"start":{"line":30,"column":17},"end":{"line":30,"column":39}},"loc":{"start":{"line":30,"column":80},"end":{"line":33,"column":null}},"line":30}},"branchMap":{},"s":{"0":0,"1":0,"2":0,"3":0,"4":0,"5":0},"f":{"0":0,"1":0},"b":{},"meta":{"lastBranch":0,"lastFunction":2,"lastStatement":6,"seen":{"f:25:16:25:39":0,"s:26:28:26:Infinity":0,"s:27:24:27:Infinity":1,"s:28:20:28:Infinity":2,"f:30:17:30:39":1,"s:31:21:31:Infinity":3,"s:32:4:32:Infinity":4,"s:35:2:35:Infinity":5}}}
,"C:\\Users\\Gustavo Larsen\\Desktop\\gestao_rh\\frontend\\src\\hooks\\employee\\useEmployees.ts": {"path":"C:\\Users\\Gustavo Larsen\\Desktop\\gestao_rh\\frontend\\src\\hooks\\employee\\useEmployees.ts","statementMap":{"0":{"start":{"line":26,"column":28},"end":{"line":26,"column":null}},"1":{"start":{"line":27,"column":24},"end":{"line":27,"column":null}},"2":{"start":{"line":28,"column":20},"end":{"line":28,"column":null}},"3":{"start":{"line":31,"column":21},"end":{"line":31,"column":null}},"4":{"start":{"line":32,"column":4},"end":{"line":32,"column":null}},"5":{"start":{"line":36,"column":4},"end":{"line":36,"column":null}},"6":{"start":{"line":37,"column":4},"end":{"line":37,"column":null}},"7":{"start":{"line":38,"column":4},"end":{"line":46,"column":null}},"8":{"start":{"line":39,"column":23},"end":{"line":39,"column":null}},"9":{"start":{"line":40,"column":6},"end":{"line":40,"column":null}},"10":{"start":{"line":42,"column":6},"end":{"line":42,"column":null}},"11":{"start":{"line":43,"column":6},"end":{"line":43,"column":null}},"12":{"start":{"line":45,"column":6},"end":{"line":45,"column":null}},"13":{"start":{"line":50,"column":21},"end":{"line":50,"column":null}},"14":{"start":{"line":51,"column":4},"end":{"line":51,"column":null}},"15":{"start":{"line":55,"column":4},"end":{"line":55,"column":null}},"16":{"start":{"line":58,"column":2},"end":{"line":58,"column":null}}},"fnMap":{"0":{"name":"useEmployees","decl":{"start":{"line":25,"column":16},"end":{"line":25,"column":31}},"loc":{"start":{"line":25,"column":31},"end":{"line":59,"column":null}},"line":25},"1":{"name":"listEmployees","decl":{"start":{"line":30,"column":17},"end":{"line":30,"column":31}},"loc":{"start":{"line":30,"column":65},"end":{"line":33,"column":null}},"line":30},"2":{"name":"createEmployee","decl":{"start":{"line":35,"column":17},"end":{"line":35,"column":32}},"loc":{"start":{"line":35,"column":63},"end":{"line":47,"column":null}},"line":35},"3":{"name":"updateEmployee","decl":{"start":{"line":49,"column":17},"end":{"line":49,"column":32}},"loc":{"start":{"line":49,"column":72},"end":{"line":52,"column":null}},"line":49},"4":{"name":"deleteEmployee","decl":{"start":{"line":54,"column":17},"end":{"line":54,"column":32}},"loc":{"start":{"line":54,"column":44},"end":{"line":56,"column":null}},"line":54}},"branchMap":{"0":{"loc":{"start":{"line":42,"column":15},"end":{"line":42,"column":75}},"type":"binary-expr","locations":[{"start":{"line":42,"column":15},"end":{"line":42,"column":47}},{"start":{"line":42,"column":47},"end":{"line":42,"column":75}}],"line":42}},"s":{"0":0,"1":0,"2":0,"3":0,"4":0,"5":0,"6":0,"7":0,"8":0,"9":0,"10":0,"11":0,"12":0,"13":0,"14":0,"15":0,"16":0},"f":{"0":0,"1":0,"2":0,"3":0,"4":0},"b":{"0":[0,0]},"meta":{"lastBranch":1,"lastFunction":5,"lastStatement":17,"seen":{"f:25:16:25:31":0,"s:26:28:26:Infinity":0,"s:27:24:27:Infinity":1,"s:28:20:28:Infinity":2,"f:30:17:30:31":1,"s:31:21:31:Infinity":3,"s:32:4:32:Infinity":4,"f:35:17:35:32":2,"s:36:4:36:Infinity":5,"s:37:4:37:Infinity":6,"s:38:4:46:Infinity":7,"s:39:23:39:Infinity":8,"s:40:6:40:Infinity":9,"s:42:6:42:Infinity":10,"b:42:15:42:47:42:47:42:75":0,"s:43:6:43:Infinity":11,"s:45:6:45:Infinity":12,"f:49:17:49:32":3,"s:50:21:50:Infinity":13,"s:51:4:51:Infinity":14,"f:54:17:54:32":4,"s:55:4:55:Infinity":15,"s:58:2:58:Infinity":16}}}
,"C:\\Users\\Gustavo Larsen\\Desktop\\gestao_rh\\frontend\\src\\hooks\\employee-kpi\\useEmployeeKpiEvolutions.ts": {"path":"C:\\Users\\Gustavo Larsen\\Desktop\\gestao_rh\\frontend\\src\\hooks\\employee-kpi\\useEmployeeKpiEvolutions.ts","statementMap":{"0":{"start":{"line":4,"column":7},"end":{"line":4,"column":null}},"1":{"start":{"line":5,"column":2},"end":{"line":5,"column":null}},"2":{"start":{"line":6,"column":2},"end":{"line":6,"column":null}},"3":{"start":{"line":7,"column":2},"end":{"line":7,"column":null}},"4":{"start":{"line":8,"column":2},"end":{"line":8,"column":null}},"5":{"start":{"line":4,"column":12},"end":{"line":4,"column":null}},"6":{"start":{"line":27,"column":28},"end":{"line":27,"column":null}},"7":{"start":{"line":28,"column":24},"end":{"line":28,"column":null}},"8":{"start":{"line":29,"column":20},"end":{"line":29,"column":null}},"9":{"start":{"line":32,"column":21},"end":{"line":32,"column":null}},"10":{"start":{"line":33,"column":4},"end":{"line":33,"column":null}},"11":{"start":{"line":37,"column":4},"end":{"line":37,"column":null}},"12":{"start":{"line":38,"column":4},"end":{"line":38,"column":null}},"13":{"start":{"line":39,"column":4},"end":{"line":50,"column":null}},"14":{"start":{"line":40,"column":23},"end":{"line":43,"column":null}},"15":{"start":{"line":44,"column":6},"end":{"line":44,"column":null}},"16":{"start":{"line":46,"column":6},"end":{"line":46,"column":null}},"17":{"start":{"line":47,"column":6},"end":{"line":47,"column":null}},"18":{"start":{"line":49,"column":6},"end":{"line":49,"column":null}},"19":{"start":{"line":54,"column":21},"end":{"line":57,"column":null}},"20":{"start":{"line":58,"column":4},"end":{"line":58,"column":null}},"21":{"start":{"line":62,"column":4},"end":{"line":62,"column":null}},"22":{"start":{"line":66,"column":21},"end":{"line":68,"column":null}},"23":{"start":{"line":69,"column":4},"end":{"line":69,"column":null}},"24":{"start":{"line":73,"column":21},"end":{"line":76,"column":null}},"25":{"start":{"line":77,"column":4},"end":{"line":77,"column":null}},"26":{"start":{"line":80,"column":2},"end":{"line":89,"column":null}}},"fnMap":{"0":{"name":"(anonymous_0)","decl":{"start":{"line":4,"column":7},"end":{"line":4,"column":12}},"loc":{"start":{"line":4,"column":7},"end":{"line":4,"column":null}},"line":4},"1":{"name":"useEmployeeKpiEvolutions","decl":{"start":{"line":26,"column":16},"end":{"line":26,"column":43}},"loc":{"start":{"line":26,"column":43},"end":{"line":90,"column":null}},"line":26},"2":{"name":"listEmployeeKpiEvolutions","decl":{"start":{"line":31,"column":17},"end":{"line":31,"column":43}},"loc":{"start":{"line":31,"column":89},"end":{"line":34,"column":null}},"line":31},"3":{"name":"createEmployeeKpiEvolution","decl":{"start":{"line":36,"column":17},"end":{"line":36,"column":44}},"loc":{"start":{"line":36,"column":87},"end":{"line":51,"column":null}},"line":36},"4":{"name":"updateEmployeeKpiEvolution","decl":{"start":{"line":53,"column":17},"end":{"line":53,"column":44}},"loc":{"start":{"line":53,"column":96},"end":{"line":59,"column":null}},"line":53},"5":{"name":"deleteEmployeeKpiEvolution","decl":{"start":{"line":61,"column":17},"end":{"line":61,"column":44}},"loc":{"start":{"line":61,"column":56},"end":{"line":63,"column":null}},"line":61},"6":{"name":"approveEmployeeKpiEvolution","decl":{"start":{"line":65,"column":17},"end":{"line":65,"column":45}},"loc":{"start":{"line":65,"column":57},"end":{"line":70,"column":null}},"line":65},"7":{"name":"rejectEmployeeKpiEvolution","decl":{"start":{"line":72,"column":17},"end":{"line":72,"column":44}},"loc":{"start":{"line":72,"column":73},"end":{"line":78,"column":null}},"line":72}},"branchMap":{"0":{"loc":{"start":{"line":4,"column":12},"end":{"line":4,"column":null}},"type":"binary-expr","locations":[{"start":{"line":4,"column":12},"end":{"line":4,"column":null}},{"start":{"line":4,"column":12},"end":{"line":4,"column":null}}],"line":4},"1":{"loc":{"start":{"line":46,"column":15},"end":{"line":46,"column":79}},"type":"binary-expr","locations":[{"start":{"line":46,"column":15},"end":{"line":46,"column":47}},{"start":{"line":46,"column":47},"end":{"line":46,"column":79}}],"line":46}},"s":{"0":0,"1":0,"2":0,"3":0,"4":0,"5":0,"6":0,"7":0,"8":0,"9":0,"10":0,"11":0,"12":0,"13":0,"14":0,"15":0,"16":0,"17":0,"18":0,"19":0,"20":0,"21":0,"22":0,"23":0,"24":0,"25":0,"26":0},"f":{"0":0,"1":0,"2":0,"3":0,"4":0,"5":0,"6":0,"7":0},"b":{"0":[0,0],"1":[0,0]},"meta":{"lastBranch":2,"lastFunction":8,"lastStatement":27,"seen":{"s:4:7:4:Infinity":0,"f:4:7:4:12":0,"s:5:2:5:Infinity":1,"s:6:2:6:Infinity":2,"s:7:2:7:Infinity":3,"s:8:2:8:Infinity":4,"s:4:12:4:Infinity":5,"b:4:12:4:Infinity:4:12:4:Infinity":0,"f:26:16:26:43":1,"s:27:28:27:Infinity":6,"s:28:24:28:Infinity":7,"s:29:20:29:Infinity":8,"f:31:17:31:43":2,"s:32:21:32:Infinity":9,"s:33:4:33:Infinity":10,"f:36:17:36:44":3,"s:37:4:37:Infinity":11,"s:38:4:38:Infinity":12,"s:39:4:50:Infinity":13,"s:40:23:43:Infinity":14,"s:44:6:44:Infinity":15,"s:46:6:46:Infinity":16,"b:46:15:46:47:46:47:46:79":1,"s:47:6:47:Infinity":17,"s:49:6:49:Infinity":18,"f:53:17:53:44":4,"s:54:21:57:Infinity":19,"s:58:4:58:Infinity":20,"f:61:17:61:44":5,"s:62:4:62:Infinity":21,"f:65:17:65:45":6,"s:66:21:68:Infinity":22,"s:69:4:69:Infinity":23,"f:72:17:72:44":7,"s:73:21:76:Infinity":24,"s:77:4:77:Infinity":25,"s:80:2:89:Infinity":26}}}
,"C:\\Users\\Gustavo Larsen\\Desktop\\gestao_rh\\frontend\\src\\hooks\\employee-kpi\\useEmployeeKpis.ts": {"path":"C:\\Users\\Gustavo Larsen\\Desktop\\gestao_rh\\frontend\\src\\hooks\\employee-kpi\\useEmployeeKpis.ts","statementMap":{"0":{"start":{"line":4,"column":7},"end":{"line":4,"column":null}},"1":{"start":{"line":5,"column":2},"end":{"line":5,"column":null}},"2":{"start":{"line":6,"column":2},"end":{"line":6,"column":null}},"3":{"start":{"line":7,"column":2},"end":{"line":7,"column":null}},"4":{"start":{"line":8,"column":2},"end":{"line":8,"column":null}},"5":{"start":{"line":4,"column":12},"end":{"line":4,"column":null}},"6":{"start":{"line":35,"column":28},"end":{"line":35,"column":null}},"7":{"start":{"line":36,"column":24},"end":{"line":36,"column":null}},"8":{"start":{"line":37,"column":20},"end":{"line":37,"column":null}},"9":{"start":{"line":40,"column":21},"end":{"line":40,"column":null}},"10":{"start":{"line":41,"column":4},"end":{"line":41,"column":null}},"11":{"start":{"line":45,"column":4},"end":{"line":45,"column":null}},"12":{"start":{"line":46,"column":4},"end":{"line":46,"column":null}},"13":{"start":{"line":47,"column":4},"end":{"line":58,"column":null}},"14":{"start":{"line":48,"column":23},"end":{"line":51,"column":null}},"15":{"start":{"line":52,"column":6},"end":{"line":52,"column":null}},"16":{"start":{"line":54,"column":6},"end":{"line":54,"column":null}},"17":{"start":{"line":55,"column":6},"end":{"line":55,"column":null}},"18":{"start":{"line":57,"column":6},"end":{"line":57,"column":null}},"19":{"start":{"line":62,"column":21},"end":{"line":65,"column":null}},"20":{"start":{"line":66,"column":4},"end":{"line":66,"column":null}},"21":{"start":{"line":70,"column":4},"end":{"line":70,"column":null}},"22":{"start":{"line":73,"column":2},"end":{"line":80,"column":null}}},"fnMap":{"0":{"name":"(anonymous_0)","decl":{"start":{"line":4,"column":7},"end":{"line":4,"column":12}},"loc":{"start":{"line":4,"column":7},"end":{"line":4,"column":null}},"line":4},"1":{"name":"useEmployeeKpis","decl":{"start":{"line":34,"column":16},"end":{"line":34,"column":34}},"loc":{"start":{"line":34,"column":34},"end":{"line":81,"column":null}},"line":34},"2":{"name":"listEmployeeKpis","decl":{"start":{"line":39,"column":17},"end":{"line":39,"column":34}},"loc":{"start":{"line":39,"column":71},"end":{"line":42,"column":null}},"line":39},"3":{"name":"createEmployeeKpi","decl":{"start":{"line":44,"column":17},"end":{"line":44,"column":35}},"loc":{"start":{"line":44,"column":69},"end":{"line":59,"column":null}},"line":44},"4":{"name":"updateEmployeeKpi","decl":{"start":{"line":61,"column":17},"end":{"line":61,"column":35}},"loc":{"start":{"line":61,"column":78},"end":{"line":67,"column":null}},"line":61},"5":{"name":"deleteEmployeeKpi","decl":{"start":{"line":69,"column":17},"end":{"line":69,"column":35}},"loc":{"start":{"line":69,"column":47},"end":{"line":71,"column":null}},"line":69}},"branchMap":{"0":{"loc":{"start":{"line":4,"column":12},"end":{"line":4,"column":null}},"type":"binary-expr","locations":[{"start":{"line":4,"column":12},"end":{"line":4,"column":null}},{"start":{"line":4,"column":12},"end":{"line":4,"column":null}}],"line":4},"1":{"loc":{"start":{"line":54,"column":15},"end":{"line":54,"column":70}},"type":"binary-expr","locations":[{"start":{"line":54,"column":15},"end":{"line":54,"column":47}},{"start":{"line":54,"column":47},"end":{"line":54,"column":70}}],"line":54}},"s":{"0":0,"1":0,"2":0,"3":0,"4":0,"5":0,"6":0,"7":0,"8":0,"9":0,"10":0,"11":0,"12":0,"13":0,"14":0,"15":0,"16":0,"17":0,"18":0,"19":0,"20":0,"21":0,"22":0},"f":{"0":0,"1":0,"2":0,"3":0,"4":0,"5":0},"b":{"0":[0,0],"1":[0,0]},"meta":{"lastBranch":2,"lastFunction":6,"lastStatement":23,"seen":{"s:4:7:4:Infinity":0,"f:4:7:4:12":0,"s:5:2:5:Infinity":1,"s:6:2:6:Infinity":2,"s:7:2:7:Infinity":3,"s:8:2:8:Infinity":4,"s:4:12:4:Infinity":5,"b:4:12:4:Infinity:4:12:4:Infinity":0,"f:34:16:34:34":1,"s:35:28:35:Infinity":6,"s:36:24:36:Infinity":7,"s:37:20:37:Infinity":8,"f:39:17:39:34":2,"s:40:21:40:Infinity":9,"s:41:4:41:Infinity":10,"f:44:17:44:35":3,"s:45:4:45:Infinity":11,"s:46:4:46:Infinity":12,"s:47:4:58:Infinity":13,"s:48:23:51:Infinity":14,"s:52:6:52:Infinity":15,"s:54:6:54:Infinity":16,"b:54:15:54:47:54:47:54:70":1,"s:55:6:55:Infinity":17,"s:57:6:57:Infinity":18,"f:61:17:61:35":4,"s:62:21:65:Infinity":19,"s:66:4:66:Infinity":20,"f:69:17:69:35":5,"s:70:4:70:Infinity":21,"s:73:2:80:Infinity":22}}}
,"C:\\Users\\Gustavo Larsen\\Desktop\\gestao_rh\\frontend\\src\\hooks\\evaluation-type\\useEvaluationTypes.ts": {"path":"C:\\Users\\Gustavo Larsen\\Desktop\\gestao_rh\\frontend\\src\\hooks\\evaluation-type\\useEvaluationTypes.ts","statementMap":{"0":{"start":{"line":4,"column":7},"end":{"line":4,"column":null}},"1":{"start":{"line":5,"column":2},"end":{"line":5,"column":null}},"2":{"start":{"line":6,"column":2},"end":{"line":6,"column":null}},"3":{"start":{"line":7,"column":2},"end":{"line":7,"column":null}},"4":{"start":{"line":8,"column":2},"end":{"line":8,"column":null}},"5":{"start":{"line":9,"column":2},"end":{"line":9,"column":null}},"6":{"start":{"line":4,"column":12},"end":{"line":4,"column":null}},"7":{"start":{"line":24,"column":28},"end":{"line":24,"column":null}},"8":{"start":{"line":25,"column":24},"end":{"line":25,"column":null}},"9":{"start":{"line":26,"column":20},"end":{"line":26,"column":null}},"10":{"start":{"line":29,"column":21},"end":{"line":29,"column":null}},"11":{"start":{"line":30,"column":4},"end":{"line":30,"column":null}},"12":{"start":{"line":34,"column":21},"end":{"line":34,"column":null}},"13":{"start":{"line":35,"column":4},"end":{"line":35,"column":null}},"14":{"start":{"line":39,"column":4},"end":{"line":39,"column":null}},"15":{"start":{"line":40,"column":4},"end":{"line":40,"column":null}},"16":{"start":{"line":41,"column":4},"end":{"line":52,"column":null}},"17":{"start":{"line":42,"column":23},"end":{"line":45,"column":null}},"18":{"start":{"line":46,"column":6},"end":{"line":46,"column":null}},"19":{"start":{"line":48,"column":6},"end":{"line":48,"column":null}},"20":{"start":{"line":49,"column":6},"end":{"line":49,"column":null}},"21":{"start":{"line":51,"column":6},"end":{"line":51,"column":null}},"22":{"start":{"line":56,"column":21},"end":{"line":59,"column":null}},"23":{"start":{"line":60,"column":4},"end":{"line":60,"column":null}},"24":{"start":{"line":64,"column":4},"end":{"line":64,"column":null}},"25":{"start":{"line":67,"column":2},"end":{"line":75,"column":null}}},"fnMap":{"0":{"name":"(anonymous_0)","decl":{"start":{"line":4,"column":7},"end":{"line":4,"column":12}},"loc":{"start":{"line":4,"column":7},"end":{"line":4,"column":null}},"line":4},"1":{"name":"useEvaluationTypes","decl":{"start":{"line":23,"column":16},"end":{"line":23,"column":37}},"loc":{"start":{"line":23,"column":37},"end":{"line":76,"column":null}},"line":23},"2":{"name":"listEvaluationTypes","decl":{"start":{"line":28,"column":17},"end":{"line":28,"column":37}},"loc":{"start":{"line":28,"column":77},"end":{"line":31,"column":null}},"line":28},"3":{"name":"listDistinctEvaluationTypes","decl":{"start":{"line":33,"column":17},"end":{"line":33,"column":74}},"loc":{"start":{"line":33,"column":74},"end":{"line":36,"column":null}},"line":33},"4":{"name":"createEvaluationType","decl":{"start":{"line":38,"column":17},"end":{"line":38,"column":38}},"loc":{"start":{"line":38,"column":75},"end":{"line":53,"column":null}},"line":38},"5":{"name":"updateEvaluationType","decl":{"start":{"line":55,"column":17},"end":{"line":55,"column":38}},"loc":{"start":{"line":55,"column":84},"end":{"line":61,"column":null}},"line":55},"6":{"name":"deleteEvaluationType","decl":{"start":{"line":63,"column":17},"end":{"line":63,"column":38}},"loc":{"start":{"line":63,"column":50},"end":{"line":65,"column":null}},"line":63}},"branchMap":{"0":{"loc":{"start":{"line":4,"column":12},"end":{"line":4,"column":null}},"type":"binary-expr","locations":[{"start":{"line":4,"column":12},"end":{"line":4,"column":null}},{"start":{"line":4,"column":12},"end":{"line":4,"column":null}}],"line":4},"1":{"loc":{"start":{"line":48,"column":15},"end":{"line":48,"column":79}},"type":"binary-expr","locations":[{"start":{"line":48,"column":15},"end":{"line":48,"column":47}},{"start":{"line":48,"column":47},"end":{"line":48,"column":79}}],"line":48}},"s":{"0":0,"1":0,"2":0,"3":0,"4":0,"5":0,"6":0,"7":0,"8":0,"9":0,"10":0,"11":0,"12":0,"13":0,"14":0,"15":0,"16":0,"17":0,"18":0,"19":0,"20":0,"21":0,"22":0,"23":0,"24":0,"25":0},"f":{"0":0,"1":0,"2":0,"3":0,"4":0,"5":0,"6":0},"b":{"0":[0,0],"1":[0,0]},"meta":{"lastBranch":2,"lastFunction":7,"lastStatement":26,"seen":{"s:4:7:4:Infinity":0,"f:4:7:4:12":0,"s:5:2:5:Infinity":1,"s:6:2:6:Infinity":2,"s:7:2:7:Infinity":3,"s:8:2:8:Infinity":4,"s:9:2:9:Infinity":5,"s:4:12:4:Infinity":6,"b:4:12:4:Infinity:4:12:4:Infinity":0,"f:23:16:23:37":1,"s:24:28:24:Infinity":7,"s:25:24:25:Infinity":8,"s:26:20:26:Infinity":9,"f:28:17:28:37":2,"s:29:21:29:Infinity":10,"s:30:4:30:Infinity":11,"f:33:17:33:74":3,"s:34:21:34:Infinity":12,"s:35:4:35:Infinity":13,"f:38:17:38:38":4,"s:39:4:39:Infinity":14,"s:40:4:40:Infinity":15,"s:41:4:52:Infinity":16,"s:42:23:45:Infinity":17,"s:46:6:46:Infinity":18,"s:48:6:48:Infinity":19,"b:48:15:48:47:48:47:48:79":1,"s:49:6:49:Infinity":20,"s:51:6:51:Infinity":21,"f:55:17:55:38":5,"s:56:21:59:Infinity":22,"s:60:4:60:Infinity":23,"f:63:17:63:38":6,"s:64:4:64:Infinity":24,"s:67:2:75:Infinity":25}}}
,"C:\\Users\\Gustavo Larsen\\Desktop\\gestao_rh\\frontend\\src\\hooks\\geo\\useCities.ts": {"path":"C:\\Users\\Gustavo Larsen\\Desktop\\gestao_rh\\frontend\\src\\hooks\\geo\\useCities.ts","statementMap":{"0":{"start":{"line":13,"column":28},"end":{"line":13,"column":null}},"1":{"start":{"line":14,"column":24},"end":{"line":14,"column":null}},"2":{"start":{"line":17,"column":4},"end":{"line":17,"column":null}},"3":{"start":{"line":18,"column":4},"end":{"line":18,"column":null}},"4":{"start":{"line":19,"column":4},"end":{"line":29,"column":null}},"5":{"start":{"line":20,"column":23},"end":{"line":20,"column":null}},"6":{"start":{"line":21,"column":6},"end":{"line":21,"column":null}},"7":{"start":{"line":23,"column":6},"end":{"line":25,"column":null}},"8":{"start":{"line":26,"column":6},"end":{"line":26,"column":null}},"9":{"start":{"line":28,"column":6},"end":{"line":28,"column":null}},"10":{"start":{"line":33,"column":21},"end":{"line":33,"column":null}},"11":{"start":{"line":34,"column":4},"end":{"line":34,"column":null}},"12":{"start":{"line":37,"column":2},"end":{"line":42,"column":null}}},"fnMap":{"0":{"name":"useCities","decl":{"start":{"line":12,"column":16},"end":{"line":12,"column":28}},"loc":{"start":{"line":12,"column":28},"end":{"line":43,"column":null}},"line":12},"1":{"name":"createCity","decl":{"start":{"line":16,"column":17},"end":{"line":16,"column":28}},"loc":{"start":{"line":16,"column":66},"end":{"line":30,"column":null}},"line":16},"2":{"name":"listCities","decl":{"start":{"line":32,"column":17},"end":{"line":32,"column":47}},"loc":{"start":{"line":32,"column":47},"end":{"line":35,"column":null}},"line":32}},"branchMap":{"0":{"loc":{"start":{"line":24,"column":8},"end":{"line":24,"column":null}},"type":"binary-expr","locations":[{"start":{"line":24,"column":8},"end":{"line":24,"column":40}},{"start":{"line":24,"column":40},"end":{"line":24,"column":null}}],"line":24}},"s":{"0":0,"1":0,"2":0,"3":0,"4":0,"5":0,"6":0,"7":0,"8":0,"9":0,"10":0,"11":0,"12":0},"f":{"0":0,"1":0,"2":0},"b":{"0":[0,0]},"meta":{"lastBranch":1,"lastFunction":3,"lastStatement":13,"seen":{"f:12:16:12:28":0,"s:13:28:13:Infinity":0,"s:14:24:14:Infinity":1,"f:16:17:16:28":1,"s:17:4:17:Infinity":2,"s:18:4:18:Infinity":3,"s:19:4:29:Infinity":4,"s:20:23:20:Infinity":5,"s:21:6:21:Infinity":6,"s:23:6:25:Infinity":7,"b:24:8:24:40:24:40:24:Infinity":0,"s:26:6:26:Infinity":8,"s:28:6:28:Infinity":9,"f:32:17:32:47":2,"s:33:21:33:Infinity":10,"s:34:4:34:Infinity":11,"s:37:2:42:Infinity":12}}}
,"C:\\Users\\Gustavo Larsen\\Desktop\\gestao_rh\\frontend\\src\\hooks\\geo\\useStates.ts": {"path":"C:\\Users\\Gustavo Larsen\\Desktop\\gestao_rh\\frontend\\src\\hooks\\geo\\useStates.ts","statementMap":{"0":{"start":{"line":12,"column":28},"end":{"line":12,"column":null}},"1":{"start":{"line":13,"column":24},"end":{"line":13,"column":null}},"2":{"start":{"line":16,"column":4},"end":{"line":16,"column":null}},"3":{"start":{"line":17,"column":4},"end":{"line":17,"column":null}},"4":{"start":{"line":18,"column":4},"end":{"line":28,"column":null}},"5":{"start":{"line":19,"column":23},"end":{"line":19,"column":null}},"6":{"start":{"line":20,"column":6},"end":{"line":20,"column":null}},"7":{"start":{"line":22,"column":6},"end":{"line":24,"column":null}},"8":{"start":{"line":25,"column":6},"end":{"line":25,"column":null}},"9":{"start":{"line":27,"column":6},"end":{"line":27,"column":null}},"10":{"start":{"line":32,"column":21},"end":{"line":32,"column":null}},"11":{"start":{"line":33,"column":4},"end":{"line":33,"column":null}},"12":{"start":{"line":36,"column":2},"end":{"line":41,"column":null}}},"fnMap":{"0":{"name":"useStates","decl":{"start":{"line":11,"column":16},"end":{"line":11,"column":28}},"loc":{"start":{"line":11,"column":28},"end":{"line":42,"column":null}},"line":11},"1":{"name":"createState","decl":{"start":{"line":15,"column":17},"end":{"line":15,"column":29}},"loc":{"start":{"line":15,"column":68},"end":{"line":29,"column":null}},"line":15},"2":{"name":"listStates","decl":{"start":{"line":31,"column":17},"end":{"line":31,"column":48}},"loc":{"start":{"line":31,"column":48},"end":{"line":34,"column":null}},"line":31}},"branchMap":{"0":{"loc":{"start":{"line":23,"column":8},"end":{"line":23,"column":null}},"type":"binary-expr","locations":[{"start":{"line":23,"column":8},"end":{"line":23,"column":40}},{"start":{"line":23,"column":40},"end":{"line":23,"column":null}}],"line":23}},"s":{"0":0,"1":0,"2":0,"3":0,"4":0,"5":0,"6":0,"7":0,"8":0,"9":0,"10":0,"11":0,"12":0},"f":{"0":0,"1":0,"2":0},"b":{"0":[0,0]},"meta":{"lastBranch":1,"lastFunction":3,"lastStatement":13,"seen":{"f:11:16:11:28":0,"s:12:28:12:Infinity":0,"s:13:24:13:Infinity":1,"f:15:17:15:29":1,"s:16:4:16:Infinity":2,"s:17:4:17:Infinity":3,"s:18:4:28:Infinity":4,"s:19:23:19:Infinity":5,"s:20:6:20:Infinity":6,"s:22:6:24:Infinity":7,"b:23:8:23:40:23:40:23:Infinity":0,"s:25:6:25:Infinity":8,"s:27:6:27:Infinity":9,"f:31:17:31:48":2,"s:32:21:32:Infinity":10,"s:33:4:33:Infinity":11,"s:36:2:41:Infinity":12}}}
,"C:\\Users\\Gustavo Larsen\\Desktop\\gestao_rh\\frontend\\src\\hooks\\kpi\\useKpis.ts": {"path":"C:\\Users\\Gustavo Larsen\\Desktop\\gestao_rh\\frontend\\src\\hooks\\kpi\\useKpis.ts","statementMap":{"0":{"start":{"line":18,"column":28},"end":{"line":18,"column":null}},"1":{"start":{"line":19,"column":24},"end":{"line":19,"column":null}},"2":{"start":{"line":20,"column":20},"end":{"line":20,"column":null}},"3":{"start":{"line":23,"column":21},"end":{"line":23,"column":null}},"4":{"start":{"line":24,"column":4},"end":{"line":24,"column":null}},"5":{"start":{"line":28,"column":21},"end":{"line":28,"column":null}},"6":{"start":{"line":29,"column":4},"end":{"line":29,"column":null}},"7":{"start":{"line":33,"column":4},"end":{"line":33,"column":null}},"8":{"start":{"line":34,"column":4},"end":{"line":34,"column":null}},"9":{"start":{"line":35,"column":4},"end":{"line":46,"column":null}},"10":{"start":{"line":36,"column":23},"end":{"line":39,"column":null}},"11":{"start":{"line":40,"column":6},"end":{"line":40,"column":null}},"12":{"start":{"line":42,"column":6},"end":{"line":42,"column":null}},"13":{"start":{"line":43,"column":6},"end":{"line":43,"column":null}},"14":{"start":{"line":45,"column":6},"end":{"line":45,"column":null}},"15":{"start":{"line":50,"column":21},"end":{"line":50,"column":null}},"16":{"start":{"line":51,"column":4},"end":{"line":51,"column":null}},"17":{"start":{"line":55,"column":4},"end":{"line":55,"column":null}},"18":{"start":{"line":58,"column":2},"end":{"line":58,"column":null}}},"fnMap":{"0":{"name":"useKpis","decl":{"start":{"line":17,"column":16},"end":{"line":17,"column":26}},"loc":{"start":{"line":17,"column":26},"end":{"line":59,"column":null}},"line":17},"1":{"name":"listKpis","decl":{"start":{"line":22,"column":17},"end":{"line":22,"column":26}},"loc":{"start":{"line":22,"column":55},"end":{"line":25,"column":null}},"line":22},"2":{"name":"listDistinctKpis","decl":{"start":{"line":27,"column":17},"end":{"line":27,"column":52}},"loc":{"start":{"line":27,"column":52},"end":{"line":30,"column":null}},"line":27},"3":{"name":"createKpi","decl":{"start":{"line":32,"column":17},"end":{"line":32,"column":27}},"loc":{"start":{"line":32,"column":53},"end":{"line":47,"column":null}},"line":32},"4":{"name":"updateKpi","decl":{"start":{"line":49,"column":17},"end":{"line":49,"column":27}},"loc":{"start":{"line":49,"column":62},"end":{"line":52,"column":null}},"line":49},"5":{"name":"deleteKpi","decl":{"start":{"line":54,"column":17},"end":{"line":54,"column":27}},"loc":{"start":{"line":54,"column":39},"end":{"line":56,"column":null}},"line":54}},"branchMap":{"0":{"loc":{"start":{"line":42,"column":15},"end":{"line":42,"column":67}},"type":"binary-expr","locations":[{"start":{"line":42,"column":15},"end":{"line":42,"column":47}},{"start":{"line":42,"column":47},"end":{"line":42,"column":67}}],"line":42}},"s":{"0":0,"1":0,"2":0,"3":0,"4":0,"5":0,"6":0,"7":0,"8":0,"9":0,"10":0,"11":0,"12":0,"13":0,"14":0,"15":0,"16":0,"17":0,"18":0},"f":{"0":0,"1":0,"2":0,"3":0,"4":0,"5":0},"b":{"0":[0,0]},"meta":{"lastBranch":1,"lastFunction":6,"lastStatement":19,"seen":{"f:17:16:17:26":0,"s:18:28:18:Infinity":0,"s:19:24:19:Infinity":1,"s:20:20:20:Infinity":2,"f:22:17:22:26":1,"s:23:21:23:Infinity":3,"s:24:4:24:Infinity":4,"f:27:17:27:52":2,"s:28:21:28:Infinity":5,"s:29:4:29:Infinity":6,"f:32:17:32:27":3,"s:33:4:33:Infinity":7,"s:34:4:34:Infinity":8,"s:35:4:46:Infinity":9,"s:36:23:39:Infinity":10,"s:40:6:40:Infinity":11,"s:42:6:42:Infinity":12,"b:42:15:42:47:42:47:42:67":0,"s:43:6:43:Infinity":13,"s:45:6:45:Infinity":14,"f:49:17:49:27":4,"s:50:21:50:Infinity":15,"s:51:4:51:Infinity":16,"f:54:17:54:27":5,"s:55:4:55:Infinity":17,"s:58:2:58:Infinity":18}}}
[...]
"line":62,"column":6},"end":{"line":62,"column":null}},{"start":{"line":63,"column":6},"end":{"line":63,"column":null}}],"line":61},"1":{"loc":{"start":{"line":106,"column":20},"end":{"line":108,"column":null}},"type":"cond-expr","locations":[{"start":{"line":107,"column":6},"end":{"line":107,"column":null}},{"start":{"line":108,"column":6},"end":{"line":108,"column":null}}],"line":106},"2":{"loc":{"start":{"line":151,"column":27},"end":{"line":151,"column":45}},"type":"binary-expr","locations":[{"start":{"line":151,"column":27},"end":{"line":151,"column":43}},{"start":{"line":151,"column":43},"end":{"line":151,"column":45}}],"line":151},"3":{"loc":{"start":{"line":152,"column":30},"end":{"line":152,"column":51}},"type":"binary-expr","locations":[{"start":{"line":152,"column":30},"end":{"line":152,"column":49}},{"start":{"line":152,"column":49},"end":{"line":152,"column":51}}],"line":152},"4":{"loc":{"start":{"line":158,"column":25},"end":{"line":158,"column":null}},"type":"binary-expr","locations":[{"start":{"line":158,"column":25},"end":{"line":158,"column":49}},{"start":{"line":158,"column":49},"end":{"line":158,"column":null}}],"line":158},"5":{"loc":{"start":{"line":168,"column":4},"end":{"line":168,"column":null}},"type":"if","locations":[{"start":{"line":168,"column":4},"end":{"line":168,"column":null}},{"start":{},"end":{}}],"line":168},"6":{"loc":{"start":{"line":184,"column":4},"end":{"line":184,"column":null}},"type":"if","locations":[{"start":{"line":184,"column":4},"end":{"line":184,"column":null}},{"start":{},"end":{}}],"line":184},"7":{"loc":{"start":{"line":191,"column":4},"end":{"line":191,"column":null}},"type":"if","locations":[{"start":{"line":191,"column":4},"end":{"line":191,"column":null}},{"start":{},"end":{}}],"line":191},"8":{"loc":{"start":{"line":353,"column":15},"end":{"line":358,"column":null}},"type":"binary-expr","locations":[{"start":{"line":353,"column":15},"end":{"line":353,"column":null}},{"start":{"line":354,"column":16},"end":{"line":358,"column":null}}],"line":353},"9":{"loc":{"start":{"line":361,"column":15},"end":{"line":378,"column":null}},"type":"binary-expr","locations":[{"start":{"line":361,"column":15},"end":{"line":361,"column":null}},{"start":{"line":362,"column":16},"end":{"line":378,"column":null}}],"line":361},"10":{"loc":{"start":{"line":370,"column":34},"end":{"line":370,"column":52}},"type":"binary-expr","locations":[{"start":{"line":370,"column":34},"end":{"line":370,"column":50}},{"start":{"line":370,"column":50},"end":{"line":370,"column":52}}],"line":370},"11":{"loc":{"start":{"line":373,"column":33},"end":{"line":373,"column":54}},"type":"binary-expr","locations":[{"start":{"line":373,"column":33},"end":{"line":373,"column":52}},{"start":{"line":373,"column":52},"end":{"line":373,"column":54}}],"line":373},"12":{"loc":{"start":{"line":390,"column":32},"end":{"line":390,"column":null}},"type":"binary-expr","locations":[{"start":{"line":390,"column":32},"end":{"line":390,"column":45}},{"start":{"line":390,"column":45},"end":{"line":390,"column":null}}],"line":390}},"s":{"0":0,"1":0,"2":0,"3":0,"4":0,"5":0,"6":0,"7":0,"8":0,"9":0,"10":0,"11":0,"12":0,"13":0,"14":0,"15":0,"16":0,"17":0,"18":0,"19":0,"20":0,"21":0,"22":0,"23":0,"24":0,"25":0,"26":0,"27":0,"28":0,"29":0,"30":0,"31":0,"32":0,"33":0,"34":0,"35":0,"36":0,"37":0,"38":0,"39":0,"40":0,"41":0,"42":0,"43":0,"44":0,"45":0,"46":0,"47":0,"48":0,"49":0,"50":0,"51":0,"52":0,"53":0,"54":0,"55":0,"56":0,"57":0,"58":0,"59":0,"60":0,"61":0,"62":0,"63":0,"64":0,"65":0,"66":0,"67":0,"68":0,"69":0,"70":0,"71":0,"72":0,"73":0,"74":0,"75":0,"76":0,"77":0,"78":0,"79":0,"80":0,"81":0,"82":0,"83":0,"84":0,"85":0,"86":0,"87":0,"88":0,"89":0,"90":0,"91":0,"92":0,"93":0,"94":0,"95":0,"96":0,"97":0,"98":0,"99":0,"100":0,"101":0,"102":0,"103":0,"104":0,"105":0,"106":0,"107":0,"108":0,"109":0,"110":0,"111":0,"112":0,"113":0,"114":0,"115":0,"116":0,"117":0,"118":0,"119":0,"120":0,"121":0,"122":0,"123":0,"124":0,"125":0,"126":0,"127":0,"128":0,"129":0,"130":0,"131":0,"132":0,"133":0,"134":0,"135":0,"136":0,"137":0,"138":0,"139":0,"140":0,"141":0,"142":0,"143":0,"144":0},"f":{"0":0,"1":0,"2":0,"3":0,"4":0,"5":0,"6":0,"7":0,"8":0,"9":0,"10":0,"11":0,"12":0,"13":0,"14":0,"15":0,"16":0,"17":0,"18":0,"19":0,"20":0,"21":0,"22":0,"23":0,"24":0,"25":0,"26":0,"27":0,"28":0,"29":0,"30":0,"31":0,"32":0,"33":0,"34":0,"35":0,"36":0,"37":0,"38":0,"39":0,"40":0,"41":0,"42":0,"43":0,"44":0,"45":0,"46":0,"47":0,"48":0,"49":0,"50":0,"51":0},"b":{"0":[0,0],"1":[0,0],"2":[0,0],"3":[0,0],"4":[0,0],"5":[0,0],"6":[0,0],"7":[0,0],"8":[0,0],"9":[0,0],"10":[0,0],"11":[0,0],"12":[0,0]},"meta":{"lastBranch":13,"lastFunction":52,"lastStatement":145,"seen":{"s:24:22:24:Infinity":0,"s:25:22:25:Infinity":1,"s:26:25:26:Infinity":2,"s:28:29:28:Infinity":3,"f:30:24:30:38":0,"s:31:32:31:Infinity":4,"s:32:26:32:Infinity":5,"s:33:26:35:Infinity":6,"s:36:38:36:Infinity":7,"s:38:69:39:Infinity":8,"s:40:21:40:Infinity":9,"s:41:21:41:Infinity":10,"s:43:22:43:Infinity":11,"s:44:14:44:Infinity":12,"s:45:24:45:Infinity":13,"s:46:20:46:Infinity":14,"s:48:34:48:Infinity":15,"s:49:34:49:Infinity":16,"s:50:36:50:Infinity":17,"s:51:34:51:Infinity":18,"s:53:2:59:Infinity":19,"f:53:12:53:18":1,"f:54:19:54:26":2,"s:55:18:55:Infinity":20,"s:56:6:56:Infinity":21,"s:58:4:58:Infinity":22,"s:61:25:63:Infinity":23,"b:62:6:62:Infinity:63:6:63:Infinity":0,"f:62:20:62:21":3,"s:62:27:62:52":24,"s:65:2:71:Infinity":25,"f:65:12:65:18":4,"f:66:19:66:26":5,"s:67:19:67:Infinity":26,"s:68:6:68:Infinity":27,"s:70:4:70:Infinity":28,"f:73:17:73:33":6,"s:74:4:74:Infinity":29,"s:76:19:82:Infinity":30,"s:84:19:84:Infinity":31,"s:85:4:85:Infinity":32,"s:86:4:86:Infinity":33,"s:87:4:87:Infinity":34,"s:90:2:93:Infinity":35,"f:90:12:90:18":7,"s:91:4:91:Infinity":36,"s:96:44:96:Infinity":37,"s:98:28:98:Infinity":38,"s:99:28:99:Infinity":39,"s:100:34:100:Infinity":40,"s:101:34:101:Infinity":41,"s:102:46:102:Infinity":42,"s:103:34:103:Infinity":43,"s:104:32:104:Infinity":44,"s:106:20:108:Infinity":45,"b:107:6:107:Infinity:108:6:108:Infinity":1,"f:107:20:107:21":8,"s:107:27:107:51":46,"s:110:23:129:Infinity":47,"f:110:23:110:35":9,"s:111:4:118:Infinity":48,"s:120:4:120:Infinity":49,"s:121:4:121:Infinity":50,"s:122:4:122:Infinity":51,"s:123:4:123:Infinity":52,"s:124:4:124:Infinity":53,"s:125:4:125:Infinity":54,"s:126:4:126:Infinity":55,"s:127:4:127:Infinity":56,"s:128:4:128:Infinity":57,"s:132:40:132:Infinity":58,"s:133:44:133:Infinity":59,"s:135:30:135:Infinity":60,"s:136:30:136:Infinity":61,"s:137:36:137:Infinity":62,"s:138:36:138:Infinity":63,"s:139:48:139:Infinity":64,"s:141:36:141:Infinity":65,"s:142:34:142:Infinity":66,"s:143:34:145:Infinity":67,"s:147:24:165:Infinity":68,"f:147:24:147:31":10,"s:148:4:148:Infinity":69,"s:150:4:150:Infinity":70,"s:151:4:151:Infinity":71,"b:151:27:151:43:151:43:151:45":2,"s:152:4:152:Infinity":72,"b:152:30:152:49:152:49:152:51":3,"s:153:4:153:Infinity":73,"s:154:4:154:Infinity":74,"s:156:16:156:Infinity":75,"s:157:24:157:Infinity":76,"f:157:33:157:34":11,"s:157:40:157:63":77,"s:158:25:158:Infinity":78,"b:158:25:158:49:158:49:158:Infinity":4,"s:160:4:160:Infinity":79,"s:161:4:161:Infinity":80,"f:161:29:161:30":12,"s:161:36:161:62":81,"s:162:4:162:Infinity":82,"s:164:4:164:Infinity":83,"s:167:21:181:Infinity":84,"f:167:21:167:33":13,"b:168:4:168:Infinity:undefined:undefined:undefined:undefined":5,"s:168:4:168:Infinity":85,"s:168:26:168:Infinity":86,"s:170:4:177:Infinity":87,"s:179:4:179:Infinity":88,"s:180:4:180:Infinity":89,"s:183:23:188:Infinity":90,"f:183:23:183:35":14,"b:184:4:184:Infinity:undefined:undefined:undefined:undefined":6,"s:184:4:184:Infinity":91,"s:184:26:184:Infinity":92,"s:185:4:185:Infinity":93,"s:186:4:186:Infinity":94,"s:187:4:187:Infinity":95,"s:190:2:193:Infinity":96,"f:190:12:190:18":15,"b:191:4:191:Infinity:undefined:undefined:undefined:undefined":7,"s:191:4:191:Infinity":97,"s:191:22:191:Infinity":98,"s:192:4:192:Infinity":99,"f:192:32:192:33":16,"s:192:39:192:64":100,"s:195:2:641:Infinity":101,"f:226:24:226:25":17,"s:226:31:226:Infinity":102,"f:234:24:234:25":18,"s:235:22:235:Infinity":103,"s:236:16:236:Infinity":104,"s:237:16:237:Infinity":105,"f:247:26:247:27":19,"s:248:18:248:Infinity":106,"s:249:18:249:Infinity":107,"f:253:28:253:29":20,"s:254:18:256:Infinity":108,"f:267:26:267:27":21,"s:267:33:267:Infinity":109,"f:270:36:270:37":22,"s:271:18:273:Infinity":110,"f:292:23:292:29":23,"s:293:16:293:Infinity":111,"s:294:16:294:Infinity":112,"s:295:16:295:Infinity":113,"s:296:16:296:Infinity":114,"f:304:23:304:29":24,"s:304:29:304:Infinity":115,"b:353:15:353:Infinity:354:16:358:Infinity":8,"b:361:15:361:Infinity:362:16:378:Infinity":9,"f:362:30:362:31":25,"s:363:18:377:Infinity":116,"f:366:29:366:35":26,"s:366:35:366:Infinity":117,"b:370:34:370:50:370:50:370:52":10,"b:373:33:373:52:373:52:373:54":11,"b:390:32:390:45:390:45:390:Infinity":12,"f:406:25:406:31":27,"s:406:31:406:Infinity":118,"f:406:39:406:40":28,"s:406:46:406:51":119,"f:423:25:423:31":29,"s:423:31:423:Infinity":120,"f:423:39:423:40":30,"s:423:46:423:51":121,"f:434:19:434:25":31,"s:434:25:434:Infinity":122,"f:452:25:452:31":32,"s:452:31:452:Infinity":123,"f:476:24:476:25":33,"s:476:31:476:Infinity":124,"f:482:24:482:25":34,"s:482:31:482:Infinity":125,"f:488:24:488:25":35,"s:488:31:488:Infinity":126,"f:494:24:494:25":36,"s:494:31:494:Infinity":127,"f:500:24:500:25":37,"s:500:31:500:Infinity":128,"f:509:28:509:29":38,"s:510:20:510:Infinity":129,"s:511:20:511:Infinity":130,"f:515:30:515:31":39,"s:516:20:518:Infinity":131,"f:529:28:529:29":40,"s:529:35:529:Infinity":132,"f:532:33:532:34":41,"s:533:20:535:Infinity":133,"f:546:19:546:25":42,"s:546:25:546:Infinity":134,"f:574:24:574:25":43,"s:574:31:574:Infinity":135,"f:580:24:580:25":44,"s:580:31:580:Infinity":136,"f:586:24:586:25":45,"s:586:31:586:Infinity":137,"f:592:24:592:25":46,"s:592:31:592:Infinity":138,"f:598:24:598:25":47,"s:598:31:598:Infinity":139,"f:607:28:607:29":48,"s:608:20:608:Infinity":140,"s:609:20:609:Infinity":141,"f:613:30:613:31":49,"s:614:20:616:Infinity":142,"f:627:28:627:29":50,"s:627:35:627:Infinity":143,"f:630:34:630:35":51,"s:631:20:633:Infinity":144}}}
,"C:\\Users\\Gustavo Larsen\\Desktop\\gestao_rh\\frontend\\src\\utils\\format.ts": {"path":"C:\\Users\\Gustavo Larsen\\Desktop\\gestao_rh\\frontend\\src\\utils\\format.ts","statementMap":{"0":{"start":{"line":1,"column":26},"end":{"line":1,"column":null}},"1":{"start":{"line":1,"column":45},"end":{"line":1,"column":null}},"2":{"start":{"line":3,"column":26},"end":{"line":12,"column":null}},"3":{"start":{"line":4,"column":17},"end":{"line":4,"column":null}},"4":{"start":{"line":5,"column":2},"end":{"line":5,"column":null}},"5":{"start":{"line":5,"column":15},"end":{"line":5,"column":null}},"6":{"start":{"line":7,"column":2},"end":{"line":11,"column":null}},"7":{"start":{"line":14,"column":27},"end":{"line":24,"column":null}},"8":{"start":{"line":15,"column":17},"end":{"line":15,"column":null}},"9":{"start":{"line":16,"column":2},"end":{"line":16,"column":null}},"10":{"start":{"line":16,"column":15},"end":{"line":16,"column":null}},"11":{"start":{"line":18,"column":2},"end":{"line":18,"column":null}},"12":{"start":{"line":18,"column":26},"end":{"line":18,"column":null}},"13":{"start":{"line":19,"column":2},"end":{"line":20,"column":null}},"14":{"start":{"line":20,"column":4},"end":{"line":20,"column":null}},"15":{"start":{"line":21,"column":2},"end":{"line":22,"column":null}},"16":{"start":{"line":22,"column":4},"end":{"line":22,"column":null}},"17":{"start":{"line":23,"column":2},"end":{"line":23,"column":null}},"18":{"start":{"line":28,"column":25},"end":{"line":33,"column":null}},"19":{"start":{"line":29,"column":17},"end":{"line":29,"column":null}},"20":{"start":{"line":30,"column":2},"end":{"line":30,"column":null}},"21":{"start":{"line":30,"column":15},"end":{"line":30,"column":null}},"22":{"start":{"line":31,"column":2},"end":{"line":31,"column":null}},"23":{"start":{"line":31,"column":26},"end":{"line":31,"column":null}},"24":{"start":{"line":32,"column":2},"end":{"line":32,"column":null}},"25":{"start":{"line":35,"column":25},"end":{"line":43,"column":null}},"26":{"start":{"line":36,"column":17},"end":{"line":36,"column":null}},"27":{"start":{"line":37,"column":2},"end":{"line":37,"column":null}},"28":{"start":{"line":37,"column":15},"end":{"line":37,"column":null}},"29":{"start":{"line":39,"column":2},"end":{"line":42,"column":null}}},"fnMap":{"0":{"name":"(anonymous_0)","decl":{"start":{"line":1,"column":26},"end":{"line":1,"column":27}},"loc":{"start":{"line":1,"column":45},"end":{"line":1,"column":null}},"line":1},"1":{"name":"(anonymous_1)","decl":{"start":{"line":3,"column":26},"end":{"line":3,"column":27}},"loc":{"start":{"line":3,"column":45},"end":{"line":12,"column":null}},"line":3},"2":{"name":"(anonymous_2)","decl":{"start":{"line":14,"column":27},"end":{"line":14,"column":28}},"loc":{"start":{"line":14,"column":46},"end":{"line":24,"column":null}},"line":14},"3":{"name":"(anonymous_3)","decl":{"start":{"line":28,"column":25},"end":{"line":28,"column":26}},"loc":{"start":{"line":28,"column":44},"end":{"line":33,"column":null}},"line":28},"4":{"name":"(anonymous_4)","decl":{"start":{"line":35,"column":25},"end":{"line":35,"column":26}},"loc":{"start":{"line":35,"column":44},"end":{"line":43,"column":null}},"line":35}},"branchMap":{"0":{"loc":{"start":{"line":5,"column":2},"end":{"line":5,"column":null}},"type":"if","locations":[{"start":{"line":5,"column":2},"end":{"line":5,"column":null}},{"start":{},"end":{}}],"line":5},"1":{"loc":{"start":{"line":16,"column":2},"end":{"line":16,"column":null}},"type":"if","locations":[{"start":{"line":16,"column":2},"end":{"line":16,"column":null}},{"start":{},"end":{}}],"line":16},"2":{"loc":{"start":{"line":18,"column":2},"end":{"line":18,"column":null}},"type":"if","locations":[{"start":{"line":18,"column":2},"end":{"line":18,"column":null}},{"start":{},"end":{}}],"line":18},"3":{"loc":{"start":{"line":19,"column":2},"end":{"line":20,"column":null}},"type":"if","locations":[{"start":{"line":19,"column":2},"end":{"line":20,"column":null}},{"start":{},"end":{}}],"line":19},"4":{"loc":{"start":{"line":21,"column":2},"end":{"line":22,"column":null}},"type":"if","locations":[{"start":{"line":21,"column":2},"end":{"line":22,"column":null}},{"start":{},"end":{}}],"line":21},"5":{"loc":{"start":{"line":30,"column":2},"end":{"line":30,"column":null}},"type":"if","locations":[{"start":{"line":30,"column":2},"end":{"line":30,"column":null}},{"start":{},"end":{}}],"line":30},"6":{"loc":{"start":{"line":31,"column":2},"end":{"line":31,"column":null}},"type":"if","locations":[{"start":{"line":31,"column":2},"end":{"line":31,"column":null}},{"start":{},"end":{}}],"line":31},"7":{"loc":{"start":{"line":37,"column":2},"end":{"line":37,"column":null}},"type":"if","locations":[{"start":{"line":37,"column":2},"end":{"line":37,"column":null}},{"start":{},"end":{}}],"line":37}},"s":{"0":2,"1":664,"2":2,"3":55,"4":55,"5":50,"6":5,"7":2,"8":158,"9":158,"10":121,"11":37,"12":0,"13":37,"14":37,"15":37,"16":37,"17":0,"18":2,"19":192,"20":192,"21":158,"22":34,"23":0,"24":34,"25":2,"26":244,"27":244,"28":183,"29":61},"f":{"0":664,"1":55,"2":158,"3":192,"4":244},"b":{"0":[50,5],"1":[121,37],"2":[0,37],"3":[0,37],"4":[37,0],"5":[158,34],"6":[0,34],"7":[183,61]},"meta":{"lastBranch":8,"lastFunction":5,"lastStatement":30,"seen":{"s:1:26:1:Infinity":0,"f:1:26:1:27":0,"s:1:45:1:Infinity":1,"s:3:26:12:Infinity":2,"f:3:26:3:27":1,"s:4:17:4:Infinity":3,"b:5:2:5:Infinity:undefined:undefined:undefined:undefined":0,"s:5:2:5:Infinity":4,"s:5:15:5:Infinity":5,"s:7:2:11:Infinity":6,"s:14:27:24:Infinity":7,"f:14:27:14:28":2,"s:15:17:15:Infinity":8,"b:16:2:16:Infinity:undefined:undefined:undefined:undefined":1,"s:16:2:16:Infinity":9,"s:16:15:16:Infinity":10,"b:18:2:18:Infinity:undefined:undefined:undefined:undefined":2,"s:18:2:18:Infinity":11,"s:18:26:18:Infinity":12,"b:19:2:20:Infinity:undefined:undefined:undefined:undefined":3,"s:19:2:20:Infinity":13,"s:20:4:20:Infinity":14,"b:21:2:22:Infinity:undefined:undefined:undefined:undefined":4,"s:21:2:22:Infinity":15,"s:22:4:22:Infinity":16,"s:23:2:23:Infinity":17,"s:28:25:33:Infinity":18,"f:28:25:28:26":3,"s:29:17:29:Infinity":19,"b:30:2:30:Infinity:undefined:undefined:undefined:undefined":5,"s:30:2:30:Infinity":20,"s:30:15:30:Infinity":21,"b:31:2:31:Infinity:undefined:undefined:undefined:undefined":6,"s:31:2:31:Infinity":22,"s:31:26:31:Infinity":23,"s:32:2:32:Infinity":24,"s:35:25:43:Infinity":25,"f:35:25:35:26":4,"s:36:17:36:Infinity":26,"b:37:2:37:Infinity:undefined:undefined:undefined:undefined":7,"s:37:2:37:Infinity":27,"s:37:15:37:Infinity":28,"s:39:2:42:Infinity":29}}}
,"C:\\Users\\Gustavo Larsen\\Desktop\\gestao_rh\\frontend\\src\\utils\\rateKPI.ts": {"path":"C:\\Users\\Gustavo Larsen\\Desktop\\gestao_rh\\frontend\\src\\utils\\rateKPI.ts","statementMap":{"0":{"start":{"line":2,"column":4},"end":{"line":2,"column":null}},"1":{"start":{"line":2,"column":27},"end":{"line":2,"column":null}},"2":{"start":{"line":3,"column":4},"end":{"line":3,"column":null}},"3":{"start":{"line":3,"column":70},"end":{"line":3,"column":null}},"4":{"start":{"line":4,"column":4},"end":{"line":4,"column":null}},"5":{"start":{"line":4,"column":68},"end":{"line":4,"column":null}},"6":{"start":{"line":5,"column":4},"end":{"line":5,"column":null}}},"fnMap":{"0":{"name":"rateKPI","decl":{"start":{"line":1,"column":18},"end":{"line":1,"column":26}},"loc":{"start":{"line":1,"column":78},"end":{"line":6,"column":null}},"line":1}},"branchMap":{"0":{"loc":{"start":{"line":2,"column":4},"end":{"line":2,"column":null}},"type":"if","locations":[{"start":{"line":2,"column":4},"end":{"line":2,"column":null}},{"start":{},"end":{}}],"line":2},"1":{"loc":{"start":{"line":3,"column":4},"end":{"line":3,"column":null}},"type":"if","locations":[{"start":{"line":3,"column":4},"end":{"line":3,"column":null}},{"start":{},"end":{}}],"line":3},"2":{"loc":{"start":{"line":3,"column":8},"end":{"line":3,"column":70}},"type":"binary-expr","locations":[{"start":{"line":3,"column":8},"end":{"line":3,"column":40}},{"start":{"line":3,"column":40},"end":{"line":3,"column":70}}],"line":3},"3":{"loc":{"start":{"line":4,"column":4},"end":{"line":4,"column":null}},"type":"if","locations":[{"start":{"line":4,"column":4},"end":{"line":4,"column":null}},{"start":{},"end":{}}],"line":4},"4":{"loc":{"start":{"line":4,"column":8},"end":{"line":4,"column":68}},"type":"binary-expr","locations":[{"start":{"line":4,"column":8},"end":{"line":4,"column":39}},{"start":{"line":4,"column":39},"end":{"line":4,"column":68}}],"line":4}},"s":{"0":0,"1":0,"2":0,"3":0,"4":0,"5":0,"6":0},"f":{"0":0},"b":{"0":[0,0],"1":[0,0],"2":[0,0],"3":[0,0],"4":[0,0]},"meta":{"lastBranch":5,"lastFunction":1,"lastStatement":7,"seen":{"f:1:18:1:26":0,"b:2:4:2:Infinity:undefined:undefined:undefined:undefined":0,"s:2:4:2:Infinity":0,"s:2:27:2:Infinity":1,"b:3:4:3:Infinity:undefined:undefined:undefined:undefined":1,"s:3:4:3:Infinity":2,"b:3:8:3:40:3:40:3:70":2,"s:3:70:3:Infinity":3,"b:4:4:4:Infinity:undefined:undefined:undefined:undefined":3,"s:4:4:4:Infinity":4,"b:4:8:4:39:4:39:4:68":4,"s:4:68:4:Infinity":5,"s:5:4:5:Infinity":6}}}
,"C:\\Users\\Gustavo Larsen\\Desktop\\gestao_rh\\frontend\\src\\utils\\utils.ts": {"path":"C:\\Users\\Gustavo Larsen\\Desktop\\gestao_rh\\frontend\\src\\utils\\utils.ts","statementMap":{"0":{"start":{"line":1,"column":29},"end":{"line":1,"column":null}},"1":{"start":{"line":2,"column":29},"end":{"line":2,"column":null}},"2":{"start":{"line":3,"column":32},"end":{"line":3,"column":null}},"3":{"start":{"line":4,"column":36},"end":{"line":4,"column":null}},"4":{"start":{"line":6,"column":31},"end":{"line":18,"column":null}}},"fnMap":{},"branchMap":{},"s":{"0":11,"1":11,"2":11,"3":11,"4":11},"f":{},"b":{},"meta":{"lastBranch":0,"lastFunction":0,"lastStatement":5,"seen":{"s:1:29:1:Infinity":0,"s:2:29:2:Infinity":1,"s:3:32:3:Infinity":2,"s:4:36:4:Infinity":3,"s:6:31:18:Infinity":4}}}
}
