{"C:\\Users\\Gustavo Larsen\\Desktop\\gestao_rh\\frontend\\src\\App.tsx": {"path":"C:\\Users\\Gustavo Larsen\\Desktop\\gestao_rh\\frontend\\src\\App.tsx","statementMap":{"0":{"start":{"line":27,"column":2},"end":{"line":67,"column":null}}},"fnMap":{"0":{"name":"App","decl":{"start":{"line":26,"column":24},"end":{"line":26,"column":30}},"loc":{"start":{"line":26,"column":30},"end":{"line":69,"column":null}},"line":26}},"branchMap":{},"s":{"0":0},"f":{"0":0},"b":{},"meta":{"lastBranch":0,"lastFunction":1,"lastStatement":1,"seen":{"f:26:24:26:30":0,"s:27:2:67:Infinity":0}}}
,"C:\\Users\\Gustavo Larsen\\Desktop\\gestao_rh\\frontend\\src\\auth\\ProtectedRoute.tsx": {"path":"C:\\Users\\Gustavo Larsen\\Desktop\\gestao_rh\\frontend\\src\\auth\\ProtectedRoute.tsx","statementMap":{"0":{"start":{"line":13,"column":15},"end":{"line":13,"column":null}},"1":{"start":{"line":15,"column":2},"end":{"line":17,"column":null}},"2":{"start":{"line":16,"column":4},"end":{"line":16,"column":null}},"3":{"start":{"line":19,"column":2},"end":{"line":25,"column":null}},"4":{"start":{"line":20,"column":4},"end":{"line":20,"column":null}},"5":{"start":{"line":20,"column":26},"end":{"line":20,"column":null}},"6":{"start":{"line":21,"column":4},"end":{"line":21,"column":null}},"7":{"start":{"line":21,"column":26},"end":{"line":21,"column":null}},"8":{"start":{"line":22,"column":4},"end":{"line":22,"column":null}},"9":{"start":{"line":22,"column":25},"end":{"line":22,"column":null}},"10":{"start":{"line":24,"column":4},"end":{"line":24,"column":null}},"11":{"start":{"line":27,"column":2},"end":{"line":27,"column":null}}},"fnMap":{"0":{"name":"ProtectedRoute","decl":{"start":{"line":9,"column":16},"end":{"line":9,"column":31}},"loc":{"start":{"line":12,"column":24},"end":{"line":28,"column":null}},"line":12}},"branchMap":{"0":{"loc":{"start":{"line":11,"column":2},"end":{"line":11,"column":null}},"type":"default-arg","locations":[{"start":{"line":11,"column":15},"end":{"line":11,"column":null}}],"line":11},"1":{"loc":{"start":{"line":15,"column":2},"end":{"line":17,"column":null}},"type":"if","locations":[{"start":{"line":15,"column":2},"end":{"line":17,"column":null}},{"start":{},"end":{}}],"line":15},"2":{"loc":{"start":{"line":19,"column":2},"end":{"line":25,"column":null}},"type":"if","locations":[{"start":{"line":19,"column":2},"end":{"line":25,"column":null}},{"start":{},"end":{}}],"line":19},"3":{"loc":{"start":{"line":19,"column":7},"end":{"line":19,"column":26}},"type":"binary-expr","locations":[{"start":{"line":19,"column":7},"end":{"line":19,"column":21}},{"start":{"line":19,"column":21},"end":{"line":19,"column":26}}],"line":19},"4":{"loc":{"start":{"line":20,"column":4},"end":{"line":20,"column":null}},"type":"if","locations":[{"start":{"line":20,"column":4},"end":{"line":20,"column":null}},{"start":{},"end":{}}],"line":20},"5":{"loc":{"start":{"line":21,"column":4},"end":{"line":21,"column":null}},"type":"if","locations":[{"start":{"line":21,"column":4},"end":{"line":21,"column":null}},{"start":{},"end":{}}],"line":21},"6":{"loc":{"start":{"line":22,"column":4},"end":{"line":22,"column":null}},"type":"if","locations":[{"start":{"line":22,"column":4},"end":{"line":22,"column":null}},{"start":{},"end":{}}],"line":22}},"s":{"0":0,"1":0,"2":0,"3":0,"4":0,"5":0,"6":0,"7":0,"8":0,"9":0,"10":0,"11":0},"f":{"0":0},"b":{"0":[0],"1":[0,0],"2":[0,0],"3":[0,0],"4":[0,0],"5":[0,0],"6":[0,0]},"meta":{"lastBranch":7,"lastFunction":1,"lastStatement":12,"seen":{"f:9:16:9:31":0,"b:11:15:11:Infinity":0,"s:13:15:13:Infinity":0,"b:15:2:17:Infinity:undefined:undefined:undefined:undefined":1,"s:15:2:17:Infinity":1,"s:16:4:16:Infinity":2,"b:19:2:25:Infinity:undefined:undefined:undefined:undefined":2,"s:19:2:25:Infinity":3,"b:19:7:19:21:19:21:19:26":3,"b:20:4:20:Infinity:undefined:undefined:undefined:undefined":4,"s:20:4:20:Infinity":4,"s:20:26:20:Infinity":5,"b:21:4:21:Infinity:undefined:undefined:undefined:undefined":5,"s:21:4:21:Infinity":6,"s:21:26:21:Infinity":7,"b:22:4:22:Infinity:undefined:undefined:undefined:undefined":6,"s:22:4:22:Infinity":8,"s:22:25:22:Infinity":9,"s:24:4:24:Infinity":10,"s:27:2:27:Infinity":11}}}
,"C:\\Users\\Gustavo Larsen\\Desktop\\gestao_rh\\frontend\\src\\auth\\useAuth.tsx": {"path":"C:\\Users\\Gustavo Larsen\\Desktop\\gestao_rh\\frontend\\src\\auth\\useAuth.tsx","statementMap":{"0":{"start":{"line":21,"column":6},"end":{"line":21,"column":null}},"1":{"start":{"line":23,"column":69},"end":{"line":86,"column":null}},"2":{"start":{"line":24,"column":22},"end":{"line":24,"column":null}},"3":{"start":{"line":25,"column":24},"end":{"line":25,"column":null}},"4":{"start":{"line":26,"column":28},"end":{"line":26,"column":null}},"5":{"start":{"line":29,"column":2},"end":{"line":35,"column":null}},"6":{"start":{"line":30,"column":4},"end":{"line":34,"column":null}},"7":{"start":{"line":31,"column":6},"end":{"line":31,"column":null}},"8":{"start":{"line":33,"column":6},"end":{"line":33,"column":null}},"9":{"start":{"line":38,"column":2},"end":{"line":58,"column":null}},"10":{"start":{"line":40,"column":6},"end":{"line":55,"column":null}},"11":{"start":{"line":41,"column":28},"end":{"line":41,"column":null}},"12":{"start":{"line":42,"column":8},"end":{"line":45,"column":null}},"13":{"start":{"line":43,"column":10},"end":{"line":43,"column":null}},"14":{"start":{"line":44,"column":10},"end":{"line":44,"column":null}},"15":{"start":{"line":47,"column":8},"end":{"line":47,"column":null}},"16":{"start":{"line":48,"column":25},"end":{"line":48,"column":null}},"17":{"start":{"line":49,"column":8},"end":{"line":49,"column":null}},"18":{"start":{"line":51,"column":8},"end":{"line":51,"column":null}},"19":{"start":{"line":52,"column":8},"end":{"line":52,"column":null}},"20":{"start":{"line":54,"column":8},"end":{"line":54,"column":null}},"21":{"start":{"line":57,"column":4},"end":{"line":57,"column":null}},"22":{"start":{"line":61,"column":21},"end":{"line":61,"column":null}},"23":{"start":{"line":63,"column":4},"end":{"line":63,"column":null}},"24":{"start":{"line":64,"column":4},"end":{"line":64,"column":null}},"25":{"start":{"line":65,"column":4},"end":{"line":65,"column":null}},"26":{"start":{"line":67,"column":4},"end":{"line":67,"column":null}},"27":{"start":{"line":68,"column":4},"end":{"line":68,"column":null}},"28":{"start":{"line":72,"column":4},"end":{"line":72,"column":null}},"29":{"start":{"line":73,"column":4},"end":{"line":73,"column":null}},"30":{"start":{"line":74,"column":4},"end":{"line":74,"column":null}},"31":{"start":{"line":75,"column":4},"end":{"line":75,"column":null}},"32":{"start":{"line":76,"column":4},"end":{"line":78,"column":null}},"33":{"start":{"line":77,"column":6},"end":{"line":77,"column":null}},"34":{"start":{"line":81,"column":2},"end":{"line":84,"column":null}},"35":{"start":{"line":89,"column":8},"end":{"line":89,"column":null}},"36":{"start":{"line":90,"column":2},"end":{"line":90,"column":null}},"37":{"start":{"line":90,"column":12},"end":{"line":90,"column":null}},"38":{"start":{"line":91,"column":2},"end":{"line":91,"column":null}}},"fnMap":{"0":{"name":"(anonymous_0)","decl":{"start":{"line":23,"column":69},"end":{"line":23,"column":70}},"loc":{"start":{"line":23,"column":87},"end":{"line":86,"column":null}},"line":23},"1":{"name":"(anonymous_1)","decl":{"start":{"line":29,"column":12},"end":{"line":29,"column":18}},"loc":{"start":{"line":29,"column":18},"end":{"line":35,"column":5}},"line":29},"2":{"name":"(anonymous_2)","decl":{"start":{"line":38,"column":12},"end":{"line":38,"column":18}},"loc":{"start":{"line":38,"column":18},"end":{"line":58,"column":5}},"line":38},"3":{"name":"loadUser","decl":{"start":{"line":39,"column":19},"end":{"line":39,"column":30}},"loc":{"start":{"line":39,"column":30},"end":{"line":56,"column":null}},"line":39},"4":{"name":"login","decl":{"start":{"line":60,"column":17},"end":{"line":60,"column":23}},"loc":{"start":{"line":60,"column":56},"end":{"line":69,"column":null}},"line":60},"5":{"name":"logout","decl":{"start":{"line":71,"column":11},"end":{"line":71,"column":20}},"loc":{"start":{"line":71,"column":20},"end":{"line":79,"column":null}},"line":71},"6":{"name":"(anonymous_6)","decl":{"start":{"line":76,"column":15},"end":{"line":76,"column":21}},"loc":{"start":{"line":76,"column":21},"end":{"line":78,"column":5}},"line":76},"7":{"name":"useAuth","decl":{"start":{"line":88,"column":16},"end":{"line":88,"column":26}},"loc":{"start":{"line":88,"column":26},"end":{"line":92,"column":null}},"line":88}},"branchMap":{"0":{"loc":{"start":{"line":30,"column":4},"end":{"line":34,"column":null}},"type":"if","locations":[{"start":{"line":30,"column":4},"end":{"line":34,"column":null}},{"start":{"line":32,"column":11},"end":{"line":34,"column":null}}],"line":30},"1":{"loc":{"start":{"line":42,"column":8},"end":{"line":45,"column":null}},"type":"if","locations":[{"start":{"line":42,"column":8},"end":{"line":45,"column":null}},{"start":{},"end":{}}],"line":42},"2":{"loc":{"start":{"line":90,"column":2},"end":{"line":90,"column":null}},"type":"if","locations":[{"start":{"line":90,"column":2},"end":{"line":90,"column":null}},{"start":{},"end":{}}],"line":90}},"s":{"0":0,"1":0,"2":0,"3":0,"4":0,"5":0,"6":0,"7":0,"8":0,"9":0,"10":0,"11":0,"12":0,"13":0,"14":0,"15":0,"16":0,"17":0,"18":0,"19":0,"20":0,"21":0,"22":0,"23":0,"24":0,"25":0,"26":0,"27":0,"28":0,"29":0,"30":0,"31":0,"32":0,"33":0,"34":0,"35":0,"36":0,"37":0,"38":0},"f":{"0":0,"1":0,"2":0,"3":0,"4":0,"5":0,"6":0,"7":0},"b":{"0":[0,0],"1":[0,0],"2":[0,0]},"meta":{"lastBranch":3,"lastFunction":8,"lastStatement":39,"seen":{"s:21:6:21:Infinity":0,"s:23:69:86:Infinity":1,"f:23:69:23:70":0,"s:24:22:24:Infinity":2,"s:25:24:25:Infinity":3,"s:26:28:26:Infinity":4,"s:29:2:35:Infinity":5,"f:29:12:29:18":1,"b:30:4:34:Infinity:32:11:34:Infinity":0,"s:30:4:34:Infinity":6,"s:31:6:31:Infinity":7,"s:33:6:33:Infinity":8,"s:38:2:58:Infinity":9,"f:38:12:38:18":2,"f:39:19:39:30":3,"s:40:6:55:Infinity":10,"s:41:28:41:Infinity":11,"b:42:8:45:Infinity:undefined:undefined:undefined:undefined":1,"s:42:8:45:Infinity":12,"s:43:10:43:Infinity":13,"s:44:10:44:Infinity":14,"s:47:8:47:Infinity":15,"s:48:25:48:Infinity":16,"s:49:8:49:Infinity":17,"s:51:8:51:Infinity":18,"s:52:8:52:Infinity":19,"s:54:8:54:Infinity":20,"s:57:4:57:Infinity":21,"f:60:17:60:23":4,"s:61:21:61:Infinity":22,"s:63:4:63:Infinity":23,"s:64:4:64:Infinity":24,"s:65:4:65:Infinity":25,"s:67:4:67:Infinity":26,"s:68:4:68:Infinity":27,"f:71:11:71:20":5,"s:72:4:72:Infinity":28,"s:73:4:73:Infinity":29,"s:74:4:74:Infinity":30,"s:75:4:75:Infinity":31,"s:76:4:78:Infinity":32,"f:76:15:76:21":6,"s:77:6:77:Infinity":33,"s:81:2:84:Infinity":34,"f:88:16:88:26":7,"s:89:8:89:Infinity":35,"b:90:2:90:Infinity:undefined:undefined:undefined:undefined":2,"s:90:2:90:Infinity":36,"s:90:12:90:Infinity":37,"s:91:2:91:Infinity":38}}}
,"C:\\Users\\Gustavo Larsen\\Desktop\\gestao_rh\\frontend\\src\\components\\DatePicker.tsx": {"path":"C:\\Users\\Gustavo Larsen\\Desktop\\gestao_rh\\frontend\\src\\components\\DatePicker.tsx","statementMap":{"0":{"start":{"line":17,"column":26},"end":{"line":17,"column":null}},"1":{"start":{"line":19,"column":2},"end":{"line":34,"column":null}}},"fnMap":{"0":{"name":"DatePicker","decl":{"start":{"line":16,"column":16},"end":{"line":16,"column":29}},"loc":{"start":{"line":16,"column":29},"end":{"line":36,"column":null}},"line":16}},"branchMap":{"0":{"loc":{"start":{"line":28,"column":11},"end":{"line":28,"column":null}},"type":"cond-expr","locations":[{"start":{"line":28,"column":11},"end":{"line":28,"column":40}},{"start":{"line":28,"column":40},"end":{"line":28,"column":null}}],"line":28}},"s":{"0":0,"1":0},"f":{"0":0},"b":{"0":[0,0]},"meta":{"lastBranch":1,"lastFunction":1,"lastStatement":2,"seen":{"f:16:16:16:29":0,"s:17:26:17:Infinity":0,"s:19:2:34:Infinity":1,"b:28:11:28:40:28:40:28:Infinity":0}}}
,"C:\\Users\\Gustavo Larsen\\Desktop\\gestao_rh\\frontend\\src\\components\\Sidebar.tsx": {"path":"C:\\Users\\Gustavo Larsen\\Desktop\\gestao_rh\\frontend\\src\\components\\Sidebar.tsx","statementMap":{"0":{"start":{"line":16,"column":32},"end":{"line":16,"column":null}},"1":{"start":{"line":17,"column":32},"end":{"line":17,"column":null}},"2":{"start":{"line":18,"column":8},"end":{"line":18,"column":null}},"3":{"start":{"line":19,"column":23},"end":{"line":19,"column":null}},"4":{"start":{"line":21,"column":20},"end":{"line":21,"column":null}},"5":{"start":{"line":23,"column":24},"end":{"line":69,"column":null}},"6":{"start":{"line":72,"column":4},"end":{"line":74,"column":null}},"7":{"start":{"line":73,"column":6},"end":{"line":73,"column":null}},"8":{"start":{"line":73,"column":48},"end":{"line":73,"column":59}},"9":{"start":{"line":78,"column":4},"end":{"line":78,"column":null}},"10":{"start":{"line":79,"column":4},"end":{"line":79,"column":null}},"11":{"start":{"line":82,"column":2},"end":{"line":185,"column":null}},"12":{"start":{"line":100,"column":27},"end":{"line":100,"column":null}},"13":{"start":{"line":100,"column":50},"end":{"line":100,"column":55}},"14":{"start":{"line":110,"column":30},"end":{"line":110,"column":53}},"15":{"start":{"line":112,"column":29},"end":{"line":112,"column":null}},"16":{"start":{"line":113,"column":14},"end":{"line":159,"column":null}},"17":{"start":{"line":116,"column":35},"end":{"line":116,"column":null}},"18":{"start":{"line":139,"column":44},"end":{"line":139,"column":67}},"19":{"start":{"line":141,"column":28},"end":{"line":154,"column":null}},"20":{"start":{"line":145,"column":32},"end":{"line":150,"column":null}}},"fnMap":{"0":{"name":"Sidebar","decl":{"start":{"line":15,"column":24},"end":{"line":15,"column":34}},"loc":{"start":{"line":15,"column":34},"end":{"line":187,"column":null}},"line":15},"1":{"name":"toggleMenu","decl":{"start":{"line":71,"column":11},"end":{"line":71,"column":22}},"loc":{"start":{"line":71,"column":37},"end":{"line":75,"column":null}},"line":71},"2":{"name":"(anonymous_2)","decl":{"start":{"line":72,"column":17},"end":{"line":72,"column":18}},"loc":{"start":{"line":73,"column":6},"end":{"line":73,"column":null}},"line":73},"3":{"name":"(anonymous_3)","decl":{"start":{"line":73,"column":41},"end":{"line":73,"column":42}},"loc":{"start":{"line":73,"column":48},"end":{"line":73,"column":59}},"line":73},"4":{"name":"handleLogout","decl":{"start":{"line":77,"column":11},"end":{"line":77,"column":26}},"loc":{"start":{"line":77,"column":26},"end":{"line":80,"column":null}},"line":77},"5":{"name":"(anonymous_5)","decl":{"start":{"line":100,"column":21},"end":{"line":100,"column":27}},"loc":{"start":{"line":100,"column":27},"end":{"line":100,"column":null}},"line":100},"6":{"name":"(anonymous_6)","decl":{"start":{"line":100,"column":40},"end":{"line":100,"column":41}},"loc":{"start":{"line":100,"column":50},"end":{"line":100,"column":55}},"line":100},"7":{"name":"(anonymous_7)","decl":{"start":{"line":110,"column":20},"end":{"line":110,"column":21}},"loc":{"start":{"line":110,"column":30},"end":{"line":110,"column":53}},"line":110},"8":{"name":"(anonymous_8)","decl":{"start":{"line":111,"column":17},"end":{"line":111,"column":18}},"loc":{"start":{"line":111,"column":27},"end":{"line":161,"column":13}},"line":111},"9":{"name":"(anonymous_9)","decl":{"start":{"line":116,"column":29},"end":{"line":116,"column":35}},"loc":{"start":{"line":116,"column":35},"end":{"line":116,"column":null}},"line":116},"10":{"name":"(anonymous_10)","decl":{"start":{"line":139,"column":34},"end":{"line":139,"column":35}},"loc":{"start":{"line":139,"column":44},"end":{"line":139,"column":67}},"line":139},"11":{"name":"(anonymous_11)","decl":{"start":{"line":140,"column":31},"end":{"line":140,"column":32}},"loc":{"start":{"line":141,"column":28},"end":{"line":154,"column":null}},"line":141},"12":{"name":"(anonymous_12)","decl":{"start":{"line":144,"column":41},"end":{"line":144,"column":42}},"loc":{"start":{"line":145,"column":32},"end":{"line":150,"column":null}},"line":145}},"branchMap":{"0":{"loc":{"start":{"line":21,"column":20},"end":{"line":21,"column":null}},"type":"binary-expr","locations":[{"start":{"line":21,"column":20},"end":{"line":21,"column":35}},{"start":{"line":21,"column":35},"end":{"line":21,"column":null}}],"line":21},"1":{"loc":{"start":{"line":73,"column":6},"end":{"line":73,"column":null}},"type":"cond-expr","locations":[{"start":{"line":73,"column":29},"end":{"line":73,"column":63}},{"start":{"line":73,"column":63},"end":{"line":73,"column":null}}],"line":73},"2":{"loc":{"start":{"line":89,"column":10},"end":{"line":89,"column":46}},"type":"cond-expr","locations":[{"start":{"line":89,"column":22},"end":{"line":89,"column":35}},{"start":{"line":89,"column":35},"end":{"line":89,"column":46}}],"line":89},"3":{"loc":{"start":{"line":94,"column":11},"end":{"line":97,"column":null}},"type":"binary-expr","locations":[{"start":{"line":94,"column":11},"end":{"line":94,"column":null}},{"start":{"line":95,"column":12},"end":{"line":97,"column":null}}],"line":94},"4":{"loc":{"start":{"line":103,"column":13},"end":{"line":103,"column":null}},"type":"cond-expr","locations":[{"start":{"line":103,"column":25},"end":{"line":103,"column":46}},{"start":{"line":103,"column":46},"end":{"line":103,"column":null}}],"line":103},"5":{"loc":{"start":{"line":118,"column":22},"end":{"line":118,"column":null}},"type":"cond-expr","locations":[{"start":{"line":118,"column":34},"end":{"line":118,"column":53}},{"start":{"line":118,"column":53},"end":{"line":118,"column":null}}],"line":118},"6":{"loc":{"start":{"line":122,"column":21},"end":{"line":125,"column":null}},"type":"binary-expr","locations":[{"start":{"line":122,"column":21},"end":{"line":122,"column":null}},{"start":{"line":123,"column":22},"end":{"line":125,"column":null}}],"line":122},"7":{"loc":{"start":{"line":130,"column":21},"end":{"line":156,"column":null}},"type":"binary-expr","locations":[{"start":{"line":130,"column":21},"end":{"line":130,"column":35}},{"start":{"line":130,"column":35},"end":{"line":130,"column":null}},{"start":{"line":131,"column":22},"end":{"line":156,"column":null}}],"line":130},"8":{"loc":{"start":{"line":147,"column":34},"end":{"line":149,"column":null}},"type":"cond-expr","locations":[{"start":{"line":148,"column":38},"end":{"line":148,"column":null}},{"start":{"line":149,"column":38},"end":{"line":149,"column":null}}],"line":147},"9":{"loc":{"start":{"line":171,"column":13},"end":{"line":171,"column":null}},"type":"binary-expr","locations":[{"start":{"line":171,"column":13},"end":{"line":171,"column":27}},{"start":{"line":171,"column":27},"end":{"line":171,"column":null}}],"line":171},"10":{"loc":{"start":{"line":180,"column":10},"end":{"line":180,"column":48}},"type":"cond-expr","locations":[{"start":{"line":180,"column":22},"end":{"line":180,"column":36}},{"start":{"line":180,"column":36},"end":{"line":180,"column":48}}],"line":180}},"s":{"0":530,"1":530,"2":530,"3":530,"4":530,"5":530,"6":0,"7":0,"8":0,"9":0,"10":0,"11":530,"12":0,"13":0,"14":2120,"15":530,"16":530,"17":0,"18":0,"19":0,"20":0},"f":{"0":530,"1":0,"2":0,"3":0,"4":0,"5":0,"6":0,"7":2120,"8":530,"9":0,"10":0,"11":0,"12":0},"b":{"0":[530,530],"1":[0,0],"2":[0,530],"3":[530,530],"4":[0,530],"5":[0,530],"6":[530,530],"7":[530,530,0],"8":[0,0],"9":[530,530],"10":[0,530]},"meta":{"lastBranch":11,"lastFunction":13,"lastStatement":21,"seen":{"f:15:24:15:34":0,"s:16:32:16:Infinity":0,"s:17:32:17:Infinity":1,"s:18:8:18:Infinity":2,"s:19:23:19:Infinity":3,"s:21:20:21:Infinity":4,"b:21:20:21:35:21:35:21:Infinity":0,"s:23:24:69:Infinity":5,"f:71:11:71:22":1,"s:72:4:74:Infinity":6,"f:72:17:72:18":2,"s:73:6:73:Infinity":7,"b:73:29:73:63:73:63:73:Infinity":1,"f:73:41:73:42":3,"s:73:48:73:59":8,"f:77:11:77:26":4,"s:78:4:78:Infinity":9,"s:79:4:79:Infinity":10,"s:82:2:185:Infinity":11,"b:89:22:89:35:89:35:89:46":2,"b:94:11:94:Infinity:95:12:97:Infinity":3,"f:100:21:100:27":5,"s:100:27:100:Infinity":12,"f:100:40:100:41":6,"s:100:50:100:55":13,"b:103:25:103:46:103:46:103:Infinity":4,"f:110:20:110:21":7,"s:110:30:110:53":14,"f:111:17:111:18":8,"s:112:29:112:Infinity":15,"s:113:14:159:Infinity":16,"f:116:29:116:35":9,"s:116:35:116:Infinity":17,"b:118:34:118:53:118:53:118:Infinity":5,"b:122:21:122:Infinity:123:22:125:Infinity":6,"b:130:21:130:35:130:35:130:Infinity:131:22:156:Infinity":7,"f:139:34:139:35":10,"s:139:44:139:67":18,"f:140:31:140:32":11,"s:141:28:154:Infinity":19,"f:144:41:144:42":12,"s:145:32:150:Infinity":20,"b:148:38:148:Infinity:149:38:149:Infinity":8,"b:171:13:171:27:171:27:171:Infinity":9,"b:180:22:180:36:180:36:180:48":10}}}
,"C:\\Users\\Gustavo Larsen\\Desktop\\gestao_rh\\frontend\\src\\components\\modals\\BaseModal.tsx": {"path":"C:\\Users\\Gustavo Larsen\\Desktop\\gestao_rh\\frontend\\src\\components\\modals\\BaseModal.tsx","statementMap":{"0":{"start":{"line":30,"column":2},"end":{"line":80,"column":null}}},"fnMap":{"0":{"name":"BaseModal","decl":{"start":{"line":21,"column":16},"end":{"line":21,"column":26}},"loc":{"start":{"line":29,"column":19},"end":{"line":82,"column":null}},"line":29}},"branchMap":{"0":{"loc":{"start":{"line":28,"column":2},"end":{"line":28,"column":null}},"type":"default-arg","locations":[{"start":{"line":28,"column":13},"end":{"line":28,"column":null}}],"line":28},"1":{"loc":{"start":{"line":59,"column":9},"end":{"line":62,"column":null}},"type":"binary-expr","locations":[{"start":{"line":59,"column":9},"end":{"line":59,"column":null}},{"start":{"line":60,"column":10},"end":{"line":62,"column":null}}],"line":59},"2":{"loc":{"start":{"line":68,"column":7},"end":{"line":78,"column":null}},"type":"binary-expr","locations":[{"start":{"line":68,"column":7},"end":{"line":68,"column":null}},{"start":{"line":69,"column":8},"end":{"line":78,"column":null}}],"line":68}},"s":{"0":1174},"f":{"0":1174},"b":{"0":[1174],"1":[1174,1174],"2":[1174,1060]},"meta":{"lastBranch":3,"lastFunction":1,"lastStatement":1,"seen":{"f:21:16:21:26":0,"b:28:13:28:Infinity":0,"s:30:2:80:Infinity":0,"b:59:9:59:Infinity:60:10:62:Infinity":1,"b:68:7:68:Infinity:69:8:78:Infinity":2}}}
,"C:\\Users\\Gustavo Larsen\\Desktop\\gestao_rh\\frontend\\src\\components\\ui\\button.tsx": {"path":"C:\\Users\\Gustavo Larsen\\Desktop\\gestao_rh\\frontend\\src\\components\\ui\\button.tsx","statementMap":{"0":{"start":{"line":7,"column":6},"end":{"line":35,"column":null}},"1":{"start":{"line":43,"column":15},"end":{"line":54,"column":null}},"2":{"start":{"line":45,"column":17},"end":{"line":45,"column":null}},"3":{"start":{"line":46,"column":4},"end":{"line":51,"column":null}},"4":{"start":{"line":55,"column":0},"end":{"line":55,"column":null}}},"fnMap":{"0":{"name":"(anonymous_0)","decl":{"start":{"line":44,"column":2},"end":{"line":44,"column":3}},"loc":{"start":{"line":44,"column":68},"end":{"line":53,"column":null}},"line":44}},"branchMap":{"0":{"loc":{"start":{"line":44,"column":31},"end":{"line":44,"column":48}},"type":"default-arg","locations":[{"start":{"line":44,"column":41},"end":{"line":44,"column":48}}],"line":44},"1":{"loc":{"start":{"line":45,"column":17},"end":{"line":45,"column":null}},"type":"cond-expr","locations":[{"start":{"line":45,"column":27},"end":{"line":45,"column":34}},{"start":{"line":45,"column":34},"end":{"line":45,"column":null}}],"line":45}},"s":{"0":1,"1":1,"2":16,"3":16,"4":1},"f":{"0":16},"b":{"0":[16],"1":[0,16]},"meta":{"lastBranch":2,"lastFunction":1,"lastStatement":5,"seen":{"s:7:6:35:Infinity":0,"s:43:15:54:Infinity":1,"f:44:2:44:3":0,"b:44:41:44:48":0,"s:45:17:45:Infinity":2,"b:45:27:45:34:45:34:45:Infinity":1,"s:46:4:51:Infinity":3,"s:55:0:55:Infinity":4}}}
,"C:\\Users\\Gustavo Larsen\\Desktop\\gestao_rh\\frontend\\src\\components\\ui\\calendar.tsx": {"path":"C:\\Users\\Gustavo Larsen\\Desktop\\gestao_rh\\frontend\\src\\components\\ui\\calendar.tsx","statementMap":{"0":{"start":{"line":24,"column":8},"end":{"line":24,"column":null}},"1":{"start":{"line":26,"column":2},"end":{"line":169,"column":null}},"2":{"start":{"line":38,"column":10},"end":{"line":38,"column":null}},"3":{"start":{"line":127,"column":10},"end":{"line":133,"column":null}},"4":{"start":{"line":137,"column":10},"end":{"line":141,"column":null}},"5":{"start":{"line":138,"column":12},"end":{"line":139,"column":null}},"6":{"start":{"line":143,"column":10},"end":{"line":150,"column":null}},"7":{"start":{"line":144,"column":12},"end":{"line":148,"column":null}},"8":{"start":{"line":152,"column":10},"end":{"line":153,"column":null}},"9":{"start":{"line":158,"column":10},"end":{"line":163,"column":null}},"10":{"start":{"line":179,"column":8},"end":{"line":179,"column":null}},"11":{"start":{"line":181,"column":14},"end":{"line":181,"column":null}},"12":{"start":{"line":182,"column":2},"end":{"line":184,"column":null}},"13":{"start":{"line":183,"column":4},"end":{"line":183,"column":null}},"14":{"start":{"line":183,"column":27},"end":{"line":183,"column":null}},"15":{"start":{"line":186,"column":2},"end":{"line":207,"column":null}}},"fnMap":{"0":{"name":"Calendar","decl":{"start":{"line":12,"column":9},"end":{"line":12,"column":18}},"loc":{"start":{"line":23,"column":3},"end":{"line":171,"column":null}},"line":23},"1":{"name":"(anonymous_1)","decl":{"start":{"line":37,"column":29},"end":{"line":37,"column":30}},"loc":{"start":{"line":38,"column":10},"end":{"line":38,"column":null}},"line":38},"2":{"name":"(anonymous_2)","decl":{"start":{"line":126,"column":14},"end":{"line":126,"column":15}},"loc":{"start":{"line":126,"column":52},"end":{"line":135,"column":null}},"line":126},"3":{"name":"(anonymous_3)","decl":{"start":{"line":136,"column":17},"end":{"line":136,"column":18}},"loc":{"start":{"line":136,"column":59},"end":{"line":155,"column":null}},"line":136},"4":{"name":"(anonymous_4)","decl":{"start":{"line":157,"column":20},"end":{"line":157,"column":21}},"loc":{"start":{"line":157,"column":48},"end":{"line":165,"column":null}},"line":157},"5":{"name":"CalendarDayButton","decl":{"start":{"line":173,"column":9},"end":{"line":173,"column":27}},"loc":{"start":{"line":178,"column":43},"end":{"line":209,"column":null}},"line":178},"6":{"name":"(anonymous_6)","decl":{"start":{"line":182,"column":18},"end":{"line":182,"column":24}},"loc":{"start":{"line":182,"column":24},"end":{"line":184,"column":5}},"line":182}},"branchMap":{"0":{"loc":{"start":{"line":15,"column":2},"end":{"line":15,"column":null}},"type":"default-arg","locations":[{"start":{"line":15,"column":20},"end":{"line":15,"column":null}}],"line":15},"1":{"loc":{"start":{"line":16,"column":2},"end":{"line":16,"column":null}},"type":"default-arg","locations":[{"start":{"line":16,"column":18},"end":{"line":16,"column":null}}],"line":16},"2":{"loc":{"start":{"line":17,"column":2},"end":{"line":17,"column":null}},"type":"default-arg","locations":[{"start":{"line":17,"column":18},"end":{"line":17,"column":null}}],"line":17},"3":{"loc":{"start":{"line":80,"column":10},"end":{"line":82,"column":null}},"type":"cond-expr","locations":[{"start":{"line":81,"column":14},"end":{"line":81,"column":null}},{"start":{"line":82,"column":14},"end":{"line":82,"column":null}}],"line":80},"4":{"loc":{"start":{"line":137,"column":10},"end":{"line":141,"column":null}},"type":"if","locations":[{"start":{"line":137,"column":10},"end":{"line":141,"column":null}},{"start":{},"end":{}}],"line":137},"5":{"loc":{"start":{"line":143,"column":10},"end":{"line":150,"column":null}},"type":"if","locations":[{"start":{"line":143,"column":10},"end":{"line":150,"column":null}},{"start":{},"end":{}}],"line":143},"6":{"loc":{"start":{"line":183,"column":4},"end":{"line":183,"column":null}},"type":"if","locations":[{"start":{"line":183,"column":4},"end":{"line":183,"column":null}},{"start":{},"end":{}}],"line":183},"7":{"loc":{"start":{"line":193,"column":8},"end":{"line":196,"column":null}},"type":"binary-expr","locations":[{"start":{"line":193,"column":8},"end":{"line":193,"column":null}},{"start":{"line":194,"column":8},"end":{"line":194,"column":null}},{"start":{"line":195,"column":8},"end":{"line":195,"column":null}},{"start":{"line":196,"column":8},"end":{"line":196,"column":null}}],"line":193}},"s":{"0":0,"1":0,"2":0,"3":0,"4":0,"5":0,"6":0,"7":0,"8":0,"9":0,"10":0,"11":0,"12":0,"13":0,"14":0,"15":0},"f":{"0":0,"1":0,"2":0,"3":0,"4":0,"5":0,"6":0},"b":{"0":[0],"1":[0],"2":[0],"3":[0,0],"4":[0,0],"5":[0,0],"6":[0,0],"7":[0,0,0,0]},"meta":{"lastBranch":8,"lastFunction":7,"lastStatement":16,"seen":{"f:12:9:12:18":0,"b:15:20:15:Infinity":0,"b:16:18:16:Infinity":1,"b:17:18:17:Infinity":2,"s:24:8:24:Infinity":0,"s:26:2:169:Infinity":1,"f:37:29:37:30":1,"s:38:10:38:Infinity":2,"b:81:14:81:Infinity:82:14:82:Infinity":3,"f:126:14:126:15":2,"s:127:10:133:Infinity":3,"f:136:17:136:18":3,"b:137:10:141:Infinity:undefined:undefined:undefined:undefined":4,"s:137:10:141:Infinity":4,"s:138:12:139:Infinity":5,"b:143:10:150:Infinity:undefined:undefined:undefined:undefined":5,"s:143:10:150:Infinity":6,"s:144:12:148:Infinity":7,"s:152:10:153:Infinity":8,"f:157:20:157:21":4,"s:158:10:163:Infinity":9,"f:173:9:173:27":5,"s:179:8:179:Infinity":10,"s:181:14:181:Infinity":11,"s:182:2:184:Infinity":12,"f:182:18:182:24":6,"b:183:4:183:Infinity:undefined:undefined:undefined:undefined":6,"s:183:4:183:Infinity":13,"s:183:27:183:Infinity":14,"s:186:2:207:Infinity":15,"b:193:8:193:Infinity:194:8:194:Infinity:195:8:195:Infinity:196:8:196:Infinity":7}}}
,"C:\\Users\\Gustavo Larsen\\Desktop\\gestao_rh\\frontend\\src\\components\\ui\\dialog.tsx": {"path":"C:\\Users\\Gustavo Larsen\\Desktop\\gestao_rh\\frontend\\src\\components\\ui\\dialog.tsx","statementMap":{"0":{"start":{"line":7,"column":15},"end":{"line":7,"column":null}},"1":{"start":{"line":9,"column":22},"end":{"line":9,"column":null}},"2":{"start":{"line":11,"column":21},"end":{"line":11,"column":null}},"3":{"start":{"line":13,"column":20},"end":{"line":13,"column":null}},"4":{"start":{"line":15,"column":22},"end":{"line":27,"column":null}},"5":{"start":{"line":19,"column":2},"end":{"line":26,"column":null}},"6":{"start":{"line":28,"column":0},"end":{"line":28,"column":null}},"7":{"start":{"line":30,"column":22},"end":{"line":51,"column":null}},"8":{"start":{"line":34,"column":2},"end":{"line":50,"column":null}},"9":{"start":{"line":52,"column":0},"end":{"line":52,"column":null}},"10":{"start":{"line":54,"column":21},"end":{"line":64,"column":null}},"11":{"start":{"line":58,"column":2},"end":{"line":64,"column":null}},"12":{"start":{"line":66,"column":0},"end":{"line":66,"column":null}},"13":{"start":{"line":68,"column":21},"end":{"line":78,"column":null}},"14":{"start":{"line":72,"column":2},"end":{"line":78,"column":null}},"15":{"start":{"line":80,"column":0},"end":{"line":80,"column":null}},"16":{"start":{"line":82,"column":20},"end":{"line":94,"column":null}},"17":{"start":{"line":86,"column":2},"end":{"line":93,"column":null}},"18":{"start":{"line":95,"column":0},"end":{"line":95,"column":null}},"19":{"start":{"line":97,"column":26},"end":{"line":106,"column":null}},"20":{"start":{"line":101,"column":2},"end":{"line":105,"column":null}},"21":{"start":{"line":107,"column":0},"end":{"line":107,"column":null}}},"fnMap":{"0":{"name":"(anonymous_0)","decl":{"start":{"line":18,"column":2},"end":{"line":18,"column":3}},"loc":{"start":{"line":19,"column":2},"end":{"line":26,"column":null}},"line":19},"1":{"name":"(anonymous_1)","decl":{"start":{"line":33,"column":2},"end":{"line":33,"column":3}},"loc":{"start":{"line":34,"column":2},"end":{"line":50,"column":null}},"line":34},"2":{"name":"(anonymous_2)","decl":{"start":{"line":54,"column":21},"end":{"line":54,"column":22}},"loc":{"start":{"line":58,"column":2},"end":{"line":64,"column":null}},"line":58},"3":{"name":"(anonymous_3)","decl":{"start":{"line":68,"column":21},"end":{"line":68,"column":22}},"loc":{"start":{"line":72,"column":2},"end":{"line":78,"column":null}},"line":72},"4":{"name":"(anonymous_4)","decl":{"start":{"line":85,"column":2},"end":{"line":85,"column":3}},"loc":{"start":{"line":86,"column":2},"end":{"line":93,"column":null}},"line":86},"5":{"name":"(anonymous_5)","decl":{"start":{"line":100,"column":2},"end":{"line":100,"column":3}},"loc":{"start":{"line":101,"column":2},"end":{"line":105,"column":null}},"line":101}},"branchMap":{},"s":{"0":0,"1":0,"2":0,"3":0,"4":0,"5":0,"6":0,"7":0,"8":0,"9":0,"10":0,"11":0,"12":0,"13":0,"14":0,"15":0,"16":0,"17":0,"18":0,"19":0,"20":0,"21":0},"f":{"0":0,"1":0,"2":0,"3":0,"4":0,"5":0},"b":{},"meta":{"lastBranch":0,"lastFunction":6,"lastStatement":22,"seen":{"s:7:15:7:Infinity":0,"s:9:22:9:Infinity":1,"s:11:21:11:Infinity":2,"s:13:20:13:Infinity":3,"s:15:22:27:Infinity":4,"f:18:2:18:3":0,"s:19:2:26:Infinity":5,"s:28:0:28:Infinity":6,"s:30:22:51:Infinity":7,"f:33:2:33:3":1,"s:34:2:50:Infinity":8,"s:52:0:52:Infinity":9,"s:54:21:64:Infinity":10,"f:54:21:54:22":2,"s:58:2:64:Infinity":11,"s:66:0:66:Infinity":12,"s:68:21:78:Infinity":13,"f:68:21:68:22":3,"s:72:2:78:Infinity":14,"s:80:0:80:Infinity":15,"s:82:20:94:Infinity":16,"f:85:2:85:3":4,"s:86:2:93:Infinity":17,"s:95:0:95:Infinity":18,"s:97:26:106:Infinity":19,"f:100:2:100:3":5,"s:101:2:105:Infinity":20,"s:107:0:107:Infinity":21}}}
,"C:\\Users\\Gustavo Larsen\\Desktop\\gestao_rh\\frontend\\src\\components\\ui\\input.tsx": {"path":"C:\\Users\\Gustavo Larsen\\Desktop\\gestao_rh\\frontend\\src\\components\\ui\\input.tsx","statementMap":{"0":{"start":{"line":5,"column":14},"end":{"line":19,"column":null}},"1":{"start":{"line":7,"column":4},"end":{"line":16,"column":null}},"2":{"start":{"line":20,"column":0},"end":{"line":20,"column":null}}},"fnMap":{"0":{"name":"(anonymous_0)","decl":{"start":{"line":6,"column":2},"end":{"line":6,"column":3}},"loc":{"start":{"line":6,"column":42},"end":{"line":18,"column":null}},"line":6}},"branchMap":{},"s":{"0":1,"1":32,"2":1},"f":{"0":32},"b":{},"meta":{"lastBranch":0,"lastFunction":1,"lastStatement":3,"seen":{"s:5:14:19:Infinity":0,"f:6:2:6:3":0,"s:7:4:16:Infinity":1,"s:20:0:20:Infinity":2}}}
,"C:\\Users\\Gustavo Larsen\\Desktop\\gestao_rh\\frontend\\src\\components\\ui\\popover.tsx": {"path":"C:\\Users\\Gustavo Larsen\\Desktop\\gestao_rh\\frontend\\src\\components\\ui\\popover.tsx","statementMap":{"0":{"start":{"line":6,"column":16},"end":{"line":6,"column":null}},"1":{"start":{"line":8,"column":23},"end":{"line":8,"column":null}},"2":{"start":{"line":10,"column":22},"end":{"line":10,"column":null}},"3":{"start":{"line":12,"column":23},"end":{"line":28,"column":null}},"4":{"start":{"line":16,"column":2},"end":{"line":27,"column":null}},"5":{"start":{"line":29,"column":0},"end":{"line":29,"column":null}}},"fnMap":{"0":{"name":"(anonymous_0)","decl":{"start":{"line":15,"column":2},"end":{"line":15,"column":3}},"loc":{"start":{"line":16,"column":2},"end":{"line":27,"column":null}},"line":16}},"branchMap":{"0":{"loc":{"start":{"line":15,"column":16},"end":{"line":15,"column":34}},"type":"default-arg","locations":[{"start":{"line":15,"column":24},"end":{"line":15,"column":34}}],"line":15},"1":{"loc":{"start":{"line":15,"column":34},"end":{"line":15,"column":50}},"type":"default-arg","locations":[{"start":{"line":15,"column":47},"end":{"line":15,"column":50}}],"line":15}},"s":{"0":0,"1":0,"2":0,"3":0,"4":0,"5":0},"f":{"0":0},"b":{"0":[0],"1":[0]},"meta":{"lastBranch":2,"lastFunction":1,"lastStatement":6,"seen":{"s:6:16:6:Infinity":0,"s:8:23:8:Infinity":1,"s:10:22:10:Infinity":2,"s:12:23:28:Infinity":3,"f:15:2:15:3":0,"s:16:2:27:Infinity":4,"b:15:24:15:34":0,"b:15:47:15:50":1,"s:29:0:29:Infinity":5}}}
,"C:\\Users\\Gustavo Larsen\\Desktop\\gestao_rh\\frontend\\src\\hooks\\branch\\useBranches.ts": {"path":"C:\\Users\\Gustavo Larsen\\Desktop\\gestao_rh\\frontend\\src\\hooks\\branch\\useBranches.ts","statementMap":{"0":{"start":{"line":17,"column":15},"end":{"line":17,"column":null}},"1":{"start":{"line":18,"column":28},"end":{"line":18,"column":null}},"2":{"start":{"line":19,"column":24},"end":{"line":19,"column":null}},"3":{"start":{"line":20,"column":20},"end":{"line":20,"column":null}},"4":{"start":{"line":23,"column":4},"end":{"line":23,"column":null}},"5":{"start":{"line":24,"column":4},"end":{"line":24,"column":null}},"6":{"start":{"line":25,"column":4},"end":{"line":33,"column":null}},"7":{"start":{"line":26,"column":23},"end":{"line":26,"column":null}},"8":{"start":{"line":27,"column":6},"end":{"line":27,"column":null}},"9":{"start":{"line":29,"column":6},"end":{"line":29,"column":null}},"10":{"start":{"line":30,"column":6},"end":{"line":30,"column":null}},"11":{"start":{"line":32,"column":6},"end":{"line":32,"column":null}},"12":{"start":{"line":37,"column":21},"end":{"line":39,"column":null}},"13":{"start":{"line":40,"column":4},"end":{"line":40,"column":null}},"14":{"start":{"line":44,"column":21},"end":{"line":46,"column":null}},"15":{"start":{"line":47,"column":4},"end":{"line":47,"column":null}},"16":{"start":{"line":51,"column":30},"end":{"line":51,"column":null}},"17":{"start":{"line":52,"column":4},"end":{"line":52,"column":null}},"18":{"start":{"line":55,"column":4},"end":{"line":55,"column":null}},"19":{"start":{"line":58,"column":2},"end":{"line":58,"column":null}}},"fnMap":{"0":{"name":"useBranches","decl":{"start":{"line":16,"column":16},"end":{"line":16,"column":30}},"loc":{"start":{"line":16,"column":30},"end":{"line":59,"column":null}},"line":16},"1":{"name":"createBranch","decl":{"start":{"line":22,"column":17},"end":{"line":22,"column":30}},"loc":{"start":{"line":22,"column":70},"end":{"line":34,"column":null}},"line":22},"2":{"name":"listBranches","decl":{"start":{"line":36,"column":17},"end":{"line":36,"column":30}},"loc":{"start":{"line":36,"column":62},"end":{"line":41,"column":null}},"line":36},"3":{"name":"listDistinctBranches","decl":{"start":{"line":43,"column":17},"end":{"line":43,"column":59}},"loc":{"start":{"line":43,"column":59},"end":{"line":48,"column":null}},"line":43},"4":{"name":"updateBranch","decl":{"start":{"line":50,"column":17},"end":{"line":50,"column":30}},"loc":{"start":{"line":50,"column":65},"end":{"line":53,"column":null}},"line":50},"5":{"name":"deleteBranch","decl":{"start":{"line":54,"column":17},"end":{"line":54,"column":30}},"loc":{"start":{"line":54,"column":42},"end":{"line":56,"column":null}},"line":54}},"branchMap":{"0":{"loc":{"start":{"line":29,"column":15},"end":{"line":29,"column":70}},"type":"binary-expr","locations":[{"start":{"line":29,"column":15},"end":{"line":29,"column":47}},{"start":{"line":29,"column":47},"end":{"line":29,"column":70}}],"line":29}},"s":{"0":0,"1":0,"2":0,"3":0,"4":0,"5":0,"6":0,"7":0,"8":0,"9":0,"10":0,"11":0,"12":0,"13":0,"14":0,"15":0,"16":0,"17":0,"18":0,"19":0},"f":{"0":0,"1":0,"2":0,"3":0,"4":0,"5":0},"b":{"0":[0,0]},"meta":{"lastBranch":1,"lastFunction":6,"lastStatement":20,"seen":{"f:16:16:16:30":0,"s:17:15:17:Infinity":0,"s:18:28:18:Infinity":1,"s:19:24:19:Infinity":2,"s:20:20:20:Infinity":3,"f:22:17:22:30":1,"s:23:4:23:Infinity":4,"s:24:4:24:Infinity":5,"s:25:4:33:Infinity":6,"s:26:23:26:Infinity":7,"s:27:6:27:Infinity":8,"s:29:6:29:Infinity":9,"b:29:15:29:47:29:47:29:70":0,"s:30:6:30:Infinity":10,"s:32:6:32:Infinity":11,"f:36:17:36:30":2,"s:37:21:39:Infinity":12,"s:40:4:40:Infinity":13,"f:43:17:43:59":3,"s:44:21:46:Infinity":14,"s:47:4:47:Infinity":15,"f:50:17:50:30":4,"s:51:30:51:Infinity":16,"s:52:4:52:Infinity":17,"f:54:17:54:30":5,"s:55:4:55:Infinity":18,"s:58:2:58:Infinity":19}}}
,"C:\\Users\\Gustavo Larsen\\Desktop\\gestao_rh\\frontend\\src\\hooks\\career-path\\useCareerPaths.ts": {"path":"C:\\Users\\Gustavo Larsen\\Desktop\\gestao_rh\\frontend\\src\\hooks\\career-path\\useCareerPaths.ts","statementMap":{"0":{"start":{"line":22,"column":28},"end":{"line":22,"column":null}},"1":{"start":{"line":23,"column":24},"end":{"line":23,"column":null}},"2":{"start":{"line":24,"column":20},"end":{"line":24,"column":null}},"3":{"start":{"line":30,"column":21},"end":{"line":33,"column":null}},"4":{"start":{"line":34,"column":4},"end":{"line":34,"column":null}},"5":{"start":{"line":38,"column":4},"end":{"line":38,"column":null}},"6":{"start":{"line":39,"column":4},"end":{"line":39,"column":null}},"7":{"start":{"line":40,"column":4},"end":{"line":53,"column":null}},"8":{"start":{"line":41,"column":23},"end":{"line":44,"column":null}},"9":{"start":{"line":45,"column":6},"end":{"line":45,"column":null}},"10":{"start":{"line":47,"column":6},"end":{"line":49,"column":null}},"11":{"start":{"line":50,"column":6},"end":{"line":50,"column":null}},"12":{"start":{"line":52,"column":6},"end":{"line":52,"column":null}},"13":{"start":{"line":60,"column":21},"end":{"line":63,"column":null}},"14":{"start":{"line":64,"column":4},"end":{"line":64,"column":null}},"15":{"start":{"line":68,"column":4},"end":{"line":68,"column":null}},"16":{"start":{"line":71,"column":2},"end":{"line":78,"column":null}}},"fnMap":{"0":{"name":"useCareerPaths","decl":{"start":{"line":21,"column":16},"end":{"line":21,"column":33}},"loc":{"start":{"line":21,"column":33},"end":{"line":79,"column":null}},"line":21},"1":{"name":"listCareerPaths","decl":{"start":{"line":26,"column":17},"end":{"line":26,"column":33}},"loc":{"start":{"line":29,"column":28},"end":{"line":35,"column":null}},"line":29},"2":{"name":"createCareerPath","decl":{"start":{"line":37,"column":17},"end":{"line":37,"column":34}},"loc":{"start":{"line":37,"column":67},"end":{"line":54,"column":null}},"line":37},"3":{"name":"updateCareerPath","decl":{"start":{"line":56,"column":17},"end":{"line":56,"column":null}},"loc":{"start":{"line":59,"column":4},"end":{"line":65,"column":null}},"line":59},"4":{"name":"deleteCareerPath","decl":{"start":{"line":67,"column":17},"end":{"line":67,"column":34}},"loc":{"start":{"line":67,"column":46},"end":{"line":69,"column":null}},"line":67}},"branchMap":{"0":{"loc":{"start":{"line":48,"column":8},"end":{"line":48,"column":null}},"type":"binary-expr","locations":[{"start":{"line":48,"column":8},"end":{"line":48,"column":40}},{"start":{"line":48,"column":40},"end":{"line":48,"column":null}}],"line":48}},"s":{"0":0,"1":0,"2":0,"3":0,"4":0,"5":0,"6":0,"7":0,"8":0,"9":0,"10":0,"11":0,"12":0,"13":0,"14":0,"15":0,"16":0},"f":{"0":0,"1":0,"2":0,"3":0,"4":0},"b":{"0":[0,0]},"meta":{"lastBranch":1,"lastFunction":5,"lastStatement":17,"seen":{"f:21:16:21:33":0,"s:22:28:22:Infinity":0,"s:23:24:23:Infinity":1,"s:24:20:24:Infinity":2,"f:26:17:26:33":1,"s:30:21:33:Infinity":3,"s:34:4:34:Infinity":4,"f:37:17:37:34":2,"s:38:4:38:Infinity":5,"s:39:4:39:Infinity":6,"s:40:4:53:Infinity":7,"s:41:23:44:Infinity":8,"s:45:6:45:Infinity":9,"s:47:6:49:Infinity":10,"b:48:8:48:40:48:40:48:Infinity":0,"s:50:6:50:Infinity":11,"s:52:6:52:Infinity":12,"f:56:17:56:Infinity":3,"s:60:21:63:Infinity":13,"s:64:4:64:Infinity":14,"f:67:17:67:34":4,"s:68:4:68:Infinity":15,"s:71:2:78:Infinity":16}}}
,"C:\\Users\\Gustavo Larsen\\Desktop\\gestao_rh\\frontend\\src\\hooks\\company\\useCompanies.ts": {"path":"C:\\Users\\Gustavo Larsen\\Desktop\\gestao_rh\\frontend\\src\\hooks\\company\\useCompanies.ts","statementMap":{"0":{"start":{"line":24,"column":28},"end":{"line":24,"column":null}},"1":{"start":{"line":25,"column":24},"end":{"line":25,"column":null}},"2":{"start":{"line":28,"column":4},"end":{"line":28,"column":null}},"3":{"start":{"line":29,"column":4},"end":{"line":29,"column":null}},"4":{"start":{"line":31,"column":4},"end":{"line":39,"column":null}},"5":{"start":{"line":32,"column":23},"end":{"line":32,"column":null}},"6":{"start":{"line":33,"column":6},"end":{"line":33,"column":null}},"7":{"start":{"line":35,"column":6},"end":{"line":35,"column":null}},"8":{"start":{"line":36,"column":6},"end":{"line":36,"column":null}},"9":{"start":{"line":38,"column":6},"end":{"line":38,"column":null}},"10":{"start":{"line":43,"column":16},"end":{"line":43,"column":null}},"11":{"start":{"line":45,"column":21},"end":{"line":45,"column":null}},"12":{"start":{"line":46,"column":4},"end":{"line":46,"column":null}},"13":{"start":{"line":50,"column":30},"end":{"line":50,"column":null}},"14":{"start":{"line":51,"column":4},"end":{"line":51,"column":null}},"15":{"start":{"line":55,"column":4},"end":{"line":55,"column":null}},"16":{"start":{"line":58,"column":2},"end":{"line":65,"column":null}}},"fnMap":{"0":{"name":"useCompanies","decl":{"start":{"line":23,"column":16},"end":{"line":23,"column":31}},"loc":{"start":{"line":23,"column":31},"end":{"line":66,"column":null}},"line":23},"1":{"name":"createCompany","decl":{"start":{"line":27,"column":17},"end":{"line":27,"column":31}},"loc":{"start":{"line":27,"column":72},"end":{"line":40,"column":null}},"line":27},"2":{"name":"listCompanies","decl":{"start":{"line":42,"column":17},"end":{"line":42,"column":31}},"loc":{"start":{"line":42,"column":90},"end":{"line":47,"column":null}},"line":42},"3":{"name":"updateCompany","decl":{"start":{"line":49,"column":17},"end":{"line":49,"column":31}},"loc":{"start":{"line":49,"column":67},"end":{"line":52,"column":null}},"line":49},"4":{"name":"deleteCompany","decl":{"start":{"line":54,"column":17},"end":{"line":54,"column":31}},"loc":{"start":{"line":54,"column":43},"end":{"line":56,"column":null}},"line":54}},"branchMap":{"0":{"loc":{"start":{"line":35,"column":15},"end":{"line":35,"column":73}},"type":"binary-expr","locations":[{"start":{"line":35,"column":15},"end":{"line":35,"column":47}},{"start":{"line":35,"column":47},"end":{"line":35,"column":73}}],"line":35},"1":{"loc":{"start":{"line":43,"column":16},"end":{"line":43,"column":null}},"type":"cond-expr","locations":[{"start":{"line":43,"column":30},"end":{"line":43,"column":60}},{"start":{"line":43,"column":60},"end":{"line":43,"column":null}}],"line":43}},"s":{"0":0,"1":0,"2":0,"3":0,"4":0,"5":0,"6":0,"7":0,"8":0,"9":0,"10":0,"11":0,"12":0,"13":0,"14":0,"15":0,"16":0},"f":{"0":0,"1":0,"2":0,"3":0,"4":0},"b":{"0":[0,0],"1":[0,0]},"meta":{"lastBranch":2,"lastFunction":5,"lastStatement":17,"seen":{"f:23:16:23:31":0,"s:24:28:24:Infinity":0,"s:25:24:25:Infinity":1,"f:27:17:27:31":1,"s:28:4:28:Infinity":2,"s:29:4:29:Infinity":3,"s:31:4:39:Infinity":4,"s:32:23:32:Infinity":5,"s:33:6:33:Infinity":6,"s:35:6:35:Infinity":7,"b:35:15:35:47:35:47:35:73":0,"s:36:6:36:Infinity":8,"s:38:6:38:Infinity":9,"f:42:17:42:31":2,"s:43:16:43:Infinity":10,"b:43:30:43:60:43:60:43:Infinity":1,"s:45:21:45:Infinity":11,"s:46:4:46:Infinity":12,"f:49:17:49:31":3,"s:50:30:50:Infinity":13,"s:51:4:51:Infinity":14,"f:54:17:54:31":4,"s:55:4:55:Infinity":15,"s:58:2:65:Infinity":16}}}
,"C:\\Users\\Gustavo Larsen\\Desktop\\gestao_rh\\frontend\\src\\hooks\\department\\useDepartments.ts": {"path":"C:\\Users\\Gustavo Larsen\\Desktop\\gestao_rh\\frontend\\src\\hooks\\department\\useDepartments.ts","statementMap":{"0":{"start":{"line":12,"column":28},"end":{"line":12,"column":null}},"1":{"start":{"line":13,"column":24},"end":{"line":13,"column":null}},"2":{"start":{"line":14,"column":20},"end":{"line":14,"column":null}},"3":{"start":{"line":17,"column":21},"end":{"line":17,"column":null}},"4":{"start":{"line":18,"column":4},"end":{"line":18,"column":null}},"5":{"start":{"line":22,"column":21},"end":{"line":22,"column":null}},"6":{"start":{"line":23,"column":4},"end":{"line":23,"column":null}},"7":{"start":{"line":27,"column":4},"end":{"line":27,"column":null}},"8":{"start":{"line":28,"column":4},"end":{"line":28,"column":null}},"9":{"start":{"line":29,"column":4},"end":{"line":37,"column":null}},"10":{"start":{"line":30,"column":23},"end":{"line":30,"column":null}},"11":{"start":{"line":31,"column":6},"end":{"line":31,"column":null}},"12":{"start":{"line":33,"column":6},"end":{"line":33,"column":null}},"13":{"start":{"line":34,"column":6},"end":{"line":34,"column":null}},"14":{"start":{"line":36,"column":6},"end":{"line":36,"column":null}},"15":{"start":{"line":41,"column":21},"end":{"line":41,"column":null}},"16":{"start":{"line":42,"column":4},"end":{"line":42,"column":null}},"17":{"start":{"line":46,"column":4},"end":{"line":46,"column":null}},"18":{"start":{"line":49,"column":2},"end":{"line":49,"column":null}}},"fnMap":{"0":{"name":"useDepartments","decl":{"start":{"line":11,"column":16},"end":{"line":11,"column":33}},"loc":{"start":{"line":11,"column":33},"end":{"line":50,"column":null}},"line":11},"1":{"name":"listDepartments","decl":{"start":{"line":16,"column":17},"end":{"line":16,"column":33}},"loc":{"start":{"line":16,"column":69},"end":{"line":19,"column":null}},"line":16},"2":{"name":"listDistinctDepartments","decl":{"start":{"line":21,"column":17},"end":{"line":21,"column":66}},"loc":{"start":{"line":21,"column":66},"end":{"line":24,"column":null}},"line":21},"3":{"name":"createDepartment","decl":{"start":{"line":26,"column":17},"end":{"line":26,"column":34}},"loc":{"start":{"line":26,"column":64},"end":{"line":38,"column":null}},"line":26},"4":{"name":"updateDepartment","decl":{"start":{"line":40,"column":17},"end":{"line":40,"column":34}},"loc":{"start":{"line":40,"column":73},"end":{"line":43,"column":null}},"line":40},"5":{"name":"deleteDepartment","decl":{"start":{"line":45,"column":17},"end":{"line":45,"column":34}},"loc":{"start":{"line":45,"column":46},"end":{"line":47,"column":null}},"line":45}},"branchMap":{"0":{"loc":{"start":{"line":33,"column":15},"end":{"line":33,"column":76}},"type":"binary-expr","locations":[{"start":{"line":33,"column":15},"end":{"line":33,"column":47}},{"start":{"line":33,"column":47},"end":{"line":33,"column":76}}],"line":33}},"s":{"0":0,"1":0,"2":0,"3":0,"4":0,"5":0,"6":0,"7":0,"8":0,"9":0,"10":0,"11":0,"12":0,"13":0,"14":0,"15":0,"16":0,"17":0,"18":0},"f":{"0":0,"1":0,"2":0,"3":0,"4":0,"5":0},"b":{"0":[0,0]},"meta":{"lastBranch":1,"lastFunction":6,"lastStatement":19,"seen":{"f:11:16:11:33":0,"s:12:28:12:Infinity":0,"s:13:24:13:Infinity":1,"s:14:20:14:Infinity":2,"f:16:17:16:33":1,"s:17:21:17:Infinity":3,"s:18:4:18:Infinity":4,"f:21:17:21:66":2,"s:22:21:22:Infinity":5,"s:23:4:23:Infinity":6,"f:26:17:26:34":3,"s:27:4:27:Infinity":7,"s:28:4:28:Infinity":8,"s:29:4:37:Infinity":9,"s:30:23:30:Infinity":10,"s:31:6:31:Infinity":11,"s:33:6:33:Infinity":12,"b:33:15:33:47:33:47:33:76":0,"s:34:6:34:Infinity":13,"s:36:6:36:Infinity":14,"f:40:17:40:34":4,"s:41:21:41:Infinity":15,"s:42:4:42:Infinity":16,"f:45:17:45:34":5,"s:46:4:46:Infinity":17,"s:49:2:49:Infinity":18}}}
,"C:\\Users\\Gustavo Larsen\\Desktop\\gestao_rh\\frontend\\src\\hooks\\employee\\useEmployeeHistories.ts": {"path":"C:\\Users\\Gustavo Larsen\\Desktop\\gestao_rh\\frontend\\src\\hooks\\employee\\useEmployeeHistories.ts","statementMap":{"0":{"start":{"line":26,"column":28},"end":{"line":26,"column":null}},"1":{"start":{"line":27,"column":24},"end":{"line":27,"column":null}},"2":{"start":{"line":28,"column":20},"end":{"line":28,"column":null}},"3":{"start":{"line":31,"column":21},"end":{"line":31,"column":null}},"4":{"start":{"line":32,"column":4},"end":{"line":32,"column":null}},"5":{"start":{"line":35,"column":2},"end":{"line":35,"column":null}}},"fnMap":{"0":{"name":"useEmployeeHistories","decl":{"start":{"line":25,"column":16},"end":{"line":25,"column":39}},"loc":{"start":{"line":25,"column":39},"end":{"line":36,"column":null}},"line":25},"1":{"name":"listEmployeeHistories","decl":{"start":{"line":30,"column":17},"end":{"line":30,"column":39}},"loc":{"start":{"line":30,"column":80},"end":{"line":33,"column":null}},"line":30}},"branchMap":{},"s":{"0":0,"1":0,"2":0,"3":0,"4":0,"5":0},"f":{"0":0,"1":0},"b":{},"meta":{"lastBranch":0,"lastFunction":2,"lastStatement":6,"seen":{"f:25:16:25:39":0,"s:26:28:26:Infinity":0,"s:27:24:27:Infinity":1,"s:28:20:28:Infinity":2,"f:30:17:30:39":1,"s:31:21:31:Infinity":3,"s:32:4:32:Infinity":4,"s:35:2:35:Infinity":5}}}
,"C:\\Users\\Gustavo Larsen\\Desktop\\gestao_rh\\frontend\\src\\hooks\\employee\\useEmployees.ts": {"path":"C:\\Users\\Gustavo Larsen\\Desktop\\gestao_rh\\frontend\\src\\hooks\\employee\\useEmployees.ts","statementMap":{"0":{"start":{"line":26,"column":28},"end":{"line":26,"column":null}},"1":{"start":{"line":27,"column":24},"end":{"line":27,"column":null}},"2":{"start":{"line":28,"column":20},"end":{"line":28,"column":null}},"3":{"start":{"line":31,"column":21},"end":{"line":31,"column":null}},"4":{"start":{"line":32,"column":4},"end":{"line":32,"column":null}},"5":{"start":{"line":36,"column":4},"end":{"line":36,"column":null}},"6":{"start":{"line":37,"column":4},"end":{"line":37,"column":null}},"7":{"start":{"line":38,"column":4},"end":{"line":46,"column":null}},"8":{"start":{"line":39,"column":23},"end":{"line":39,"column":null}},"9":{"start":{"line":40,"column":6},"end":{"line":40,"column":null}},"10":{"start":{"line":42,"column":6},"end":{"line":42,"column":null}},"11":{"start":{"line":43,"column":6},"end":{"line":43,"column":null}},"12":{"start":{"line":45,"column":6},"end":{"line":45,"column":null}},"13":{"start":{"line":50,"column":21},"end":{"line":50,"column":null}},"14":{"start":{"line":51,"column":4},"end":{"line":51,"column":null}},"15":{"start":{"line":55,"column":4},"end":{"line":55,"column":null}},"16":{"start":{"line":58,"column":2},"end":{"line":58,"column":null}}},"fnMap":{"0":{"name":"useEmployees","decl":{"start":{"line":25,"column":16},"end":{"line":25,"column":31}},"loc":{"start":{"line":25,"column":31},"end":{"line":59,"column":null}},"line":25},"1":{"name":"listEmployees","decl":{"start":{"line":30,"column":17},"end":{"line":30,"column":31}},"loc":{"start":{"line":30,"column":65},"end":{"line":33,"column":null}},"line":30},"2":{"name":"createEmployee","decl":{"start":{"line":35,"column":17},"end":{"line":35,"column":32}},"loc":{"start":{"line":35,"column":63},"end":{"line":47,"column":null}},"line":35},"3":{"name":"updateEmployee","decl":{"start":{"line":49,"column":17},"end":{"line":49,"column":32}},"loc":{"start":{"line":49,"column":72},"end":{"line":52,"column":null}},"line":49},"4":{"name":"deleteEmployee","decl":{"start":{"line":54,"column":17},"end":{"line":54,"column":32}},"loc":{"start":{"line":54,"column":44},"end":{"line":56,"column":null}},"line":54}},"branchMap":{"0":{"loc":{"start":{"line":42,"column":15},"end":{"line":42,"column":75}},"type":"binary-expr","locations":[{"start":{"line":42,"column":15},"end":{"line":42,"column":47}},{"start":{"line":42,"column":47},"end":{"line":42,"column":75}}],"line":42}},"s":{"0":0,"1":0,"2":0,"3":0,"4":0,"5":0,"6":0,"7":0,"8":0,"9":0,"10":0,"11":0,"12":0,"13":0,"14":0,"15":0,"16":0},"f":{"0":0,"1":0,"2":0,"3":0,"4":0},"b":{"0":[0,0]},"meta":{"lastBranch":1,"lastFunction":5,"lastStatement":17,"seen":{"f:25:16:25:31":0,"s:26:28:26:Infinity":0,"s:27:24:27:Infinity":1,"s:28:20:28:Infinity":2,"f:30:17:30:31":1,"s:31:21:31:Infinity":3,"s:32:4:32:Infinity":4,"f:35:17:35:32":2,"s:36:4:36:Infinity":5,"s:37:4:37:Infinity":6,"s:38:4:46:Infinity":7,"s:39:23:39:Infinity":8,"s:40:6:40:Infinity":9,"s:42:6:42:Infinity":10,"b:42:15:42:47:42:47:42:75":0,"s:43:6:43:Infinity":11,"s:45:6:45:Infinity":12,"f:49:17:49:32":3,"s:50:21:50:Infinity":13,"s:51:4:51:Infinity":14,"f:54:17:54:32":4,"s:55:4:55:Infinity":15,"s:58:2:58:Infinity":16}}}
,"C:\\Users\\Gustavo Larsen\\Desktop\\gestao_rh\\frontend\\src\\hooks\\employee-kpi\\useEmployeeKpiEvolutions.ts": {"path":"C:\\Users\\Gustavo Larsen\\Desktop\\gestao_rh\\frontend\\src\\hooks\\employee-kpi\\useEmployeeKpiEvolutions.ts","statementMap":{"0":{"start":{"line":4,"column":7},"end":{"line":4,"column":null}},"1":{"start":{"line":5,"column":2},"end":{"line":5,"column":null}},"2":{"start":{"line":6,"column":2},"end":{"line":6,"column":null}},"3":{"start":{"line":7,"column":2},"end":{"line":7,"column":null}},"4":{"start":{"line":8,"column":2},"end":{"line":8,"column":null}},"5":{"start":{"line":4,"column":12},"end":{"line":4,"column":null}},"6":{"start":{"line":27,"column":28},"end":{"line":27,"column":null}},"7":{"start":{"line":28,"column":24},"end":{"line":28,"column":null}},"8":{"start":{"line":29,"column":20},"end":{"line":29,"column":null}},"9":{"start":{"line":32,"column":21},"end":{"line":32,"column":null}},"10":{"start":{"line":33,"column":4},"end":{"line":33,"column":null}},"11":{"start":{"line":37,"column":4},"end":{"line":37,"column":null}},"12":{"start":{"line":38,"column":4},"end":{"line":38,"column":null}},"13":{"start":{"line":39,"column":4},"end":{"line":50,"column":null}},"14":{"start":{"line":40,"column":23},"end":{"line":43,"column":null}},"15":{"start":{"line":44,"column":6},"end":{"line":44,"column":null}},"16":{"start":{"line":46,"column":6},"end":{"line":46,"column":null}},"17":{"start":{"line":47,"column":6},"end":{"line":47,"column":null}},"18":{"start":{"line":49,"column":6},"end":{"line":49,"column":null}},"19":{"start":{"line":54,"column":21},"end":{"line":57,"column":null}},"20":{"start":{"line":58,"column":4},"end":{"line":58,"column":null}},"21":{"start":{"line":62,"column":4},"end":{"line":62,"column":null}},"22":{"start":{"line":66,"column":21},"end":{"line":68,"column":null}},"23":{"start":{"line":69,"column":4},"end":{"line":69,"column":null}},"24":{"start":{"line":73,"column":21},"end":{"line":76,"column":null}},"25":{"start":{"line":77,"column":4},"end":{"line":77,"column":null}},"26":{"start":{"line":80,"column":2},"end":{"line":89,"column":null}}},"fnMap":{"0":{"name":"(anonymous_0)","decl":{"start":{"line":4,"column":7},"end":{"line":4,"column":12}},"loc":{"start":{"line":4,"column":7},"end":{"line":4,"column":null}},"line":4},"1":{"name":"useEmployeeKpiEvolutions","decl":{"start":{"line":26,"column":16},"end":{"line":26,"column":43}},"loc":{"start":{"line":26,"column":43},"end":{"line":90,"column":null}},"line":26},"2":{"name":"listEmployeeKpiEvolutions","decl":{"start":{"line":31,"column":17},"end":{"line":31,"column":43}},"loc":{"start":{"line":31,"column":89},"end":{"line":34,"column":null}},"line":31},"3":{"name":"createEmployeeKpiEvolution","decl":{"start":{"line":36,"column":17},"end":{"line":36,"column":44}},"loc":{"start":{"line":36,"column":87},"end":{"line":51,"column":null}},"line":36},"4":{"name":"updateEmployeeKpiEvolution","decl":{"start":{"line":53,"column":17},"end":{"line":53,"column":44}},"loc":{"start":{"line":53,"column":96},"end":{"line":59,"column":null}},"line":53},"5":{"name":"deleteEmployeeKpiEvolution","decl":{"start":{"line":61,"column":17},"end":{"line":61,"column":44}},"loc":{"start":{"line":61,"column":56},"end":{"line":63,"column":null}},"line":61},"6":{"name":"approveEmployeeKpiEvolution","decl":{"start":{"line":65,"column":17},"end":{"line":65,"column":45}},"loc":{"start":{"line":65,"column":57},"end":{"line":70,"column":null}},"line":65},"7":{"name":"rejectEmployeeKpiEvolution","decl":{"start":{"line":72,"column":17},"end":{"line":72,"column":44}},"loc":{"start":{"line":72,"column":73},"end":{"line":78,"column":null}},"line":72}},"branchMap":{"0":{"loc":{"start":{"line":4,"column":12},"end":{"line":4,"column":null}},"type":"binary-expr","locations":[{"start":{"line":4,"column":12},"end":{"line":4,"column":null}},{"start":{"line":4,"column":12},"end":{"line":4,"column":null}}],"line":4},"1":{"loc":{"start":{"line":46,"column":15},"end":{"line":46,"column":79}},"type":"binary-expr","locations":[{"start":{"line":46,"column":15},"end":{"line":46,"column":47}},{"start":{"line":46,"column":47},"end":{"line":46,"column":79}}],"line":46}},"s":{"0":0,"1":0,"2":0,"3":0,"4":0,"5":0,"6":0,"7":0,"8":0,"9":0,"10":0,"11":0,"12":0,"13":0,"14":0,"15":0,"16":0,"17":0,"18":0,"19":0,"20":0,"21":0,"22":0,"23":0,"24":0,"25":0,"26":0},"f":{"0":0,"1":0,"2":0,"3":0,"4":0,"5":0,"6":0,"7":0},"b":{"0":[0,0],"1":[0,0]},"meta":{"lastBranch":2,"lastFunction":8,"lastStatement":27,"seen":{"s:4:7:4:Infinity":0,"f:4:7:4:12":0,"s:5:2:5:Infinity":1,"s:6:2:6:Infinity":2,"s:7:2:7:Infinity":3,"s:8:2:8:Infinity":4,"s:4:12:4:Infinity":5,"b:4:12:4:Infinity:4:12:4:Infinity":0,"f:26:16:26:43":1,"s:27:28:27:Infinity":6,"s:28:24:28:Infinity":7,"s:29:20:29:Infinity":8,"f:31:17:31:43":2,"s:32:21:32:Infinity":9,"s:33:4:33:Infinity":10,"f:36:17:36:44":3,"s:37:4:37:Infinity":11,"s:38:4:38:Infinity":12,"s:39:4:50:Infinity":13,"s:40:23:43:Infinity":14,"s:44:6:44:Infinity":15,"s:46:6:46:Infinity":16,"b:46:15:46:47:46:47:46:79":1,"s:47:6:47:Infinity":17,"s:49:6:49:Infinity":18,"f:53:17:53:44":4,"s:54:21:57:Infinity":19,"s:58:4:58:Infinity":20,"f:61:17:61:44":5,"s:62:4:62:Infinity":21,"f:65:17:65:45":6,"s:66:21:68:Infinity":22,"s:69:4:69:Infinity":23,"f:72:17:72:44":7,"s:73:21:76:Infinity":24,"s:77:4:77:Infinity":25,"s:80:2:89:Infinity":26}}}
,"C:\\Users\\Gustavo Larsen\\Desktop\\gestao_rh\\frontend\\src\\hooks\\employee-kpi\\useEmployeeKpis.ts": {"path":"C:\\Users\\Gustavo Larsen\\Desktop\\gestao_rh\\frontend\\src\\hooks\\employee-kpi\\useEmployeeKpis.ts","statementMap":{"0":{"start":{"line":4,"column":7},"end":{"line":4,"column":null}},"1":{"start":{"line":5,"column":2},"end":{"line":5,"column":null}},"2":{"start":{"line":6,"column":2},"end":{"line":6,"column":null}},"3":{"start":{"line":7,"column":2},"end":{"line":7,"column":null}},"4":{"start":{"line":8,"column":2},"end":{"line":8,"column":null}},"5":{"start":{"line":4,"column":12},"end":{"line":4,"column":null}},"6":{"start":{"line":35,"column":28},"end":{"line":35,"column":null}},"7":{"start":{"line":36,"column":24},"end":{"line":36,"column":null}},"8":{"start":{"line":37,"column":20},"end":{"line":37,"column":null}},"9":{"start":{"line":40,"column":21},"end":{"line":40,"column":null}},"10":{"start":{"line":41,"column":4},"end":{"line":41,"column":null}},"11":{"start":{"line":45,"column":4},"end":{"line":45,"column":null}},"12":{"start":{"line":46,"column":4},"end":{"line":46,"column":null}},"13":{"start":{"line":47,"column":4},"end":{"line":58,"column":null}},"14":{"start":{"line":48,"column":23},"end":{"line":51,"column":null}},"15":{"start":{"line":52,"column":6},"end":{"line":52,"column":null}},"16":{"start":{"line":54,"column":6},"end":{"line":54,"column":null}},"17":{"start":{"line":55,"column":6},"end":{"line":55,"column":null}},"18":{"start":{"line":57,"column":6},"end":{"line":57,"column":null}},"19":{"start":{"line":62,"column":21},"end":{"line":65,"column":null}},"20":{"start":{"line":66,"column":4},"end":{"line":66,"column":null}},"21":{"start":{"line":70,"column":4},"end":{"line":70,"column":null}},"22":{"start":{"line":73,"column":2},"end":{"line":80,"column":null}}},"fnMap":{"0":{"name":"(anonymous_0)","decl":{"start":{"line":4,"column":7},"end":{"line":4,"column":12}},"loc":{"start":{"line":4,"column":7},"end":{"line":4,"column":null}},"line":4},"1":{"name":"useEmployeeKpis","decl":{"start":{"line":34,"column":16},"end":{"line":34,"column":34}},"loc":{"start":{"line":34,"column":34},"end":{"line":81,"column":null}},"line":34},"2":{"name":"listEmployeeKpis","decl":{"start":{"line":39,"column":17},"end":{"line":39,"column":34}},"loc":{"start":{"line":39,"column":71},"end":{"line":42,"column":null}},"line":39},"3":{"name":"createEmployeeKpi","decl":{"start":{"line":44,"column":17},"end":{"line":44,"column":35}},"loc":{"start":{"line":44,"column":69},"end":{"line":59,"column":null}},"line":44},"4":{"name":"updateEmployeeKpi","decl":{"start":{"line":61,"column":17},"end":{"line":61,"column":35}},"loc":{"start":{"line":61,"column":78},"end":{"line":67,"column":null}},"line":61},"5":{"name":"deleteEmployeeKpi","decl":{"start":{"line":69,"column":17},"end":{"line":69,"column":35}},"loc":{"start":{"line":69,"column":47},"end":{"line":71,"column":null}},"line":69}},"branchMap":{"0":{"loc":{"start":{"line":4,"column":12},"end":{"line":4,"column":null}},"type":"binary-expr","locations":[{"start":{"line":4,"column":12},"end":{"line":4,"column":null}},{"start":{"line":4,"column":12},"end":{"line":4,"column":null}}],"line":4},"1":{"loc":{"start":{"line":54,"column":15},"end":{"line":54,"column":70}},"type":"binary-expr","locations":[{"start":{"line":54,"column":15},"end":{"line":54,"column":47}},{"start":{"line":54,"column":47},"end":{"line":54,"column":70}}],"line":54}},"s":{"0":0,"1":0,"2":0,"3":0,"4":0,"5":0,"6":0,"7":0,"8":0,"9":0,"10":0,"11":0,"12":0,"13":0,"14":0,"15":0,"16":0,"17":0,"18":0,"19":0,"20":0,"21":0,"22":0},"f":{"0":0,"1":0,"2":0,"3":0,"4":0,"5":0},"b":{"0":[0,0],"1":[0,0]},"meta":{"lastBranch":2,"lastFunction":6,"lastStatement":23,"seen":{"s:4:7:4:Infinity":0,"f:4:7:4:12":0,"s:5:2:5:Infinity":1,"s:6:2:6:Infinity":2,"s:7:2:7:Infinity":3,"s:8:2:8:Infinity":4,"s:4:12:4:Infinity":5,"b:4:12:4:Infinity:4:12:4:Infinity":0,"f:34:16:34:34":1,"s:35:28:35:Infinity":6,"s:36:24:36:Infinity":7,"s:37:20:37:Infinity":8,"f:39:17:39:34":2,"s:40:21:40:Infinity":9,"s:41:4:41:Infinity":10,"f:44:17:44:35":3,"s:45:4:45:Infinity":11,"s:46:4:46:Infinity":12,"s:47:4:58:Infinity":13,"s:48:23:51:Infinity":14,"s:52:6:52:Infinity":15,"s:54:6:54:Infinity":16,"b:54:15:54:47:54:47:54:70":1,"s:55:6:55:Infinity":17,"s:57:6:57:Infinity":18,"f:61:17:61:35":4,"s:62:21:65:Infinity":19,"s:66:4:66:Infinity":20,"f:69:17:69:35":5,"s:70:4:70:Infinity":21,"s:73:2:80:Infinity":22}}}
,"C:\\Users\\Gustavo Larsen\\Desktop\\gestao_rh\\frontend\\src\\hooks\\evaluation-type\\useEvaluationTypes.ts": {"path":"C:\\Users\\Gustavo Larsen\\Desktop\\gestao_rh\\frontend\\src\\hooks\\evaluation-type\\useEvaluationTypes.ts","statementMap":{"0":{"start":{"line":4,"column":7},"end":{"line":4,"column":null}},"1":{"start":{"line":5,"column":2},"end":{"line":5,"column":null}},"2":{"start":{"line":6,"column":2},"end":{"line":6,"column":null}},"3":{"start":{"line":7,"column":2},"end":{"line":7,"column":null}},"4":{"start":{"line":8,"column":2},"end":{"line":8,"column":null}},"5":{"start":{"line":9,"column":2},"end":{"line":9,"column":null}},"6":{"start":{"line":4,"column":12},"end":{"line":4,"column":null}},"7":{"start":{"line":24,"column":28},"end":{"line":24,"column":null}},"8":{"start":{"line":25,"column":24},"end":{"line":25,"column":null}},"9":{"start":{"line":26,"column":20},"end":{"line":26,"column":null}},"10":{"start":{"line":29,"column":21},"end":{"line":29,"column":null}},"11":{"start":{"line":30,"column":4},"end":{"line":30,"column":null}},"12":{"start":{"line":34,"column":21},"end":{"line":34,"column":null}},"13":{"start":{"line":35,"column":4},"end":{"line":35,"column":null}},"14":{"start":{"line":39,"column":4},"end":{"line":39,"column":null}},"15":{"start":{"line":40,"column":4},"end":{"line":40,"column":null}},"16":{"start":{"line":41,"column":4},"end":{"line":52,"column":null}},"17":{"start":{"line":42,"column":23},"end":{"line":45,"column":null}},"18":{"start":{"line":46,"column":6},"end":{"line":46,"column":null}},"19":{"start":{"line":48,"column":6},"end":{"line":48,"column":null}},"20":{"start":{"line":49,"column":6},"end":{"line":49,"column":null}},"21":{"start":{"line":51,"column":6},"end":{"line":51,"column":null}},"22":{"start":{"line":56,"column":21},"end":{"line":59,"column":null}},"23":{"start":{"line":60,"column":4},"end":{"line":60,"column":null}},"24":{"start":{"line":64,"column":4},"end":{"line":64,"column":null}},"25":{"start":{"line":67,"column":2},"end":{"line":75,"column":null}}},"fnMap":{"0":{"name":"(anonymous_0)","decl":{"start":{"line":4,"column":7},"end":{"line":4,"column":12}},"loc":{"start":{"line":4,"column":7},"end":{"line":4,"column":null}},"line":4},"1":{"name":"useEvaluationTypes","decl":{"start":{"line":23,"column":16},"end":{"line":23,"column":37}},"loc":{"start":{"line":23,"column":37},"end":{"line":76,"column":null}},"line":23},"2":{"name":"listEvaluationTypes","decl":{"start":{"line":28,"column":17},"end":{"line":28,"column":37}},"loc":{"start":{"line":28,"column":77},"end":{"line":31,"column":null}},"line":28},"3":{"name":"listDistinctEvaluationTypes","decl":{"start":{"line":33,"column":17},"end":{"line":33,"column":74}},"loc":{"start":{"line":33,"column":74},"end":{"line":36,"column":null}},"line":33},"4":{"name":"createEvaluationType","decl":{"start":{"line":38,"column":17},"end":{"line":38,"column":38}},"loc":{"start":{"line":38,"column":75},"end":{"line":53,"column":null}},"line":38},"5":{"name":"updateEvaluationType","decl":{"start":{"line":55,"column":17},"end":{"line":55,"column":38}},"loc":{"start":{"line":55,"column":84},"end":{"line":61,"column":null}},"line":55},"6":{"name":"deleteEvaluationType","decl":{"start":{"line":63,"column":17},"end":{"line":63,"column":38}},"loc":{"start":{"line":63,"column":50},"end":{"line":65,"column":null}},"line":63}},"branchMap":{"0":{"loc":{"start":{"line":4,"column":12},"end":{"line":4,"column":null}},"type":"binary-expr","locations":[{"start":{"line":4,"column":12},"end":{"line":4,"column":null}},{"start":{"line":4,"column":12},"end":{"line":4,"column":null}}],"line":4},"1":{"loc":{"start":{"line":48,"column":15},"end":{"line":48,"column":79}},"type":"binary-expr","locations":[{"start":{"line":48,"column":15},"end":{"line":48,"column":47}},{"start":{"line":48,"column":47},"end":{"line":48,"column":79}}],"line":48}},"s":{"0":0,"1":0,"2":0,"3":0,"4":0,"5":0,"6":0,"7":0,"8":0,"9":0,"10":0,"11":0,"12":0,"13":0,"14":0,"15":0,"16":0,"17":0,"18":0,"19":0,"20":0,"21":0,"22":0,"23":0,"24":0,"25":0},"f":{"0":0,"1":0,"2":0,"3":0,"4":0,"5":0,"6":0},"b":{"0":[0,0],"1":[0,0]},"meta":{"lastBranch":2,"lastFunction":7,"lastStatement":26,"seen":{"s:4:7:4:Infinity":0,"f:4:7:4:12":0,"s:5:2:5:Infinity":1,"s:6:2:6:Infinity":2,"s:7:2:7:Infinity":3,"s:8:2:8:Infinity":4,"s:9:2:9:Infinity":5,"s:4:12:4:Infinity":6,"b:4:12:4:Infinity:4:12:4:Infinity":0,"f:23:16:23:37":1,"s:24:28:24:Infinity":7,"s:25:24:25:Infinity":8,"s:26:20:26:Infinity":9,"f:28:17:28:37":2,"s:29:21:29:Infinity":10,"s:30:4:30:Infinity":11,"f:33:17:33:74":3,"s:34:21:34:Infinity":12,"s:35:4:35:Infinity":13,"f:38:17:38:38":4,"s:39:4:39:Infinity":14,"s:40:4:40:Infinity":15,"s:41:4:52:Infinity":16,"s:42:23:45:Infinity":17,"s:46:6:46:Infinity":18,"s:48:6:48:Infinity":19,"b:48:15:48:47:48:47:48:79":1,"s:49:6:49:Infinity":20,"s:51:6:51:Infinity":21,"f:55:17:55:38":5,"s:56:21:59:Infinity":22,"s:60:4:60:Infinity":23,"f:63:17:63:38":6,"s:64:4:64:Infinity":24,"s:67:2:75:Infinity":25}}}
,"C:\\Users\\Gustavo Larsen\\Desktop\\gestao_rh\\frontend\\src\\hooks\\geo\\useCities.ts": {"path":"C:\\Users\\Gustavo Larsen\\Desktop\\gestao_rh\\frontend\\src\\hooks\\geo\\useCities.ts","statementMap":{"0":{"start":{"line":13,"column":28},"end":{"line":13,"column":null}},"1":{"start":{"line":14,"column":24},"end":{"line":14,"column":null}},"2":{"start":{"line":17,"column":4},"end":{"line":17,"column":null}},"3":{"start":{"line":18,"column":4},"end":{"line":18,"column":null}},"4":{"start":{"line":19,"column":4},"end":{"line":29,"column":null}},"5":{"start":{"line":20,"column":23},"end":{"line":20,"column":null}},"6":{"start":{"line":21,"column":6},"end":{"line":21,"column":null}},"7":{"start":{"line":23,"column":6},"end":{"line":25,"column":null}},"8":{"start":{"line":26,"column":6},"end":{"line":26,"column":null}},"9":{"start":{"line":28,"column":6},"end":{"line":28,"column":null}},"10":{"start":{"line":33,"column":21},"end":{"line":33,"column":null}},"11":{"start":{"line":34,"column":4},"end":{"line":34,"column":null}},"12":{"start":{"line":37,"column":2},"end":{"line":42,"column":null}}},"fnMap":{"0":{"name":"useCities","decl":{"start":{"line":12,"column":16},"end":{"line":12,"column":28}},"loc":{"start":{"line":12,"column":28},"end":{"line":43,"column":null}},"line":12},"1":{"name":"createCity","decl":{"start":{"line":16,"column":17},"end":{"line":16,"column":28}},"loc":{"start":{"line":16,"column":66},"end":{"line":30,"column":null}},"line":16},"2":{"name":"listCities","decl":{"start":{"line":32,"column":17},"end":{"line":32,"column":47}},"loc":{"start":{"line":32,"column":47},"end":{"line":35,"column":null}},"line":32}},"branchMap":{"0":{"loc":{"start":{"line":24,"column":8},"end":{"line":24,"column":null}},"type":"binary-expr","locations":[{"start":{"line":24,"column":8},"end":{"line":24,"column":40}},{"start":{"line":24,"column":40},"end":{"line":24,"column":null}}],"line":24}},"s":{"0":0,"1":0,"2":0,"3":0,"4":0,"5":0,"6":0,"7":0,"8":0,"9":0,"10":0,"11":0,"12":0},"f":{"0":0,"1":0,"2":0},"b":{"0":[0,0]},"meta":{"lastBranch":1,"lastFunction":3,"lastStatement":13,"seen":{"f:12:16:12:28":0,"s:13:28:13:Infinity":0,"s:14:24:14:Infinity":1,"f:16:17:16:28":1,"s:17:4:17:Infinity":2,"s:18:4:18:Infinity":3,"s:19:4:29:Infinity":4,"s:20:23:20:Infinity":5,"s:21:6:21:Infinity":6,"s:23:6:25:Infinity":7,"b:24:8:24:40:24:40:24:Infinity":0,"s:26:6:26:Infinity":8,"s:28:6:28:Infinity":9,"f:32:17:32:47":2,"s:33:21:33:Infinity":10,"s:34:4:34:Infinity":11,"s:37:2:42:Infinity":12}}}
,"C:\\Users\\Gustavo Larsen\\Desktop\\gestao_rh\\frontend\\src\\hooks\\geo\\useStates.ts": {"path":"C:\\Users\\Gustavo Larsen\\Desktop\\gestao_rh\\frontend\\src\\hooks\\geo\\useStates.ts","statementMap":{"0":{"start":{"line":12,"column":28},"end":{"line":12,"column":null}},"1":{"start":{"line":13,"column":24},"end":{"line":13,"column":null}},"2":{"start":{"line":16,"column":4},"end":{"line":16,"column":null}},"3":{"start":{"line":17,"column":4},"end":{"line":17,"column":null}},"4":{"start":{"line":18,"column":4},"end":{"line":28,"column":null}},"5":{"start":{"line":19,"column":23},"end":{"line":19,"column":null}},"6":{"start":{"line":20,"column":6},"end":{"line":20,"column":null}},"7":{"start":{"line":22,"column":6},"end":{"line":24,"column":null}},"8":{"start":{"line":25,"column":6},"end":{"line":25,"column":null}},"9":{"start":{"line":27,"column":6},"end":{"line":27,"column":null}},"10":{"start":{"line":32,"column":21},"end":{"line":32,"column":null}},"11":{"start":{"line":33,"column":4},"end":{"line":33,"column":null}},"12":{"start":{"line":36,"column":2},"end":{"line":41,"column":null}}},"fnMap":{"0":{"name":"useStates","decl":{"start":{"line":11,"column":16},"end":{"line":11,"column":28}},"loc":{"start":{"line":11,"column":28},"end":{"line":42,"column":null}},"line":11},"1":{"name":"createState","decl":{"start":{"line":15,"column":17},"end":{"line":15,"column":29}},"loc":{"start":{"line":15,"column":68},"end":{"line":29,"column":null}},"line":15},"2":{"name":"listStates","decl":{"start":{"line":31,"column":17},"end":{"line":31,"column":48}},"loc":{"start":{"line":31,"column":48},"end":{"line":34,"column":null}},"line":31}},"branchMap":{"0":{"loc":{"start":{"line":23,"column":8},"end":{"line":23,"column":null}},"type":"binary-expr","locations":[{"start":{"line":23,"column":8},"end":{"line":23,"column":40}},{"start":{"line":23,"column":40},"end":{"line":23,"column":null}}],"line":23}},"s":{"0":0,"1":0,"2":0,"3":0,"4":0,"5":0,"6":0,"7":0,"8":0,"9":0,"10":0,"11":0,"12":0},"f":{"0":0,"1":0,"2":0},"b":{"0":[0,0]},"meta":{"lastBranch":1,"lastFunction":3,"lastStatement":13,"seen":{"f:11:16:11:28":0,"s:12:28:12:Infinity":0,"s:13:24:13:Infinity":1,"f:15:17:15:29":1,"s:16:4:16:Infinity":2,"s:17:4:17:Infinity":3,"s:18:4:28:Infinity":4,"s:19:23:19:Infinity":5,"s:20:6:20:Infinity":6,"s:22:6:24:Infinity":7,"b:23:8:23:40:23:40:23:Infinity":0,"s:25:6:25:Infinity":8,"s:27:6:27:Infinity":9,"f:31:17:31:48":2,"s:32:21:32:Infinity":10,"s:33:4:33:Infinity":11,"s:36:2:41:Infinity":12}}}
,"C:\\Users\\Gustavo Larsen\\Desktop\\gestao_rh\\frontend\\src\\hooks\\kpi\\useKpis.ts": {"path":"C:\\Users\\Gustavo Larsen\\Desktop\\gestao_rh\\frontend\\src\\hooks\\kpi\\useKpis.ts","statementMap":{"0":{"start":{"line":18,"column":28},"end":{"line":18,"column":null}},"1":{"start":{"line":19,"column":24},"end":{"line":19,"column":null}},"2":{"start":{"line":20,"column":20},"end":{"line":20,"column":null}},"3":{"start":{"line":23,"column":21},"end":{"line":23,"column":null}},"4":{"start":{"line":24,"column":4},"end":{"line":24,"column":null}},"5":{"start":{"line":28,"column":21},"end":{"line":28,"column":null}},"6":{"start":{"line":29,"column":4},"end":{"line":29,"column":null}},"7":{"start":{"line":33,"column":4},"end":{"line":33,"column":null}},"8":{"start":{"line":34,"column":4},"end":{"line":34,"column":null}},"9":{"start":{"line":35,"column":4},"end":{"line":46,"column":null}},"10":{"start":{"line":36,"column":23},"end":{"line":39,"column":null}},"11":{"start":{"line":40,"column":6},"end":{"line":40,"column":null}},"12":{"start":{"line":42,"column":6},"end":{"line":42,"column":null}},"13":{"start":{"line":43,"column":6},"end":{"line":43,"column":null}},"14":{"start":{"line":45,"column":6},"end":{"line":45,"column":null}},"15":{"start":{"line":50,"column":21},"end":{"line":50,"column":null}},"16":{"start":{"line":51,"column":4},"end":{"line":51,"column":null}},"17":{"start":{"line":55,"column":4},"end":{"line":55,"column":null}},"18":{"start":{"line":58,"column":2},"end":{"line":58,"column":null}}},"fnMap":{"0":{"name":"useKpis","decl":{"start":{"line":17,"column":16},"end":{"line":17,"column":26}},"loc":{"start":{"line":17,"column":26},"end":{"line":59,"column":null}},"line":17},"1":{"name":"listKpis","decl":{"start":{"line":22,"column":17},"end":{"line":22,"column":26}},"loc":{"start":{"line":22,"column":55},"end":{"line":25,"column":null}},"line":22},"2":{"name":"listDistinctKpis","decl":{"start":{"line":27,"column":17},"end":{"line":27,"column":52}},"loc":{"start":{"line":27,"column":52},"end":{"line":30,"column":null}},"line":27},"3":{"name":"createKpi","decl":{"start":{"line":32,"column":17},"end":{"line":32,"column":27}},"loc":{"start":{"line":32,"column":53},"end":{"line":47,"column":null}},"line":32},"4":{"name":"updateKpi","decl":{"start":{"line":49,"column":17},"end":{"line":49,"column":27}},"loc":{"start":{"line":49,"column":62},"end":{"line":52,"column":null}},"line":49},"5":{"name":"deleteKpi","decl":{"start":{"line":54,"column":17},"end":{"line":54,"column":27}},"loc":{"start":{"line":54,"column":39},"end":{"line":56,"column":null}},"line":54}},"branchMap":{"0":{"loc":{"start":{"line":42,"column":15},"end":{"line":42,"column":67}},"type":"binary-expr","locations":[{"start":{"line":42,"column":15},"end":{"line":42,"column":47}},{"start":{"line":42,"column":47},"end":{"line":42,"column":67}}],"line":42}},"s":{"0":0,"1":0,"2":0,"3":0,"4":0,"5":0,"6":0,"7":0,"8":0,"9":0,"10":0,"11":0,"12":0,"13":0,"14":0,"15":0,"16":0,"17":0,"18":0},"f":{"0":0,"1":0,"2":0,"3":0,"4":0,"5":0},"b":{"0":[0,0]},"meta":{"lastBranch":1,"lastFunction":6,"lastStatement":19,"seen":{"f:17:16:17:26":0,"s:18:28:18:Infinity":0,"s:19:24:19:Infinity":1,"s:20:20:20:Infinity":2,"f:22:17:22:26":1,"s:23:21:23:Infinity":3,"s:24:4:24:Infinity":4,"f:27:17:27:52":2,"s:28:21:28:Infinity":5,"s:29:4:29:Infinity":6,"f:32:17:32:27":3,"s:33:4:33:Infinity":7,"s:34:4:34:Infinity":8,"s:35:4:46:Infinity":9,"s:36:23:39:Infinity":10,"s:40:6:40:Infinity":11,"s:42:6:42:Infinity":12,"b:42:15:42:47:42:47:42:67":0,"s:43:6:43:Infinity":13,"s:45:6:45:Infinity":14,"f:49:17:49:27":4,"s:50:21:50:Infinity":15,"s:51:4:51:Infinity":16,"f:54:17:54:27":5,"s:55:4:55:Infinity":17,"s:58:2:58:Infinity":18}}}
[...]
","decl":{"start":{"line":52,"column":12},"end":{"line":52,"column":18}},"loc":{"start":{"line":52,"column":18},"end":{"line":58,"column":5}},"line":52},"5":{"name":"load","decl":{"start":{"line":53,"column":19},"end":{"line":53,"column":26}},"loc":{"start":{"line":53,"column":26},"end":{"line":56,"column":null}},"line":53},"6":{"name":"loadCompanies","decl":{"start":{"line":60,"column":17},"end":{"line":60,"column":33}},"loc":{"start":{"line":60,"column":33},"end":{"line":75,"column":null}},"line":60},"7":{"name":"(anonymous_7)","decl":{"start":{"line":77,"column":12},"end":{"line":77,"column":18}},"loc":{"start":{"line":77,"column":18},"end":{"line":79,"column":5}},"line":77},"8":{"name":"(anonymous_8)","decl":{"start":{"line":93,"column":20},"end":{"line":93,"column":21}},"loc":{"start":{"line":93,"column":27},"end":{"line":93,"column":51}},"line":93},"9":{"name":"(anonymous_9)","decl":{"start":{"line":96,"column":23},"end":{"line":96,"column":35}},"loc":{"start":{"line":96,"column":35},"end":{"line":108,"column":null}},"line":96},"10":{"name":"(anonymous_10)","decl":{"start":{"line":124,"column":24},"end":{"line":124,"column":31}},"loc":{"start":{"line":124,"column":52},"end":{"line":142,"column":null}},"line":124},"11":{"name":"(anonymous_11)","decl":{"start":{"line":134,"column":33},"end":{"line":134,"column":34}},"loc":{"start":{"line":134,"column":40},"end":{"line":134,"column":63}},"line":134},"12":{"name":"(anonymous_12)","decl":{"start":{"line":138,"column":29},"end":{"line":138,"column":30}},"loc":{"start":{"line":138,"column":36},"end":{"line":138,"column":62}},"line":138},"13":{"name":"(anonymous_13)","decl":{"start":{"line":144,"column":21},"end":{"line":144,"column":33}},"loc":{"start":{"line":144,"column":33},"end":{"line":158,"column":null}},"line":144},"14":{"name":"(anonymous_14)","decl":{"start":{"line":160,"column":23},"end":{"line":160,"column":35}},"loc":{"start":{"line":160,"column":35},"end":{"line":165,"column":null}},"line":160},"15":{"name":"(anonymous_15)","decl":{"start":{"line":167,"column":12},"end":{"line":167,"column":18}},"loc":{"start":{"line":167,"column":18},"end":{"line":170,"column":5}},"line":167},"16":{"name":"(anonymous_16)","decl":{"start":{"line":169,"column":32},"end":{"line":169,"column":33}},"loc":{"start":{"line":169,"column":39},"end":{"line":169,"column":64}},"line":169},"17":{"name":"(anonymous_17)","decl":{"start":{"line":203,"column":24},"end":{"line":203,"column":25}},"loc":{"start":{"line":203,"column":31},"end":{"line":203,"column":null}},"line":203},"18":{"name":"(anonymous_18)","decl":{"start":{"line":211,"column":24},"end":{"line":211,"column":25}},"loc":{"start":{"line":211,"column":31},"end":{"line":211,"column":null}},"line":211},"19":{"name":"(anonymous_19)","decl":{"start":{"line":220,"column":26},"end":{"line":220,"column":27}},"loc":{"start":{"line":220,"column":33},"end":{"line":223,"column":null}},"line":220},"20":{"name":"(anonymous_20)","decl":{"start":{"line":226,"column":28},"end":{"line":226,"column":29}},"loc":{"start":{"line":227,"column":18},"end":{"line":229,"column":null}},"line":227},"21":{"name":"(anonymous_21)","decl":{"start":{"line":240,"column":26},"end":{"line":240,"column":27}},"loc":{"start":{"line":240,"column":33},"end":{"line":240,"column":null}},"line":240},"22":{"name":"(anonymous_22)","decl":{"start":{"line":243,"column":36},"end":{"line":243,"column":37}},"loc":{"start":{"line":244,"column":18},"end":{"line":246,"column":null}},"line":244},"23":{"name":"(anonymous_23)","decl":{"start":{"line":262,"column":23},"end":{"line":262,"column":29}},"loc":{"start":{"line":262,"column":29},"end":{"line":267,"column":null}},"line":262},"24":{"name":"(anonymous_24)","decl":{"start":{"line":274,"column":23},"end":{"line":274,"column":29}},"loc":{"start":{"line":274,"column":29},"end":{"line":274,"column":null}},"line":274},"25":{"name":"(anonymous_25)","decl":{"start":{"line":309,"column":30},"end":{"line":309,"column":31}},"loc":{"start":{"line":310,"column":18},"end":{"line":320,"column":null}},"line":310},"26":{"name":"(anonymous_26)","decl":{"start":{"line":313,"column":29},"end":{"line":313,"column":35}},"loc":{"start":{"line":313,"column":35},"end":{"line":313,"column":null}},"line":313},"27":{"name":"(anonymous_27)","decl":{"start":{"line":336,"column":25},"end":{"line":336,"column":31}},"loc":{"start":{"line":336,"column":31},"end":{"line":336,"column":null}},"line":336},"28":{"name":"(anonymous_28)","decl":{"start":{"line":336,"column":39},"end":{"line":336,"column":40}},"loc":{"start":{"line":336,"column":46},"end":{"line":336,"column":51}},"line":336},"29":{"name":"(anonymous_29)","decl":{"start":{"line":345,"column":25},"end":{"line":345,"column":31}},"loc":{"start":{"line":345,"column":31},"end":{"line":345,"column":null}},"line":345},"30":{"name":"(anonymous_30)","decl":{"start":{"line":345,"column":39},"end":{"line":345,"column":40}},"loc":{"start":{"line":345,"column":46},"end":{"line":345,"column":51}},"line":345},"31":{"name":"(anonymous_31)","decl":{"start":{"line":356,"column":19},"end":{"line":356,"column":25}},"loc":{"start":{"line":356,"column":25},"end":{"line":356,"column":null}},"line":356},"32":{"name":"(anonymous_32)","decl":{"start":{"line":371,"column":23},"end":{"line":371,"column":29}},"loc":{"start":{"line":371,"column":29},"end":{"line":371,"column":56}},"line":371},"33":{"name":"(anonymous_33)","decl":{"start":{"line":381,"column":75},"end":{"line":381,"column":76}},"loc":{"start":{"line":381,"column":82},"end":{"line":381,"column":110}},"line":381},"34":{"name":"(anonymous_34)","decl":{"start":{"line":382,"column":75},"end":{"line":382,"column":76}},"loc":{"start":{"line":382,"column":82},"end":{"line":382,"column":110}},"line":382},"35":{"name":"(anonymous_35)","decl":{"start":{"line":383,"column":77},"end":{"line":383,"column":78}},"loc":{"start":{"line":383,"column":84},"end":{"line":383,"column":115}},"line":383},"36":{"name":"(anonymous_36)","decl":{"start":{"line":384,"column":82},"end":{"line":384,"column":83}},"loc":{"start":{"line":384,"column":89},"end":{"line":384,"column":120}},"line":384},"37":{"name":"(anonymous_37)","decl":{"start":{"line":385,"column":86},"end":{"line":385,"column":87}},"loc":{"start":{"line":385,"column":93},"end":{"line":385,"column":130}},"line":385},"38":{"name":"(anonymous_38)","decl":{"start":{"line":393,"column":28},"end":{"line":393,"column":29}},"loc":{"start":{"line":393,"column":35},"end":{"line":396,"column":null}},"line":393},"39":{"name":"(anonymous_39)","decl":{"start":{"line":399,"column":30},"end":{"line":399,"column":31}},"loc":{"start":{"line":400,"column":20},"end":{"line":402,"column":null}},"line":400},"40":{"name":"(anonymous_40)","decl":{"start":{"line":413,"column":28},"end":{"line":413,"column":29}},"loc":{"start":{"line":413,"column":35},"end":{"line":413,"column":null}},"line":413},"41":{"name":"(anonymous_41)","decl":{"start":{"line":416,"column":33},"end":{"line":416,"column":34}},"loc":{"start":{"line":417,"column":20},"end":{"line":419,"column":null}},"line":417},"42":{"name":"(anonymous_42)","decl":{"start":{"line":430,"column":19},"end":{"line":430,"column":25}},"loc":{"start":{"line":430,"column":25},"end":{"line":430,"column":null}},"line":430},"43":{"name":"(anonymous_43)","decl":{"start":{"line":445,"column":76},"end":{"line":445,"column":77}},"loc":{"start":{"line":445,"column":83},"end":{"line":445,"column":112}},"line":445},"44":{"name":"(anonymous_44)","decl":{"start":{"line":446,"column":76},"end":{"line":446,"column":77}},"loc":{"start":{"line":446,"column":83},"end":{"line":446,"column":112}},"line":446},"45":{"name":"(anonymous_45)","decl":{"start":{"line":447,"column":78},"end":{"line":447,"column":79}},"loc":{"start":{"line":447,"column":85},"end":{"line":447,"column":117}},"line":447},"46":{"name":"(anonymous_46)","decl":{"start":{"line":448,"column":83},"end":{"line":448,"column":84}},"loc":{"start":{"line":448,"column":90},"end":{"line":448,"column":122}},"line":448},"47":{"name":"(anonymous_47)","decl":{"start":{"line":449,"column":87},"end":{"line":449,"column":88}},"loc":{"start":{"line":449,"column":94},"end":{"line":449,"column":132}},"line":449},"48":{"name":"(anonymous_48)","decl":{"start":{"line":457,"column":28},"end":{"line":457,"column":29}},"loc":{"start":{"line":457,"column":35},"end":{"line":460,"column":null}},"line":457},"49":{"name":"(anonymous_49)","decl":{"start":{"line":463,"column":30},"end":{"line":463,"column":31}},"loc":{"start":{"line":464,"column":20},"end":{"line":466,"column":null}},"line":464},"50":{"name":"(anonymous_50)","decl":{"start":{"line":477,"column":28},"end":{"line":477,"column":29}},"loc":{"start":{"line":477,"column":35},"end":{"line":477,"column":null}},"line":477},"51":{"name":"(anonymous_51)","decl":{"start":{"line":480,"column":34},"end":{"line":480,"column":35}},"loc":{"start":{"line":481,"column":20},"end":{"line":483,"column":null}},"line":481}},"branchMap":{"0":{"loc":{"start":{"line":48,"column":25},"end":{"line":50,"column":null}},"type":"cond-expr","locations":[{"start":{"line":49,"column":6},"end":{"line":49,"column":null}},{"start":{"line":50,"column":6},"end":{"line":50,"column":null}}],"line":48},"1":{"loc":{"start":{"line":92,"column":20},"end":{"line":94,"column":null}},"type":"cond-expr","locations":[{"start":{"line":93,"column":6},"end":{"line":93,"column":null}},{"start":{"line":94,"column":6},"end":{"line":94,"column":null}}],"line":92},"2":{"loc":{"start":{"line":135,"column":25},"end":{"line":135,"column":null}},"type":"binary-expr","locations":[{"start":{"line":135,"column":25},"end":{"line":135,"column":49}},{"start":{"line":135,"column":49},"end":{"line":135,"column":null}}],"line":135},"3":{"loc":{"start":{"line":145,"column":4},"end":{"line":145,"column":null}},"type":"if","locations":[{"start":{"line":145,"column":4},"end":{"line":145,"column":null}},{"start":{},"end":{}}],"line":145},"4":{"loc":{"start":{"line":161,"column":4},"end":{"line":161,"column":null}},"type":"if","locations":[{"start":{"line":161,"column":4},"end":{"line":161,"column":null}},{"start":{},"end":{}}],"line":161},"5":{"loc":{"start":{"line":168,"column":4},"end":{"line":168,"column":null}},"type":"if","locations":[{"start":{"line":168,"column":4},"end":{"line":168,"column":null}},{"start":{},"end":{}}],"line":168},"6":{"loc":{"start":{"line":300,"column":15},"end":{"line":305,"column":null}},"type":"binary-expr","locations":[{"start":{"line":300,"column":15},"end":{"line":300,"column":null}},{"start":{"line":301,"column":16},"end":{"line":305,"column":null}}],"line":300},"7":{"loc":{"start":{"line":308,"column":15},"end":{"line":321,"column":null}},"type":"binary-expr","locations":[{"start":{"line":308,"column":15},"end":{"line":308,"column":null}},{"start":{"line":309,"column":16},"end":{"line":321,"column":null}}],"line":308},"8":{"loc":{"start":{"line":328,"column":32},"end":{"line":328,"column":null}},"type":"binary-expr","locations":[{"start":{"line":328,"column":32},"end":{"line":328,"column":45}},{"start":{"line":328,"column":45},"end":{"line":328,"column":null}}],"line":328}},"s":{"0":0,"1":0,"2":0,"3":0,"4":0,"5":0,"6":0,"7":0,"8":0,"9":0,"10":0,"11":0,"12":0,"13":0,"14":0,"15":0,"16":0,"17":0,"18":0,"19":0,"20":0,"21":0,"22":0,"23":0,"24":0,"25":0,"26":0,"27":0,"28":0,"29":0,"30":0,"31":0,"32":0,"33":0,"34":0,"35":0,"36":0,"37":0,"38":0,"39":0,"40":0,"41":0,"42":0,"43":0,"44":0,"45":0,"46":0,"47":0,"48":0,"49":0,"50":0,"51":0,"52":0,"53":0,"54":0,"55":0,"56":0,"57":0,"58":0,"59":0,"60":0,"61":0,"62":0,"63":0,"64":0,"65":0,"66":0,"67":0,"68":0,"69":0,"70":0,"71":0,"72":0,"73":0,"74":0,"75":0,"76":0,"77":0,"78":0,"79":0,"80":0,"81":0,"82":0,"83":0,"84":0,"85":0,"86":0,"87":0,"88":0,"89":0,"90":0,"91":0,"92":0,"93":0,"94":0,"95":0,"96":0,"97":0,"98":0,"99":0,"100":0,"101":0,"102":0,"103":0,"104":0,"105":0,"106":0,"107":0,"108":0,"109":0,"110":0,"111":0,"112":0,"113":0,"114":0,"115":0,"116":0,"117":0,"118":0,"119":0,"120":0,"121":0,"122":0,"123":0,"124":0,"125":0,"126":0,"127":0,"128":0,"129":0,"130":0,"131":0},"f":{"0":0,"1":0,"2":0,"3":0,"4":0,"5":0,"6":0,"7":0,"8":0,"9":0,"10":0,"11":0,"12":0,"13":0,"14":0,"15":0,"16":0,"17":0,"18":0,"19":0,"20":0,"21":0,"22":0,"23":0,"24":0,"25":0,"26":0,"27":0,"28":0,"29":0,"30":0,"31":0,"32":0,"33":0,"34":0,"35":0,"36":0,"37":0,"38":0,"39":0,"40":0,"41":0,"42":0,"43":0,"44":0,"45":0,"46":0,"47":0,"48":0,"49":0,"50":0,"51":0},"b":{"0":[0,0],"1":[0,0],"2":[0,0],"3":[0,0],"4":[0,0],"5":[0,0],"6":[0,0],"7":[0,0],"8":[0,0]},"meta":{"lastBranch":9,"lastFunction":52,"lastStatement":132,"seen":{"f:20:24:20:38":0,"s:21:32:21:Infinity":0,"s:22:26:22:Infinity":1,"s:23:26:23:Infinity":2,"s:24:38:24:Infinity":3,"s:26:69:26:Infinity":4,"s:27:21:27:Infinity":5,"s:28:21:28:Infinity":6,"s:30:22:30:Infinity":7,"s:31:14:31:Infinity":8,"s:32:24:32:Infinity":9,"s:33:20:33:Infinity":10,"s:35:34:35:Infinity":11,"s:36:34:36:Infinity":12,"s:37:36:37:Infinity":13,"s:38:34:38:Infinity":14,"s:40:2:46:Infinity":15,"f:40:12:40:18":1,"f:41:19:41:26":2,"s:42:18:42:Infinity":16,"s:43:6:43:Infinity":17,"s:45:4:45:Infinity":18,"s:48:25:50:Infinity":19,"b:49:6:49:Infinity:50:6:50:Infinity":0,"f:49:20:49:21":3,"s:49:27:49:52":20,"s:52:2:58:Infinity":21,"f:52:12:52:18":4,"f:53:19:53:26":5,"s:54:19:54:Infinity":22,"s:55:6:55:Infinity":23,"s:57:4:57:Infinity":24,"f:60:17:60:33":6,"s:61:4:61:Infinity":25,"s:63:19:69:Infinity":26,"s:71:19:71:Infinity":27,"s:72:4:72:Infinity":28,"s:73:4:73:Infinity":29,"s:74:4:74:Infinity":30,"s:77:2:79:Infinity":31,"f:77:12:77:18":7,"s:78:4:78:Infinity":32,"s:82:44:82:Infinity":33,"s:84:28:84:Infinity":34,"s:85:28:85:Infinity":35,"s:86:34:86:Infinity":36,"s:87:34:87:Infinity":37,"s:88:46:88:Infinity":38,"s:89:34:89:Infinity":39,"s:90:32:90:Infinity":40,"s:92:20:94:Infinity":41,"b:93:6:93:Infinity:94:6:94:Infinity":1,"f:93:20:93:21":8,"s:93:27:93:51":42,"s:96:23:108:Infinity":43,"f:96:23:96:35":9,"s:97:4:104:Infinity":44,"s:106:4:106:Infinity":45,"s:107:4:107:Infinity":46,"s:111:40:111:Infinity":47,"s:112:44:112:Infinity":48,"s:114:30:114:Infinity":49,"s:115:30:115:Infinity":50,"s:116:36:116:Infinity":51,"s:117:36:117:Infinity":52,"s:118:48:118:Infinity":53,"s:120:36:120:Infinity":54,"s:121:34:121:Infinity":55,"s:122:34:122:Infinity":56,"s:124:24:142:Infinity":57,"f:124:24:124:31":10,"s:125:4:125:Infinity":58,"s:127:4:127:Infinity":59,"s:128:4:128:Infinity":60,"s:129:4:129:Infinity":61,"s:130:4:130:Infinity":62,"s:131:4:131:Infinity":63,"s:133:16:133:Infinity":64,"s:134:24:134:Infinity":65,"f:134:33:134:34":11,"s:134:40:134:63":66,"s:135:25:135:Infinity":67,"b:135:25:135:49:135:49:135:Infinity":2,"s:137:4:137:Infinity":68,"s:138:4:138:Infinity":69,"f:138:29:138:30":12,"s:138:36:138:62":70,"s:139:4:139:Infinity":71,"s:141:4:141:Infinity":72,"s:144:21:158:Infinity":73,"f:144:21:144:33":13,"b:145:4:145:Infinity:undefined:undefined:undefined:undefined":3,"s:145:4:145:Infinity":74,"s:145:26:145:Infinity":75,"s:147:4:154:Infinity":76,"s:156:4:156:Infinity":77,"s:157:4:157:Infinity":78,"s:160:23:165:Infinity":79,"f:160:23:160:35":14,"b:161:4:161:Infinity:undefined:undefined:undefined:undefined":4,"s:161:4:161:Infinity":80,"s:161:26:161:Infinity":81,"s:162:4:162:Infinity":82,"s:163:4:163:Infinity":83,"s:164:4:164:Infinity":84,"s:167:2:170:Infinity":85,"f:167:12:167:18":15,"b:168:4:168:Infinity:undefined:undefined:undefined:undefined":5,"s:168:4:168:Infinity":86,"s:168:22:168:Infinity":87,"s:169:4:169:Infinity":88,"f:169:32:169:33":16,"s:169:39:169:64":89,"s:173:2:491:Infinity":90,"f:203:24:203:25":17,"s:203:31:203:Infinity":91,"f:211:24:211:25":18,"s:211:31:211:Infinity":92,"f:220:26:220:27":19,"s:221:18:221:Infinity":93,"s:222:18:222:Infinity":94,"f:226:28:226:29":20,"s:227:18:229:Infinity":95,"f:240:26:240:27":21,"s:240:33:240:Infinity":96,"f:243:36:243:37":22,"s:244:18:246:Infinity":97,"f:262:23:262:29":23,"s:263:16:263:Infinity":98,"s:264:16:264:Infinity":99,"s:265:16:265:Infinity":100,"s:266:16:266:Infinity":101,"f:274:23:274:29":24,"s:274:29:274:Infinity":102,"b:300:15:300:Infinity:301:16:305:Infinity":6,"b:308:15:308:Infinity:309:16:321:Infinity":7,"f:309:30:309:31":25,"s:310:18:320:Infinity":103,"f:313:29:313:35":26,"s:313:35:313:Infinity":104,"b:328:32:328:45:328:45:328:Infinity":8,"f:336:25:336:31":27,"s:336:31:336:Infinity":105,"f:336:39:336:40":28,"s:336:46:336:51":106,"f:345:25:345:31":29,"s:345:31:345:Infinity":107,"f:345:39:345:40":30,"s:345:46:345:51":108,"f:356:19:356:25":31,"s:356:25:356:Infinity":109,"f:371:23:371:29":32,"s:371:29:371:56":110,"f:381:75:381:76":33,"s:381:82:381:110":111,"f:382:75:382:76":34,"s:382:82:382:110":112,"f:383:77:383:78":35,"s:383:84:383:115":113,"f:384:82:384:83":36,"s:384:89:384:120":114,"f:385:86:385:87":37,"s:385:93:385:130":115,"f:393:28:393:29":38,"s:394:20:394:Infinity":116,"s:395:20:395:Infinity":117,"f:399:30:399:31":39,"s:400:20:402:Infinity":118,"f:413:28:413:29":40,"s:413:35:413:Infinity":119,"f:416:33:416:34":41,"s:417:20:419:Infinity":120,"f:430:19:430:25":42,"s:430:25:430:Infinity":121,"f:445:76:445:77":43,"s:445:83:445:112":122,"f:446:76:446:77":44,"s:446:83:446:112":123,"f:447:78:447:79":45,"s:447:85:447:117":124,"f:448:83:448:84":46,"s:448:90:448:122":125,"f:449:87:449:88":47,"s:449:94:449:132":126,"f:457:28:457:29":48,"s:458:20:458:Infinity":127,"s:459:20:459:Infinity":128,"f:463:30:463:31":49,"s:464:20:466:Infinity":129,"f:477:28:477:29":50,"s:477:35:477:Infinity":130,"f:480:34:480:35":51,"s:481:20:483:Infinity":131}}}
,"C:\\Users\\Gustavo Larsen\\Desktop\\gestao_rh\\frontend\\src\\utils\\rateKPI.ts": {"path":"C:\\Users\\Gustavo Larsen\\Desktop\\gestao_rh\\frontend\\src\\utils\\rateKPI.ts","statementMap":{"0":{"start":{"line":2,"column":4},"end":{"line":2,"column":null}},"1":{"start":{"line":2,"column":27},"end":{"line":2,"column":null}},"2":{"start":{"line":3,"column":4},"end":{"line":3,"column":null}},"3":{"start":{"line":3,"column":70},"end":{"line":3,"column":null}},"4":{"start":{"line":4,"column":4},"end":{"line":4,"column":null}},"5":{"start":{"line":4,"column":68},"end":{"line":4,"column":null}},"6":{"start":{"line":5,"column":4},"end":{"line":5,"column":null}}},"fnMap":{"0":{"name":"rateKPI","decl":{"start":{"line":1,"column":18},"end":{"line":1,"column":26}},"loc":{"start":{"line":1,"column":78},"end":{"line":6,"column":null}},"line":1}},"branchMap":{"0":{"loc":{"start":{"line":2,"column":4},"end":{"line":2,"column":null}},"type":"if","locations":[{"start":{"line":2,"column":4},"end":{"line":2,"column":null}},{"start":{},"end":{}}],"line":2},"1":{"loc":{"start":{"line":3,"column":4},"end":{"line":3,"column":null}},"type":"if","locations":[{"start":{"line":3,"column":4},"end":{"line":3,"column":null}},{"start":{},"end":{}}],"line":3},"2":{"loc":{"start":{"line":3,"column":8},"end":{"line":3,"column":70}},"type":"binary-expr","locations":[{"start":{"line":3,"column":8},"end":{"line":3,"column":40}},{"start":{"line":3,"column":40},"end":{"line":3,"column":70}}],"line":3},"3":{"loc":{"start":{"line":4,"column":4},"end":{"line":4,"column":null}},"type":"if","locations":[{"start":{"line":4,"column":4},"end":{"line":4,"column":null}},{"start":{},"end":{}}],"line":4},"4":{"loc":{"start":{"line":4,"column":8},"end":{"line":4,"column":68}},"type":"binary-expr","locations":[{"start":{"line":4,"column":8},"end":{"line":4,"column":39}},{"start":{"line":4,"column":39},"end":{"line":4,"column":68}}],"line":4}},"s":{"0":0,"1":0,"2":0,"3":0,"4":0,"5":0,"6":0},"f":{"0":0},"b":{"0":[0,0],"1":[0,0],"2":[0,0],"3":[0,0],"4":[0,0]},"meta":{"lastBranch":5,"lastFunction":1,"lastStatement":7,"seen":{"f:1:18:1:26":0,"b:2:4:2:Infinity:undefined:undefined:undefined:undefined":0,"s:2:4:2:Infinity":0,"s:2:27:2:Infinity":1,"b:3:4:3:Infinity:undefined:undefined:undefined:undefined":1,"s:3:4:3:Infinity":2,"b:3:8:3:40:3:40:3:70":2,"s:3:70:3:Infinity":3,"b:4:4:4:Infinity:undefined:undefined:undefined:undefined":3,"s:4:4:4:Infinity":4,"b:4:8:4:39:4:39:4:68":4,"s:4:68:4:Infinity":5,"s:5:4:5:Infinity":6}}}
}
