TN:
SF:src\App.tsx
FN:26,App
FNF:1
FNH:0
FNDA:0,App
DA:27,0
LF:1
LH:0
BRF:0
BRH:0
end_of_record
TN:
SF:src\auth\ProtectedRoute.tsx
FN:9,ProtectedRoute
FNF:1
FNH:0
FNDA:0,ProtectedRoute
DA:13,0
DA:15,0
DA:16,0
DA:19,0
DA:20,0
DA:21,0
DA:22,0
DA:24,0
DA:27,0
LF:9
LH:0
BRDA:11,0,0,0
BRDA:15,1,0,0
BRDA:15,1,1,0
BRDA:19,2,0,0
BRDA:19,2,1,0
BRDA:19,3,0,0
BRDA:19,3,1,0
BRDA:20,4,0,0
BRDA:20,4,1,0
BRDA:21,5,0,0
BRDA:21,5,1,0
BRDA:22,6,0,0
BRDA:22,6,1,0
BRF:13
BRH:0
end_of_record
TN:
SF:src\auth\useAuth.tsx
FN:24,(anonymous_0)
FN:30,(anonymous_1)
FN:39,(anonymous_2)
FN:40,loadUser
FN:61,login
FN:72,logout
FN:77,(anonymous_6)
FN:89,useAuth
FNF:8
FNH:0
FNDA:0,(anonymous_0)
FNDA:0,(anonymous_1)
FNDA:0,(anonymous_2)
FNDA:0,loadUser
FNDA:0,login
FNDA:0,logout
FNDA:0,(anonymous_6)
FNDA:0,useAuth
DA:22,0
DA:24,0
DA:25,0
DA:26,0
DA:27,0
DA:30,0
DA:31,0
DA:32,0
DA:34,0
DA:39,0
DA:41,0
DA:42,0
DA:43,0
DA:44,0
DA:45,0
DA:48,0
DA:49,0
DA:50,0
DA:52,0
DA:53,0
DA:55,0
DA:58,0
DA:62,0
DA:64,0
DA:65,0
DA:66,0
DA:68,0
DA:69,0
DA:73,0
DA:74,0
DA:75,0
DA:76,0
DA:77,0
DA:78,0
DA:82,0
DA:90,0
DA:91,0
DA:92,0
LF:38
LH:0
BRDA:31,0,0,0
BRDA:31,0,1,0
BRDA:43,1,0,0
BRDA:43,1,1,0
BRDA:91,2,0,0
BRDA:91,2,1,0
BRF:6
BRH:0
end_of_record
TN:
SF:src\components\DatePicker.tsx
FN:16,DatePicker
FNF:1
FNH:0
FNDA:0,DatePicker
DA:17,0
DA:19,0
LF:2
LH:0
BRDA:28,0,0,0
BRDA:28,0,1,0
BRF:2
BRH:0
end_of_record
TN:
SF:src\components\Sidebar.tsx
FN:20,Sidebar
FN:81,toggleMenu
FN:82,(anonymous_2)
FN:83,(anonymous_3)
FN:87,handleLogout
FN:126,(anonymous_5)
FN:126,(anonymous_6)
FN:152,(anonymous_7)
FN:153,(anonymous_8)
FN:159,(anonymous_9)
FN:184,(anonymous_10)
FN:185,(anonymous_11)
FN:189,(anonymous_12)
FNF:13
FNH:3
FNDA:530,Sidebar
FNDA:0,toggleMenu
FNDA:0,(anonymous_2)
FNDA:0,(anonymous_3)
FNDA:0,handleLogout
FNDA:0,(anonymous_5)
FNDA:0,(anonymous_6)
FNDA:2120,(anonymous_7)
FNDA:530,(anonymous_8)
FNDA:0,(anonymous_9)
FNDA:0,(anonymous_10)
FNDA:0,(anonymous_11)
FNDA:0,(anonymous_12)
DA:17,10
DA:18,10
DA:21,530
DA:22,530
DA:23,530
DA:24,530
DA:26,530
DA:27,530
DA:29,530
DA:82,0
DA:83,0
DA:88,0
DA:89,0
DA:92,530
DA:126,0
DA:152,2120
DA:154,530
DA:155,530
DA:156,530
DA:159,0
DA:184,0
DA:186,0
DA:190,0
LF:23
LH:14
BRDA:26,0,0,530
BRDA:26,0,1,530
BRDA:27,1,0,0
BRDA:27,1,1,530
BRDA:83,2,0,0
BRDA:83,2,1,0
BRDA:119,3,0,530
BRDA:119,3,1,530
BRDA:131,4,0,0
BRDA:131,4,1,530
BRDA:140,5,0,530
BRDA:140,5,1,530
BRDA:143,6,0,530
BRDA:143,6,1,530
BRDA:163,7,0,0
BRDA:163,7,1,530
BRDA:169,8,0,530
BRDA:169,8,1,530
BRDA:175,9,0,530
BRDA:175,9,1,530
BRDA:175,9,2,0
BRDA:192,10,0,0
BRDA:192,10,1,0
BRDA:216,11,0,0
BRDA:216,11,1,530
BRDA:220,12,0,530
BRDA:220,12,1,530
BRF:27
BRH:18
end_of_record
TN:
SF:src\components\modals\BaseModal.tsx
FN:21,BaseModal
FNF:1
FNH:1
FNDA:1174,BaseModal
DA:30,1174
LF:1
LH:1
BRDA:28,0,0,1174
BRDA:59,1,0,1174
BRDA:59,1,1,1174
BRDA:68,2,0,1174
BRDA:68,2,1,1060
BRF:5
BRH:5
end_of_record
TN:
SF:src\components\ui\button.tsx
FN:44,(anonymous_0)
FNF:1
FNH:1
FNDA:16,(anonymous_0)
DA:7,1
DA:43,1
DA:45,16
DA:46,16
DA:55,1
LF:5
LH:5
BRDA:44,0,0,16
BRDA:45,1,0,0
BRDA:45,1,1,16
BRF:3
BRH:2
end_of_record
TN:
SF:src\components\ui\calendar.tsx
FN:12,Calendar
FN:37,(anonymous_1)
FN:126,(anonymous_2)
FN:136,(anonymous_3)
FN:157,(anonymous_4)
FN:173,CalendarDayButton
FN:182,(anonymous_6)
FNF:7
FNH:0
FNDA:0,Calendar
FNDA:0,(anonymous_1)
FNDA:0,(anonymous_2)
FNDA:0,(anonymous_3)
FNDA:0,(anonymous_4)
FNDA:0,CalendarDayButton
FNDA:0,(anonymous_6)
DA:24,0
DA:26,0
DA:38,0
DA:127,0
DA:137,0
DA:138,0
DA:143,0
DA:144,0
DA:152,0
DA:158,0
DA:179,0
DA:181,0
DA:182,0
DA:183,0
DA:186,0
LF:15
LH:0
BRDA:15,0,0,0
BRDA:16,1,0,0
BRDA:17,2,0,0
BRDA:80,3,0,0
BRDA:80,3,1,0
BRDA:137,4,0,0
BRDA:137,4,1,0
BRDA:143,5,0,0
BRDA:143,5,1,0
BRDA:183,6,0,0
BRDA:183,6,1,0
BRDA:193,7,0,0
BRDA:193,7,1,0
BRDA:193,7,2,0
BRDA:193,7,3,0
BRF:15
BRH:0
end_of_record
TN:
SF:src\components\ui\dialog.tsx
FN:18,(anonymous_0)
FN:33,(anonymous_1)
FN:54,(anonymous_2)
FN:68,(anonymous_3)
FN:85,(anonymous_4)
FN:100,(anonymous_5)
FNF:6
FNH:0
FNDA:0,(anonymous_0)
FNDA:0,(anonymous_1)
FNDA:0,(anonymous_2)
FNDA:0,(anonymous_3)
FNDA:0,(anonymous_4)
FNDA:0,(anonymous_5)
DA:7,0
DA:9,0
DA:11,0
DA:13,0
DA:15,0
DA:19,0
DA:28,0
DA:30,0
DA:34,0
DA:52,0
DA:54,0
DA:58,0
DA:66,0
DA:68,0
DA:72,0
DA:80,0
DA:82,0
DA:86,0
DA:95,0
DA:97,0
DA:101,0
DA:107,0
LF:22
LH:0
BRF:0
BRH:0
end_of_record
TN:
SF:src\components\ui\input.tsx
FN:6,(anonymous_0)
FNF:1
FNH:1
FNDA:32,(anonymous_0)
DA:5,1
DA:7,32
DA:20,1
LF:3
LH:3
BRF:0
BRH:0
end_of_record
TN:
SF:src\components\ui\popover.tsx
FN:15,(anonymous_0)
FNF:1
FNH:0
FNDA:0,(anonymous_0)
DA:6,0
DA:8,0
DA:10,0
DA:12,0
DA:16,0
DA:29,0
LF:6
LH:0
BRDA:15,0,0,0
BRDA:15,1,0,0
BRF:2
BRH:0
end_of_record
TN:
SF:src\hooks\branch\useBranches.ts
FN:16,useBranches
FN:22,createBranch
FN:36,listBranches
FN:43,listDistinctBranches
FN:50,updateBranch
FN:54,deleteBranch
FNF:6
FNH:0
FNDA:0,useBranches
FNDA:0,createBranch
FNDA:0,listBranches
FNDA:0,listDistinctBranches
FNDA:0,updateBranch
FNDA:0,deleteBranch
DA:17,0
DA:18,0
DA:19,0
DA:20,0
DA:23,0
DA:24,0
DA:25,0
DA:26,0
DA:27,0
DA:29,0
DA:30,0
DA:32,0
DA:37,0
DA:40,0
DA:44,0
DA:47,0
DA:51,0
DA:52,0
DA:55,0
DA:58,0
LF:20
LH:0
BRDA:29,0,0,0
BRDA:29,0,1,0
BRF:2
BRH:0
end_of_record
TN:
SF:src\hooks\career-path\useCareerPaths.ts
FN:21,useCareerPaths
FN:26,listCareerPaths
FN:37,createCareerPath
FN:56,updateCareerPath
FN:67,deleteCareerPath
FNF:5
FNH:0
FNDA:0,useCareerPaths
FNDA:0,listCareerPaths
FNDA:0,createCareerPath
FNDA:0,updateCareerPath
FNDA:0,deleteCareerPath
DA:22,0
DA:23,0
DA:24,0
DA:30,0
DA:34,0
DA:38,0
DA:39,0
DA:40,0
DA:41,0
DA:45,0
DA:47,0
DA:50,0
DA:52,0
DA:60,0
DA:64,0
DA:68,0
DA:71,0
LF:17
LH:0
BRDA:48,0,0,0
BRDA:48,0,1,0
BRF:2
BRH:0
end_of_record
TN:
SF:src\hooks\company\useCompanies.ts
FN:23,useCompanies
FN:27,createCompany
FN:42,listCompanies
FN:49,updateCompany
FN:54,deleteCompany
FNF:5
FNH:0
FNDA:0,useCompanies
FNDA:0,createCompany
FNDA:0,listCompanies
FNDA:0,updateCompany
FNDA:0,deleteCompany
DA:24,0
DA:25,0
DA:28,0
DA:29,0
DA:31,0
DA:32,0
DA:33,0
DA:35,0
DA:36,0
DA:38,0
DA:43,0
DA:45,0
DA:46,0
DA:50,0
DA:51,0
DA:55,0
DA:58,0
LF:17
LH:0
BRDA:35,0,0,0
BRDA:35,0,1,0
BRDA:43,1,0,0
BRDA:43,1,1,0
BRF:4
BRH:0
end_of_record
TN:
SF:src\hooks\department\useDepartments.ts
FN:11,useDepartments
FN:16,listDepartments
FN:21,listDistinctDepartments
FN:26,createDepartment
FN:40,updateDepartment
FN:45,deleteDepartment
FNF:6
FNH:0
FNDA:0,useDepartments
FNDA:0,listDepartments
FNDA:0,listDistinctDepartments
FNDA:0,createDepartment
FNDA:0,updateDepartment
FNDA:0,deleteDepartment
DA:12,0
DA:13,0
DA:14,0
DA:17,0
DA:18,0
DA:22,0
DA:23,0
DA:27,0
DA:28,0
DA:29,0
DA:30,0
DA:31,0
DA:33,0
DA:34,0
DA:36,0
DA:41,0
DA:42,0
DA:46,0
DA:49,0
LF:19
LH:0
BRDA:33,0,0,0
BRDA:33,0,1,0
BRF:2
BRH:0
end_of_record
TN:
SF:src\hooks\employee\useEmployeeHistories.ts
FN:25,useEmployeeHistories
FN:30,listEmployeeHistories
FNF:2
FNH:0
FNDA:0,useEmployeeHistories
FNDA:0,listEmployeeHistories
DA:26,0
DA:27,0
DA:28,0
DA:31,0
DA:32,0
DA:35,0
LF:6
LH:0
BRF:0
BRH:0
end_of_record
TN:
SF:src\hooks\employee\useEmployees.ts
FN:25,useEmployees
FN:30,listEmployees
FN:35,createEmployee
FN:49,updateEmployee
FN:54,deleteEmployee
FNF:5
FNH:0
FNDA:0,useEmployees
FNDA:0,listEmployees
FNDA:0,createEmployee
FNDA:0,updateEmployee
FNDA:0,deleteEmployee
DA:26,0
DA:27,0
DA:28,0
DA:31,0
DA:32,0
DA:36,0
DA:37,0
DA:38,0
DA:39,0
DA:40,0
DA:42,0
DA:43,0
DA:45,0
DA:50,0
DA:51,0
DA:55,0
DA:58,0
LF:17
LH:0
BRDA:42,0,0,0
BRDA:42,0,1,0
BRF:2
BRH:0
end_of_record
TN:
SF:src\hooks\employee-kpi\useEmployeeKpiEvolutions.ts
FN:4,(anonymous_0)
FN:26,useEmployeeKpiEvolutions
FN:31,listEmployeeKpiEvolutions
FN:36,createEmployeeKpiEvolution
FN:53,updateEmployeeKpiEvolution
FN:61,deleteEmployeeKpiEvolution
FN:65,approveEmployeeKpiEvolution
FN:72,rejectEmployeeKpiEvolution
FNF:8
FNH:0
FNDA:0,(anonymous_0)
FNDA:0,useEmployeeKpiEvolutions
FNDA:0,listEmployeeKpiEvolutions
FNDA:0,createEmployeeKpiEvolution
FNDA:0,updateEmployeeKpiEvolution
FNDA:0,deleteEmployeeKpiEvolution
FNDA:0,approveEmployeeKpiEvolution
FNDA:0,rejectEmployeeKpiEvolution
DA:4,0
DA:5,0
DA:6,0
DA:7,0
DA:8,0
DA:27,0
DA:28,0
DA:29,0
DA:32,0
DA:33,0
DA:37,0
DA:38,0
DA:39,0
DA:40,0
DA:44,0
DA:46,0
DA:47,0
DA:49,0
DA:54,0
DA:58,0
DA:62,0
DA:66,0
DA:69,0
DA:73,0
DA:77,0
DA:80,0
LF:26
LH:0
BRDA:4,0,0,0
BRDA:4,0,1,0
BRDA:46,1,0,0
BRDA:46,1,1,0
BRF:4
BRH:0
end_of_record
TN:
SF:src\hooks\employee-kpi\useEmployeeKpis.ts
FN:4,(anonymous_0)
FN:34,useEmployeeKpis
FN:39,listEmployeeKpis
FN:44,createEmployeeKpi
FN:61,updateEmployeeKpi
FN:69,deleteEmployeeKpi
FNF:6
FNH:0
FNDA:0,(anonymous_0)
FNDA:0,useEmployeeKpis
FNDA:0,listEmployeeKpis
FNDA:0,createEmployeeKpi
FNDA:0,updateEmployeeKpi
FNDA:0,deleteEmployeeKpi
DA:4,0
DA:5,0
DA:6,0
DA:7,0
DA:8,0
DA:35,0
DA:36,0
DA:37,0
DA:40,0
DA:41,0
DA:45,0
DA:46,0
DA:47,0
DA:48,0
DA:52,0
DA:54,0
DA:55,0
DA:57,0
DA:62,0
DA:66,0
DA:70,0
DA:73,0
LF:22
LH:0
BRDA:4,0,0,0
BRDA:4,0,1,0
BRDA:54,1,0,0
BRDA:54,1,1,0
BRF:4
BRH:0
end_of_record
TN:
SF:src\hooks\evaluation-type\useEvaluationTypes.ts
FN:4,(anonymous_0)
FN:23,useEvaluationTypes
FN:28,listEvaluationTypes
FN:33,listDistinctEvaluationTypes
FN:38,createEvaluationType
FN:55,updateEvaluationType
FN:63,deleteEvaluationType
FNF:7
FNH:0
FNDA:0,(anonymous_0)
FNDA:0,useEvaluationTypes
FNDA:0,listEvaluationTypes
FNDA:0,listDistinctEvaluationTypes
FNDA:0,createEvaluationType
FNDA:0,updateEvaluationType
FNDA:0,deleteEvaluationType
DA:4,0
DA:5,0
DA:6,0
DA:7,0
DA:8,0
DA:9,0
DA:24,0
DA:25,0
DA:26,0
DA:29,0
DA:30,0
DA:34,0
DA:35,0
DA:39,0
DA:40,0
DA:41,0
DA:42,0
DA:46,0
DA:48,0
DA:49,0
DA:51,0
DA:56,0
DA:60,0
DA:64,0
DA:67,0
LF:25
LH:0
BRDA:4,0,0,0
BRDA:4,0,1,0
BRDA:48,1,0,0
BRDA:48,1,1,0
BRF:4
BRH:0
end_of_record
TN:
SF:src\hooks\geo\useCities.ts
FN:12,useCities
FN:16,createCity
FN:32,listCities
FNF:3
FNH:0
FNDA:0,useCities
FNDA:0,createCity
FNDA:0,listCities
DA:13,0
DA:14,0
DA:17,0
DA:18,0
DA:19,0
DA:20,0
DA:21,0
DA:23,0
DA:26,0
DA:28,0
DA:33,0
DA:34,0
DA:37,0
LF:13
LH:0
BRDA:24,0,0,0
BRDA:24,0,1,0
BRF:2
BRH:0
end_of_record
TN:
SF:src\hooks\geo\useStates.ts
FN:11,useStates
FN:15,createState
FN:31,listStates
FNF:3
FNH:0
FNDA:0,useStates
FNDA:0,createState
FNDA:0,listStates
DA:12,0
DA:13,0
DA:16,0
DA:17,0
DA:18,0
DA:19,0
DA:20,0
DA:22,0
DA:25,0
DA:27,0
DA:32,0
DA:33,0
DA:36,0
LF:13
LH:0
BRDA:23,0,0,0
BRDA:23,0,1,0
BRF:2
BRH:0
end_of_record
TN:
SF:src\hooks\kpi\useKpis.ts
FN:17,useKpis
FN:22,listKpis
FN:27,listDistinctKpis
FN:32,createKpi
FN:49,updateKpi
FN:54,deleteKpi
FNF:6
FNH:0
FNDA:0,useKpis
FNDA:0,listKpis
FNDA:0,listDistinctKpis
FNDA:0,createKpi
FNDA:0,updateKpi
FNDA:0,deleteKpi
DA:18,0
DA:19,0
DA:20,0
DA:23,0
DA:24,0
DA:28,0
DA:29,0
DA:33,0
DA:34,0
DA:35,0
DA:36,0
DA:40,0
DA:42,0
DA:43,0
DA:45,0
DA:50,0
DA:51,0
DA:55,0
DA:58,0
LF:19
LH:0
BRDA:42,0,0,0
BRDA:42,0,1,0
BRF:2
BRH:0
end_of_record
TN:
SF:src\hooks\performance-review\usePerformanceReviews.ts
FN:14,usePerformanceReviews
FN:19,listPerformanceReviews
FN:24,createPerformanceReview
FN:38,updatePerformanceReview
FN:43,deletePerformanceReview
FNF:5
FNH:0
FNDA:0,usePerformanceReviews
FNDA:0,listPerformanceReviews
FNDA:0,createPerformanceReview
FNDA:0,updatePerformanceReview
FNDA:0,deletePerformanceReview
DA:15,0
DA:16,0
DA:17,0
DA:20,0
DA:21,0
DA:25,0
DA:26,0
DA:27,0
DA:28,0
DA:29,0
DA:31,0
DA:32,0
DA:34,0
DA:39,0
DA:40,0
DA:44,0
DA:47,0
LF:17
LH:0
BRDA:31,0,0,0
BRDA:31,0,1,0
BRF:2
BRH:0
end_of_record
TN:
SF:src\hooks\person\usePersons.ts
FN:19,usePersons
FN:24,listPersons
FN:29,createPerson
FN:43,updatePerson
FN:48,deletePerson
FNF:5
FNH:0
FNDA:0,usePersons
FNDA:0,listPersons
FNDA:0,createPerson
FNDA:0,updatePerson
FNDA:0,deletePerson
DA:20,0
DA:21,0
DA:22,0
DA:25,0
DA:26,0
DA:30,0
DA:31,0
DA:32,0
DA:33,0
DA:34,0
DA:36,0
DA:37,0
DA:39,0
DA:44,0
DA:45,0
DA:49,0
DA:52,0
LF:17
LH:0
BRDA:36,0,0,0
BRDA:36,0,1,0
BRF:2
BRH:0
end_of_record
TN:
SF:src\hooks\role\useRoles.ts
FN:15,useRoles
FN:20,listRoles
FN:25,listDistinctRoles
FN:30,createRole
FN:44,updateRole
FN:49,deleteRole
FNF:6
FNH:0
FNDA:0,useRoles
FNDA:0,listRoles
FNDA:0,listDistinctRoles
FNDA:0,createRole
FNDA:0,updateRole
FNDA:0,deleteRole
DA:16,0
DA:17,0
DA:18,0
DA:21,0
DA:22,0
DA:26,0
DA:27,0
DA:31,0
DA:32,0
DA:33,0
DA:34,0
DA:35,0
DA:37,0
DA:38,0
DA:40,0
DA:45,0
DA:46,0
DA:50,0
DA:53,0
LF:19
LH:0
BRDA:37,0,0,0
BRDA:37,0,1,0
BRF:2
BRH:0
end_of_record
TN:
SF:src\hooks\role-type\useRoleTypes.ts
FN:12,useRoleTypes
FN:17,listRoleTypes
FN:22,listDistinctRoleTypes
FN:27,createRoleType
FN:41,updateRoleType
FN:46,deleteRoleType
FNF:6
FNH:0
FNDA:0,useRoleTypes
FNDA:0,listRoleTypes
FNDA:0,listDistinctRoleTypes
FNDA:0,createRoleType
FNDA:0,updateRoleType
FNDA:0,deleteRoleType
DA:13,0
DA:14,0
DA:15,0
DA:18,0
DA:19,0
DA:23,0
DA:24,0
DA:28,0
DA:29,0
DA:30,0
DA:31,0
DA:32,0
DA:34,0
DA:35,0
DA:37,0
DA:42,0
DA:43,0
DA:47,0
DA:50,0
LF:19
LH:0
BRDA:34,0,0,0
BRDA:34,0,1,0
BRF:2
BRH:0
end_of_record
TN:
SF:src\hooks\team\useTeams.ts
FN:11,useTeams
FN:16,listTeams
FN:21,listDistinctTeams
FN:26,createTeam
FN:40,updateTeam
FN:45,deleteTeam
FNF:6
FNH:0
FNDA:0,useTeams
FNDA:0,listTeams
FNDA:0,listDistinctTeams
FNDA:0,createTeam
FNDA:0,updateTeam
FNDA:0,deleteTeam
DA:12,0
DA:13,0
DA:14,0
DA:17,0
DA:18,0
DA:22,0
DA:23,0
DA:27,0
DA:28,0
DA:29,0
DA:30,0
DA:31,0
DA:33,0
DA:34,0
DA:36,0
DA:41,0
DA:42,0
DA:46,0
DA:49,0
LF:19
LH:0
BRDA:33,0,0,0
BRDA:33,0,1,0
BRF:2
BRH:0
end_of_record
TN:
SF:src\hooks\team-kpi\useTeamKpiEvolutions.ts
FN:4,(anonymous_0)
FN:24,useTeamKpiEvolutions
FN:29,listTeamKpiEvolutions
FN:34,updateTeamKpiEvolution
FNF:4
FNH:0
FNDA:0,(anonymous_0)
FNDA:0,useTeamKpiEvolutions
FNDA:0,listTeamKpiEvolutions
FNDA:0,updateTeamKpiEvolution
DA:4,0
DA:5,0
DA:6,0
DA:7,0
DA:25,0
DA:26,0
DA:27,0
DA:30,0
DA:31,0
DA:35,0
DA:36,0
DA:39,0
LF:12
LH:0
BRDA:4,0,0,0
BRDA:4,0,1,0
BRF:2
BRH:0
end_of_record
TN:
SF:src\hooks\team-kpi\useTeamKpis.ts
FN:4,(anonymous_0)
FN:33,useTeamKpis
FN:39,listTeamKpis
FN:45,createTeamKpi
FN:60,updateTeamKpi
FN:66,deleteTeamKpi
FNF:6
FNH:0
FNDA:0,(anonymous_0)
FNDA:0,useTeamKpis
FNDA:0,listTeamKpis
FNDA:0,createTeamKpi
FNDA:0,updateTeamKpi
FNDA:0,deleteTeamKpi
DA:4,0
DA:5,0
DA:6,0
DA:7,0
DA:8,0
DA:34,0
DA:35,0
DA:36,0
DA:40,0
DA:41,0
DA:46,0
DA:47,0
DA:48,0
DA:49,0
DA:50,0
DA:52,0
DA:53,0
DA:55,0
DA:61,0
DA:62,0
DA:67,0
DA:70,0
LF:22
LH:0
BRDA:4,0,0,0
BRDA:4,0,1,0
BRDA:52,1,0,0
BRDA:52,1,1,0
BRF:4
BRH:0
end_of_record
TN:
SF:src\hooks\team-member\useTeamMembers.ts
FN:19,useTeamMembers
FN:24,listTeamMembers
FN:32,createTeamMember
FN:49,updateTeamMember
FN:57,deleteTeamMember
FNF:5
FNH:0
FNDA:0,useTeamMembers
FNDA:0,listTeamMembers
FNDA:0,createTeamMember
FNDA:0,updateTeamMember
FNDA:0,deleteTeamMember
DA:20,0
DA:21,0
DA:22,0
DA:25,0
DA:28,0
DA:29,0
DA:33,0
DA:34,0
DA:35,0
DA:36,0
DA:40,0
DA:42,0
DA:43,0
DA:45,0
DA:50,0
DA:54,0
DA:58,0
DA:61,0
LF:18
LH:0
BRDA:25,0,0,0
BRDA:25,0,1,0
BRDA:42,1,0,0
BRDA:42,1,1,0
BRF:4
BRH:0
end_of_record
TN:
SF:src\hooks\user\useUserRoles.ts
FN:11,useUserRoles
FN:15,listUserRoles
FNF:2
FNH:0
FNDA:0,useUserRoles
FNDA:0,listUserRoles
DA:12,0
DA:13,0
DA:16,0
DA:17,0
DA:20,0
LF:5
LH:0
BRF:0
BRH:0
end_of_record
TN:
SF:src\hooks\user\useUsers.ts
FN:15,useUsers
FN:20,listUsers
FN:25,createUser
FN:39,updateUser
FN:44,deleteUser
FNF:5
FNH:0
FNDA:0,useUsers
FNDA:0,listUsers
FNDA:0,createUser
FNDA:0,updateUser
FNDA:0,deleteUser
DA:16,0
DA:17,0
DA:18,0
DA:21,0
DA:22,0
DA:26,0
DA:27,0
DA:28,0
DA:29,0
DA:30,0
DA:32,0
DA:33,0
DA:35,0
DA:40,0
DA:41,0
DA:45,0
DA:48,0
LF:17
LH:0
BRDA:32,0,0,0
BRDA:32,0,1,0
BRF:2
BRH:0
end_of_record
TN:
SF:src\lib\api.ts
FN:12,(anonymous_0)
FN:22,(anonymous_1)
FN:23,(anonymous_2)
FNF:3
FNH:0
FNDA:0,(anonymous_0)
FNDA:0,(anonymous_1)
FNDA:0,(anonymous_2)
DA:4,10
DA:12,10
DA:13,0
DA:14,0
DA:15,0
DA:17,0
DA:21,10
DA:22,0
DA:24,0
DA:25,0
DA:26,0
DA:28,0
DA:30,0
LF:13
LH:3
BRDA:5,0,0,10
BRDA:5,0,1,0
BRDA:14,1,0,0
BRDA:14,1,1,0
BRDA:24,2,0,0
BRDA:24,2,1,0
BRF:6
BRH:1
end_of_record
TN:
SF:src\lib\jwt.ts
FN:10,decodeJwt
FN:21,isExpired
FNF:2
FNH:0
FNDA:0,decodeJwt
FNDA:0,isExpired
DA:11,0
DA:12,0
DA:13,0
DA:14,0
DA:15,0
DA:17,0
DA:22,0
DA:23,0
DA:24,0
LF:9
LH:0
BRDA:13,0,0,0
BRDA:13,0,1,0
BRDA:22,1,0,0
BRDA:22,1,1,0
BRF:4
BRH:0
end_of_record
TN:
SF:src\lib\utils.ts
FN:4,cn
FNF:1
FNH:1
FNDA:48,cn
DA:5,48
LF:1
LH:1
BRF:0
BRH:0
end_of_record
TN:
SF:src\pages\admin\Branches.tsx
FN:24,Branch
FN:53,loadBranches
FN:73,(anonymous_2)
FN:76,(anonymous_3)
FN:77,loadStatic
FN:85,(anonymous_5)
FN:104,(anonymous_6)
FN:107,(anonymous_7)
FN:149,(anonymous_8)
FN:152,(anonymous_9)
FN:160,(anonymous_10)
FN:168,(anonymous_11)
FN:180,(anonymous_12)
FN:181,(anonymous_13)
FN:186,(anonymous_14)
FN:190,(anonymous_15)
FN:190,(anonymous_16)
FN:242,(anonymous_17)
FN:253,(anonymous_18)
FN:265,(anonymous_19)
FN:272,(anonymous_20)
FN:289,(anonymous_21)
FN:295,(anonymous_22)
FN:317,(anonymous_23)
FN:330,(anonymous_24)
FN:383,(anonymous_25)
FN:387,(anonymous_26)
FN:423,(anonymous_27)
FN:423,(anonymous_28)
FN:440,(anonymous_29)
FN:440,(anonymous_30)
FN:452,(anonymous_31)
FN:459,(anonymous_32)
FN:486,(anonymous_33)
FN:492,(anonymous_34)
FN:498,(anonymous_35)
FN:504,(anonymous_36)
FN:510,(anonymous_37)
FN:519,(anonymous_38)
FN:524,(anonymous_39)
FN:541,(anonymous_40)
FN:543,(anonymous_41)
FN:557,(anonymous_42)
FN:586,(anonymous_43)
FN:592,(anonymous_44)
FN:598,(anonymous_45)
FN:604,(anonymous_46)
FN:610,(anonymous_47)
FN:619,(anonymous_48)
FN:625,(anonymous_49)
FN:642,(anonymous_50)
FN:645,(anonymous_51)
FNF:52
FNH:13
FNDA:17,Branch
FNDA:5,loadBranches
FNDA:0,(anonymous_2)
FNDA:5,(anonymous_3)
FNDA:5,loadStatic
FNDA:5,(anonymous_5)
FNDA:0,(anonymous_6)
FNDA:0,(anonymous_7)
FNDA:0,(anonymous_8)
FNDA:1,(anonymous_9)
FNDA:2,(anonymous_10)
FNDA:0,(anonymous_11)
FNDA:0,(anonymous_12)
FNDA:0,(anonymous_13)
FNDA:0,(anonymous_14)
FNDA:0,(anonymous_15)
FNDA:0,(anonymous_16)
FNDA:0,(anonymous_17)
FNDA:0,(anonymous_18)
FNDA:0,(anonymous_19)
FNDA:14,(anonymous_20)
FNDA:0,(anonymous_21)
FNDA:0,(anonymous_22)
FNDA:0,(anonymous_23)
FNDA:1,(anonymous_24)
FNDA:4,(anonymous_25)
FNDA:1,(anonymous_26)
FNDA:0,(anonymous_27)
FNDA:0,(anonymous_28)
FNDA:0,(anonymous_29)
FNDA:0,(anonymous_30)
FNDA:0,(anonymous_31)
FNDA:0,(anonymous_32)
FNDA:0,(anonymous_33)
FNDA:0,(anonymous_34)
FNDA:0,(anonymous_35)
FNDA:0,(anonymous_36)
FNDA:0,(anonymous_37)
FNDA:0,(anonymous_38)
FNDA:14,(anonymous_39)
FNDA:0,(anonymous_40)
FNDA:0,(anonymous_41)
FNDA:0,(anonymous_42)
FNDA:0,(anonymous_43)
FNDA:0,(anonymous_44)
FNDA:0,(anonymous_45)
FNDA:0,(anonymous_46)
FNDA:0,(anonymous_47)
FNDA:0,(anonymous_48)
FNDA:14,(anonymous_49)
FNDA:0,(anonymous_50)
FNDA:0,(anonymous_51)
DA:25,17
DA:27,17
DA:28,17
DA:33,17
DA:34,17
DA:35,17
DA:37,17
DA:42,17
DA:43,17
DA:44,17
DA:45,17
DA:47,17
DA:48,17
DA:49,17
DA:50,17
DA:51,17
DA:54,5
DA:56,5
DA:65,5
DA:66,5
DA:68,5
DA:72,17
DA:73,0
DA:76,17
DA:78,5
DA:79,5
DA:80,5
DA:82,5
DA:85,17
DA:86,5
DA:93,17
DA:95,17
DA:96,17
DA:97,17
DA:98,17
DA:99,17
DA:100,17
DA:101,17
DA:103,17
DA:104,0
DA:107,17
DA:108,0
DA:110,0
DA:119,0
DA:120,0
DA:122,0
DA:124,0
DA:125,0
DA:126,0
DA:127,0
DA:128,0
DA:129,0
DA:130,0
DA:131,0
DA:137,17
DA:138,17
DA:140,17
DA:141,17
DA:142,17
DA:143,17
DA:144,17
DA:145,17
DA:146,17
DA:148,17
DA:149,0
DA:152,17
DA:153,1
DA:154,1
DA:155,1
DA:156,1
DA:157,1
DA:158,1
DA:160,2
DA:161,1
DA:162,1
DA:163,1
DA:165,1
DA:168,17
DA:169,0
DA:171,0
DA:180,0
DA:181,0
DA:183,0
DA:186,17
DA:187,0
DA:189,0
DA:190,0
DA:191,0
DA:192,0
DA:198,17
DA:243,0
DA:244,0
DA:254,0
DA:255,0
DA:266,0
DA:267,0
DA:268,0
DA:273,14
DA:290,0
DA:291,0
DA:296,0
DA:318,0
DA:319,0
DA:320,0
DA:321,0
DA:322,0
DA:330,1
DA:384,4
DA:387,1
DA:423,0
DA:440,0
DA:452,0
DA:459,0
DA:486,0
DA:492,0
DA:498,0
DA:504,0
DA:510,0
DA:520,0
DA:521,0
DA:525,14
DA:541,0
DA:544,0
DA:557,0
DA:586,0
DA:592,0
DA:598,0
DA:604,0
DA:610,0
DA:620,0
DA:621,0
DA:626,14
DA:642,0
DA:646,0
LF:134
LH:70
BRDA:45,0,0,17
BRDA:45,0,1,14
BRDA:59,1,0,5
BRDA:59,1,1,5
BRDA:60,2,0,5
BRDA:60,2,1,5
BRDA:61,3,0,5
BRDA:61,3,1,5
BRDA:62,4,0,5
BRDA:62,4,1,5
BRDA:72,5,0,0
BRDA:72,5,1,17
BRDA:79,6,0,5
BRDA:79,6,1,0
BRDA:80,7,0,5
BRDA:80,7,1,0
BRDA:103,8,0,0
BRDA:103,8,1,17
BRDA:148,9,0,0
BRDA:148,9,1,17
BRDA:155,10,0,1
BRDA:155,10,1,0
BRDA:156,11,0,1
BRDA:156,11,1,1
BRDA:161,12,0,1
BRDA:161,12,1,1
BRDA:169,13,0,0
BRDA:169,13,1,0
BRDA:181,14,0,0
BRDA:181,14,1,0
BRDA:187,15,0,0
BRDA:187,15,1,0
BRDA:208,16,0,17
BRDA:208,16,1,0
BRDA:214,17,0,17
BRDA:214,17,1,0
BRDA:370,18,0,5
BRDA:370,18,1,12
BRDA:376,19,0,9
BRDA:376,19,1,3
BRDA:391,20,0,4
BRDA:391,20,1,0
BRDA:466,21,0,17
BRDA:466,21,1,0
BRDA:466,21,2,0
BRDA:466,21,3,0
BRDA:466,21,4,0
BRDA:466,21,5,0
BRDA:466,21,6,0
BRDA:576,22,0,0
BRDA:576,22,1,17
BRF:51
BRH:29
end_of_record
TN:
SF:src\pages\admin\CareerPaths.tsx
FN:48,(anonymous_0)
FN:112,CareerPathsPage
FN:132,(anonymous_2)
FN:133,loadStatic
FN:154,loadPaths
FN:165,(anonymous_5)
FN:174,(anonymous_6)
FN:174,(anonymous_7)
FN:178,(anonymous_8)
FN:178,(anonymous_9)
FN:182,(anonymous_10)
FN:183,(anonymous_11)
FN:198,(anonymous_12)
FN:199,(anonymous_13)
FN:206,(anonymous_14)
FN:207,(anonymous_15)
FN:213,(anonymous_16)
FN:224,(anonymous_17)
FN:268,(anonymous_18)
FN:269,(anonymous_19)
FN:276,(anonymous_20)
FN:277,(anonymous_21)
FN:283,(anonymous_22)
FN:291,(anonymous_23)
FN:292,(anonymous_24)
FN:300,(anonymous_25)
FN:322,(anonymous_26)
FN:339,(anonymous_27)
FN:348,(anonymous_28)
FN:357,(anonymous_29)
FN:358,(anonymous_30)
FN:360,(anonymous_31)
FN:363,(anonymous_32)
FN:364,(anonymous_33)
FN:366,(anonymous_34)
FN:372,buildPathWithBranches
FN:390,(anonymous_36)
FN:433,(anonymous_37)
FN:436,(anonymous_38)
FN:443,(anonymous_39)
FN:447,(anonymous_40)
FN:453,(anonymous_41)
FN:461,(anonymous_42)
FN:493,(anonymous_43)
FN:496,(anonymous_44)
FN:503,(anonymous_45)
FN:556,(anonymous_46)
FN:607,(anonymous_47)
FN:610,(anonymous_48)
FN:700,(anonymous_49)
FN:704,(anonymous_50)
FN:708,(anonymous_51)
FN:813,(anonymous_52)
FN:947,(anonymous_53)
FN:954,(anonymous_54)
FN:990,(anonymous_55)
FN:998,(anonymous_56)
FN:1010,(anonymous_57)
FN:1023,(anonymous_58)
FN:1029,(anonymous_59)
FN:1042,(anonymous_60)
FN:1044,(anonymous_61)
FN:1062,(anonymous_62)
FN:1068,(anonymous_63)
FN:1081,(anonymous_64)
FN:1083,(anonymous_65)
FN:1096,(anonymous_66)
FN:1129,(anonymous_67)
FN:1136,(anonymous_68)
FN:1148,(anonymous_69)
FN:1161,(anonymous_70)
FN:1167,(anonymous_71)
FN:1180,(anonymous_72)
FN:1182,(anonymous_73)
FN:1200,(anonymous_74)
FN:1206,(anonymous_75)
FN:1219,(anonymous_76)
FN:1221,(anonymous_77)
FNF:78
FNH:0
FNDA:0,(anonymous_0)
FNDA:0,CareerPathsPage
FNDA:0,(anonymous_2)
FNDA:0,loadStatic
FNDA:0,loadPaths
FNDA:0,(anonymous_5)
FNDA:0,(anonymous_6)
FNDA:0,(anonymous_7)
FNDA:0,(anonymous_8)
FNDA:0,(anonymous_9)
FNDA:0,(anonymous_10)
FNDA:0,(anonymous_11)
FNDA:0,(anonymous_12)
FNDA:0,(anonymous_13)
FNDA:0,(anonymous_14)
FNDA:0,(anonymous_15)
FNDA:0,(anonymous_16)
FNDA:0,(anonymous_17)
FNDA:0,(anonymous_18)
FNDA:0,(anonymous_19)
FNDA:0,(anonymous_20)
FNDA:0,(anonymous_21)
FNDA:0,(anonymous_22)
FNDA:0,(anonymous_23)
FNDA:0,(anonymous_24)
FNDA:0,(anonymous_25)
FNDA:0,(anonymous_26)
FNDA:0,(anonymous_27)
FNDA:0,(anonymous_28)
FNDA:0,(anonymous_29)
FNDA:0,(anonymous_30)
FNDA:0,(anonymous_31)
FNDA:0,(anonymous_32)
FNDA:0,(anonymous_33)
FNDA:0,(anonymous_34)
FNDA:0,buildPathWithBranches
FNDA:0,(anonymous_36)
FNDA:0,(anonymous_37)
FNDA:0,(anonymous_38)
FNDA:0,(anonymous_39)
FNDA:0,(anonymous_40)
FNDA:0,(anonymous_41)
FNDA:0,(anonymous_42)
FNDA:0,(anonymous_43)
FNDA:0,(anonymous_44)
FNDA:0,(anonymous_45)
FNDA:0,(anonymous_46)
FNDA:0,(anonymous_47)
FNDA:0,(anonymous_48)
FNDA:0,(anonymous_49)
FNDA:0,(anonymous_50)
FNDA:0,(anonymous_51)
FNDA:0,(anonymous_52)
FNDA:0,(anonymous_53)
FNDA:0,(anonymous_54)
FNDA:0,(anonymous_55)
FNDA:0,(anonymous_56)
FNDA:0,(anonymous_57)
FNDA:0,(anonymous_58)
FNDA:0,(anonymous_59)
FNDA:0,(anonymous_60)
FNDA:0,(anonymous_61)
FNDA:0,(anonymous_62)
FNDA:0,(anonymous_63)
FNDA:0,(anonymous_64)
FNDA:0,(anonymous_65)
FNDA:0,(anonymous_66)
FNDA:0,(anonymous_67)
FNDA:0,(anonymous_68)
FNDA:0,(anonymous_69)
FNDA:0,(anonymous_70)
FNDA:0,(anonymous_71)
FNDA:0,(anonymous_72)
FNDA:0,(anonymous_73)
FNDA:0,(anonymous_74)
FNDA:0,(anonymous_75)
FNDA:0,(anonymous_76)
FNDA:0,(anonymous_77)
DA:48,0
DA:49,0
DA:51,0
DA:58,0
DA:109,0
DA:110,0
DA:120,0
DA:121,0
DA:122,0
DA:123,0
DA:128,0
DA:129,0
DA:130,0
DA:132,0
DA:134,0
DA:140,0
DA:141,0
DA:142,0
DA:144,0
DA:150,0
DA:151,0
DA:152,0
DA:155,0
DA:156,0
DA:157,0
DA:159,0
DA:160,0
DA:161,0
DA:162,0
DA:165,0
DA:166,0
DA:167,0
DA:169,0
DA:173,0
DA:174,0
DA:177,0
DA:178,0
DA:182,0
DA:183,0
DA:188,0
DA:189,0
DA:190,0
DA:191,0
DA:192,0
DA:193,0
DA:194,0
DA:195,0
DA:197,0
DA:199,0
DA:200,0
DA:205,0
DA:207,0
DA:208,0
DA:213,0
DA:214,0
DA:215,0
DA:216,0
DA:217,0
DA:218,0
DA:219,0
DA:220,0
DA:221,0
DA:224,0
DA:225,0
DA:226,0
DA:228,0
DA:229,0
DA:232,0
DA:234,0
DA:244,0
DA:245,0
DA:249,0
DA:257,0
DA:258,0
DA:259,0
DA:260,0
DA:261,0
DA:262,0
DA:263,0
DA:264,0
DA:265,0
DA:267,0
DA:269,0
DA:270,0
DA:275,0
DA:277,0
DA:278,0
DA:283,0
DA:284,0
DA:285,0
DA:286,0
DA:287,0
DA:288,0
DA:289,0
DA:291,0
DA:292,0
DA:294,0
DA:295,0
DA:297,0
DA:300,0
DA:301,0
DA:303,0
DA:304,0
DA:307,0
DA:309,0
DA:318,0
DA:319,0
DA:322,0
DA:323,0
DA:324,0
DA:325,0
DA:326,0
DA:330,0
DA:339,0
DA:340,0
DA:341,0
DA:342,0
DA:343,0
DA:344,0
DA:346,0
DA:347,0
DA:348,0
DA:352,0
DA:354,0
DA:357,0
DA:358,0
DA:359,0
DA:360,0
DA:363,0
DA:364,0
DA:365,0
DA:366,0
DA:367,0
DA:369,0
DA:373,0
DA:374,0
DA:375,0
DA:376,0
DA:378,0
DA:379,0
DA:380,0
DA:382,0
DA:383,0
DA:385,0
DA:386,0
DA:388,0
DA:389,0
DA:390,0
DA:391,0
DA:392,0
DA:393,0
DA:395,0
DA:396,0
DA:397,0
DA:398,0
DA:400,0
DA:401,0
DA:403,0
DA:404,0
DA:407,0
DA:410,0
DA:413,0
DA:414,0
DA:415,0
DA:416,0
DA:419,0
DA:433,0
DA:434,0
DA:436,0
DA:437,0
DA:439,0
DA:440,0
DA:442,0
DA:443,0
DA:444,0
DA:447,0
DA:448,0
DA:450,0
DA:453,0
DA:458,0
DA:461,0
DA:462,0
DA:463,0
DA:465,0
DA:475,0
DA:476,0
DA:478,0
DA:491,0
DA:493,0
DA:494,0
DA:496,0
DA:497,0
DA:498,0
DA:499,0
DA:501,0
DA:503,0
DA:504,0
DA:506,0
DA:508,0
DA:515,0
DA:516,0
DA:526,0
DA:527,0
DA:539,0
DA:544,0
DA:546,0
DA:555,0
DA:556,0
DA:565,0
DA:607,0
DA:611,0
DA:700,0
DA:705,0
DA:708,0
DA:814,0
DA:947,0
DA:954,0
DA:990,0
DA:998,0
DA:1010,0
DA:1024,0
DA:1025,0
DA:1030,0
DA:1042,0
DA:1045,0
DA:1063,0
DA:1064,0
DA:1069,0
DA:1081,0
DA:1084,0
DA:1096,0
DA:1129,0
DA:1136,0
DA:1148,0
DA:1162,0
DA:1163,0
DA:1168,0
DA:1180,0
DA:1183,0
DA:1201,0
DA:1202,0
DA:1207,0
DA:1219,0
DA:1222,0
LF:244
LH:0
BRDA:69,0,0,0
BRDA:69,0,1,0
BRDA:72,1,0,0
BRDA:72,1,1,0
BRDA:140,2,0,0
BRDA:140,2,1,0
BRDA:141,3,0,0
BRDA:141,3,1,0
BRDA:142,4,0,0
BRDA:142,4,1,0
BRDA:155,5,0,0
BRDA:155,5,1,0
BRDA:161,6,0,0
BRDA:161,6,1,0
BRDA:166,7,0,0
BRDA:166,7,1,0
BRDA:183,8,0,0
BRDA:183,8,1,0
BRDA:200,9,0,0
BRDA:200,9,1,0
BRDA:208,10,0,0
BRDA:208,10,1,0
BRDA:225,11,0,0
BRDA:225,11,1,0
BRDA:225,12,0,0
BRDA:225,12,1,0
BRDA:225,12,2,0
BRDA:232,13,0,0
BRDA:232,13,1,0
BRDA:240,14,0,0
BRDA:240,14,1,0
BRDA:249,15,0,0
BRDA:249,15,1,0
BRDA:249,15,2,0
BRDA:249,15,3,0
BRDA:270,16,0,0
BRDA:270,16,1,0
BRDA:278,17,0,0
BRDA:278,17,1,0
BRDA:288,18,0,0
BRDA:288,18,1,0
BRDA:294,19,0,0
BRDA:294,19,1,0
BRDA:295,20,0,0
BRDA:295,20,1,0
BRDA:301,21,0,0
BRDA:301,21,1,0
BRDA:301,22,0,0
BRDA:301,22,1,0
BRDA:307,23,0,0
BRDA:307,23,1,0
BRDA:314,24,0,0
BRDA:314,24,1,0
BRDA:323,25,0,0
BRDA:323,25,1,0
BRDA:323,26,0,0
BRDA:323,26,1,0
BRDA:330,27,0,0
BRDA:330,27,1,0
BRDA:330,27,2,0
BRDA:330,27,3,0
BRDA:342,28,0,0
BRDA:342,28,1,0
BRDA:348,29,0,0
BRDA:348,29,1,0
BRDA:349,30,0,0
BRDA:349,30,1,0
BRDA:349,31,0,0
BRDA:349,31,1,0
BRDA:359,32,0,0
BRDA:359,32,1,0
BRDA:367,33,0,0
BRDA:367,33,1,0
BRDA:379,34,0,0
BRDA:379,34,1,0
BRDA:382,35,0,0
BRDA:382,35,1,0
BRDA:383,36,0,0
BRDA:383,36,1,0
BRDA:388,37,0,0
BRDA:388,37,1,0
BRDA:397,38,0,0
BRDA:397,38,1,0
BRDA:400,39,0,0
BRDA:400,39,1,0
BRDA:401,40,0,0
BRDA:401,40,1,0
BRDA:414,41,0,0
BRDA:414,41,1,0
BRDA:434,42,0,0
BRDA:434,42,1,0
BRDA:444,43,0,0
BRDA:444,43,1,0
BRDA:450,44,0,0
BRDA:450,44,1,0
BRDA:450,45,0,0
BRDA:450,45,1,0
BRDA:475,46,0,0
BRDA:475,46,1,0
BRDA:515,47,0,0
BRDA:515,47,1,0
BRDA:526,48,0,0
BRDA:526,48,1,0
BRDA:579,49,0,0
BRDA:579,49,1,0
BRDA:628,50,0,0
BRDA:628,50,1,0
BRDA:641,51,0,0
BRDA:641,51,1,0
BRDA:678,52,0,0
BRDA:678,52,1,0
BRDA:687,53,0,0
BRDA:687,53,1,0
BRDA:700,54,0,0
BRDA:700,54,1,0
BRDA:701,55,0,0
BRDA:701,55,1,0
BRDA:701,56,0,0
BRDA:701,56,1,0
BRDA:712,57,0,0
BRDA:712,57,1,0
BRDA:716,58,0,0
BRDA:716,58,1,0
BRDA:720,59,0,0
BRDA:720,59,1,0
BRDA:764,60,0,0
BRDA:764,60,1,0
BRDA:764,61,0,0
BRDA:764,61,1,0
BRDA:849,62,0,0
BRDA:849,62,1,0
BRDA:849,62,2,0
BRDA:977,63,0,0
BRDA:977,63,1,0
BRDA:980,64,0,0
BRDA:980,64,1,0
BRDA:1116,65,0,0
BRDA:1116,65,1,0
BRDA:1119,66,0,0
BRDA:1119,66,1,0
BRF:140
BRH:0
end_of_record
TN:
SF:src\pages\admin\Departments.tsx
FN:9,DepartmentPage
FN:30,loadDepartments
FN:44,(anonymous_2)
FN:53,(anonymous_3)
FN:70,(anonymous_4)
FN:76,(anonymous_5)
FN:84,(anonymous_6)
FN:128,(anonymous_7)
FN:139,(anonymous_8)
FN:161,(anonymous_9)
FN:216,(anonymous_10)
FN:220,(anonymous_11)
FN:245,(anonymous_12)
FN:245,(anonymous_13)
FN:263,(anonymous_14)
FN:263,(anonymous_15)
FN:284,(anonymous_16)
FN:292,(anonymous_17)
FN:322,(anonymous_18)
FN:331,(anonymous_19)
FN:365,(anonymous_20)
FNF:21
FNH:16
FNDA:50,DepartmentPage
FNDA:18,loadDepartments
FNDA:15,(anonymous_2)
FNDA:1,(anonymous_3)
FNDA:3,(anonymous_4)
FNDA:1,(anonymous_5)
FNDA:1,(anonymous_6)
FNDA:2,(anonymous_7)
FNDA:1,(anonymous_8)
FNDA:2,(anonymous_9)
FNDA:35,(anonymous_10)
FNDA:3,(anonymous_11)
FNDA:0,(anonymous_12)
FNDA:0,(anonymous_13)
FNDA:1,(anonymous_14)
FNDA:1,(anonymous_15)
FNDA:0,(anonymous_16)
FNDA:0,(anonymous_17)
FNDA:1,(anonymous_18)
FNDA:0,(anonymous_19)
FNDA:1,(anonymous_20)
DA:15,50
DA:17,50
DA:18,50
DA:21,50
DA:22,50
DA:23,50
DA:24,50
DA:27,50
DA:31,18
DA:33,18
DA:39,17
DA:40,17
DA:41,17
DA:44,50
DA:45,15
DA:50,50
DA:51,50
DA:53,50
DA:54,1
DA:59,1
DA:60,1
DA:61,1
DA:62,1
DA:66,50
DA:67,50
DA:68,50
DA:70,50
DA:71,3
DA:72,3
DA:73,3
DA:76,50
DA:77,1
DA:79,1
DA:80,1
DA:81,1
DA:84,50
DA:85,1
DA:87,1
DA:88,1
DA:89,1
DA:92,50
DA:129,2
DA:130,2
DA:140,1
DA:141,1
DA:161,2
DA:217,35
DA:220,3
DA:245,0
DA:263,1
DA:284,0
DA:292,0
DA:322,1
DA:331,0
DA:365,1
LF:55
LH:51
BRDA:36,0,0,18
BRDA:36,0,1,16
BRDA:77,1,0,0
BRDA:77,1,1,1
BRDA:85,2,0,0
BRDA:85,2,1,1
BRDA:199,3,0,50
BRDA:199,3,1,21
BRDA:207,4,0,50
BRDA:207,4,1,29
BRDA:207,4,2,12
BRDA:215,5,0,50
BRDA:215,5,1,29
BRDA:237,6,0,50
BRDA:237,6,1,32
BRF:15
BRH:13
end_of_record
TN:
SF:src\pages\admin\EmployeeKpis.tsx
FN:30,EmployeeKpis
FN:78,(anonymous_1)
FN:92,(anonymous_2)
FN:93,(anonymous_3)
FN:101,loadEmployeeKpis
FN:123,(anonymous_5)
FN:124,loadStatic
FN:140,(anonymous_7)
FN:169,(anonymous_8)
FN:170,(anonymous_9)
FN:174,(anonymous_10)
FN:183,(anonymous_11)
FN:221,(anonymous_12)
FN:228,(anonymous_13)
FN:240,(anonymous_14)
FN:296,(anonymous_15)
FN:302,(anonymous_16)
FN:315,(anonymous_17)
FN:321,(anonymous_18)
FN:334,(anonymous_19)
FN:340,(anonymous_20)
FN:354,(anonymous_21)
FN:366,(anonymous_22)
FN:388,(anonymous_23)
FN:402,(anonymous_24)
FN:464,(anonymous_25)
FN:479,(anonymous_26)
FN:514,(anonymous_27)
FN:514,(anonymous_28)
FN:531,(anonymous_29)
FN:531,(anonymous_30)
FN:551,(anonymous_31)
FN:558,(anonymous_32)
FN:588,(anonymous_33)
FN:590,(anonymous_34)
FN:603,(anonymous_35)
FN:605,(anonymous_36)
FN:619,(anonymous_37)
FN:629,(anonymous_38)
FN:638,(anonymous_39)
FN:646,(anonymous_40)
FN:648,(anonymous_41)
FN:661,(anonymous_42)
FN:697,(anonymous_43)
FN:705,(anonymous_44)
FN:707,(anonymous_45)
FNF:46
FNH:26
FNDA:34,EmployeeKpis
FNDA:34,(anonymous_1)
FNDA:34,(anonymous_2)
FNDA:34,(anonymous_3)
FNDA:11,loadEmployeeKpis
FNDA:8,(anonymous_5)
FNDA:8,loadStatic
FNDA:9,(anonymous_7)
FNDA:16,(anonymous_8)
FNDA:8,(anonymous_9)
FNDA:0,(anonymous_10)
FNDA:0,(anonymous_11)
FNDA:3,(anonymous_12)
FNDA:1,(anonymous_13)
FNDA:1,(anonymous_14)
FNDA:0,(anonymous_15)
FNDA:17,(anonymous_16)
FNDA:0,(anonymous_17)
FNDA:17,(anonymous_18)
FNDA:0,(anonymous_19)
FNDA:136,(anonymous_20)
FNDA:0,(anonymous_21)
FNDA:0,(anonymous_22)
FNDA:0,(anonymous_23)
FNDA:1,(anonymous_24)
FNDA:32,(anonymous_25)
FNDA:3,(anonymous_26)
FNDA:0,(anonymous_27)
FNDA:0,(anonymous_28)
FNDA:1,(anonymous_29)
FNDA:1,(anonymous_30)
FNDA:0,(anonymous_31)
FNDA:0,(anonymous_32)
FNDA:0,(anonymous_33)
FNDA:17,(anonymous_34)
FNDA:0,(anonymous_35)
FNDA:17,(anonymous_36)
FNDA:0,(anonymous_37)
FNDA:0,(anonymous_38)
FNDA:0,(anonymous_39)
FNDA:0,(anonymous_40)
FNDA:136,(anonymous_41)
FNDA:0,(anonymous_42)
FNDA:1,(anonymous_43)
FNDA:0,(anonymous_44)
FNDA:136,(anonymous_45)
DA:38,34
DA:39,34
DA:40,34
DA:41,34
DA:43,34
DA:44,34
DA:45,34
DA:46,34
DA:47,34
DA:52,34
DA:53,34
DA:54,34
DA:55,34
DA:57,34
DA:58,34
DA:59,34
DA:60,34
DA:61,34
DA:62,34
DA:64,34
DA:71,34
DA:78,34
DA:79,34
DA:83,34
DA:84,0
DA:88,0
DA:89,0
DA:92,34
DA:93,34
DA:94,34
DA:95,34
DA:102,11
DA:104,11
DA:114,10
DA:115,10
DA:117,10
DA:123,34
DA:125,8
DA:131,8
DA:132,8
DA:133,8
DA:135,8
DA:140,34
DA:141,9
DA:155,34
DA:157,34
DA:158,34
DA:159,34
DA:160,34
DA:163,34
DA:164,34
DA:165,34
DA:166,34
DA:169,34
DA:170,16
DA:171,16
DA:174,34
DA:175,0
DA:177,0
DA:178,0
DA:179,0
DA:181,0
DA:183,0
DA:185,0
DA:199,0
DA:200,0
DA:201,0
DA:203,0
DA:204,0
DA:205,0
DA:206,0
DA:207,0
DA:208,0
DA:209,0
DA:210,0
DA:216,34
DA:217,34
DA:218,34
DA:219,34
DA:221,34
DA:222,3
DA:223,3
DA:224,3
DA:225,3
DA:228,34
DA:229,1
DA:231,1
DA:236,1
DA:237,1
DA:240,34
DA:241,1
DA:243,1
DA:244,1
DA:245,1
DA:251,34
DA:297,0
DA:298,0
DA:303,17
DA:316,0
DA:317,0
DA:322,17
DA:335,0
DA:336,0
DA:341,136
DA:355,0
DA:356,0
DA:367,0
DA:368,0
DA:389,0
DA:390,0
DA:391,0
DA:392,0
DA:393,0
DA:394,0
DA:402,1
DA:466,32
DA:471,32
DA:475,32
DA:479,3
DA:514,0
DA:531,1
DA:551,0
DA:558,0
DA:588,0
DA:591,17
DA:603,0
DA:606,17
DA:619,0
DA:629,0
DA:638,0
DA:646,0
DA:649,136
DA:661,0
DA:697,1
DA:705,0
DA:708,136
LF:136
LH:88
BRDA:55,0,0,34
BRDA:55,0,1,19
BRDA:79,1,0,34
BRDA:79,1,1,0
BRDA:80,2,0,34
BRDA:80,2,1,0
BRDA:84,3,0,0
BRDA:84,3,1,0
BRDA:85,4,0,0
BRDA:85,4,1,0
BRDA:94,5,0,0
BRDA:94,5,1,34
BRDA:107,6,0,11
BRDA:107,6,1,11
BRDA:108,7,0,11
BRDA:108,7,1,11
BRDA:109,8,0,11
BRDA:109,8,1,11
BRDA:110,9,0,11
BRDA:110,9,1,11
BRDA:111,10,0,11
BRDA:111,10,1,11
BRDA:131,11,0,8
BRDA:131,11,1,0
BRDA:132,12,0,8
BRDA:132,12,1,0
BRDA:133,13,0,8
BRDA:133,13,1,0
BRDA:166,14,0,34
BRDA:166,14,1,0
BRDA:171,15,0,0
BRDA:171,15,1,16
BRDA:179,16,0,0
BRDA:179,16,1,0
BRDA:188,17,0,0
BRDA:188,17,1,0
BRDA:229,18,0,0
BRDA:229,18,1,1
BRDA:241,19,0,0
BRDA:241,19,1,1
BRDA:261,20,0,34
BRDA:261,20,1,0
BRDA:267,21,0,34
BRDA:267,21,1,0
BRDA:304,22,0,17
BRDA:304,22,1,0
BRDA:451,23,0,11
BRDA:451,23,1,23
BRDA:457,24,0,9
BRDA:457,24,1,14
BRDA:466,25,0,32
BRDA:466,25,1,32
BRDA:466,25,2,0
BRDA:471,26,0,32
BRDA:471,26,1,32
BRDA:471,26,2,0
BRDA:485,27,0,32
BRDA:485,27,1,0
BRDA:574,28,0,34
BRDA:574,28,1,0
BRDA:574,28,2,0
BRDA:574,28,3,0
BRDA:592,29,0,17
BRDA:592,29,1,0
BRDA:687,30,0,0
BRDA:687,30,1,34
BRF:66
BRH:37
end_of_record
TN:
SF:src\pages\admin\Employees.tsx
FN:34,EmployeesPage
FN:77,loadEmployees
FN:95,(anonymous_2)
FN:96,loadStatic
FN:115,(anonymous_4)
FN:132,loadPersonsModal
FN:144,(anonymous_6)
FN:155,(anonymous_7)
FN:173,(anonymous_8)
FN:180,(anonymous_9)
FN:183,(anonymous_10)
FN:187,(anonymous_11)
FN:188,(anonymous_12)
FN:194,(anonymous_13)
FN:254,loadEmployeeHistories
FN:266,(anonymous_15)
FN:283,(anonymous_16)
FN:290,(anonymous_17)
FN:299,(anonymous_18)
FN:300,(anonymous_19)
FN:305,(anonymous_20)
FN:309,(anonymous_21)
FN:309,(anonymous_22)
FN:317,(anonymous_23)
FN:320,(anonymous_24)
FN:324,(anonymous_25)
FN:329,(anonymous_26)
FN:385,(anonymous_27)
FN:397,(anonymous_28)
FN:403,(anonymous_29)
FN:416,(anonymous_30)
FN:422,(anonymous_31)
FN:435,(anonymous_32)
FN:441,(anonymous_33)
FN:463,(anonymous_34)
FN:476,(anonymous_35)
FN:538,(anonymous_36)
FN:542,(anonymous_37)
FN:573,(anonymous_38)
FN:573,(anonymous_39)
FN:590,(anonymous_40)
FN:590,(anonymous_41)
FN:610,(anonymous_42)
FN:617,(anonymous_43)
FN:657,(anonymous_44)
FN:671,(anonymous_45)
FN:677,(anonymous_46)
FN:691,(anonymous_47)
FN:693,(anonymous_48)
FN:707,(anonymous_49)
FN:709,(anonymous_50)
FN:723,(anonymous_51)
FN:726,(anonymous_52)
FN:740,(anonymous_53)
FN:742,(anonymous_54)
FN:756,(anonymous_55)
FN:767,(anonymous_56)
FN:775,(anonymous_57)
FN:829,(anonymous_58)
FN:830,(anonymous_59)
FN:839,(anonymous_60)
FN:840,(anonymous_61)
FN:854,(anonymous_62)
FN:855,(anonymous_63)
FN:862,(anonymous_64)
FN:876,(anonymous_65)
FN:877,(anonymous_66)
FN:884,(anonymous_67)
FN:898,(anonymous_68)
FN:899,(anonymous_69)
FN:903,(anonymous_70)
FN:917,(anonymous_71)
FN:918,(anonymous_72)
FN:922,(anonymous_73)
FN:936,(anonymous_74)
FN:937,(anonymous_75)
FN:944,(anonymous_76)
FN:1018,(anonymous_77)
FN:1055,(anonymous_78)
FN:1055,(anonymous_79)
FN:1071,(anonymous_80)
FN:1071,(anonymous_81)
FN:1093,(anonymous_82)
FN:1105,(anonymous_83)
FN:1115,(anonymous_84)
FN:1123,(anonymous_85)
FN:1127,(anonymous_86)
FN:1145,(anonymous_87)
FN:1145,(anonymous_88)
FN:1154,(anonymous_89)
FN:1154,(anonymous_90)
FNF:91
FNH:46
FNDA:65,EmployeesPage
FNDA:17,loadEmployees
FNDA:12,(anonymous_2)
FNDA:12,loadStatic
FNDA:16,(anonymous_4)
FNDA:1,loadPersonsModal
FNDA:13,(anonymous_6)
FNDA:0,(anonymous_7)
FNDA:12,(anonymous_8)
FNDA:0,(anonymous_9)
FNDA:0,(anonymous_10)
FNDA:24,(anonymous_11)
FNDA:12,(anonymous_12)
FNDA:0,(anonymous_13)
FNDA:4,loadEmployeeHistories
FNDA:4,(anonymous_15)
FNDA:18,(anonymous_16)
FNDA:1,(anonymous_17)
FNDA:1,(anonymous_18)
FNDA:1,(anonymous_19)
FNDA:1,(anonymous_20)
FNDA:1,(anonymous_21)
FNDA:1,(anonymous_22)
FNDA:16,(anonymous_23)
FNDA:16,(anonymous_24)
FNDA:48,(anonymous_25)
FNDA:0,(anonymous_26)
FNDA:2,(anonymous_27)
FNDA:0,(anonymous_28)
FNDA:33,(anonymous_29)
FNDA:0,(anonymous_30)
FNDA:33,(anonymous_31)
FNDA:0,(anonymous_32)
FNDA:33,(anonymous_33)
FNDA:1,(anonymous_34)
FNDA:2,(anonymous_35)
FNDA:48,(anonymous_36)
FNDA:4,(anonymous_37)
FNDA:0,(anonymous_38)
FNDA:0,(anonymous_39)
FNDA:1,(anonymous_40)
FNDA:1,(anonymous_41)
FNDA:0,(anonymous_42)
FNDA:0,(anonymous_43)
FNDA:1,(anonymous_44)
FNDA:0,(anonymous_45)
FNDA:33,(anonymous_46)
FNDA:0,(anonymous_47)
FNDA:0,(anonymous_48)
FNDA:0,(anonymous_49)
FNDA:0,(anonymous_50)
FNDA:0,(anonymous_51)
FNDA:33,(anonymous_52)
FNDA:0,(anonymous_53)
FNDA:33,(anonymous_54)
FNDA:0,(anonymous_55)
FNDA:0,(anonymous_56)
FNDA:0,(anonymous_57)
FNDA:1,(anonymous_58)
FNDA:1,(anonymous_59)
FNDA:1,(anonymous_60)
FNDA:1,(anonymous_61)
FNDA:0,(anonymous_62)
FNDA:0,(anonymous_63)
FNDA:33,(anonymous_64)
FNDA:0,(anonymous_65)
FNDA:0,(anonymous_66)
FNDA:33,(anonymous_67)
FNDA:0,(anonymous_68)
FNDA:0,(anonymous_69)
FNDA:33,(anonymous_70)
FNDA:0,(anonymous_71)
FNDA:0,(anonymous_72)
FNDA:33,(anonymous_73)
FNDA:0,(anonymous_74)
FNDA:0,(anonymous_75)
FNDA:33,(anonymous_76)
FNDA:0,(anonymous_77)
FNDA:0,(anonymous_78)
FNDA:0,(anonymous_79)
FNDA:0,(anonymous_80)
FNDA:0,(anonymous_81)
FNDA:0,(anonymous_82)
FNDA:0,(anonymous_83)
FNDA:0,(anonymous_84)
FNDA:1,(anonymous_85)
FNDA:0,(anonymous_86)
FNDA:0,(anonymous_87)
FNDA:0,(anonymous_88)
FNDA:0,(anonymous_89)
FNDA:0,(anonymous_90)
DA:42,65
DA:43,65
DA:44,65
DA:45,65
DA:46,65
DA:47,65
DA:48,65
DA:49,65
DA:54,65
DA:55,65
DA:56,65
DA:57,65
DA:58,65
DA:59,65
DA:61,65
DA:66,65
DA:67,65
DA:68,65
DA:69,65
DA:71,65
DA:72,65
DA:73,65
DA:74,65
DA:75,65
DA:78,17
DA:80,17
DA:89,17
DA:90,17
DA:92,17
DA:95,65
DA:97,12
DA:105,12
DA:106,12
DA:107,12
DA:108,12
DA:109,12
DA:112,12
DA:115,65
DA:116,16
DA:123,65
DA:124,65
DA:125,65
DA:126,65
DA:127,65
DA:128,65
DA:129,65
DA:130,65
DA:133,1
DA:140,1
DA:141,1
DA:144,65
DA:145,13
DA:146,1
DA:151,65
DA:152,65
DA:153,65
DA:155,65
DA:156,0
DA:157,0
DA:158,0
DA:159,0
DA:165,65
DA:167,65
DA:168,65
DA:169,65
DA:170,65
DA:171,65
DA:172,65
DA:173,12
DA:175,65
DA:176,65
DA:179,65
DA:180,0
DA:182,65
DA:183,0
DA:187,65
DA:188,24
DA:189,24
DA:190,0
DA:194,65
DA:195,0
DA:197,0
DA:209,0
DA:211,0
DA:212,0
DA:214,0
DA:219,0
DA:220,0
DA:221,0
DA:222,0
DA:223,0
DA:224,0
DA:225,0
DA:226,0
DA:227,0
DA:228,0
DA:229,0
DA:230,0
DA:236,65
DA:237,65
DA:240,65
DA:245,65
DA:248,65
DA:249,65
DA:250,65
DA:251,65
DA:252,65
DA:255,4
DA:256,4
DA:261,4
DA:262,4
DA:263,4
DA:266,65
DA:267,4
DA:268,4
DA:279,4
DA:280,4
DA:283,65
DA:284,18
DA:285,4
DA:290,65
DA:291,1
DA:293,1
DA:299,1
DA:300,1
DA:302,1
DA:305,65
DA:306,1
DA:308,1
DA:309,1
DA:310,1
DA:311,1
DA:315,65
DA:316,65
DA:317,16
DA:319,65
DA:320,16
DA:324,65
DA:325,48
DA:326,48
DA:329,65
DA:330,0
DA:331,0
DA:332,0
DA:334,0
DA:341,65
DA:386,2
DA:387,2
DA:398,0
DA:399,0
DA:404,33
DA:417,0
DA:418,0
DA:423,33
DA:436,0
DA:437,0
DA:442,33
DA:464,1
DA:465,1
DA:466,1
DA:467,1
DA:468,1
DA:476,2
DA:539,48
DA:542,4
DA:573,0
DA:590,1
DA:610,0
DA:617,0
DA:657,1
DA:672,0
DA:673,0
DA:674,0
DA:678,33
DA:691,0
DA:694,0
DA:707,0
DA:710,0
DA:723,0
DA:727,33
DA:740,0
DA:743,33
DA:756,0
DA:767,0
DA:775,0
DA:830,1
DA:840,1
DA:855,0
DA:863,33
DA:877,0
DA:885,33
DA:899,0
DA:904,33
DA:918,0
DA:923,33
DA:937,0
DA:945,33
DA:1019,0
DA:1055,0
DA:1071,0
DA:1093,0
DA:1106,0
DA:1107,0
DA:1116,0
DA:1117,0
DA:1124,1
DA:1127,0
DA:1145,0
DA:1154,0
LF:209
LH:143
BRDA:69,0,0,65
BRDA:69,0,1,34
BRDA:83,1,0,17
BRDA:83,1,1,15
BRDA:84,2,0,17
BRDA:84,2,1,17
BRDA:85,3,0,17
BRDA:85,3,1,17
BRDA:86,4,0,17
BRDA:86,4,1,17
BRDA:105,5,0,12
BRDA:105,5,1,0
BRDA:106,6,0,12
BRDA:106,6,1,0
BRDA:107,7,0,12
BRDA:107,7,1,0
BRDA:108,8,0,12
BRDA:108,8,1,0
BRDA:109,9,0,12
BRDA:109,9,1,0
BRDA:130,10,0,65
BRDA:130,10,1,64
BRDA:136,11,0,1
BRDA:136,11,1,1
BRDA:137,12,0,1
BRDA:137,12,1,1
BRDA:145,13,0,1
BRDA:145,13,1,12
BRDA:179,14,0,0
BRDA:179,14,1,65
BRDA:182,15,0,0
BRDA:182,15,1,65
BRDA:189,16,0,0
BRDA:189,16,1,24
BRDA:202,17,0,0
BRDA:202,17,1,0
BRDA:205,18,0,0
BRDA:205,18,1,0
BRDA:206,19,0,0
BRDA:206,19,1,0
BRDA:215,20,0,0
BRDA:215,20,1,0
BRDA:251,21,0,65
BRDA:251,21,1,65
BRDA:276,22,0,4
BRDA:276,22,1,4
BRDA:284,23,0,4
BRDA:284,23,1,14
BRDA:284,24,0,18
BRDA:284,24,1,4
BRDA:291,25,0,0
BRDA:291,25,1,1
BRDA:295,26,0,1
BRDA:295,26,1,0
BRDA:296,27,0,1
BRDA:296,27,1,0
BRDA:300,28,0,1
BRDA:300,28,1,0
BRDA:306,29,0,0
BRDA:306,29,1,1
BRDA:315,30,0,65
BRDA:315,30,1,49
BRDA:316,31,0,16
BRDA:316,31,1,49
BRDA:319,32,0,16
BRDA:319,32,1,49
BRDA:325,33,0,48
BRDA:325,33,1,0
BRDA:330,34,0,0
BRDA:330,34,1,0
BRDA:351,35,0,65
BRDA:351,35,1,0
BRDA:357,36,0,65
BRDA:357,36,1,0
BRDA:525,37,0,22
BRDA:525,37,1,43
BRDA:531,38,0,13
BRDA:531,38,1,30
BRDA:548,39,0,48
BRDA:548,39,1,0
BRDA:635,40,0,65
BRDA:635,40,1,0
BRDA:635,40,2,0
BRDA:635,40,3,0
BRDA:635,40,4,0
BRDA:635,40,5,0
BRDA:635,40,6,0
BRDA:659,41,0,0
BRDA:659,41,1,65
BRDA:799,42,0,0
BRDA:799,42,1,65
BRDA:810,43,0,65
BRDA:810,43,1,49
BRDA:818,44,0,65
BRDA:818,44,1,49
BRDA:828,45,0,65
BRDA:828,45,1,49
BRDA:838,46,0,65
BRDA:838,46,1,49
BRDA:853,47,0,65
BRDA:853,47,1,49
BRDA:875,48,0,65
BRDA:875,48,1,49
BRDA:897,49,0,65
BRDA:897,49,1,49
BRDA:916,50,0,65
BRDA:916,50,1,49
BRDA:935,51,0,65
BRDA:935,51,1,49
BRDA:1005,52,0,4
BRDA:1005,52,1,61
BRDA:1011,53,0,61
BRDA:1011,53,1,0
BRDA:1020,54,0,0
BRDA:1020,54,1,0
BRDA:1021,55,0,0
BRDA:1021,55,1,0
BRDA:1022,56,0,0
BRDA:1022,56,1,0
BRDA:1023,57,0,0
BRDA:1023,57,1,0
BRDA:1024,58,0,0
BRDA:1024,58,1,0
BRDA:1054,59,0,65
BRDA:1054,59,1,0
BRDA:1070,60,0,65
BRDA:1070,60,1,0
BRF:127
BRH:79
end_of_record
TN:
SF:src\pages\admin\EvaluationTypes.tsx
FN:24,EvaluationTypesPage
FN:55,loadEvaluationTypes
FN:72,(anonymous_2)
FN:73,loadStatic
FN:80,(anonymous_4)
FN:97,(anonymous_5)
FN:131,(anonymous_6)
FN:140,(anonymous_7)
FN:154,(anonymous_8)
FN:163,(anonymous_9)
FN:247,(anonymous_10)
FN:259,(anonymous_11)
FN:265,(anonymous_12)
FN:278,(anonymous_13)
FN:284,(anonymous_14)
FN:306,(anonymous_15)
FN:318,(anonymous_16)
FN:377,(anonymous_17)
FN:381,(anonymous_18)
FN:418,(anonymous_19)
FN:418,(anonymous_20)
FN:435,(anonymous_21)
FN:435,(anonymous_22)
FN:455,(anonymous_23)
FN:462,(anonymous_24)
FN:491,(anonymous_25)
FN:499,(anonymous_26)
FN:501,(anonymous_27)
FN:514,(anonymous_28)
FN:516,(anonymous_29)
FN:530,(anonymous_30)
FN:538,(anonymous_31)
FN:574,(anonymous_32)
FN:582,(anonymous_33)
FN:585,(anonymous_34)
FN:598,(anonymous_35)
FN:600,(anonymous_36)
FN:614,(anonymous_37)
FNF:38
FNH:24
FNDA:47,EvaluationTypesPage
FNDA:16,loadEvaluationTypes
FNDA:10,(anonymous_2)
FNDA:10,loadStatic
FNDA:14,(anonymous_4)
FNDA:0,(anonymous_5)
FNDA:3,(anonymous_6)
FNDA:1,(anonymous_7)
FNDA:1,(anonymous_8)
FNDA:35,(anonymous_9)
FNDA:2,(anonymous_10)
FNDA:0,(anonymous_11)
FNDA:20,(anonymous_12)
FNDA:0,(anonymous_13)
FNDA:235,(anonymous_14)
FNDA:1,(anonymous_15)
FNDA:1,(anonymous_16)
FNDA:35,(anonymous_17)
FNDA:3,(anonymous_18)
FNDA:0,(anonymous_19)
FNDA:0,(anonymous_20)
FNDA:1,(anonymous_21)
FNDA:1,(anonymous_22)
FNDA:0,(anonymous_23)
FNDA:0,(anonymous_24)
FNDA:0,(anonymous_25)
FNDA:0,(anonymous_26)
FNDA:20,(anonymous_27)
FNDA:0,(anonymous_28)
FNDA:235,(anonymous_29)
FNDA:0,(anonymous_30)
FNDA:0,(anonymous_31)
FNDA:1,(anonymous_32)
FNDA:0,(anonymous_33)
FNDA:20,(anonymous_34)
FNDA:0,(anonymous_35)
FNDA:235,(anonymous_36)
FNDA:1,(anonymous_37)
DA:32,47
DA:33,47
DA:38,47
DA:39,47
DA:40,47
DA:45,47
DA:46,47
DA:47,47
DA:48,47
DA:50,47
DA:51,47
DA:52,47
DA:53,47
DA:56,16
DA:58,16
DA:66,15
DA:67,15
DA:69,15
DA:72,47
DA:74,10
DA:75,10
DA:77,10
DA:80,47
DA:81,14
DA:88,47
DA:90,47
DA:91,47
DA:92,47
DA:95,47
DA:97,47
DA:98,0
DA:100,0
DA:108,0
DA:109,0
DA:110,0
DA:112,0
DA:113,0
DA:114,0
DA:115,0
DA:116,0
DA:122,47
DA:123,47
DA:124,47
DA:125,47
DA:126,47
DA:129,47
DA:131,47
DA:132,3
DA:133,3
DA:134,3
DA:135,3
DA:136,3
DA:137,3
DA:140,47
DA:141,1
DA:143,1
DA:150,1
DA:151,1
DA:154,47
DA:155,1
DA:157,1
DA:158,1
DA:159,1
DA:163,47
DA:164,35
DA:168,35
DA:170,0
DA:174,0
DA:176,0
DA:180,47
DA:203,47
DA:248,2
DA:249,2
DA:260,0
DA:261,0
DA:266,20
DA:279,0
DA:280,0
DA:285,235
DA:307,1
DA:308,1
DA:309,1
DA:310,1
DA:318,1
DA:378,35
DA:381,3
DA:418,0
DA:435,1
DA:455,0
DA:462,0
DA:491,0
DA:499,0
DA:502,20
DA:514,0
DA:517,235
DA:530,0
DA:538,0
DA:574,1
DA:582,0
DA:586,20
DA:598,0
DA:601,235
DA:614,1
LF:103
LH:76
BRDA:48,0,0,47
BRDA:48,0,1,29
BRDA:61,1,0,16
BRDA:61,1,1,14
BRDA:62,2,0,16
BRDA:62,2,1,16
BRDA:63,3,0,16
BRDA:63,3,1,16
BRDA:75,4,0,10
BRDA:75,4,1,0
BRDA:134,5,0,3
BRDA:134,5,1,0
BRDA:136,6,0,3
BRDA:136,6,1,0
BRDA:141,7,0,0
BRDA:141,7,1,1
BRDA:155,8,0,0
BRDA:155,8,1,1
BRDA:164,9,0,35
BRDA:164,9,1,0
BRDA:165,10,0,35
BRDA:165,10,1,0
BRDA:170,11,0,0
BRDA:170,11,1,0
BRDA:171,12,0,0
BRDA:171,12,1,0
BRDA:213,13,0,47
BRDA:213,13,1,0
BRDA:219,14,0,47
BRDA:219,14,1,0
BRDA:364,15,0,19
BRDA:364,15,1,28
BRDA:370,16,0,11
BRDA:370,16,1,17
BRDA:385,17,0,35
BRDA:385,17,1,0
BRDA:385,17,2,0
BRDA:394,18,0,35
BRDA:394,18,1,0
BRDA:478,19,0,47
BRDA:478,19,1,0
BRDA:478,19,2,0
BRDA:564,20,0,0
BRDA:564,20,1,47
BRF:44
BRH:25
end_of_record
TN:
SF:src\pages\admin\Kpis.tsx
FN:25,Kpis
FN:48,loadKpis
FN:65,(anonymous_2)
FN:66,loadStatic
FN:79,(anonymous_4)
FN:85,(anonymous_5)
FN:110,(anonymous_6)
FN:145,(anonymous_7)
FN:155,(anonymous_8)
FN:170,(anonymous_9)
FN:225,(anonymous_10)
FN:237,(anonymous_11)
FN:243,(anonymous_12)
FN:256,(anonymous_13)
FN:262,(anonymous_14)
FN:284,(anonymous_15)
FN:296,(anonymous_16)
FN:355,(anonymous_17)
FN:363,(anonymous_18)
FN:369,(anonymous_19)
FN:402,(anonymous_20)
FN:402,(anonymous_21)
FN:419,(anonymous_22)
FN:419,(anonymous_23)
FN:439,(anonymous_24)
FN:446,(anonymous_25)
FN:477,(anonymous_26)
FN:485,(anonymous_27)
FN:487,(anonymous_28)
FN:500,(anonymous_29)
FN:502,(anonymous_30)
FN:514,(anonymous_31)
FN:523,(anonymous_32)
FN:531,(anonymous_33)
FN:567,(anonymous_34)
FN:575,(anonymous_35)
FN:578,(anonymous_36)
FN:591,(anonymous_37)
FN:594,(anonymous_38)
FN:606,(anonymous_39)
FN:615,(anonymous_40)
FNF:41
FNH:26
FNDA:48,Kpis
FNDA:16,loadKpis
FNDA:10,(anonymous_2)
FNDA:10,loadStatic
FNDA:14,(anonymous_4)
FNDA:99,(anonymous_5)
FNDA:0,(anonymous_6)
FNDA:3,(anonymous_7)
FNDA:1,(anonymous_8)
FNDA:1,(anonymous_9)
FNDA:2,(anonymous_10)
FNDA:0,(anonymous_11)
FNDA:21,(anonymous_12)
FNDA:0,(anonymous_13)
FNDA:21,(anonymous_14)
FNDA:1,(anonymous_15)
FNDA:1,(anonymous_16)
FNDA:36,(anonymous_17)
FNDA:20,(anonymous_18)
FNDA:3,(anonymous_19)
FNDA:0,(anonymous_20)
FNDA:0,(anonymous_21)
FNDA:1,(anonymous_22)
FNDA:1,(anonymous_23)
FNDA:0,(anonymous_24)
FNDA:0,(anonymous_25)
FNDA:0,(anonymous_26)
FNDA:0,(anonymous_27)
FNDA:21,(anonymous_28)
FNDA:0,(anonymous_29)
FNDA:21,(anonymous_30)
FNDA:0,(anonymous_31)
FNDA:0,(anonymous_32)
FNDA:0,(anonymous_33)
FNDA:1,(anonymous_34)
FNDA:0,(anonymous_35)
FNDA:21,(anonymous_36)
FNDA:0,(anonymous_37)
FNDA:21,(anonymous_38)
FNDA:1,(anonymous_39)
FNDA:1,(anonymous_40)
DA:26,48
DA:27,48
DA:28,48
DA:30,48
DA:31,48
DA:32,48
DA:33,48
DA:38,48
DA:39,48
DA:40,48
DA:41,48
DA:43,48
DA:44,48
DA:45,48
DA:46,48
DA:49,16
DA:51,16
DA:59,15
DA:60,15
DA:62,15
DA:65,48
DA:67,10
DA:72,10
DA:73,10
DA:76,10
DA:79,48
DA:80,14
DA:85,48
DA:86,99
DA:90,99
DA:91,0
DA:95,0
DA:96,0
DA:102,48
DA:104,48
DA:105,48
DA:106,48
DA:107,48
DA:108,48
DA:110,48
DA:111,0
DA:113,0
DA:122,0
DA:123,0
DA:124,0
DA:126,0
DA:127,0
DA:128,0
DA:129,0
DA:130,0
DA:131,0
DA:137,48
DA:138,48
DA:139,48
DA:140,48
DA:141,48
DA:142,48
DA:143,48
DA:145,48
DA:146,3
DA:147,3
DA:148,3
DA:149,3
DA:150,3
DA:151,3
DA:152,3
DA:155,48
DA:156,1
DA:158,1
DA:166,1
DA:167,1
DA:170,48
DA:171,1
DA:173,1
DA:174,1
DA:175,1
DA:181,48
DA:226,2
DA:227,2
DA:238,0
DA:239,0
DA:244,21
DA:257,0
DA:258,0
DA:263,21
DA:285,1
DA:286,1
DA:287,1
DA:288,1
DA:296,1
DA:357,36
DA:362,36
DA:363,20
DA:365,36
DA:369,3
DA:402,0
DA:419,1
DA:439,0
DA:446,0
DA:477,0
DA:485,0
DA:488,21
DA:500,0
DA:503,21
DA:514,0
DA:523,0
DA:531,0
DA:567,1
DA:575,0
DA:579,21
DA:591,0
DA:595,21
DA:606,1
DA:615,1
LF:114
LH:85
BRDA:41,0,0,48
BRDA:41,0,1,29
BRDA:54,1,0,16
BRDA:54,1,1,14
BRDA:55,2,0,16
BRDA:55,2,1,16
BRDA:56,3,0,16
BRDA:56,3,1,16
BRDA:72,4,0,10
BRDA:72,4,1,0
BRDA:73,5,0,10
BRDA:73,5,1,0
BRDA:86,6,0,99
BRDA:86,6,1,0
BRDA:87,7,0,99
BRDA:87,7,1,0
BRDA:91,8,0,0
BRDA:91,8,1,0
BRDA:92,9,0,0
BRDA:92,9,1,0
BRDA:148,10,0,3
BRDA:148,10,1,0
BRDA:156,11,0,0
BRDA:156,11,1,1
BRDA:171,12,0,0
BRDA:171,12,1,1
BRDA:191,13,0,48
BRDA:191,13,1,0
BRDA:197,14,0,48
BRDA:197,14,1,0
BRDA:342,15,0,19
BRDA:342,15,1,29
BRDA:348,16,0,11
BRDA:348,16,1,18
BRDA:357,17,0,36
BRDA:357,17,1,20
BRDA:357,17,2,0
BRDA:362,18,0,36
BRDA:362,18,1,20
BRDA:374,19,0,36
BRDA:374,19,1,0
BRDA:463,20,0,48
BRDA:463,20,1,0
BRDA:463,20,2,0
BRDA:463,20,3,0
BRDA:557,21,0,0
BRDA:557,21,1,48
BRF:47
BRH:28
end_of_record
TN:
SF:src\pages\admin\OrgChart.tsx
FN:20,OrgChart
FN:27,(anonymous_1)
FN:28,loadData
FN:101,(anonymous_3)
FN:119,OrgBranch
FN:147,(anonymous_5)
FN:163,(anonymous_6)
FN:163,(anonymous_7)
FN:176,(anonymous_8)
FNF:9
FNH:0
FNDA:0,OrgChart
FNDA:0,(anonymous_1)
FNDA:0,loadData
FNDA:0,(anonymous_3)
FNDA:0,OrgBranch
FNDA:0,(anonymous_5)
FNDA:0,(anonymous_6)
FNDA:0,(anonymous_7)
FNDA:0,(anonymous_8)
DA:21,0
DA:22,0
DA:24,0
DA:25,0
DA:27,0
DA:29,0
DA:32,0
DA:37,0
DA:42,0
DA:43,0
DA:44,0
DA:53,0
DA:54,0
DA:55,0
DA:56,0
DA:65,0
DA:66,0
DA:67,0
DA:68,0
DA:69,0
DA:71,0
DA:75,0
DA:76,0
DA:79,0
DA:83,0
DA:102,0
DA:120,0
DA:122,0
DA:148,0
DA:163,0
DA:177,0
LF:31
LH:0
BRDA:37,0,0,0
BRDA:37,0,1,0
BRDA:39,1,0,0
BRDA:39,1,1,0
BRDA:55,2,0,0
BRDA:55,2,1,0
BRDA:58,3,0,0
BRDA:58,3,1,0
BRDA:67,4,0,0
BRDA:67,4,1,0
BRDA:69,5,0,0
BRDA:69,5,1,0
BRDA:97,6,0,0
BRDA:97,6,1,0
BRDA:132,7,0,0
BRDA:132,7,1,0
BRDA:141,8,0,0
BRDA:141,8,1,0
BRDA:150,9,0,0
BRDA:150,9,1,0
BRDA:159,10,0,0
BRDA:159,10,1,0
BRDA:166,11,0,0
BRDA:166,11,1,0
BRDA:172,12,0,0
BRDA:172,12,1,0
BRDA:172,12,2,0
BRF:27
BRH:0
end_of_record
TN:
SF:src\pages\admin\Persons.tsx
FN:24,Persons
FN:52,(anonymous_1)
FN:58,(anonymous_2)
FN:59,loadGeo
FN:70,loadPersons
FN:89,(anonymous_5)
FN:111,(anonymous_6)
FN:114,(anonymous_7)
FN:158,(anonymous_8)
FN:173,(anonymous_9)
FN:177,(anonymous_10)
FN:182,(anonymous_11)
FN:196,(anonymous_12)
FN:239,(anonymous_13)
FN:250,(anonymous_14)
FN:261,(anonymous_15)
FN:273,(anonymous_16)
FN:280,(anonymous_17)
FN:294,(anonymous_18)
FN:300,(anonymous_19)
FN:322,(anonymous_20)
FN:336,(anonymous_21)
FN:389,(anonymous_22)
FN:390,(anonymous_23)
FN:391,(anonymous_24)
FN:397,(anonymous_25)
FN:438,(anonymous_26)
FN:438,(anonymous_27)
FN:455,(anonymous_28)
FN:455,(anonymous_29)
FN:466,(anonymous_30)
FN:484,(anonymous_31)
FN:503,(anonymous_32)
FN:509,(anonymous_33)
FN:515,(anonymous_34)
FN:523,(anonymous_35)
FN:529,(anonymous_36)
FN:535,(anonymous_37)
FN:541,(anonymous_38)
FN:547,(anonymous_39)
FN:556,(anonymous_40)
FN:562,(anonymous_41)
FN:576,(anonymous_42)
FN:579,(anonymous_43)
FN:593,(anonymous_44)
FN:621,(anonymous_45)
FN:629,(anonymous_46)
FN:637,(anonymous_47)
FN:651,(anonymous_48)
FN:660,(anonymous_49)
FN:672,(anonymous_50)
FN:681,(anonymous_51)
FN:690,(anonymous_52)
FN:704,(anonymous_53)
FN:707,(anonymous_54)
FN:712,(anonymous_55)
FN:726,(anonymous_56)
FN:731,(anonymous_57)
FNF:58
FNH:36
FNDA:66,Persons
FNDA:0,(anonymous_1)
FNDA:12,(anonymous_2)
FNDA:12,loadGeo
FNDA:21,loadPersons
FNDA:18,(anonymous_5)
FNDA:0,(anonymous_6)
FNDA:1,(anonymous_7)
FNDA:3,(anonymous_8)
FNDA:3,(anonymous_9)
FNDA:9,(anonymous_10)
FNDA:1,(anonymous_11)
FNDA:1,(anonymous_12)
FNDA:2,(anonymous_13)
FNDA:1,(anonymous_14)
FNDA:1,(anonymous_15)
FNDA:0,(anonymous_16)
FNDA:60,(anonymous_17)
FNDA:0,(anonymous_18)
FNDA:90,(anonymous_19)
FNDA:1,(anonymous_20)
FNDA:2,(anonymous_21)
FNDA:46,(anonymous_22)
FNDA:46,(anonymous_23)
FNDA:46,(anonymous_24)
FNDA:3,(anonymous_25)
FNDA:0,(anonymous_26)
FNDA:0,(anonymous_27)
FNDA:1,(anonymous_28)
FNDA:1,(anonymous_29)
FNDA:0,(anonymous_30)
FNDA:0,(anonymous_31)
FNDA:1,(anonymous_32)
FNDA:1,(anonymous_33)
FNDA:1,(anonymous_34)
FNDA:1,(anonymous_35)
FNDA:1,(anonymous_36)
FNDA:1,(anonymous_37)
FNDA:1,(anonymous_38)
FNDA:1,(anonymous_39)
FNDA:0,(anonymous_40)
FNDA:60,(anonymous_41)
FNDA:0,(anonymous_42)
FNDA:0,(anonymous_43)
FNDA:0,(anonymous_44)
FNDA:1,(anonymous_45)
FNDA:0,(anonymous_46)
FNDA:0,(anonymous_47)
FNDA:0,(anonymous_48)
FNDA:0,(anonymous_49)
FNDA:0,(anonymous_50)
FNDA:0,(anonymous_51)
FNDA:0,(anonymous_52)
FNDA:0,(anonymous_53)
FNDA:0,(anonymous_54)
FNDA:60,(anonymous_55)
FNDA:0,(anonymous_56)
FNDA:12,(anonymous_57)
DA:25,66
DA:26,66
DA:27,66
DA:29,66
DA:30,66
DA:31,66
DA:32,66
DA:37,66
DA:38,66
DA:39,66
DA:40,66
DA:45,66
DA:46,66
DA:47,66
DA:48,66
DA:49,66
DA:51,66
DA:52,0
DA:58,66
DA:60,12
DA:61,12
DA:62,12
DA:64,12
DA:71,21
DA:73,21
DA:82,21
DA:84,20
DA:85,20
DA:86,20
DA:89,66
DA:90,18
DA:97,66
DA:99,66
DA:100,66
DA:101,66
DA:102,66
DA:103,66
DA:104,66
DA:105,66
DA:106,66
DA:107,66
DA:108,66
DA:110,66
DA:111,0
DA:114,66
DA:115,1
DA:127,1
DA:130,1
DA:131,1
DA:132,1
DA:133,1
DA:134,1
DA:135,1
DA:136,1
DA:137,1
DA:138,1
DA:139,1
DA:142,1
DA:143,1
DA:149,66
DA:150,66
DA:152,66
DA:153,66
DA:154,66
DA:158,66
DA:159,3
DA:161,3
DA:173,3
DA:174,3
DA:176,3
DA:177,9
DA:179,3
DA:182,66
DA:183,1
DA:185,1
DA:192,1
DA:193,1
DA:196,66
DA:197,1
DA:199,1
DA:201,1
DA:202,1
DA:208,66
DA:240,2
DA:241,2
DA:251,1
DA:252,1
DA:262,1
DA:263,1
DA:274,0
DA:275,0
DA:276,0
DA:281,60
DA:295,0
DA:296,0
DA:301,90
DA:323,1
DA:324,1
DA:325,1
DA:326,1
DA:327,1
DA:328,1
DA:336,2
DA:390,46
DA:391,46
DA:393,46
DA:397,3
DA:438,0
DA:455,1
DA:466,0
DA:484,0
DA:503,1
DA:509,1
DA:515,1
DA:523,1
DA:529,1
DA:535,1
DA:541,1
DA:547,1
DA:557,0
DA:558,0
DA:563,60
DA:576,0
DA:580,0
DA:593,0
DA:622,1
DA:630,0
DA:638,0
DA:652,0
DA:661,0
DA:673,0
DA:682,0
DA:691,0
DA:705,0
DA:706,0
DA:707,0
DA:708,0
DA:713,60
DA:727,0
DA:732,12
LF:140
LH:113
BRDA:51,0,0,0
BRDA:51,0,1,66
BRDA:76,1,0,21
BRDA:76,1,1,19
BRDA:77,2,0,21
BRDA:77,2,1,20
BRDA:78,3,0,21
BRDA:78,3,1,20
BRDA:79,4,0,21
BRDA:79,4,1,21
BRDA:110,5,0,0
BRDA:110,5,1,66
BRDA:164,6,0,3
BRDA:164,6,1,0
BRDA:165,7,0,3
BRDA:165,7,1,0
BRDA:166,8,0,3
BRDA:166,8,1,0
BRDA:167,9,0,3
BRDA:167,9,1,0
BRDA:168,10,0,3
BRDA:168,10,1,0
BRDA:169,11,0,3
BRDA:169,11,1,0
BRDA:174,12,0,3
BRDA:174,12,1,0
BRDA:183,13,0,0
BRDA:183,13,1,1
BRDA:187,14,0,1
BRDA:187,14,1,0
BRDA:188,15,0,1
BRDA:188,15,1,0
BRDA:189,16,0,1
BRDA:189,16,1,0
BRDA:197,17,0,0
BRDA:197,17,1,1
BRDA:380,18,0,66
BRDA:380,18,1,26
BRDA:388,19,0,66
BRDA:388,19,1,40
BRDA:401,20,0,46
BRDA:401,20,1,0
BRDA:402,21,0,26
BRDA:402,21,1,20
BRDA:404,22,0,26
BRDA:404,22,1,20
BRDA:406,23,0,46
BRDA:406,23,1,20
BRDA:407,24,0,46
BRDA:407,24,1,20
BRDA:409,25,0,26
BRDA:409,25,1,20
BRDA:411,26,0,46
BRDA:411,26,1,0
BRDA:412,27,0,46
BRDA:412,27,1,0
BRDA:422,28,0,66
BRDA:422,28,1,37
BRDA:620,29,0,66
BRDA:620,29,1,60
BRDA:628,30,0,66
BRDA:628,30,1,60
BRDA:636,31,0,66
BRDA:636,31,1,60
BRDA:650,32,0,66
BRDA:650,32,1,60
BRDA:659,33,0,66
BRDA:659,33,1,60
BRDA:671,34,0,66
BRDA:671,34,1,60
BRDA:680,35,0,66
BRDA:680,35,1,60
BRDA:689,36,0,66
BRDA:689,36,1,60
BRDA:724,37,0,66
BRDA:724,37,1,60
BRF:76
BRH:59
end_of_record
TN:
SF:src\pages\admin\RoleTypes.tsx
FN:20,RoleTypePage
FN:43,(anonymous_1)
FN:44,loadDeps
FN:52,loadRoleTypes
FN:68,(anonymous_4)
FN:80,(anonymous_5)
FN:102,(anonymous_6)
FN:109,(anonymous_7)
FN:121,(anonymous_8)
FN:168,(anonymous_9)
FN:180,(anonymous_10)
FN:186,(anonymous_11)
FN:208,(anonymous_12)
FN:230,(anonymous_13)
FN:266,(anonymous_14)
FN:276,(anonymous_15)
FN:303,(anonymous_16)
FN:303,(anonymous_17)
FN:319,(anonymous_18)
FN:319,(anonymous_19)
FN:338,(anonymous_20)
FN:345,(anonymous_21)
FN:375,(anonymous_22)
FN:383,(anonymous_23)
FN:385,(anonymous_24)
FN:398,(anonymous_25)
FN:432,(anonymous_26)
FN:440,(anonymous_27)
FN:442,(anonymous_28)
FNF:29
FNH:24
FNDA:60,RoleTypePage
FNDA:11,(anonymous_1)
FNDA:11,loadDeps
FNDA:20,loadRoleTypes
FNDA:17,(anonymous_4)
FNDA:1,(anonymous_5)
FNDA:3,(anonymous_6)
FNDA:1,(anonymous_7)
FNDA:1,(anonymous_8)
FNDA:2,(anonymous_9)
FNDA:2,(anonymous_10)
FNDA:64,(anonymous_11)
FNDA:1,(anonymous_12)
FNDA:2,(anonymous_13)
FNDA:53,(anonymous_14)
FNDA:3,(anonymous_15)
FNDA:0,(anonymous_16)
FNDA:0,(anonymous_17)
FNDA:1,(anonymous_18)
FNDA:1,(anonymous_19)
FNDA:0,(anonymous_20)
FNDA:0,(anonymous_21)
FNDA:1,(anonymous_22)
FNDA:1,(anonymous_23)
FNDA:64,(anonymous_24)
FNDA:0,(anonymous_25)
FNDA:1,(anonymous_26)
FNDA:1,(anonymous_27)
FNDA:64,(anonymous_28)
DA:21,60
DA:24,60
DA:27,60
DA:28,60
DA:31,60
DA:32,60
DA:33,60
DA:34,60
DA:37,60
DA:38,60
DA:40,60
DA:43,60
DA:45,11
DA:46,11
DA:48,11
DA:53,20
DA:55,20
DA:62,19
DA:63,19
DA:65,19
DA:68,60
DA:69,17
DA:76,60
DA:77,60
DA:78,60
DA:80,60
DA:81,1
DA:87,1
DA:88,1
DA:89,1
DA:90,1
DA:91,1
DA:97,60
DA:98,60
DA:102,60
DA:103,3
DA:104,3
DA:105,3
DA:106,3
DA:109,60
DA:110,1
DA:112,1
DA:117,1
DA:118,1
DA:121,60
DA:122,1
DA:124,1
DA:125,1
DA:126,1
DA:132,60
DA:169,2
DA:170,2
DA:181,2
DA:182,2
DA:187,64
DA:209,1
DA:210,1
DA:211,1
DA:230,2
DA:268,53
DA:272,53
DA:276,3
DA:303,0
DA:319,1
DA:338,0
DA:345,0
DA:375,1
DA:383,1
DA:386,64
DA:398,0
DA:432,1
DA:440,1
DA:443,64
LF:73
LH:69
BRDA:46,0,0,11
BRDA:46,0,1,0
BRDA:58,1,0,20
BRDA:58,1,1,17
BRDA:59,2,0,20
BRDA:59,2,1,18
BRDA:110,3,0,0
BRDA:110,3,1,1
BRDA:122,4,0,0
BRDA:122,4,1,1
BRDA:259,5,0,23
BRDA:259,5,1,37
BRDA:268,6,0,53
BRDA:268,6,1,30
BRDA:268,6,2,0
BRDA:295,7,0,60
BRDA:295,7,1,29
BRDA:363,8,0,60
BRDA:363,8,1,9
BRDA:420,9,0,60
BRDA:420,9,1,9
BRF:21
BRH:17
end_of_record
TN:
SF:src\pages\admin\Roles.tsx
FN:22,RolesPage
FN:50,(anonymous_1)
FN:51,loadStatic
FN:64,loadRoles
FN:81,(anonymous_4)
FN:95,(anonymous_5)
FN:118,(anonymous_6)
FN:127,(anonymous_7)
FN:141,(anonymous_8)
FN:183,(anonymous_9)
FN:195,(anonymous_10)
FN:201,(anonymous_11)
FN:214,(anonymous_12)
FN:220,(anonymous_13)
FN:242,(anonymous_14)
FN:265,(anonymous_15)
FN:307,(anonymous_16)
FN:309,(anonymous_17)
FN:313,(anonymous_18)
FN:319,(anonymous_19)
FN:350,(anonymous_20)
FN:367,(anonymous_21)
FN:386,(anonymous_22)
FN:393,(anonymous_23)
FN:423,(anonymous_24)
FN:431,(anonymous_25)
FN:433,(anonymous_26)
FN:446,(anonymous_27)
FN:449,(anonymous_28)
FN:450,(anonymous_29)
FN:463,(anonymous_30)
FN:471,(anonymous_31)
FN:504,(anonymous_32)
FN:512,(anonymous_33)
FN:514,(anonymous_34)
FN:527,(anonymous_35)
FN:530,(anonymous_36)
FN:531,(anonymous_37)
FN:544,(anonymous_38)
FNF:39
FNH:32
FNDA:64,RolesPage
FNDA:12,(anonymous_1)
FNDA:12,loadStatic
FNDA:21,loadRoles
FNDA:18,(anonymous_4)
FNDA:1,(anonymous_5)
FNDA:3,(anonymous_6)
FNDA:1,(anonymous_7)
FNDA:1,(anonymous_8)
FNDA:2,(anonymous_9)
FNDA:1,(anonymous_10)
FNDA:64,(anonymous_11)
FNDA:1,(anonymous_12)
FNDA:64,(anonymous_13)
FNDA:1,(anonymous_14)
FNDA:2,(anonymous_15)
FNDA:55,(anonymous_16)
FNDA:55,(anonymous_17)
FNDA:55,(anonymous_18)
FNDA:3,(anonymous_19)
FNDA:0,(anonymous_20)
FNDA:1,(anonymous_21)
FNDA:0,(anonymous_22)
FNDA:0,(anonymous_23)
FNDA:1,(anonymous_24)
FNDA:1,(anonymous_25)
FNDA:64,(anonymous_26)
FNDA:1,(anonymous_27)
FNDA:64,(anonymous_28)
FNDA:18,(anonymous_29)
FNDA:1,(anonymous_30)
FNDA:0,(anonymous_31)
FNDA:1,(anonymous_32)
FNDA:0,(anonymous_33)
FNDA:64,(anonymous_34)
FNDA:0,(anonymous_35)
FNDA:64,(anonymous_36)
FNDA:18,(anonymous_37)
FNDA:0,(anonymous_38)
DA:23,64
DA:24,64
DA:25,64
DA:30,64
DA:31,64
DA:32,64
DA:35,64
DA:36,64
DA:37,64
DA:38,64
DA:41,64
DA:42,64
DA:43,64
DA:45,64
DA:50,64
DA:52,12
DA:53,12
DA:55,12
DA:56,12
DA:58,12
DA:65,21
DA:67,21
DA:75,20
DA:76,20
DA:78,20
DA:81,64
DA:82,18
DA:89,64
DA:90,64
DA:91,64
DA:92,64
DA:93,64
DA:95,64
DA:96,1
DA:103,1
DA:104,1
DA:105,1
DA:106,1
DA:107,1
DA:108,1
DA:109,1
DA:115,64
DA:116,64
DA:118,64
DA:119,3
DA:120,3
DA:121,3
DA:122,3
DA:123,3
DA:124,3
DA:127,64
DA:128,1
DA:130,1
DA:137,1
DA:138,1
DA:141,64
DA:142,1
DA:144,1
DA:145,1
DA:146,1
DA:152,64
DA:184,2
DA:185,2
DA:196,1
DA:197,1
DA:202,64
DA:215,1
DA:216,1
DA:221,64
DA:243,1
DA:244,1
DA:245,1
DA:246,1
DA:265,2
DA:309,55
DA:313,55
DA:315,55
DA:319,3
DA:350,0
DA:367,1
DA:386,0
DA:393,0
DA:423,1
DA:431,1
DA:434,64
DA:446,1
DA:449,64
DA:451,18
DA:463,1
DA:471,0
DA:504,1
DA:512,0
DA:515,64
DA:527,0
DA:530,64
DA:532,18
DA:544,0
LF:97
LH:90
BRDA:55,0,0,12
BRDA:55,0,1,0
BRDA:56,1,0,12
BRDA:56,1,1,0
BRDA:70,2,0,21
BRDA:70,2,1,19
BRDA:71,3,0,21
BRDA:71,3,1,20
BRDA:72,4,0,21
BRDA:72,4,1,20
BRDA:128,5,0,0
BRDA:128,5,1,1
BRDA:142,6,0,0
BRDA:142,6,1,1
BRDA:300,7,0,24
BRDA:300,7,1,40
BRDA:309,8,0,55
BRDA:309,8,1,0
BRDA:313,9,0,55
BRDA:313,9,1,0
BRDA:342,10,0,64
BRDA:342,10,1,33
BRDA:411,11,0,64
BRDA:411,11,1,10
BRDA:411,11,2,9
BRDA:492,12,0,64
BRDA:492,12,1,10
BRDA:492,12,2,9
BRF:28
BRH:22
end_of_record
TN:
SF:src\pages\admin\Teams.tsx
FN:22,TeamsPage
FN:72,(anonymous_1)
FN:73,loadStatic
FN:88,loadTeams
FN:104,(anonymous_4)
FN:112,(anonymous_5)
FN:115,(anonymous_6)
FN:120,(anonymous_7)
FN:122,(anonymous_8)
FN:131,(anonymous_9)
FN:143,(anonymous_10)
FN:144,(anonymous_11)
FN:161,(anonymous_12)
FN:167,(anonymous_13)
FN:176,(anonymous_14)
FN:184,(anonymous_15)
FN:184,(anonymous_16)
FN:186,(anonymous_17)
FN:187,(anonymous_18)
FN:189,(anonymous_19)
FN:198,(anonymous_20)
FN:201,(anonymous_21)
FN:201,(anonymous_22)
FN:209,(anonymous_23)
FN:221,(anonymous_24)
FN:223,(anonymous_25)
FN:272,(anonymous_26)
FN:284,(anonymous_27)
FN:290,(anonymous_28)
FN:312,(anonymous_29)
FN:334,(anonymous_30)
FN:379,(anonymous_31)
FN:383,(anonymous_32)
FN:414,(anonymous_33)
FN:414,(anonymous_34)
FN:430,(anonymous_35)
FN:430,(anonymous_36)
FN:449,(anonymous_37)
FN:456,(anonymous_38)
FN:486,(anonymous_39)
FN:495,(anonymous_40)
FN:503,(anonymous_41)
FN:506,(anonymous_42)
FN:519,(anonymous_43)
FN:552,(anonymous_44)
FN:561,(anonymous_45)
FN:569,(anonymous_46)
FN:573,(anonymous_47)
FN:574,(anonymous_48)
FN:598,(anonymous_49)
FN:625,(anonymous_50)
FN:661,(anonymous_51)
FNF:52
FNH:45
FNDA:71,TeamsPage
FNDA:12,(anonymous_1)
FNDA:12,loadStatic
FNDA:20,loadTeams
FNDA:18,(anonymous_4)
FNDA:28,(anonymous_5)
FNDA:12,(anonymous_6)
FNDA:8,(anonymous_7)
FNDA:0,(anonymous_8)
FNDA:1,(anonymous_9)
FNDA:1,(anonymous_10)
FNDA:3,(anonymous_11)
FNDA:4,(anonymous_12)
FNDA:12,(anonymous_13)
FNDA:1,(anonymous_14)
FNDA:1,(anonymous_15)
FNDA:2,(anonymous_16)
FNDA:1,(anonymous_17)
FNDA:1,(anonymous_18)
FNDA:3,(anonymous_19)
FNDA:1,(anonymous_20)
FNDA:1,(anonymous_21)
FNDA:2,(anonymous_22)
FNDA:1,(anonymous_23)
FNDA:94,(anonymous_24)
FNDA:35,(anonymous_25)
FNDA:2,(anonymous_26)
FNDA:2,(anonymous_27)
FNDA:125,(anonymous_28)
FNDA:1,(anonymous_29)
FNDA:2,(anonymous_30)
FNDA:94,(anonymous_31)
FNDA:4,(anonymous_32)
FNDA:0,(anonymous_33)
FNDA:0,(anonymous_34)
FNDA:1,(anonymous_35)
FNDA:1,(anonymous_36)
FNDA:0,(anonymous_37)
FNDA:0,(anonymous_38)
FNDA:1,(anonymous_39)
FNDA:1,(anonymous_40)
FNDA:1,(anonymous_41)
FNDA:125,(anonymous_42)
FNDA:0,(anonymous_43)
FNDA:1,(anonymous_44)
FNDA:1,(anonymous_45)
FNDA:1,(anonymous_46)
FNDA:125,(anonymous_47)
FNDA:112,(anonymous_48)
FNDA:0,(anonymous_49)
FNDA:26,(anonymous_50)
FNDA:1,(anonymous_51)
DA:31,71
DA:32,71
DA:37,71
DA:38,71
DA:39,71
DA:40,71
DA:41,71
DA:44,71
DA:45,71
DA:46,71
DA:47,71
DA:50,71
DA:51,71
DA:53,71
DA:54,71
DA:57,71
DA:58,71
DA:59,71
DA:60,71
DA:63,71
DA:64,71
DA:65,71
DA:66,71
DA:67,71
DA:72,71
DA:74,12
DA:79,12
DA:80,12
DA:82,12
DA:89,20
DA:91,20
DA:98,19
DA:99,19
DA:101,19
DA:104,71
DA:105,18
DA:112,71
DA:113,28
DA:115,12
DA:116,4
DA:117,4
DA:119,4
DA:120,8
DA:121,0
DA:122,0
DA:125,4
DA:131,71
DA:132,1
DA:133,1
DA:134,1
DA:140,1
DA:141,1
DA:143,1
DA:144,3
DA:145,1
DA:148,1
DA:149,1
DA:150,1
DA:151,1
DA:152,1
DA:154,0
DA:161,71
DA:162,4
DA:163,4
DA:164,4
DA:165,4
DA:167,12
DA:168,4
DA:169,4
DA:170,4
DA:176,71
DA:177,1
DA:178,1
DA:184,2
DA:186,1
DA:187,1
DA:188,1
DA:189,3
DA:192,1
DA:198,71
DA:199,1
DA:200,1
DA:201,2
DA:202,1
DA:203,1
DA:209,71
DA:210,1
DA:211,1
DA:212,1
DA:213,1
DA:214,1
DA:216,0
DA:221,71
DA:222,94
DA:223,35
DA:229,71
DA:273,2
DA:274,2
DA:285,2
DA:286,2
DA:291,125
DA:313,1
DA:314,1
DA:315,1
DA:334,2
DA:380,94
DA:383,4
DA:414,0
DA:430,1
DA:449,0
DA:456,0
DA:486,1
DA:495,1
DA:503,1
DA:507,125
DA:519,0
DA:552,1
DA:561,1
DA:569,1
DA:573,125
DA:575,112
DA:599,0
DA:626,26
DA:661,1
LF:124
LH:115
BRDA:47,0,0,71
BRDA:47,0,1,31
BRDA:79,1,0,12
BRDA:79,1,1,0
BRDA:80,2,0,12
BRDA:80,2,1,0
BRDA:94,3,0,20
BRDA:94,3,1,17
BRDA:95,4,0,20
BRDA:95,4,1,18
BRDA:113,5,0,24
BRDA:113,5,1,4
BRDA:119,6,0,4
BRDA:119,6,1,0
BRDA:120,7,0,8
BRDA:120,7,1,0
BRDA:121,8,0,0
BRDA:121,8,1,0
BRDA:122,9,0,0
BRDA:122,9,1,0
BRDA:137,10,0,1
BRDA:137,10,1,0
BRDA:144,11,0,0
BRDA:144,11,1,1
BRDA:164,12,0,4
BRDA:164,12,1,0
BRDA:165,13,0,4
BRDA:165,13,1,4
BRDA:177,14,0,0
BRDA:177,14,1,1
BRDA:181,15,0,1
BRDA:181,15,1,0
BRDA:184,16,0,1
BRDA:184,16,1,1
BRDA:188,17,0,0
BRDA:188,17,1,1
BRDA:189,18,0,1
BRDA:189,18,1,2
BRDA:199,19,0,0
BRDA:199,19,1,1
BRDA:210,20,0,0
BRDA:210,20,1,1
BRDA:214,21,0,1
BRDA:214,21,1,0
BRDA:222,22,0,61
BRDA:222,22,1,33
BRDA:223,23,0,33
BRDA:223,23,1,0
BRDA:239,24,0,71
BRDA:239,24,1,2
BRDA:245,25,0,71
BRDA:245,25,1,0
BRDA:366,26,0,24
BRDA:366,26,1,47
BRDA:372,27,0,12
BRDA:372,27,1,35
BRDA:387,28,0,94
BRDA:387,28,1,62
BRDA:609,29,0,58
BRDA:609,29,1,13
BRDA:628,30,0,26
BRDA:628,30,1,0
BRDA:631,31,0,26
BRDA:631,31,1,0
BRDA:636,32,0,0
BRDA:636,32,1,26
BRDA:641,33,0,13
BRDA:641,33,1,13
BRDA:648,34,0,26
BRDA:648,34,1,13
BRF:70
BRH:48
end_of_record
TN:
SF:src\pages\admin\Users.tsx
FN:21,Users
FN:39,loadPersonsModal
FN:51,(anonymous_2)
FN:70,loadUsers
FN:83,(anonymous_4)
FN:84,loadInitial
FN:91,(anonymous_6)
FN:106,(anonymous_7)
FN:113,(anonymous_8)
FN:133,(anonymous_9)
FN:139,(anonymous_10)
FN:151,(anonymous_11)
FN:194,(anonymous_12)
FN:205,(anonymous_13)
FN:217,(anonymous_14)
FN:223,(anonymous_15)
FN:245,(anonymous_16)
FN:257,(anonymous_17)
FN:300,(anonymous_18)
FN:304,(anonymous_19)
FN:338,(anonymous_20)
FN:338,(anonymous_21)
FN:355,(anonymous_22)
FN:355,(anonymous_23)
FN:367,(anonymous_24)
FN:385,(anonymous_25)
FN:406,(anonymous_26)
FN:419,(anonymous_27)
FN:421,(anonymous_28)
FN:434,(anonymous_29)
FN:442,(anonymous_30)
FN:471,(anonymous_31)
FN:473,(anonymous_32)
FN:486,(anonymous_33)
FN:498,(anonymous_34)
FN:508,(anonymous_35)
FN:524,(anonymous_36)
FN:528,(anonymous_37)
FN:554,(anonymous_38)
FN:554,(anonymous_39)
FN:571,(anonymous_40)
FN:571,(anonymous_41)
FNF:42
FNH:34
FNDA:54,Users
FNDA:5,loadPersonsModal
FNDA:18,(anonymous_2)
FNDA:23,loadUsers
FNDA:12,(anonymous_4)
FNDA:12,loadInitial
FNDA:20,(anonymous_6)
FNDA:1,(anonymous_7)
FNDA:1,(anonymous_8)
FNDA:3,(anonymous_9)
FNDA:1,(anonymous_10)
FNDA:1,(anonymous_11)
FNDA:2,(anonymous_12)
FNDA:2,(anonymous_13)
FNDA:2,(anonymous_14)
FNDA:70,(anonymous_15)
FNDA:1,(anonymous_16)
FNDA:3,(anonymous_17)
FNDA:94,(anonymous_18)
FNDA:3,(anonymous_19)
FNDA:0,(anonymous_20)
FNDA:0,(anonymous_21)
FNDA:1,(anonymous_22)
FNDA:1,(anonymous_23)
FNDA:0,(anonymous_24)
FNDA:0,(anonymous_25)
FNDA:2,(anonymous_26)
FNDA:1,(anonymous_27)
FNDA:70,(anonymous_28)
FNDA:1,(anonymous_29)
FNDA:0,(anonymous_30)
FNDA:1,(anonymous_31)
FNDA:70,(anonymous_32)
FNDA:0,(anonymous_33)
FNDA:1,(anonymous_34)
FNDA:1,(anonymous_35)
FNDA:20,(anonymous_36)
FNDA:1,(anonymous_37)
FNDA:0,(anonymous_38)
FNDA:0,(anonymous_39)
FNDA:1,(anonymous_40)
FNDA:1,(anonymous_41)
DA:22,54
DA:23,54
DA:24,54
DA:26,54
DA:27,54
DA:30,54
DA:31,54
DA:32,54
DA:33,54
DA:34,54
DA:35,54
DA:37,54
DA:40,5
DA:47,5
DA:48,5
DA:51,54
DA:52,18
DA:56,54
DA:59,54
DA:60,54
DA:61,54
DA:62,54
DA:65,54
DA:66,54
DA:67,54
DA:71,23
DA:79,23
DA:80,23
DA:83,54
DA:85,12
DA:86,12
DA:88,12
DA:91,54
DA:92,20
DA:97,54
DA:99,54
DA:100,54
DA:101,54
DA:103,54
DA:104,54
DA:106,54
DA:107,1
DA:108,1
DA:109,1
DA:110,1
DA:113,54
DA:114,1
DA:123,1
DA:124,1
DA:125,1
DA:129,54
DA:130,54
DA:131,54
DA:133,54
DA:134,3
DA:135,3
DA:136,3
DA:139,54
DA:140,1
DA:142,1
DA:147,1
DA:148,1
DA:151,54
DA:152,1
DA:154,1
DA:155,1
DA:156,1
DA:163,54
DA:195,2
DA:196,2
DA:206,2
DA:207,2
DA:218,2
DA:219,2
DA:224,70
DA:246,1
DA:247,1
DA:248,1
DA:249,1
DA:257,3
DA:301,94
DA:304,3
DA:338,0
DA:355,1
DA:367,0
DA:385,0
DA:406,2
DA:419,1
DA:422,70
DA:434,1
DA:442,0
DA:471,1
DA:474,70
DA:486,0
DA:499,1
DA:500,1
DA:509,1
DA:510,1
DA:525,20
DA:528,1
DA:554,0
DA:571,1
LF:102
LH:96
BRDA:43,0,0,5
BRDA:43,0,1,2
BRDA:44,1,0,5
BRDA:44,1,1,3
BRDA:52,2,0,5
BRDA:52,2,1,13
BRDA:74,3,0,23
BRDA:74,3,1,19
BRDA:75,4,0,23
BRDA:75,4,1,20
BRDA:76,5,0,23
BRDA:76,5,1,21
BRDA:140,6,0,0
BRDA:140,6,1,1
BRDA:152,7,0,0
BRDA:152,7,1,1
BRDA:308,8,0,94
BRDA:308,8,1,0
BRDA:322,9,0,54
BRDA:322,9,1,19
BRDA:391,10,0,54
BRDA:391,10,1,4
BRDA:391,10,2,3
BRDA:408,11,0,4
BRDA:408,11,1,50
BRDA:538,12,0,54
BRDA:538,12,1,44
BRF:27
BRH:24
end_of_record
TN:
SF:src\pages\employee\EmployeeDashboard.tsx
FN:51,colorByProgress
FN:60,getHeatColor
FN:68,EmployeeDashboard
FN:103,(anonymous_3)
FN:104,fetchData
FN:126,fetchPerformanceReviews
FN:146,(anonymous_6)
FN:156,(anonymous_7)
FN:167,(anonymous_8)
FN:170,(anonymous_9)
FN:183,(anonymous_10)
FN:184,(anonymous_11)
FN:205,(anonymous_12)
FN:208,(anonymous_13)
FN:214,(anonymous_14)
FN:217,(anonymous_15)
FN:224,(anonymous_16)
FN:232,(anonymous_17)
FN:242,(anonymous_18)
FN:254,(anonymous_19)
FN:259,(anonymous_20)
FN:265,(anonymous_21)
FN:274,(anonymous_22)
FN:278,(anonymous_23)
FN:279,(anonymous_24)
FN:281,(anonymous_25)
FN:299,(anonymous_26)
FN:304,(anonymous_27)
FN:305,(anonymous_28)
FN:306,(anonymous_29)
FN:313,(anonymous_30)
FN:317,(anonymous_31)
FN:318,(anonymous_32)
FN:324,(anonymous_33)
FN:329,(anonymous_34)
FN:337,(anonymous_35)
FN:350,(anonymous_36)
FN:352,(anonymous_37)
FN:362,(anonymous_38)
FN:364,(anonymous_39)
FN:375,(anonymous_40)
FN:376,(anonymous_41)
FN:381,handleOpenReviewModal
FN:441,(anonymous_43)
FN:451,(anonymous_44)
FN:461,(anonymous_45)
FN:477,(anonymous_46)
FN:480,(anonymous_47)
FN:491,(anonymous_48)
FN:608,(anonymous_49)
FN:662,(anonymous_50)
FN:676,(anonymous_51)
FN:688,(anonymous_52)
FN:690,(anonymous_53)
FN:740,(anonymous_54)
FN:744,(anonymous_55)
FN:867,(anonymous_56)
FN:901,(anonymous_57)
FN:901,(anonymous_58)
FN:910,(anonymous_59)
FN:911,(anonymous_60)
FNF:61
FNH:0
FNDA:0,colorByProgress
FNDA:0,getHeatColor
FNDA:0,EmployeeDashboard
FNDA:0,(anonymous_3)
FNDA:0,fetchData
FNDA:0,fetchPerformanceReviews
FNDA:0,(anonymous_6)
FNDA:0,(anonymous_7)
FNDA:0,(anonymous_8)
FNDA:0,(anonymous_9)
FNDA:0,(anonymous_10)
FNDA:0,(anonymous_11)
FNDA:0,(anonymous_12)
FNDA:0,(anonymous_13)
FNDA:0,(anonymous_14)
FNDA:0,(anonymous_15)
FNDA:0,(anonymous_16)
FNDA:0,(anonymous_17)
FNDA:0,(anonymous_18)
FNDA:0,(anonymous_19)
FNDA:0,(anonymous_20)
FNDA:0,(anonymous_21)
FNDA:0,(anonymous_22)
FNDA:0,(anonymous_23)
FNDA:0,(anonymous_24)
FNDA:0,(anonymous_25)
FNDA:0,(anonymous_26)
FNDA:0,(anonymous_27)
FNDA:0,(anonymous_28)
FNDA:0,(anonymous_29)
FNDA:0,(anonymous_30)
FNDA:0,(anonymous_31)
FNDA:0,(anonymous_32)
FNDA:0,(anonymous_33)
FNDA:0,(anonymous_34)
FNDA:0,(anonymous_35)
FNDA:0,(anonymous_36)
FNDA:0,(anonymous_37)
FNDA:0,(anonymous_38)
FNDA:0,(anonymous_39)
FNDA:0,(anonymous_40)
FNDA:0,(anonymous_41)
FNDA:0,handleOpenReviewModal
FNDA:0,(anonymous_43)
FNDA:0,(anonymous_44)
FNDA:0,(anonymous_45)
FNDA:0,(anonymous_46)
FNDA:0,(anonymous_47)
FNDA:0,(anonymous_48)
FNDA:0,(anonymous_49)
FNDA:0,(anonymous_50)
FNDA:0,(anonymous_51)
FNDA:0,(anonymous_52)
FNDA:0,(anonymous_53)
FNDA:0,(anonymous_54)
FNDA:0,(anonymous_55)
FNDA:0,(anonymous_56)
FNDA:0,(anonymous_57)
FNDA:0,(anonymous_58)
FNDA:0,(anonymous_59)
FNDA:0,(anonymous_60)
DA:52,0
DA:53,0
DA:54,0
DA:55,0
DA:56,0
DA:61,0
DA:62,0
DA:63,0
DA:64,0
DA:65,0
DA:69,0
DA:70,0
DA:74,0
DA:76,0
DA:78,0
DA:79,0
DA:82,0
DA:83,0
DA:84,0
DA:85,0
DA:87,0
DA:90,0
DA:93,0
DA:94,0
DA:95,0
DA:96,0
DA:98,0
DA:99,0
DA:100,0
DA:103,0
DA:105,0
DA:107,0
DA:112,0
DA:113,0
DA:115,0
DA:116,0
DA:117,0
DA:119,0
DA:121,0
DA:127,0
DA:128,0
DA:130,0
DA:135,0
DA:138,0
DA:143,0
DA:146,0
DA:149,0
DA:150,0
DA:152,0
DA:156,0
DA:157,0
DA:161,0
DA:167,0
DA:168,0
DA:170,0
DA:171,0
DA:172,0
DA:173,0
DA:179,0
DA:183,0
DA:184,0
DA:185,0
DA:186,0
DA:188,0
DA:189,0
DA:190,0
DA:191,0
DA:194,0
DA:195,0
DA:196,0
DA:197,0
DA:200,0
DA:205,0
DA:206,0
DA:207,0
DA:208,0
DA:209,0
DA:214,0
DA:217,0
DA:218,0
DA:220,0
DA:222,0
DA:223,0
DA:224,0
DA:225,0
DA:226,0
DA:230,0
DA:231,0
DA:232,0
DA:233,0
DA:234,0
DA:238,0
DA:242,0
DA:243,0
DA:245,0
DA:246,0
DA:248,0
DA:249,0
DA:250,0
DA:251,0
DA:254,0
DA:255,0
DA:256,0
DA:259,0
DA:264,0
DA:265,0
DA:268,0
DA:274,0
DA:275,0
DA:277,0
DA:278,0
DA:279,0
DA:281,0
DA:283,0
DA:299,0
DA:302,0
DA:303,0
DA:304,0
DA:305,0
DA:306,0
DA:313,0
DA:314,0
DA:316,0
DA:317,0
DA:318,0
DA:319,0
DA:323,0
DA:324,0
DA:327,0
DA:328,0
DA:329,0
DA:330,0
DA:331,0
DA:335,0
DA:336,0
DA:337,0
DA:338,0
DA:339,0
DA:343,0
DA:346,0
DA:347,0
DA:348,0
DA:350,0
DA:352,0
DA:357,0
DA:358,0
DA:359,0
DA:361,0
DA:362,0
DA:363,0
DA:364,0
DA:365,0
DA:368,0
DA:369,0
DA:372,0
DA:375,0
DA:376,0
DA:382,0
DA:383,0
DA:384,0
DA:389,0
DA:390,0
DA:401,0
DA:441,0
DA:451,0
DA:461,0
DA:477,0
DA:481,0
DA:492,0
DA:493,0
DA:494,0
DA:495,0
DA:609,0
DA:610,0
DA:611,0
DA:612,0
DA:614,0
DA:663,0
DA:677,0
DA:689,0
DA:691,0
DA:741,0
DA:744,0
DA:868,0
DA:901,0
DA:911,0
LF:186
LH:0
BRDA:52,0,0,0
BRDA:52,0,1,0
BRDA:54,1,0,0
BRDA:54,1,1,0
BRDA:55,2,0,0
BRDA:55,2,1,0
BRDA:61,3,0,0
BRDA:61,3,1,0
BRDA:62,4,0,0
BRDA:62,4,1,0
BRDA:63,5,0,0
BRDA:63,5,1,0
BRDA:64,6,0,0
BRDA:64,6,1,0
BRDA:112,7,0,0
BRDA:112,7,1,0
BRDA:112,7,2,0
BRDA:113,8,0,0
BRDA:113,8,1,0
BRDA:113,8,2,0
BRDA:117,9,0,0
BRDA:117,9,1,0
BRDA:135,10,0,0
BRDA:135,10,1,0
BRDA:135,10,2,0
BRDA:138,11,0,0
BRDA:138,11,1,0
BRDA:138,11,2,0
BRDA:138,11,3,0
BRDA:163,12,0,0
BRDA:163,12,1,0
BRDA:171,13,0,0
BRDA:171,13,1,0
BRDA:172,14,0,0
BRDA:172,14,1,0
BRDA:185,15,0,0
BRDA:185,15,1,0
BRDA:185,16,0,0
BRDA:185,16,1,0
BRDA:186,17,0,0
BRDA:186,17,1,0
BRDA:186,18,0,0
BRDA:186,18,1,0
BRDA:188,19,0,0
BRDA:188,19,1,0
BRDA:188,20,0,0
BRDA:188,20,1,0
BRDA:191,21,0,0
BRDA:191,21,1,0
BRDA:194,22,0,0
BRDA:194,22,1,0
BRDA:194,23,0,0
BRDA:194,23,1,0
BRDA:197,24,0,0
BRDA:197,24,1,0
BRDA:206,25,0,0
BRDA:206,25,1,0
BRDA:208,26,0,0
BRDA:208,26,1,0
BRDA:209,27,0,0
BRDA:209,27,1,0
BRDA:218,28,0,0
BRDA:218,28,1,0
BRDA:220,29,0,0
BRDA:220,29,1,0
BRDA:222,30,0,0
BRDA:222,30,1,0
BRDA:226,31,0,0
BRDA:226,31,1,0
BRDA:230,32,0,0
BRDA:230,32,1,0
BRDA:234,33,0,0
BRDA:234,33,1,0
BRDA:243,34,0,0
BRDA:243,34,1,0
BRDA:243,35,0,0
BRDA:243,35,1,0
BRDA:245,36,0,0
BRDA:245,36,1,0
BRDA:250,37,0,0
BRDA:250,37,1,0
BRDA:255,38,0,0
BRDA:255,38,1,0
BRDA:259,39,0,0
BRDA:259,39,1,0
BRDA:268,40,0,0
BRDA:268,40,1,0
BRDA:275,41,0,0
BRDA:275,41,1,0
BRDA:281,42,0,0
BRDA:281,42,1,0
BRDA:285,43,0,0
BRDA:285,43,1,0
BRDA:316,44,0,0
BRDA:316,44,1,0
BRDA:323,45,0,0
BRDA:323,45,1,0
BRDA:327,46,0,0
BRDA:327,46,1,0
BRDA:331,47,0,0
BRDA:331,47,1,0
BRDA:335,48,0,0
BRDA:335,48,1,0
BRDA:339,49,0,0
BRDA:339,49,1,0
BRDA:365,50,0,0
BRDA:365,50,1,0
BRDA:389,51,0,0
BRDA:389,51,1,0
BRDA:609,52,0,0
BRDA:609,52,1,0
BRDA:610,53,0,0
BRDA:610,53,1,0
BRDA:611,54,0,0
BRDA:611,54,1,0
BRDA:618,55,0,0
BRDA:618,55,1,0
BRDA:694,56,0,0
BRDA:694,56,1,0
BRDA:703,57,0,0
BRDA:703,57,1,0
BRDA:743,58,0,0
BRDA:743,58,1,0
BRDA:751,59,0,0
BRDA:751,59,1,0
BRDA:753,60,0,0
BRDA:753,60,1,0
BRDA:756,61,0,0
BRDA:756,61,1,0
BRDA:767,62,0,0
BRDA:767,62,1,0
BRDA:848,63,0,0
BRDA:848,63,1,0
BRDA:857,64,0,0
BRDA:857,64,1,0
BRF:135
BRH:0
end_of_record
TN:
SF:src\pages\employee\EmployeeKpiEvolution.tsx
FN:28,EmployeeKpiEvolution
FN:61,(anonymous_1)
FN:70,(anonymous_2)
FN:76,loadEmployeeKpis
FN:93,(anonymous_4)
FN:101,loadEvolutions
FN:110,(anonymous_6)
FN:122,(anonymous_7)
FN:128,(anonymous_8)
FN:148,(anonymous_9)
FN:154,(anonymous_10)
FN:171,(anonymous_11)
FN:172,(anonymous_12)
FN:223,(anonymous_13)
FN:237,(anonymous_14)
FN:251,(anonymous_15)
FN:257,(anonymous_16)
FN:279,(anonymous_17)
FN:329,(anonymous_18)
FN:333,(anonymous_19)
FN:352,(anonymous_20)
FN:386,(anonymous_21)
FN:421,(anonymous_22)
FN:462,(anonymous_23)
FN:509,(anonymous_24)
FN:509,(anonymous_25)
FN:517,(anonymous_26)
FN:517,(anonymous_27)
FN:530,(anonymous_28)
FN:535,(anonymous_29)
FN:559,(anonymous_30)
FN:571,(anonymous_31)
FN:587,(anonymous_32)
FN:592,(anonymous_33)
FN:616,(anonymous_34)
FN:628,(anonymous_35)
FNF:36
FNH:0
FNDA:0,EmployeeKpiEvolution
FNDA:0,(anonymous_1)
FNDA:0,(anonymous_2)
FNDA:0,loadEmployeeKpis
FNDA:0,(anonymous_4)
FNDA:0,loadEvolutions
FNDA:0,(anonymous_6)
FNDA:0,(anonymous_7)
FNDA:0,(anonymous_8)
FNDA:0,(anonymous_9)
FNDA:0,(anonymous_10)
FNDA:0,(anonymous_11)
FNDA:0,(anonymous_12)
FNDA:0,(anonymous_13)
FNDA:0,(anonymous_14)
FNDA:0,(anonymous_15)
FNDA:0,(anonymous_16)
FNDA:0,(anonymous_17)
FNDA:0,(anonymous_18)
FNDA:0,(anonymous_19)
FNDA:0,(anonymous_20)
FNDA:0,(anonymous_21)
FNDA:0,(anonymous_22)
FNDA:0,(anonymous_23)
FNDA:0,(anonymous_24)
FNDA:0,(anonymous_25)
FNDA:0,(anonymous_26)
FNDA:0,(anonymous_27)
FNDA:0,(anonymous_28)
FNDA:0,(anonymous_29)
FNDA:0,(anonymous_30)
FNDA:0,(anonymous_31)
FNDA:0,(anonymous_32)
FNDA:0,(anonymous_33)
FNDA:0,(anonymous_34)
FNDA:0,(anonymous_35)
DA:29,0
DA:36,0
DA:38,0
DA:39,0
DA:44,0
DA:45,0
DA:50,0
DA:51,0
DA:52,0
DA:53,0
DA:55,0
DA:56,0
DA:57,0
DA:58,0
DA:61,0
DA:62,0
DA:63,0
DA:64,0
DA:65,0
DA:66,0
DA:67,0
DA:70,0
DA:77,0
DA:79,0
DA:88,0
DA:89,0
DA:90,0
DA:93,0
DA:94,0
DA:102,0
DA:107,0
DA:110,0
DA:111,0
DA:118,0
DA:119,0
DA:120,0
DA:122,0
DA:123,0
DA:124,0
DA:125,0
DA:128,0
DA:129,0
DA:131,0
DA:137,0
DA:138,0
DA:139,0
DA:145,0
DA:146,0
DA:148,0
DA:149,0
DA:150,0
DA:151,0
DA:154,0
DA:155,0
DA:157,0
DA:161,0
DA:162,0
DA:163,0
DA:169,0
DA:171,0
DA:172,0
DA:178,0
DA:224,0
DA:225,0
DA:238,0
DA:239,0
DA:252,0
DA:253,0
DA:258,0
DA:280,0
DA:281,0
DA:282,0
DA:283,0
DA:330,0
DA:332,0
DA:333,0
DA:337,0
DA:345,0
DA:352,0
DA:387,0
DA:388,0
DA:422,0
DA:425,0
DA:430,0
DA:432,0
DA:462,0
DA:509,0
DA:517,0
DA:530,0
DA:535,0
DA:559,0
DA:571,0
DA:587,0
DA:592,0
DA:616,0
DA:628,0
LF:96
LH:0
BRDA:53,0,0,0
BRDA:53,0,1,0
BRDA:64,1,0,0
BRDA:64,1,1,0
BRDA:65,2,0,0
BRDA:65,2,1,0
BRDA:66,3,0,0
BRDA:66,3,1,0
BRDA:83,4,0,0
BRDA:83,4,1,0
BRDA:84,5,0,0
BRDA:84,5,1,0
BRDA:85,6,0,0
BRDA:85,6,1,0
BRDA:88,7,0,0
BRDA:88,7,1,0
BRDA:89,8,0,0
BRDA:89,8,1,0
BRDA:107,9,0,0
BRDA:107,9,1,0
BRDA:129,10,0,0
BRDA:129,10,1,0
BRDA:155,11,0,0
BRDA:155,11,1,0
BRDA:172,12,0,0
BRDA:172,12,1,0
BRDA:188,13,0,0
BRDA:188,13,1,0
BRDA:194,14,0,0
BRDA:194,14,1,0
BRDA:316,15,0,0
BRDA:316,15,1,0
BRDA:322,16,0,0
BRDA:322,16,1,0
BRDA:337,17,0,0
BRDA:337,17,1,0
BRDA:337,17,2,0
BRDA:342,18,0,0
BRDA:342,18,1,0
BRDA:350,19,0,0
BRDA:350,19,1,0
BRDA:357,20,0,0
BRDA:357,20,1,0
BRDA:357,21,0,0
BRDA:357,21,1,0
BRDA:359,22,0,0
BRDA:359,22,1,0
BRDA:366,23,0,0
BRDA:366,23,1,0
BRDA:369,24,0,0
BRDA:369,24,1,0
BRDA:372,25,0,0
BRDA:372,25,1,0
BRDA:375,26,0,0
BRDA:375,26,1,0
BRDA:396,27,0,0
BRDA:396,27,1,0
BRDA:399,28,0,0
BRDA:399,28,1,0
BRDA:425,29,0,0
BRDA:425,29,1,0
BRDA:439,30,0,0
BRDA:439,30,1,0
BRDA:446,31,0,0
BRDA:446,31,1,0
BRDA:453,32,0,0
BRDA:453,32,1,0
BRDA:493,33,0,0
BRDA:493,33,1,0
BRDA:531,34,0,0
BRDA:531,34,1,0
BRDA:540,35,0,0
BRDA:540,35,1,0
BRDA:543,36,0,0
BRDA:543,36,1,0
BRDA:553,37,0,0
BRDA:553,37,1,0
BRDA:576,38,0,0
BRDA:576,38,1,0
BRDA:597,39,0,0
BRDA:597,39,1,0
BRDA:600,40,0,0
BRDA:600,40,1,0
BRDA:610,41,0,0
BRDA:610,41,1,0
BRDA:633,42,0,0
BRDA:633,42,1,0
BRF:87
BRH:0
end_of_record
TN:
SF:src\pages\login\Login.tsx
FN:9,LoginPage
FN:18,(anonymous_1)
FN:97,(anonymous_2)
FN:111,(anonymous_3)
FNF:4
FNH:4
FNDA:16,LoginPage
FNDA:3,(anonymous_1)
FNDA:3,(anonymous_2)
FNDA:3,(anonymous_3)
DA:10,16
DA:11,16
DA:12,16
DA:13,16
[...]
FN:546,(anonymous_43)
FNF:44
FNH:0
FNDA:0,colorByProgress
FNDA:0,getHeatColor
FNDA:0,TeamKpisDashboard
FNDA:0,(anonymous_3)
FNDA:0,load
FNDA:0,(anonymous_5)
FNDA:0,(anonymous_6)
FNDA:0,(anonymous_7)
FNDA:0,(anonymous_8)
FNDA:0,(anonymous_9)
FNDA:0,(anonymous_10)
FNDA:0,(anonymous_11)
FNDA:0,(anonymous_12)
FNDA:0,(anonymous_13)
FNDA:0,(anonymous_14)
FNDA:0,(anonymous_15)
FNDA:0,(anonymous_16)
FNDA:0,(anonymous_17)
FNDA:0,(anonymous_18)
FNDA:0,(anonymous_19)
FNDA:0,(anonymous_20)
FNDA:0,(anonymous_21)
FNDA:0,(anonymous_22)
FNDA:0,(anonymous_23)
FNDA:0,(anonymous_24)
FNDA:0,(anonymous_25)
FNDA:0,(anonymous_26)
FNDA:0,(anonymous_27)
FNDA:0,(anonymous_28)
FNDA:0,(anonymous_29)
FNDA:0,(anonymous_30)
FNDA:0,(anonymous_31)
FNDA:0,(anonymous_32)
FNDA:0,(anonymous_33)
FNDA:0,(anonymous_34)
FNDA:0,(anonymous_35)
FNDA:0,(anonymous_36)
FNDA:0,(anonymous_37)
FNDA:0,(anonymous_38)
FNDA:0,(anonymous_39)
FNDA:0,(anonymous_40)
FNDA:0,(anonymous_41)
FNDA:0,(anonymous_42)
FNDA:0,(anonymous_43)
DA:46,0
DA:47,0
DA:48,0
DA:49,0
DA:50,0
DA:54,0
DA:55,0
DA:56,0
DA:57,0
DA:58,0
DA:66,0
DA:67,0
DA:69,0
DA:71,0
DA:72,0
DA:77,0
DA:78,0
DA:79,0
DA:80,0
DA:82,0
DA:87,0
DA:89,0
DA:92,0
DA:93,0
DA:94,0
DA:96,0
DA:97,0
DA:99,0
DA:100,0
DA:102,0
DA:104,0
DA:106,0
DA:108,0
DA:116,0
DA:117,0
DA:118,0
DA:119,0
DA:121,0
DA:122,0
DA:123,0
DA:124,0
DA:127,0
DA:128,0
DA:129,0
DA:130,0
DA:133,0
DA:137,0
DA:138,0
DA:139,0
DA:140,0
DA:141,0
DA:145,0
DA:151,0
DA:152,0
DA:154,0
DA:156,0
DA:157,0
DA:158,0
DA:159,0
DA:160,0
DA:164,0
DA:165,0
DA:166,0
DA:167,0
DA:168,0
DA:172,0
DA:179,0
DA:180,0
DA:182,0
DA:183,0
DA:185,0
DA:186,0
DA:187,0
DA:188,0
DA:191,0
DA:192,0
DA:193,0
DA:196,0
DA:202,0
DA:204,0
DA:208,0
DA:216,0
DA:217,0
DA:218,0
DA:219,0
DA:220,0
DA:227,0
DA:228,0
DA:229,0
DA:231,0
DA:233,0
DA:238,0
DA:239,0
DA:240,0
DA:242,0
DA:243,0
DA:244,0
DA:245,0
DA:246,0
DA:248,0
DA:249,0
DA:252,0
DA:255,0
DA:256,0
DA:264,0
DA:279,0
DA:289,0
DA:298,0
DA:314,0
DA:318,0
DA:340,0
DA:341,0
DA:342,0
DA:343,0
DA:416,0
DA:417,0
DA:418,0
DA:419,0
DA:421,0
DA:457,0
DA:471,0
DA:479,0
DA:481,0
DA:514,0
DA:517,0
DA:538,0
DA:546,0
LF:127
LH:0
BRDA:46,0,0,0
BRDA:46,0,1,0
BRDA:48,1,0,0
BRDA:48,1,1,0
BRDA:49,2,0,0
BRDA:49,2,1,0
BRDA:54,3,0,0
BRDA:54,3,1,0
BRDA:55,4,0,0
BRDA:55,4,1,0
BRDA:56,5,0,0
BRDA:56,5,1,0
BRDA:57,6,0,0
BRDA:57,6,1,0
BRDA:93,7,0,0
BRDA:93,7,1,0
BRDA:93,7,2,0
BRDA:97,8,0,0
BRDA:97,8,1,0
BRDA:97,8,2,0
BRDA:104,9,0,0
BRDA:104,9,1,0
BRDA:118,10,0,0
BRDA:118,10,1,0
BRDA:118,11,0,0
BRDA:118,11,1,0
BRDA:119,12,0,0
BRDA:119,12,1,0
BRDA:119,13,0,0
BRDA:119,13,1,0
BRDA:121,14,0,0
BRDA:121,14,1,0
BRDA:121,15,0,0
BRDA:121,15,1,0
BRDA:124,16,0,0
BRDA:124,16,1,0
BRDA:127,17,0,0
BRDA:127,17,1,0
BRDA:127,18,0,0
BRDA:127,18,1,0
BRDA:130,19,0,0
BRDA:130,19,1,0
BRDA:138,20,0,0
BRDA:138,20,1,0
BRDA:140,21,0,0
BRDA:140,21,1,0
BRDA:141,22,0,0
BRDA:141,22,1,0
BRDA:152,23,0,0
BRDA:152,23,1,0
BRDA:156,24,0,0
BRDA:156,24,1,0
BRDA:160,25,0,0
BRDA:160,25,1,0
BRDA:164,26,0,0
BRDA:164,26,1,0
BRDA:168,27,0,0
BRDA:168,27,1,0
BRDA:180,28,0,0
BRDA:180,28,1,0
BRDA:180,29,0,0
BRDA:180,29,1,0
BRDA:182,30,0,0
BRDA:182,30,1,0
BRDA:187,31,0,0
BRDA:187,31,1,0
BRDA:192,32,0,0
BRDA:192,32,1,0
BRDA:196,33,0,0
BRDA:196,33,1,0
BRDA:208,34,0,0
BRDA:208,34,1,0
BRDA:246,35,0,0
BRDA:246,35,1,0
BRDA:416,36,0,0
BRDA:416,36,1,0
BRDA:417,37,0,0
BRDA:417,37,1,0
BRDA:418,38,0,0
BRDA:418,38,1,0
BRDA:494,39,0,0
BRDA:494,39,1,0
BRDA:516,40,0,0
BRDA:516,40,1,0
BRDA:523,41,0,0
BRDA:523,41,1,0
BRDA:524,42,0,0
BRDA:524,42,1,0
BRDA:533,43,0,0
BRDA:533,43,1,0
BRDA:545,44,0,0
BRDA:545,44,1,0
BRF:92
BRH:0
end_of_record
TN:
SF:src\pages\manager\dashboard\TeamMembersKPIDashboard.tsx
FN:50,colorByProgress
FN:58,getHeatColor
FN:66,TeamMembersKpiDashboard
FN:112,(anonymous_3)
FN:113,load
FN:122,(anonymous_5)
FN:128,(anonymous_6)
FN:137,(anonymous_7)
FN:138,(anonymous_8)
FN:152,fetchPerformanceReviews
FN:172,(anonymous_10)
FN:184,(anonymous_11)
FN:195,(anonymous_12)
FN:209,(anonymous_13)
FN:210,(anonymous_14)
FN:231,(anonymous_15)
FN:234,(anonymous_16)
FN:240,(anonymous_17)
FN:246,(anonymous_18)
FN:250,(anonymous_19)
FN:255,(anonymous_20)
FN:263,(anonymous_21)
FN:275,(anonymous_22)
FN:287,(anonymous_23)
FN:292,(anonymous_24)
FN:299,(anonymous_25)
FN:308,(anonymous_26)
FN:315,(anonymous_27)
FN:316,(anonymous_28)
FN:317,(anonymous_29)
FN:327,(anonymous_30)
FN:329,(anonymous_31)
FN:339,(anonymous_32)
FN:341,(anonymous_33)
FN:351,(anonymous_34)
FN:352,(anonymous_35)
FN:359,handleOpenReviewModal
FN:366,handleCreateReview
FN:403,(anonymous_38)
FN:413,(anonymous_39)
FN:422,(anonymous_40)
FN:425,(anonymous_41)
FN:439,(anonymous_42)
FN:456,(anonymous_43)
FN:459,(anonymous_44)
FN:479,(anonymous_45)
FN:556,(anonymous_46)
FN:596,(anonymous_47)
FN:610,(anonymous_48)
FN:618,(anonymous_49)
FN:620,(anonymous_50)
FN:652,(anonymous_51)
FN:656,(anonymous_52)
FN:686,(anonymous_53)
FN:782,(anonymous_54)
FN:815,(anonymous_55)
FN:815,(anonymous_56)
FN:824,(anonymous_57)
FN:825,(anonymous_58)
FN:840,(anonymous_59)
FN:845,(anonymous_60)
FN:866,(anonymous_61)
FN:874,(anonymous_62)
FNF:63
FNH:0
FNDA:0,colorByProgress
FNDA:0,getHeatColor
FNDA:0,TeamMembersKpiDashboard
FNDA:0,(anonymous_3)
FNDA:0,load
FNDA:0,(anonymous_5)
FNDA:0,(anonymous_6)
FNDA:0,(anonymous_7)
FNDA:0,(anonymous_8)
FNDA:0,fetchPerformanceReviews
FNDA:0,(anonymous_10)
FNDA:0,(anonymous_11)
FNDA:0,(anonymous_12)
FNDA:0,(anonymous_13)
FNDA:0,(anonymous_14)
FNDA:0,(anonymous_15)
FNDA:0,(anonymous_16)
FNDA:0,(anonymous_17)
FNDA:0,(anonymous_18)
FNDA:0,(anonymous_19)
FNDA:0,(anonymous_20)
FNDA:0,(anonymous_21)
FNDA:0,(anonymous_22)
FNDA:0,(anonymous_23)
FNDA:0,(anonymous_24)
FNDA:0,(anonymous_25)
FNDA:0,(anonymous_26)
FNDA:0,(anonymous_27)
FNDA:0,(anonymous_28)
FNDA:0,(anonymous_29)
FNDA:0,(anonymous_30)
FNDA:0,(anonymous_31)
FNDA:0,(anonymous_32)
FNDA:0,(anonymous_33)
FNDA:0,(anonymous_34)
FNDA:0,(anonymous_35)
FNDA:0,handleOpenReviewModal
FNDA:0,handleCreateReview
FNDA:0,(anonymous_38)
FNDA:0,(anonymous_39)
FNDA:0,(anonymous_40)
FNDA:0,(anonymous_41)
FNDA:0,(anonymous_42)
FNDA:0,(anonymous_43)
FNDA:0,(anonymous_44)
FNDA:0,(anonymous_45)
FNDA:0,(anonymous_46)
FNDA:0,(anonymous_47)
FNDA:0,(anonymous_48)
FNDA:0,(anonymous_49)
FNDA:0,(anonymous_50)
FNDA:0,(anonymous_51)
FNDA:0,(anonymous_52)
FNDA:0,(anonymous_53)
FNDA:0,(anonymous_54)
FNDA:0,(anonymous_55)
FNDA:0,(anonymous_56)
FNDA:0,(anonymous_57)
FNDA:0,(anonymous_58)
FNDA:0,(anonymous_59)
FNDA:0,(anonymous_60)
FNDA:0,(anonymous_61)
FNDA:0,(anonymous_62)
DA:51,0
DA:52,0
DA:53,0
DA:54,0
DA:55,0
DA:59,0
DA:60,0
DA:61,0
DA:62,0
DA:63,0
DA:67,0
DA:68,0
DA:69,0
DA:73,0
DA:78,0
DA:79,0
DA:80,0
DA:81,0
DA:84,0
DA:87,0
DA:88,0
DA:89,0
DA:90,0
DA:93,0
DA:94,0
DA:95,0
DA:100,0
DA:101,0
DA:102,0
DA:103,0
DA:104,0
DA:106,0
DA:112,0
DA:114,0
DA:117,0
DA:118,0
DA:119,0
DA:121,0
DA:122,0
DA:126,0
DA:127,0
DA:128,0
DA:129,0
DA:132,0
DA:136,0
DA:137,0
DA:138,0
DA:139,0
DA:141,0
DA:143,0
DA:145,0
DA:153,0
DA:154,0
DA:155,0
DA:161,0
DA:165,0
DA:171,0
DA:173,0
DA:176,0
DA:177,0
DA:179,0
DA:184,0
DA:185,0
DA:186,0
DA:187,0
DA:188,0
DA:189,0
DA:191,0
DA:195,0
DA:196,0
DA:197,0
DA:201,0
DA:209,0
DA:210,0
DA:211,0
DA:212,0
DA:213,0
DA:215,0
DA:216,0
DA:217,0
DA:218,0
DA:220,0
DA:221,0
DA:222,0
DA:223,0
DA:226,0
DA:231,0
DA:232,0
DA:233,0
DA:234,0
DA:235,0
DA:239,0
DA:240,0
DA:246,0
DA:247,0
DA:249,0
DA:250,0
DA:253,0
DA:254,0
DA:255,0
DA:256,0
DA:257,0
DA:261,0
DA:262,0
DA:263,0
DA:264,0
DA:265,0
DA:269,0
DA:275,0
DA:276,0
DA:278,0
DA:279,0
DA:281,0
DA:282,0
DA:283,0
DA:284,0
DA:287,0
DA:288,0
DA:289,0
DA:292,0
DA:298,0
DA:300,0
DA:304,0
DA:308,0
DA:313,0
DA:314,0
DA:315,0
DA:316,0
DA:317,0
DA:323,0
DA:324,0
DA:325,0
DA:327,0
DA:329,0
DA:334,0
DA:335,0
DA:336,0
DA:338,0
DA:339,0
DA:340,0
DA:341,0
DA:342,0
DA:344,0
DA:345,0
DA:348,0
DA:351,0
DA:352,0
DA:360,0
DA:361,0
DA:362,0
DA:363,0
DA:367,0
DA:369,0
DA:371,0
DA:377,0
DA:379,0
DA:380,0
DA:387,0
DA:403,0
DA:413,0
DA:422,0
DA:426,0
DA:439,0
DA:456,0
DA:460,0
DA:480,0
DA:481,0
DA:482,0
DA:483,0
DA:484,0
DA:557,0
DA:558,0
DA:559,0
DA:561,0
DA:597,0
DA:611,0
DA:619,0
DA:621,0
DA:653,0
DA:656,0
DA:686,0
DA:783,0
DA:815,0
DA:825,0
DA:840,0
DA:845,0
DA:866,0
DA:874,0
LF:188
LH:0
BRDA:51,0,0,0
BRDA:51,0,1,0
BRDA:53,1,0,0
BRDA:53,1,1,0
BRDA:54,2,0,0
BRDA:54,2,1,0
BRDA:59,3,0,0
BRDA:59,3,1,0
BRDA:60,4,0,0
BRDA:60,4,1,0
BRDA:61,5,0,0
BRDA:61,5,1,0
BRDA:62,6,0,0
BRDA:62,6,1,0
BRDA:118,7,0,0
BRDA:118,7,1,0
BRDA:118,7,2,0
BRDA:127,8,0,0
BRDA:127,8,1,0
BRDA:127,8,2,0
BRDA:136,9,0,0
BRDA:136,9,1,0
BRDA:136,9,2,0
BRDA:141,10,0,0
BRDA:141,10,1,0
BRDA:161,11,0,0
BRDA:161,11,1,0
BRDA:161,11,2,0
BRDA:165,12,0,0
BRDA:165,12,1,0
BRDA:165,12,2,0
BRDA:165,12,3,0
BRDA:185,13,0,0
BRDA:185,13,1,0
BRDA:196,14,0,0
BRDA:196,14,1,0
BRDA:203,15,0,0
BRDA:203,15,1,0
BRDA:211,16,0,0
BRDA:211,16,1,0
BRDA:211,17,0,0
BRDA:211,17,1,0
BRDA:212,18,0,0
BRDA:212,18,1,0
BRDA:212,19,0,0
BRDA:212,19,1,0
BRDA:213,20,0,0
BRDA:213,20,1,0
BRDA:213,21,0,0
BRDA:213,21,1,0
BRDA:215,22,0,0
BRDA:215,22,1,0
BRDA:215,23,0,0
BRDA:215,23,1,0
BRDA:218,24,0,0
BRDA:218,24,1,0
BRDA:220,25,0,0
BRDA:220,25,1,0
BRDA:220,26,0,0
BRDA:220,26,1,0
BRDA:223,27,0,0
BRDA:223,27,1,0
BRDA:232,28,0,0
BRDA:232,28,1,0
BRDA:234,29,0,0
BRDA:234,29,1,0
BRDA:235,30,0,0
BRDA:235,30,1,0
BRDA:247,31,0,0
BRDA:247,31,1,0
BRDA:253,32,0,0
BRDA:253,32,1,0
BRDA:256,33,0,0
BRDA:256,33,1,0
BRDA:257,34,0,0
BRDA:257,34,1,0
BRDA:261,35,0,0
BRDA:261,35,1,0
BRDA:264,36,0,0
BRDA:264,36,1,0
BRDA:265,37,0,0
BRDA:265,37,1,0
BRDA:276,38,0,0
BRDA:276,38,1,0
BRDA:276,39,0,0
BRDA:276,39,1,0
BRDA:278,40,0,0
BRDA:278,40,1,0
BRDA:282,41,0,0
BRDA:282,41,1,0
BRDA:283,42,0,0
BRDA:283,42,1,0
BRDA:288,43,0,0
BRDA:288,43,1,0
BRDA:292,44,0,0
BRDA:292,44,1,0
BRDA:300,45,0,0
BRDA:300,45,1,0
BRDA:301,46,0,0
BRDA:301,46,1,0
BRDA:330,47,0,0
BRDA:330,47,1,0
BRDA:342,48,0,0
BRDA:342,48,1,0
BRDA:360,49,0,0
BRDA:360,49,1,0
BRDA:367,50,0,0
BRDA:367,50,1,0
BRDA:367,51,0,0
BRDA:367,51,1,0
BRDA:369,52,0,0
BRDA:369,52,1,0
BRDA:427,53,0,0
BRDA:427,53,1,0
BRDA:557,54,0,0
BRDA:557,54,1,0
BRDA:558,55,0,0
BRDA:558,55,1,0
BRDA:559,56,0,0
BRDA:559,56,1,0
BRDA:565,57,0,0
BRDA:565,57,1,0
BRDA:631,58,0,0
BRDA:631,58,1,0
BRDA:655,59,0,0
BRDA:655,59,1,0
BRDA:662,60,0,0
BRDA:662,60,1,0
BRDA:664,61,0,0
BRDA:664,61,1,0
BRDA:673,62,0,0
BRDA:673,62,1,0
BRDA:685,63,0,0
BRDA:685,63,1,0
BRDA:753,64,0,0
BRDA:753,64,1,0
BRDA:763,65,0,0
BRDA:763,65,1,0
BRDA:772,66,0,0
BRDA:772,66,1,0
BRDA:852,67,0,0
BRDA:852,67,1,0
BRF:142
BRH:0
end_of_record
TN:
SF:src\pages\manager\kpi\KpiReview.tsx
FN:15,KpiReview
FN:47,(anonymous_1)
FNF:2
FNH:0
FNDA:0,KpiReview
FNDA:0,(anonymous_1)
DA:10,0
DA:11,0
DA:12,0
DA:13,0
DA:16,0
DA:18,0
DA:47,0
LF:7
LH:0
BRDA:95,0,0,0
BRDA:95,0,1,0
BRDA:99,1,0,0
BRDA:99,1,1,0
BRF:4
BRH:0
end_of_record
TN:
SF:src\pages\manager\kpi\components\EmployeeKpiReviewSection.tsx
FN:17,EmployeeKpiReviewSection
FN:34,(anonymous_1)
FN:35,fetchData
FN:48,(anonymous_3)
FN:51,(anonymous_4)
FN:53,(anonymous_5)
FN:54,(anonymous_6)
FN:60,(anonymous_7)
FN:63,handleApprove
FN:69,handleReject
FN:74,handleConfirmRejection
FN:112,(anonymous_11)
FN:113,(anonymous_12)
FN:125,(anonymous_13)
FN:165,(anonymous_14)
FN:167,(anonymous_15)
FN:203,(anonymous_16)
FN:245,(anonymous_17)
FN:271,(anonymous_18)
FN:282,(anonymous_19)
FN:326,(anonymous_20)
FN:333,(anonymous_21)
FN:349,(anonymous_22)
FNF:23
FNH:0
FNDA:0,EmployeeKpiReviewSection
FNDA:0,(anonymous_1)
FNDA:0,fetchData
FNDA:0,(anonymous_3)
FNDA:0,(anonymous_4)
FNDA:0,(anonymous_5)
FNDA:0,(anonymous_6)
FNDA:0,(anonymous_7)
FNDA:0,handleApprove
FNDA:0,handleReject
FNDA:0,handleConfirmRejection
FNDA:0,(anonymous_11)
FNDA:0,(anonymous_12)
FNDA:0,(anonymous_13)
FNDA:0,(anonymous_14)
FNDA:0,(anonymous_15)
FNDA:0,(anonymous_16)
FNDA:0,(anonymous_17)
FNDA:0,(anonymous_18)
FNDA:0,(anonymous_19)
FNDA:0,(anonymous_20)
FNDA:0,(anonymous_21)
FNDA:0,(anonymous_22)
DA:12,0
DA:13,0
DA:14,0
DA:15,0
DA:18,0
DA:23,0
DA:25,0
DA:26,0
DA:27,0
DA:28,0
DA:29,0
DA:30,0
DA:31,0
DA:32,0
DA:34,0
DA:36,0
DA:41,0
DA:42,0
DA:44,0
DA:48,0
DA:49,0
DA:51,0
DA:52,0
DA:53,0
DA:54,0
DA:58,0
DA:59,0
DA:60,0
DA:64,0
DA:65,0
DA:66,0
DA:70,0
DA:71,0
DA:75,0
DA:76,0
DA:77,0
DA:78,0
DA:79,0
DA:80,0
DA:83,0
DA:113,0
DA:114,0
DA:116,0
DA:126,0
DA:166,0
DA:167,0
DA:169,0
DA:171,0
DA:204,0
DA:246,0
DA:272,0
DA:283,0
DA:326,0
DA:333,0
DA:349,0
LF:55
LH:0
BRDA:41,0,0,0
BRDA:41,0,1,0
BRDA:41,0,2,0
BRDA:42,1,0,0
BRDA:42,1,1,0
BRDA:42,1,2,0
BRDA:49,2,0,0
BRDA:49,2,1,0
BRDA:52,3,0,0
BRDA:52,3,1,0
BRDA:66,4,0,0
BRDA:66,4,1,0
BRDA:66,4,2,0
BRDA:75,5,0,0
BRDA:75,5,1,0
BRDA:78,6,0,0
BRDA:78,6,1,0
BRDA:78,6,2,0
BRDA:119,7,0,0
BRDA:119,7,1,0
BRDA:126,8,0,0
BRDA:126,8,1,0
BRDA:130,9,0,0
BRDA:130,9,1,0
BRDA:136,10,0,0
BRDA:136,10,1,0
BRDA:145,11,0,0
BRDA:145,11,1,0
BRDA:177,12,0,0
BRDA:177,12,1,0
BRDA:178,13,0,0
BRDA:178,13,1,0
BRDA:182,14,0,0
BRDA:182,14,1,0
BRDA:197,15,0,0
BRDA:197,15,1,0
BRDA:205,16,0,0
BRDA:205,16,1,0
BRDA:210,17,0,0
BRDA:210,17,1,0
BRDA:215,18,0,0
BRDA:215,18,1,0
BRDA:226,19,0,0
BRDA:226,19,1,0
BRDA:259,20,0,0
BRDA:259,20,1,0
BRDA:266,21,0,0
BRDA:266,21,1,0
BRF:48
BRH:0
end_of_record
TN:
SF:src\pages\manager\kpi\components\TeamKpiReviewSection.tsx
FN:16,TeamKpiReviewSection
FN:30,(anonymous_1)
FN:31,fetchData
FN:45,(anonymous_3)
FN:48,handleApprove
FN:54,handleReject
FN:59,handleConfirmRejection
FN:100,(anonymous_7)
FN:101,(anonymous_8)
FN:113,(anonymous_9)
FN:153,(anonymous_10)
FN:155,(anonymous_11)
FN:191,(anonymous_12)
FN:233,(anonymous_13)
FN:259,(anonymous_14)
FN:270,(anonymous_15)
FN:314,(anonymous_16)
FN:321,(anonymous_17)
FN:337,(anonymous_18)
FNF:19
FNH:0
FNDA:0,TeamKpiReviewSection
FNDA:0,(anonymous_1)
FNDA:0,fetchData
FNDA:0,(anonymous_3)
FNDA:0,handleApprove
FNDA:0,handleReject
FNDA:0,handleConfirmRejection
FNDA:0,(anonymous_7)
FNDA:0,(anonymous_8)
FNDA:0,(anonymous_9)
FNDA:0,(anonymous_10)
FNDA:0,(anonymous_11)
FNDA:0,(anonymous_12)
FNDA:0,(anonymous_13)
FNDA:0,(anonymous_14)
FNDA:0,(anonymous_15)
FNDA:0,(anonymous_16)
FNDA:0,(anonymous_17)
FNDA:0,(anonymous_18)
DA:11,0
DA:12,0
DA:13,0
DA:14,0
DA:17,0
DA:18,0
DA:21,0
DA:22,0
DA:23,0
DA:24,0
DA:26,0
DA:27,0
DA:28,0
DA:30,0
DA:32,0
DA:37,0
DA:38,0
DA:40,0
DA:44,0
DA:45,0
DA:49,0
DA:50,0
DA:51,0
DA:55,0
DA:56,0
DA:60,0
DA:61,0
DA:65,0
DA:66,0
DA:67,0
DA:68,0
DA:71,0
DA:101,0
DA:102,0
DA:104,0
DA:114,0
DA:154,0
DA:155,0
DA:157,0
DA:159,0
DA:192,0
DA:234,0
DA:260,0
DA:271,0
DA:314,0
DA:321,0
DA:337,0
LF:47
LH:0
BRDA:37,0,0,0
BRDA:37,0,1,0
BRDA:37,0,2,0
BRDA:38,1,0,0
BRDA:38,1,1,0
BRDA:38,1,2,0
BRDA:51,2,0,0
BRDA:51,2,1,0
BRDA:51,2,2,0
BRDA:60,3,0,0
BRDA:60,3,1,0
BRDA:66,4,0,0
BRDA:66,4,1,0
BRDA:66,4,2,0
BRDA:114,5,0,0
BRDA:114,5,1,0
BRDA:118,6,0,0
BRDA:118,6,1,0
BRDA:124,7,0,0
BRDA:124,7,1,0
BRDA:133,8,0,0
BRDA:133,8,1,0
BRDA:165,9,0,0
BRDA:165,9,1,0
BRDA:166,10,0,0
BRDA:166,10,1,0
BRDA:170,11,0,0
BRDA:170,11,1,0
BRDA:179,12,0,0
BRDA:179,12,1,0
BRDA:185,13,0,0
BRDA:185,13,1,0
BRDA:193,14,0,0
BRDA:193,14,1,0
BRDA:198,15,0,0
BRDA:198,15,1,0
BRDA:203,16,0,0
BRDA:203,16,1,0
BRDA:214,17,0,0
BRDA:214,17,1,0
BRDA:247,18,0,0
BRDA:247,18,1,0
BRDA:254,19,0,0
BRDA:254,19,1,0
BRF:44
BRH:0
end_of_record
TN:
SF:src\pages\super-admin\Company.tsx
FN:30,CompanyPage
FN:53,(anonymous_1)
FN:54,load
FN:62,(anonymous_3)
FN:65,(anonymous_4)
FN:66,load
FN:73,loadCompanies
FN:90,(anonymous_7)
FN:107,(anonymous_8)
FN:110,(anonymous_9)
FN:147,(anonymous_10)
FN:157,(anonymous_11)
FN:161,(anonymous_12)
FN:167,(anonymous_13)
FN:183,(anonymous_14)
FN:190,(anonymous_15)
FN:192,(anonymous_16)
FN:226,(anonymous_17)
FN:234,(anonymous_18)
FN:247,(anonymous_19)
FN:253,(anonymous_20)
FN:267,(anonymous_21)
FN:270,(anonymous_22)
FN:292,(anonymous_23)
FN:304,(anonymous_24)
FN:362,(anonymous_25)
FN:366,(anonymous_26)
FN:406,(anonymous_27)
FN:406,(anonymous_28)
FN:423,(anonymous_29)
FN:423,(anonymous_30)
FN:434,(anonymous_31)
FN:452,(anonymous_32)
FN:476,(anonymous_33)
FN:482,(anonymous_34)
FN:488,(anonymous_35)
FN:494,(anonymous_36)
FN:500,(anonymous_37)
FN:509,(anonymous_38)
FN:515,(anonymous_39)
FN:529,(anonymous_40)
FN:532,(anonymous_41)
FN:546,(anonymous_42)
FN:574,(anonymous_43)
FN:580,(anonymous_44)
FN:586,(anonymous_45)
FN:592,(anonymous_46)
FN:598,(anonymous_47)
FN:607,(anonymous_48)
FN:613,(anonymous_49)
FN:627,(anonymous_50)
FN:630,(anonymous_51)
FNF:52
FNH:0
FNDA:0,CompanyPage
FNDA:0,(anonymous_1)
FNDA:0,load
FNDA:0,(anonymous_3)
FNDA:0,(anonymous_4)
FNDA:0,load
FNDA:0,loadCompanies
FNDA:0,(anonymous_7)
FNDA:0,(anonymous_8)
FNDA:0,(anonymous_9)
FNDA:0,(anonymous_10)
FNDA:0,(anonymous_11)
FNDA:0,(anonymous_12)
FNDA:0,(anonymous_13)
FNDA:0,(anonymous_14)
FNDA:0,(anonymous_15)
FNDA:0,(anonymous_16)
FNDA:0,(anonymous_17)
FNDA:0,(anonymous_18)
FNDA:0,(anonymous_19)
FNDA:0,(anonymous_20)
FNDA:0,(anonymous_21)
FNDA:0,(anonymous_22)
FNDA:0,(anonymous_23)
FNDA:0,(anonymous_24)
FNDA:0,(anonymous_25)
FNDA:0,(anonymous_26)
FNDA:0,(anonymous_27)
FNDA:0,(anonymous_28)
FNDA:0,(anonymous_29)
FNDA:0,(anonymous_30)
FNDA:0,(anonymous_31)
FNDA:0,(anonymous_32)
FNDA:0,(anonymous_33)
FNDA:0,(anonymous_34)
FNDA:0,(anonymous_35)
FNDA:0,(anonymous_36)
FNDA:0,(anonymous_37)
FNDA:0,(anonymous_38)
FNDA:0,(anonymous_39)
FNDA:0,(anonymous_40)
FNDA:0,(anonymous_41)
FNDA:0,(anonymous_42)
FNDA:0,(anonymous_43)
FNDA:0,(anonymous_44)
FNDA:0,(anonymous_45)
FNDA:0,(anonymous_46)
FNDA:0,(anonymous_47)
FNDA:0,(anonymous_48)
FNDA:0,(anonymous_49)
FNDA:0,(anonymous_50)
FNDA:0,(anonymous_51)
DA:24,0
DA:25,0
DA:26,0
DA:28,0
DA:31,0
DA:32,0
DA:33,0
DA:36,0
DA:38,0
DA:40,0
DA:41,0
DA:43,0
DA:44,0
DA:45,0
DA:46,0
DA:48,0
DA:49,0
DA:50,0
DA:51,0
DA:53,0
DA:55,0
DA:56,0
DA:58,0
DA:61,0
DA:62,0
DA:65,0
DA:67,0
DA:68,0
DA:70,0
DA:74,0
DA:76,0
DA:84,0
DA:85,0
DA:86,0
DA:87,0
DA:90,0
DA:91,0
DA:96,0
DA:98,0
DA:99,0
DA:100,0
DA:101,0
DA:102,0
DA:103,0
DA:104,0
DA:106,0
DA:107,0
DA:110,0
DA:111,0
DA:120,0
DA:121,0
DA:122,0
DA:123,0
DA:124,0
DA:125,0
DA:126,0
DA:127,0
DA:128,0
DA:132,0
DA:133,0
DA:135,0
DA:136,0
DA:137,0
DA:138,0
DA:139,0
DA:141,0
DA:142,0
DA:143,0
DA:147,0
DA:148,0
DA:150,0
DA:151,0
DA:152,0
DA:153,0
DA:154,0
DA:156,0
DA:157,0
DA:158,0
DA:160,0
DA:161,0
DA:162,0
DA:164,0
DA:167,0
DA:168,0
DA:170,0
DA:179,0
DA:180,0
DA:183,0
DA:184,0
DA:185,0
DA:186,0
DA:187,0
DA:190,0
DA:191,0
DA:192,0
DA:195,0
DA:226,0
DA:235,0
DA:236,0
DA:237,0
DA:248,0
DA:249,0
DA:254,0
DA:267,0
DA:271,0
DA:293,0
DA:294,0
DA:295,0
DA:296,0
DA:304,0
DA:363,0
DA:366,0
DA:406,0
DA:423,0
DA:434,0
DA:452,0
DA:476,0
DA:482,0
DA:488,0
DA:494,0
DA:500,0
DA:510,0
DA:511,0
DA:516,0
DA:529,0
DA:533,0
DA:546,0
DA:574,0
DA:580,0
DA:586,0
DA:592,0
DA:598,0
DA:608,0
DA:609,0
DA:614,0
DA:627,0
DA:631,0
LF:137
LH:0
BRDA:61,0,0,0
BRDA:61,0,1,0
BRDA:106,1,0,0
BRDA:106,1,1,0
BRDA:151,2,0,0
BRDA:151,2,1,0
BRDA:152,3,0,0
BRDA:152,3,1,0
BRDA:158,4,0,0
BRDA:158,4,1,0
BRDA:168,5,0,0
BRDA:168,5,1,0
BRDA:184,6,0,0
BRDA:184,6,1,0
BRDA:191,7,0,0
BRDA:191,7,1,0
BRDA:353,8,0,0
BRDA:353,8,1,0
BRDA:361,9,0,0
BRDA:361,9,1,0
BRDA:370,10,0,0
BRDA:370,10,1,0
BRDA:373,11,0,0
BRDA:373,11,1,0
BRDA:390,12,0,0
BRDA:390,12,1,0
BRF:26
BRH:0
end_of_record
TN:
SF:src\utils\format.ts
FN:1,(anonymous_0)
FN:3,(anonymous_1)
FN:14,(anonymous_2)
FN:28,(anonymous_3)
FN:35,(anonymous_4)
FNF:5
FNH:5
FNDA:664,(anonymous_0)
FNDA:55,(anonymous_1)
FNDA:158,(anonymous_2)
FNDA:192,(anonymous_3)
FNDA:244,(anonymous_4)
DA:1,664
DA:3,2
DA:4,55
DA:5,55
DA:7,5
DA:14,2
DA:15,158
DA:16,158
DA:18,37
DA:19,37
DA:20,37
DA:21,37
DA:22,37
DA:23,0
DA:28,2
DA:29,192
DA:30,192
DA:31,34
DA:32,34
DA:35,2
DA:36,244
DA:37,244
DA:39,61
LF:23
LH:22
BRDA:5,0,0,50
BRDA:5,0,1,5
BRDA:16,1,0,121
BRDA:16,1,1,37
BRDA:18,2,0,0
BRDA:18,2,1,37
BRDA:19,3,0,0
BRDA:19,3,1,37
BRDA:21,4,0,37
BRDA:21,4,1,0
BRDA:30,5,0,158
BRDA:30,5,1,34
BRDA:31,6,0,0
BRDA:31,6,1,34
BRDA:37,7,0,183
BRDA:37,7,1,61
BRF:16
BRH:12
end_of_record
TN:
SF:src\utils\rateKPI.ts
FN:1,rateKPI
FNF:1
FNH:0
FNDA:0,rateKPI
DA:2,0
DA:3,0
DA:4,0
DA:5,0
LF:4
LH:0
BRDA:2,0,0,0
BRDA:2,0,1,0
BRDA:3,1,0,0
BRDA:3,1,1,0
BRDA:3,2,0,0
BRDA:3,2,1,0
BRDA:4,3,0,0
BRDA:4,3,1,0
BRDA:4,4,0,0
BRDA:4,4,1,0
BRF:10
BRH:0
end_of_record
TN:
SF:src\utils\utils.ts
FNF:0
FNH:0
DA:1,11
DA:2,11
DA:3,11
DA:4,11
DA:6,11
LF:5
LH:5
BRF:0
BRH:0
end_of_record
