TN:
SF:src\App.tsx
FN:26,App
FNF:1
FNH:0
FNDA:0,App
DA:27,0
LF:1
LH:0
BRF:0
BRH:0
end_of_record
TN:
SF:src\auth\ProtectedRoute.tsx
FN:9,ProtectedRoute
FNF:1
FNH:0
FNDA:0,ProtectedRoute
DA:13,0
DA:15,0
DA:16,0
DA:19,0
DA:20,0
DA:21,0
DA:22,0
DA:24,0
DA:27,0
LF:9
LH:0
BRDA:11,0,0,0
BRDA:15,1,0,0
BRDA:15,1,1,0
BRDA:19,2,0,0
BRDA:19,2,1,0
BRDA:19,3,0,0
BRDA:19,3,1,0
BRDA:20,4,0,0
BRDA:20,4,1,0
BRDA:21,5,0,0
BRDA:21,5,1,0
BRDA:22,6,0,0
BRDA:22,6,1,0
BRF:13
BRH:0
end_of_record
TN:
SF:src\auth\useAuth.tsx
FN:23,(anonymous_0)
FN:29,(anonymous_1)
FN:38,(anonymous_2)
FN:39,loadUser
FN:60,login
FN:71,logout
FN:76,(anonymous_6)
FN:88,useAuth
FNF:8
FNH:0
FNDA:0,(anonymous_0)
FNDA:0,(anonymous_1)
FNDA:0,(anonymous_2)
FNDA:0,loadUser
FNDA:0,login
FNDA:0,logout
FNDA:0,(anonymous_6)
FNDA:0,useAuth
DA:21,0
DA:23,0
DA:24,0
DA:25,0
DA:26,0
DA:29,0
DA:30,0
DA:31,0
DA:33,0
DA:38,0
DA:40,0
DA:41,0
DA:42,0
DA:43,0
DA:44,0
DA:47,0
DA:48,0
DA:49,0
DA:51,0
DA:52,0
DA:54,0
DA:57,0
DA:61,0
DA:63,0
DA:64,0
DA:65,0
DA:67,0
DA:68,0
DA:72,0
DA:73,0
DA:74,0
DA:75,0
DA:76,0
DA:77,0
DA:81,0
DA:89,0
DA:90,0
DA:91,0
LF:38
LH:0
BRDA:30,0,0,0
BRDA:30,0,1,0
BRDA:42,1,0,0
BRDA:42,1,1,0
BRDA:90,2,0,0
BRDA:90,2,1,0
BRF:6
BRH:0
end_of_record
TN:
SF:src\components\DatePicker.tsx
FN:16,DatePicker
FNF:1
FNH:0
FNDA:0,DatePicker
DA:17,0
DA:19,0
LF:2
LH:0
BRDA:28,0,0,0
BRDA:28,0,1,0
BRF:2
BRH:0
end_of_record
TN:
SF:src\components\Sidebar.tsx
FN:15,Sidebar
FN:71,toggleMenu
FN:72,(anonymous_2)
FN:73,(anonymous_3)
FN:77,handleLogout
FN:100,(anonymous_5)
FN:100,(anonymous_6)
FN:110,(anonymous_7)
FN:111,(anonymous_8)
FN:116,(anonymous_9)
FN:139,(anonymous_10)
FN:140,(anonymous_11)
FN:144,(anonymous_12)
FNF:13
FNH:3
FNDA:530,Sidebar
FNDA:0,toggleMenu
FNDA:0,(anonymous_2)
FNDA:0,(anonymous_3)
FNDA:0,handleLogout
FNDA:0,(anonymous_5)
FNDA:0,(anonymous_6)
FNDA:2120,(anonymous_7)
FNDA:530,(anonymous_8)
FNDA:0,(anonymous_9)
FNDA:0,(anonymous_10)
FNDA:0,(anonymous_11)
FNDA:0,(anonymous_12)
DA:16,530
DA:17,530
DA:18,530
DA:19,530
DA:21,530
DA:23,530
DA:72,0
DA:73,0
DA:78,0
DA:79,0
DA:82,530
DA:100,0
DA:110,2120
DA:112,530
DA:113,530
DA:116,0
DA:139,0
DA:141,0
DA:145,0
LF:19
LH:10
BRDA:21,0,0,530
BRDA:21,0,1,530
BRDA:73,1,0,0
BRDA:73,1,1,0
BRDA:89,2,0,0
BRDA:89,2,1,530
BRDA:94,3,0,530
BRDA:94,3,1,530
BRDA:103,4,0,0
BRDA:103,4,1,530
BRDA:118,5,0,0
BRDA:118,5,1,530
BRDA:122,6,0,530
BRDA:122,6,1,530
BRDA:130,7,0,530
BRDA:130,7,1,530
BRDA:130,7,2,0
BRDA:147,8,0,0
BRDA:147,8,1,0
BRDA:171,9,0,530
BRDA:171,9,1,530
BRDA:180,10,0,0
BRDA:180,10,1,530
BRF:23
BRH:14
end_of_record
TN:
SF:src\components\modals\BaseModal.tsx
FN:21,BaseModal
FNF:1
FNH:1
FNDA:1174,BaseModal
DA:30,1174
LF:1
LH:1
BRDA:28,0,0,1174
BRDA:59,1,0,1174
BRDA:59,1,1,1174
BRDA:68,2,0,1174
BRDA:68,2,1,1060
BRF:5
BRH:5
end_of_record
TN:
SF:src\components\ui\button.tsx
FN:44,(anonymous_0)
FNF:1
FNH:1
FNDA:16,(anonymous_0)
DA:7,1
DA:43,1
DA:45,16
DA:46,16
DA:55,1
LF:5
LH:5
BRDA:44,0,0,16
BRDA:45,1,0,0
BRDA:45,1,1,16
BRF:3
BRH:2
end_of_record
TN:
SF:src\components\ui\calendar.tsx
FN:12,Calendar
FN:37,(anonymous_1)
FN:126,(anonymous_2)
FN:136,(anonymous_3)
FN:157,(anonymous_4)
FN:173,CalendarDayButton
FN:182,(anonymous_6)
FNF:7
FNH:0
FNDA:0,Calendar
FNDA:0,(anonymous_1)
FNDA:0,(anonymous_2)
FNDA:0,(anonymous_3)
FNDA:0,(anonymous_4)
FNDA:0,CalendarDayButton
FNDA:0,(anonymous_6)
DA:24,0
DA:26,0
DA:38,0
DA:127,0
DA:137,0
DA:138,0
DA:143,0
DA:144,0
DA:152,0
DA:158,0
DA:179,0
DA:181,0
DA:182,0
DA:183,0
DA:186,0
LF:15
LH:0
BRDA:15,0,0,0
BRDA:16,1,0,0
BRDA:17,2,0,0
BRDA:80,3,0,0
BRDA:80,3,1,0
BRDA:137,4,0,0
BRDA:137,4,1,0
BRDA:143,5,0,0
BRDA:143,5,1,0
BRDA:183,6,0,0
BRDA:183,6,1,0
BRDA:193,7,0,0
BRDA:193,7,1,0
BRDA:193,7,2,0
BRDA:193,7,3,0
BRF:15
BRH:0
end_of_record
TN:
SF:src\components\ui\dialog.tsx
FN:18,(anonymous_0)
FN:33,(anonymous_1)
FN:54,(anonymous_2)
FN:68,(anonymous_3)
FN:85,(anonymous_4)
FN:100,(anonymous_5)
FNF:6
FNH:0
FNDA:0,(anonymous_0)
FNDA:0,(anonymous_1)
FNDA:0,(anonymous_2)
FNDA:0,(anonymous_3)
FNDA:0,(anonymous_4)
FNDA:0,(anonymous_5)
DA:7,0
DA:9,0
DA:11,0
DA:13,0
DA:15,0
DA:19,0
DA:28,0
DA:30,0
DA:34,0
DA:52,0
DA:54,0
DA:58,0
DA:66,0
DA:68,0
DA:72,0
DA:80,0
DA:82,0
DA:86,0
DA:95,0
DA:97,0
DA:101,0
DA:107,0
LF:22
LH:0
BRF:0
BRH:0
end_of_record
TN:
SF:src\components\ui\input.tsx
FN:6,(anonymous_0)
FNF:1
FNH:1
FNDA:32,(anonymous_0)
DA:5,1
DA:7,32
DA:20,1
LF:3
LH:3
BRF:0
BRH:0
end_of_record
TN:
SF:src\components\ui\popover.tsx
FN:15,(anonymous_0)
FNF:1
FNH:0
FNDA:0,(anonymous_0)
DA:6,0
DA:8,0
DA:10,0
DA:12,0
DA:16,0
DA:29,0
LF:6
LH:0
BRDA:15,0,0,0
BRDA:15,1,0,0
BRF:2
BRH:0
end_of_record
TN:
SF:src\hooks\branch\useBranches.ts
FN:16,useBranches
FN:22,createBranch
FN:36,listBranches
FN:43,listDistinctBranches
FN:50,updateBranch
FN:54,deleteBranch
FNF:6
FNH:0
FNDA:0,useBranches
FNDA:0,createBranch
FNDA:0,listBranches
FNDA:0,listDistinctBranches
FNDA:0,updateBranch
FNDA:0,deleteBranch
DA:17,0
DA:18,0
DA:19,0
DA:20,0
DA:23,0
DA:24,0
DA:25,0
DA:26,0
DA:27,0
DA:29,0
DA:30,0
DA:32,0
DA:37,0
DA:40,0
DA:44,0
DA:47,0
DA:51,0
DA:52,0
DA:55,0
DA:58,0
LF:20
LH:0
BRDA:29,0,0,0
BRDA:29,0,1,0
BRF:2
BRH:0
end_of_record
TN:
SF:src\hooks\career-path\useCareerPaths.ts
FN:21,useCareerPaths
FN:26,listCareerPaths
FN:37,createCareerPath
FN:56,updateCareerPath
FN:67,deleteCareerPath
FNF:5
FNH:0
FNDA:0,useCareerPaths
FNDA:0,listCareerPaths
FNDA:0,createCareerPath
FNDA:0,updateCareerPath
FNDA:0,deleteCareerPath
DA:22,0
DA:23,0
DA:24,0
DA:30,0
DA:34,0
DA:38,0
DA:39,0
DA:40,0
DA:41,0
DA:45,0
DA:47,0
DA:50,0
DA:52,0
DA:60,0
DA:64,0
DA:68,0
DA:71,0
LF:17
LH:0
BRDA:48,0,0,0
BRDA:48,0,1,0
BRF:2
BRH:0
end_of_record
TN:
SF:src\hooks\company\useCompanies.ts
FN:23,useCompanies
FN:27,createCompany
FN:42,listCompanies
FN:49,updateCompany
FN:54,deleteCompany
FNF:5
FNH:0
FNDA:0,useCompanies
FNDA:0,createCompany
FNDA:0,listCompanies
FNDA:0,updateCompany
FNDA:0,deleteCompany
DA:24,0
DA:25,0
DA:28,0
DA:29,0
DA:31,0
DA:32,0
DA:33,0
DA:35,0
DA:36,0
DA:38,0
DA:43,0
DA:45,0
DA:46,0
DA:50,0
DA:51,0
DA:55,0
DA:58,0
LF:17
LH:0
BRDA:35,0,0,0
BRDA:35,0,1,0
BRDA:43,1,0,0
BRDA:43,1,1,0
BRF:4
BRH:0
end_of_record
TN:
SF:src\hooks\department\useDepartments.ts
FN:11,useDepartments
FN:16,listDepartments
FN:21,listDistinctDepartments
FN:26,createDepartment
FN:40,updateDepartment
FN:45,deleteDepartment
FNF:6
FNH:0
FNDA:0,useDepartments
FNDA:0,listDepartments
FNDA:0,listDistinctDepartments
FNDA:0,createDepartment
FNDA:0,updateDepartment
FNDA:0,deleteDepartment
DA:12,0
DA:13,0
DA:14,0
DA:17,0
DA:18,0
DA:22,0
DA:23,0
DA:27,0
DA:28,0
DA:29,0
DA:30,0
DA:31,0
DA:33,0
DA:34,0
DA:36,0
DA:41,0
DA:42,0
DA:46,0
DA:49,0
LF:19
LH:0
BRDA:33,0,0,0
BRDA:33,0,1,0
BRF:2
BRH:0
end_of_record
TN:
SF:src\hooks\employee\useEmployeeHistories.ts
FN:25,useEmployeeHistories
FN:30,listEmployeeHistories
FNF:2
FNH:0
FNDA:0,useEmployeeHistories
FNDA:0,listEmployeeHistories
DA:26,0
DA:27,0
DA:28,0
DA:31,0
DA:32,0
DA:35,0
LF:6
LH:0
BRF:0
BRH:0
end_of_record
TN:
SF:src\hooks\employee\useEmployees.ts
FN:25,useEmployees
FN:30,listEmployees
FN:35,createEmployee
FN:49,updateEmployee
FN:54,deleteEmployee
FNF:5
FNH:0
FNDA:0,useEmployees
FNDA:0,listEmployees
FNDA:0,createEmployee
FNDA:0,updateEmployee
FNDA:0,deleteEmployee
DA:26,0
DA:27,0
DA:28,0
DA:31,0
DA:32,0
DA:36,0
DA:37,0
DA:38,0
DA:39,0
DA:40,0
DA:42,0
DA:43,0
DA:45,0
DA:50,0
DA:51,0
DA:55,0
DA:58,0
LF:17
LH:0
BRDA:42,0,0,0
BRDA:42,0,1,0
BRF:2
BRH:0
end_of_record
TN:
SF:src\hooks\employee-kpi\useEmployeeKpiEvolutions.ts
FN:4,(anonymous_0)
FN:26,useEmployeeKpiEvolutions
FN:31,listEmployeeKpiEvolutions
FN:36,createEmployeeKpiEvolution
FN:53,updateEmployeeKpiEvolution
FN:61,deleteEmployeeKpiEvolution
FN:65,approveEmployeeKpiEvolution
FN:72,rejectEmployeeKpiEvolution
FNF:8
FNH:0
FNDA:0,(anonymous_0)
FNDA:0,useEmployeeKpiEvolutions
FNDA:0,listEmployeeKpiEvolutions
FNDA:0,createEmployeeKpiEvolution
FNDA:0,updateEmployeeKpiEvolution
FNDA:0,deleteEmployeeKpiEvolution
FNDA:0,approveEmployeeKpiEvolution
FNDA:0,rejectEmployeeKpiEvolution
DA:4,0
DA:5,0
DA:6,0
DA:7,0
DA:8,0
DA:27,0
DA:28,0
DA:29,0
DA:32,0
DA:33,0
DA:37,0
DA:38,0
DA:39,0
DA:40,0
DA:44,0
DA:46,0
DA:47,0
DA:49,0
DA:54,0
DA:58,0
DA:62,0
DA:66,0
DA:69,0
DA:73,0
DA:77,0
DA:80,0
LF:26
LH:0
BRDA:4,0,0,0
BRDA:4,0,1,0
BRDA:46,1,0,0
BRDA:46,1,1,0
BRF:4
BRH:0
end_of_record
TN:
SF:src\hooks\employee-kpi\useEmployeeKpis.ts
FN:4,(anonymous_0)
FN:34,useEmployeeKpis
FN:39,listEmployeeKpis
FN:44,createEmployeeKpi
FN:61,updateEmployeeKpi
FN:69,deleteEmployeeKpi
FNF:6
FNH:0
FNDA:0,(anonymous_0)
FNDA:0,useEmployeeKpis
FNDA:0,listEmployeeKpis
FNDA:0,createEmployeeKpi
FNDA:0,updateEmployeeKpi
FNDA:0,deleteEmployeeKpi
DA:4,0
DA:5,0
DA:6,0
DA:7,0
DA:8,0
DA:35,0
DA:36,0
DA:37,0
DA:40,0
DA:41,0
DA:45,0
DA:46,0
DA:47,0
DA:48,0
DA:52,0
DA:54,0
DA:55,0
DA:57,0
DA:62,0
DA:66,0
DA:70,0
DA:73,0
LF:22
LH:0
BRDA:4,0,0,0
BRDA:4,0,1,0
BRDA:54,1,0,0
BRDA:54,1,1,0
BRF:4
BRH:0
end_of_record
TN:
SF:src\hooks\evaluation-type\useEvaluationTypes.ts
FN:4,(anonymous_0)
FN:23,useEvaluationTypes
FN:28,listEvaluationTypes
FN:33,listDistinctEvaluationTypes
FN:38,createEvaluationType
FN:55,updateEvaluationType
FN:63,deleteEvaluationType
FNF:7
FNH:0
FNDA:0,(anonymous_0)
FNDA:0,useEvaluationTypes
FNDA:0,listEvaluationTypes
FNDA:0,listDistinctEvaluationTypes
FNDA:0,createEvaluationType
FNDA:0,updateEvaluationType
FNDA:0,deleteEvaluationType
DA:4,0
DA:5,0
DA:6,0
DA:7,0
DA:8,0
DA:9,0
DA:24,0
DA:25,0
DA:26,0
DA:29,0
DA:30,0
DA:34,0
DA:35,0
DA:39,0
DA:40,0
DA:41,0
DA:42,0
DA:46,0
DA:48,0
DA:49,0
DA:51,0
DA:56,0
DA:60,0
DA:64,0
DA:67,0
LF:25
LH:0
BRDA:4,0,0,0
BRDA:4,0,1,0
BRDA:48,1,0,0
BRDA:48,1,1,0
BRF:4
BRH:0
end_of_record
TN:
SF:src\hooks\geo\useCities.ts
FN:12,useCities
FN:16,createCity
FN:32,listCities
FNF:3
FNH:0
FNDA:0,useCities
FNDA:0,createCity
FNDA:0,listCities
DA:13,0
DA:14,0
DA:17,0
DA:18,0
DA:19,0
DA:20,0
DA:21,0
DA:23,0
DA:26,0
DA:28,0
DA:33,0
DA:34,0
DA:37,0
LF:13
LH:0
BRDA:24,0,0,0
BRDA:24,0,1,0
BRF:2
BRH:0
end_of_record
TN:
SF:src\hooks\geo\useStates.ts
FN:11,useStates
FN:15,createState
FN:31,listStates
FNF:3
FNH:0
FNDA:0,useStates
FNDA:0,createState
FNDA:0,listStates
DA:12,0
DA:13,0
DA:16,0
DA:17,0
DA:18,0
DA:19,0
DA:20,0
DA:22,0
DA:25,0
DA:27,0
DA:32,0
DA:33,0
DA:36,0
LF:13
LH:0
BRDA:23,0,0,0
BRDA:23,0,1,0
BRF:2
BRH:0
end_of_record
TN:
SF:src\hooks\kpi\useKpis.ts
FN:17,useKpis
FN:22,listKpis
FN:27,listDistinctKpis
FN:32,createKpi
FN:49,updateKpi
FN:54,deleteKpi
FNF:6
FNH:0
FNDA:0,useKpis
FNDA:0,listKpis
FNDA:0,listDistinctKpis
FNDA:0,createKpi
FNDA:0,updateKpi
FNDA:0,deleteKpi
DA:18,0
DA:19,0
DA:20,0
DA:23,0
DA:24,0
DA:28,0
DA:29,0
DA:33,0
DA:34,0
DA:35,0
DA:36,0
DA:40,0
DA:42,0
DA:43,0
DA:45,0
DA:50,0
DA:51,0
DA:55,0
DA:58,0
LF:19
LH:0
BRDA:42,0,0,0
BRDA:42,0,1,0
BRF:2
BRH:0
end_of_record
TN:
SF:src\hooks\performance-review\usePerformanceReviews.ts
FN:14,usePerformanceReviews
FN:19,listPerformanceReviews
FN:24,createPerformanceReview
FN:38,updatePerformanceReview
FN:43,deletePerformanceReview
FNF:5
FNH:0
FNDA:0,usePerformanceReviews
FNDA:0,listPerformanceReviews
FNDA:0,createPerformanceReview
FNDA:0,updatePerformanceReview
FNDA:0,deletePerformanceReview
DA:15,0
DA:16,0
DA:17,0
DA:20,0
DA:21,0
DA:25,0
DA:26,0
DA:27,0
DA:28,0
DA:29,0
DA:31,0
DA:32,0
DA:34,0
DA:39,0
DA:40,0
DA:44,0
DA:47,0
LF:17
LH:0
BRDA:31,0,0,0
BRDA:31,0,1,0
BRF:2
BRH:0
end_of_record
TN:
SF:src\hooks\person\usePersons.ts
FN:19,usePersons
FN:24,listPersons
FN:29,createPerson
FN:43,updatePerson
FN:48,deletePerson
FNF:5
FNH:0
FNDA:0,usePersons
FNDA:0,listPersons
FNDA:0,createPerson
FNDA:0,updatePerson
FNDA:0,deletePerson
DA:20,0
DA:21,0
DA:22,0
DA:25,0
DA:26,0
DA:30,0
DA:31,0
DA:32,0
DA:33,0
DA:34,0
DA:36,0
DA:37,0
DA:39,0
DA:44,0
DA:45,0
DA:49,0
DA:52,0
LF:17
LH:0
BRDA:36,0,0,0
BRDA:36,0,1,0
BRF:2
BRH:0
end_of_record
TN:
SF:src\hooks\role\useRoles.ts
FN:15,useRoles
FN:20,listRoles
FN:25,listDistinctRoles
FN:30,createRole
FN:44,updateRole
FN:49,deleteRole
FNF:6
FNH:0
FNDA:0,useRoles
FNDA:0,listRoles
FNDA:0,listDistinctRoles
FNDA:0,createRole
FNDA:0,updateRole
FNDA:0,deleteRole
DA:16,0
DA:17,0
DA:18,0
DA:21,0
DA:22,0
DA:26,0
DA:27,0
DA:31,0
DA:32,0
DA:33,0
DA:34,0
DA:35,0
DA:37,0
DA:38,0
DA:40,0
DA:45,0
DA:46,0
DA:50,0
DA:53,0
LF:19
LH:0
BRDA:37,0,0,0
BRDA:37,0,1,0
BRF:2
BRH:0
end_of_record
TN:
SF:src\hooks\role-type\useRoleTypes.ts
FN:12,useRoleTypes
FN:17,listRoleTypes
FN:22,listDistinctRoleTypes
FN:27,createRoleType
FN:41,updateRoleType
FN:46,deleteRoleType
FNF:6
FNH:0
FNDA:0,useRoleTypes
FNDA:0,listRoleTypes
FNDA:0,listDistinctRoleTypes
FNDA:0,createRoleType
FNDA:0,updateRoleType
FNDA:0,deleteRoleType
DA:13,0
DA:14,0
DA:15,0
DA:18,0
DA:19,0
DA:23,0
DA:24,0
DA:28,0
DA:29,0
DA:30,0
DA:31,0
DA:32,0
DA:34,0
DA:35,0
DA:37,0
DA:42,0
DA:43,0
DA:47,0
DA:50,0
LF:19
LH:0
BRDA:34,0,0,0
BRDA:34,0,1,0
BRF:2
BRH:0
end_of_record
TN:
SF:src\hooks\team\useTeams.ts
FN:11,useTeams
FN:16,listTeams
FN:21,listDistinctTeams
FN:26,createTeam
FN:40,updateTeam
FN:45,deleteTeam
FNF:6
FNH:0
FNDA:0,useTeams
FNDA:0,listTeams
FNDA:0,listDistinctTeams
FNDA:0,createTeam
FNDA:0,updateTeam
FNDA:0,deleteTeam
DA:12,0
DA:13,0
DA:14,0
DA:17,0
DA:18,0
DA:22,0
DA:23,0
DA:27,0
DA:28,0
DA:29,0
DA:30,0
DA:31,0
DA:33,0
DA:34,0
DA:36,0
DA:41,0
DA:42,0
DA:46,0
DA:49,0
LF:19
LH:0
BRDA:33,0,0,0
BRDA:33,0,1,0
BRF:2
BRH:0
end_of_record
TN:
SF:src\hooks\team-kpi\useTeamKpiEvolutions.ts
FN:4,(anonymous_0)
FN:24,useTeamKpiEvolutions
FN:29,listTeamKpiEvolutions
FN:34,updateTeamKpiEvolution
FNF:4
FNH:0
FNDA:0,(anonymous_0)
FNDA:0,useTeamKpiEvolutions
FNDA:0,listTeamKpiEvolutions
FNDA:0,updateTeamKpiEvolution
DA:4,0
DA:5,0
DA:6,0
DA:7,0
DA:25,0
DA:26,0
DA:27,0
DA:30,0
DA:31,0
DA:35,0
DA:36,0
DA:39,0
LF:12
LH:0
BRDA:4,0,0,0
BRDA:4,0,1,0
BRF:2
BRH:0
end_of_record
TN:
SF:src\hooks\team-kpi\useTeamKpis.ts
FN:4,(anonymous_0)
FN:33,useTeamKpis
FN:39,listTeamKpis
FN:45,createTeamKpi
FN:60,updateTeamKpi
FN:66,deleteTeamKpi
FNF:6
FNH:0
FNDA:0,(anonymous_0)
FNDA:0,useTeamKpis
FNDA:0,listTeamKpis
FNDA:0,createTeamKpi
FNDA:0,updateTeamKpi
FNDA:0,deleteTeamKpi
DA:4,0
DA:5,0
DA:6,0
DA:7,0
DA:8,0
DA:34,0
DA:35,0
DA:36,0
DA:40,0
DA:41,0
DA:46,0
DA:47,0
DA:48,0
DA:49,0
DA:50,0
DA:52,0
DA:53,0
DA:55,0
DA:61,0
DA:62,0
DA:67,0
DA:70,0
LF:22
LH:0
BRDA:4,0,0,0
BRDA:4,0,1,0
BRDA:52,1,0,0
BRDA:52,1,1,0
BRF:4
BRH:0
end_of_record
TN:
SF:src\hooks\team-member\useTeamMembers.ts
FN:19,useTeamMembers
FN:24,listTeamMembers
FN:32,createTeamMember
FN:49,updateTeamMember
FN:57,deleteTeamMember
FNF:5
FNH:0
FNDA:0,useTeamMembers
FNDA:0,listTeamMembers
FNDA:0,createTeamMember
FNDA:0,updateTeamMember
FNDA:0,deleteTeamMember
DA:20,0
DA:21,0
DA:22,0
DA:25,0
DA:28,0
DA:29,0
DA:33,0
DA:34,0
DA:35,0
DA:36,0
DA:40,0
DA:42,0
DA:43,0
DA:45,0
DA:50,0
DA:54,0
DA:58,0
DA:61,0
LF:18
LH:0
BRDA:25,0,0,0
BRDA:25,0,1,0
BRDA:42,1,0,0
BRDA:42,1,1,0
BRF:4
BRH:0
end_of_record
TN:
SF:src\hooks\user\useUserRoles.ts
FN:11,useUserRoles
FN:15,listUserRoles
FNF:2
FNH:0
FNDA:0,useUserRoles
FNDA:0,listUserRoles
DA:12,0
DA:13,0
DA:16,0
DA:17,0
DA:20,0
LF:5
LH:0
BRF:0
BRH:0
end_of_record
TN:
SF:src\hooks\user\useUsers.ts
FN:15,useUsers
FN:20,listUsers
FN:25,createUser
FN:39,updateUser
FN:44,deleteUser
FNF:5
FNH:0
FNDA:0,useUsers
FNDA:0,listUsers
FNDA:0,createUser
FNDA:0,updateUser
FNDA:0,deleteUser
DA:16,0
DA:17,0
DA:18,0
DA:21,0
DA:22,0
DA:26,0
DA:27,0
DA:28,0
DA:29,0
DA:30,0
DA:32,0
DA:33,0
DA:35,0
DA:40,0
DA:41,0
DA:45,0
DA:48,0
LF:17
LH:0
BRDA:32,0,0,0
BRDA:32,0,1,0
BRF:2
BRH:0
end_of_record
TN:
SF:src\lib\api.ts
FN:12,(anonymous_0)
FN:22,(anonymous_1)
FN:23,(anonymous_2)
FNF:3
FNH:0
FNDA:0,(anonymous_0)
FNDA:0,(anonymous_1)
FNDA:0,(anonymous_2)
DA:4,10
DA:12,10
DA:13,0
DA:14,0
DA:15,0
DA:17,0
DA:21,10
DA:22,0
DA:24,0
DA:25,0
DA:26,0
DA:28,0
DA:30,0
LF:13
LH:3
BRDA:5,0,0,10
BRDA:5,0,1,0
BRDA:14,1,0,0
BRDA:14,1,1,0
BRDA:24,2,0,0
BRDA:24,2,1,0
BRF:6
BRH:1
end_of_record
TN:
SF:src\lib\jwt.ts
FN:10,decodeJwt
FN:21,isExpired
FNF:2
FNH:0
FNDA:0,decodeJwt
FNDA:0,isExpired
DA:11,0
DA:12,0
DA:13,0
DA:14,0
DA:15,0
DA:17,0
DA:22,0
DA:23,0
DA:24,0
LF:9
LH:0
BRDA:13,0,0,0
BRDA:13,0,1,0
BRDA:22,1,0,0
BRDA:22,1,1,0
BRF:4
BRH:0
end_of_record
TN:
SF:src\lib\utils.ts
FN:4,cn
FNF:1
FNH:1
FNDA:48,cn
DA:5,48
LF:1
LH:1
BRF:0
BRH:0
end_of_record
TN:
SF:src\pages\admin\Branches.tsx
FN:20,Branch
FN:49,loadBranches
FN:69,(anonymous_2)
FN:72,(anonymous_3)
FN:73,loadStatic
FN:81,(anonymous_5)
FN:100,(anonymous_6)
FN:103,(anonymous_7)
FN:145,(anonymous_8)
FN:148,(anonymous_9)
FN:156,(anonymous_10)
FN:164,(anonymous_11)
FN:176,(anonymous_12)
FN:177,(anonymous_13)
FN:182,(anonymous_14)
FN:186,(anonymous_15)
FN:186,(anonymous_16)
FN:237,(anonymous_17)
FN:248,(anonymous_18)
FN:260,(anonymous_19)
FN:267,(anonymous_20)
FN:284,(anonymous_21)
FN:290,(anonymous_22)
FN:308,(anonymous_23)
FN:321,(anonymous_24)
FN:364,(anonymous_25)
FN:368,(anonymous_26)
FN:389,(anonymous_27)
FN:389,(anonymous_28)
FN:398,(anonymous_29)
FN:398,(anonymous_30)
FN:410,(anonymous_31)
FN:415,(anonymous_32)
FN:441,(anonymous_33)
FN:447,(anonymous_34)
FN:453,(anonymous_35)
FN:459,(anonymous_36)
FN:465,(anonymous_37)
FN:474,(anonymous_38)
FN:479,(anonymous_39)
FN:492,(anonymous_40)
FN:494,(anonymous_41)
FN:508,(anonymous_42)
FN:531,(anonymous_43)
FN:537,(anonymous_44)
FN:543,(anonymous_45)
FN:549,(anonymous_46)
FN:555,(anonymous_47)
FN:564,(anonymous_48)
FN:570,(anonymous_49)
FN:583,(anonymous_50)
FN:586,(anonymous_51)
FNF:52
FNH:13
FNDA:17,Branch
FNDA:5,loadBranches
FNDA:0,(anonymous_2)
FNDA:5,(anonymous_3)
FNDA:5,loadStatic
FNDA:5,(anonymous_5)
FNDA:0,(anonymous_6)
FNDA:0,(anonymous_7)
FNDA:0,(anonymous_8)
FNDA:1,(anonymous_9)
FNDA:2,(anonymous_10)
FNDA:0,(anonymous_11)
FNDA:0,(anonymous_12)
FNDA:0,(anonymous_13)
FNDA:0,(anonymous_14)
FNDA:0,(anonymous_15)
FNDA:0,(anonymous_16)
FNDA:0,(anonymous_17)
FNDA:0,(anonymous_18)
FNDA:0,(anonymous_19)
FNDA:14,(anonymous_20)
FNDA:0,(anonymous_21)
FNDA:0,(anonymous_22)
FNDA:0,(anonymous_23)
FNDA:1,(anonymous_24)
FNDA:4,(anonymous_25)
FNDA:1,(anonymous_26)
FNDA:0,(anonymous_27)
FNDA:0,(anonymous_28)
FNDA:0,(anonymous_29)
FNDA:0,(anonymous_30)
FNDA:0,(anonymous_31)
FNDA:0,(anonymous_32)
FNDA:0,(anonymous_33)
FNDA:0,(anonymous_34)
FNDA:0,(anonymous_35)
FNDA:0,(anonymous_36)
FNDA:0,(anonymous_37)
FNDA:0,(anonymous_38)
FNDA:14,(anonymous_39)
FNDA:0,(anonymous_40)
FNDA:0,(anonymous_41)
FNDA:0,(anonymous_42)
FNDA:0,(anonymous_43)
FNDA:0,(anonymous_44)
FNDA:0,(anonymous_45)
FNDA:0,(anonymous_46)
FNDA:0,(anonymous_47)
FNDA:0,(anonymous_48)
FNDA:14,(anonymous_49)
FNDA:0,(anonymous_50)
FNDA:0,(anonymous_51)
DA:21,17
DA:23,17
DA:24,17
DA:29,17
DA:30,17
DA:31,17
DA:33,17
DA:38,17
DA:39,17
DA:40,17
DA:41,17
DA:43,17
DA:44,17
DA:45,17
DA:46,17
DA:47,17
DA:50,5
DA:52,5
DA:61,5
DA:62,5
DA:64,5
DA:68,17
DA:69,0
DA:72,17
DA:74,5
DA:75,5
DA:76,5
DA:78,5
DA:81,17
DA:82,5
DA:89,17
DA:91,17
DA:92,17
DA:93,17
DA:94,17
DA:95,17
DA:96,17
DA:97,17
DA:99,17
DA:100,0
DA:103,17
DA:104,0
DA:106,0
DA:115,0
DA:116,0
DA:118,0
DA:120,0
DA:121,0
DA:122,0
DA:123,0
DA:124,0
DA:125,0
DA:126,0
DA:127,0
DA:133,17
DA:134,17
DA:136,17
DA:137,17
DA:138,17
DA:139,17
DA:140,17
DA:141,17
DA:142,17
DA:144,17
DA:145,0
DA:148,17
DA:149,1
DA:150,1
DA:151,1
DA:152,1
DA:153,1
DA:154,1
DA:156,2
DA:157,1
DA:158,1
DA:159,1
DA:161,1
DA:164,17
DA:165,0
DA:167,0
DA:176,0
DA:177,0
DA:179,0
DA:182,17
DA:183,0
DA:185,0
DA:186,0
DA:187,0
DA:188,0
DA:194,17
DA:238,0
DA:239,0
DA:249,0
DA:250,0
DA:261,0
DA:262,0
DA:263,0
DA:268,14
DA:285,0
DA:286,0
DA:291,0
DA:309,0
DA:310,0
DA:311,0
DA:312,0
DA:313,0
DA:321,1
DA:365,4
DA:368,1
DA:389,0
DA:398,0
DA:410,0
DA:415,0
DA:441,0
DA:447,0
DA:453,0
DA:459,0
DA:465,0
DA:475,0
DA:476,0
DA:480,14
DA:492,0
DA:495,0
DA:508,0
DA:531,0
DA:537,0
DA:543,0
DA:549,0
DA:555,0
DA:565,0
DA:566,0
DA:571,14
DA:583,0
DA:587,0
LF:134
LH:70
BRDA:41,0,0,17
BRDA:41,0,1,14
BRDA:55,1,0,5
BRDA:55,1,1,5
BRDA:56,2,0,5
BRDA:56,2,1,5
BRDA:57,3,0,5
BRDA:57,3,1,5
BRDA:58,4,0,5
BRDA:58,4,1,5
BRDA:68,5,0,0
BRDA:68,5,1,17
BRDA:75,6,0,5
BRDA:75,6,1,0
BRDA:76,7,0,5
BRDA:76,7,1,0
BRDA:99,8,0,0
BRDA:99,8,1,17
BRDA:144,9,0,0
BRDA:144,9,1,17
BRDA:157,10,0,1
BRDA:157,10,1,1
BRDA:165,11,0,0
BRDA:165,11,1,0
BRDA:177,12,0,0
BRDA:177,12,1,0
BRDA:183,13,0,0
BRDA:183,13,1,0
BRDA:204,14,0,17
BRDA:204,14,1,0
BRDA:210,15,0,17
BRDA:210,15,1,0
BRDA:351,16,0,5
BRDA:351,16,1,12
BRDA:357,17,0,9
BRDA:357,17,1,3
BRDA:421,18,0,17
BRDA:421,18,1,0
BRDA:421,18,2,0
BRDA:421,18,3,0
BRDA:421,18,4,0
BRDA:421,18,5,0
BRDA:421,18,6,0
BRDA:521,19,0,0
BRDA:521,19,1,17
BRF:45
BRH:25
end_of_record
TN:
SF:src\pages\admin\CareerPaths.tsx
FN:48,(anonymous_0)
FN:114,CareerPathsPage
FN:134,(anonymous_2)
FN:135,loadStatic
FN:156,loadPaths
FN:167,(anonymous_5)
FN:176,(anonymous_6)
FN:176,(anonymous_7)
FN:180,(anonymous_8)
FN:180,(anonymous_9)
FN:184,(anonymous_10)
FN:185,(anonymous_11)
FN:200,(anonymous_12)
FN:201,(anonymous_13)
FN:208,(anonymous_14)
FN:209,(anonymous_15)
FN:215,(anonymous_16)
FN:226,(anonymous_17)
FN:270,(anonymous_18)
FN:271,(anonymous_19)
FN:278,(anonymous_20)
FN:279,(anonymous_21)
FN:285,(anonymous_22)
FN:293,(anonymous_23)
FN:294,(anonymous_24)
FN:302,(anonymous_25)
FN:324,(anonymous_26)
FN:342,(anonymous_27)
FN:351,(anonymous_28)
FN:361,(anonymous_29)
FN:362,(anonymous_30)
FN:364,(anonymous_31)
FN:367,(anonymous_32)
FN:368,(anonymous_33)
FN:370,(anonymous_34)
FN:381,buildPathWithBranches
FN:399,(anonymous_36)
FN:442,(anonymous_37)
FN:445,(anonymous_38)
FN:453,(anonymous_39)
FN:457,(anonymous_40)
FN:463,(anonymous_41)
FN:472,(anonymous_42)
FN:505,(anonymous_43)
FN:508,(anonymous_44)
FN:515,(anonymous_45)
FN:570,(anonymous_46)
FN:621,(anonymous_47)
FN:624,(anonymous_48)
FN:713,(anonymous_49)
FN:717,(anonymous_50)
FN:721,(anonymous_51)
FN:825,(anonymous_52)
FN:959,(anonymous_53)
FN:966,(anonymous_54)
FN:985,(anonymous_55)
FN:993,(anonymous_56)
FN:1005,(anonymous_57)
FN:1018,(anonymous_58)
FN:1024,(anonymous_59)
FN:1037,(anonymous_60)
FN:1039,(anonymous_61)
FN:1057,(anonymous_62)
FN:1063,(anonymous_63)
FN:1076,(anonymous_64)
FN:1078,(anonymous_65)
FN:1091,(anonymous_66)
FN:1114,(anonymous_67)
FN:1121,(anonymous_68)
FN:1133,(anonymous_69)
FN:1146,(anonymous_70)
FN:1152,(anonymous_71)
FN:1165,(anonymous_72)
FN:1167,(anonymous_73)
FN:1185,(anonymous_74)
FN:1191,(anonymous_75)
FN:1204,(anonymous_76)
FN:1206,(anonymous_77)
FNF:78
FNH:0
FNDA:0,(anonymous_0)
FNDA:0,CareerPathsPage
FNDA:0,(anonymous_2)
FNDA:0,loadStatic
FNDA:0,loadPaths
FNDA:0,(anonymous_5)
FNDA:0,(anonymous_6)
FNDA:0,(anonymous_7)
FNDA:0,(anonymous_8)
FNDA:0,(anonymous_9)
FNDA:0,(anonymous_10)
FNDA:0,(anonymous_11)
FNDA:0,(anonymous_12)
FNDA:0,(anonymous_13)
FNDA:0,(anonymous_14)
FNDA:0,(anonymous_15)
FNDA:0,(anonymous_16)
FNDA:0,(anonymous_17)
FNDA:0,(anonymous_18)
FNDA:0,(anonymous_19)
FNDA:0,(anonymous_20)
FNDA:0,(anonymous_21)
FNDA:0,(anonymous_22)
FNDA:0,(anonymous_23)
FNDA:0,(anonymous_24)
FNDA:0,(anonymous_25)
FNDA:0,(anonymous_26)
FNDA:0,(anonymous_27)
FNDA:0,(anonymous_28)
FNDA:0,(anonymous_29)
FNDA:0,(anonymous_30)
FNDA:0,(anonymous_31)
FNDA:0,(anonymous_32)
FNDA:0,(anonymous_33)
FNDA:0,(anonymous_34)
FNDA:0,buildPathWithBranches
FNDA:0,(anonymous_36)
FNDA:0,(anonymous_37)
FNDA:0,(anonymous_38)
FNDA:0,(anonymous_39)
FNDA:0,(anonymous_40)
FNDA:0,(anonymous_41)
FNDA:0,(anonymous_42)
FNDA:0,(anonymous_43)
FNDA:0,(anonymous_44)
FNDA:0,(anonymous_45)
FNDA:0,(anonymous_46)
FNDA:0,(anonymous_47)
FNDA:0,(anonymous_48)
FNDA:0,(anonymous_49)
FNDA:0,(anonymous_50)
FNDA:0,(anonymous_51)
FNDA:0,(anonymous_52)
FNDA:0,(anonymous_53)
FNDA:0,(anonymous_54)
FNDA:0,(anonymous_55)
FNDA:0,(anonymous_56)
FNDA:0,(anonymous_57)
FNDA:0,(anonymous_58)
FNDA:0,(anonymous_59)
FNDA:0,(anonymous_60)
FNDA:0,(anonymous_61)
FNDA:0,(anonymous_62)
FNDA:0,(anonymous_63)
FNDA:0,(anonymous_64)
FNDA:0,(anonymous_65)
FNDA:0,(anonymous_66)
FNDA:0,(anonymous_67)
FNDA:0,(anonymous_68)
FNDA:0,(anonymous_69)
FNDA:0,(anonymous_70)
FNDA:0,(anonymous_71)
FNDA:0,(anonymous_72)
FNDA:0,(anonymous_73)
FNDA:0,(anonymous_74)
FNDA:0,(anonymous_75)
FNDA:0,(anonymous_76)
FNDA:0,(anonymous_77)
DA:48,0
DA:49,0
DA:51,0
DA:58,0
DA:111,0
DA:112,0
DA:122,0
DA:123,0
DA:124,0
DA:125,0
DA:130,0
DA:131,0
DA:132,0
DA:134,0
DA:136,0
DA:142,0
DA:143,0
DA:144,0
DA:146,0
DA:152,0
DA:153,0
DA:154,0
DA:157,0
DA:158,0
DA:159,0
DA:161,0
DA:162,0
DA:163,0
DA:164,0
DA:167,0
DA:168,0
DA:169,0
DA:171,0
DA:175,0
DA:176,0
DA:179,0
DA:180,0
DA:184,0
DA:185,0
DA:190,0
DA:191,0
DA:192,0
DA:193,0
DA:194,0
DA:195,0
DA:196,0
DA:197,0
DA:199,0
DA:201,0
DA:202,0
DA:207,0
DA:209,0
DA:210,0
DA:215,0
DA:216,0
DA:217,0
DA:218,0
DA:219,0
DA:220,0
DA:221,0
DA:222,0
DA:223,0
DA:226,0
DA:227,0
DA:228,0
DA:230,0
DA:231,0
DA:234,0
DA:236,0
DA:246,0
DA:247,0
DA:251,0
DA:259,0
DA:260,0
DA:261,0
DA:262,0
DA:263,0
DA:264,0
DA:265,0
DA:266,0
DA:267,0
DA:269,0
DA:271,0
DA:272,0
DA:277,0
DA:279,0
DA:280,0
DA:285,0
DA:286,0
DA:287,0
DA:288,0
DA:289,0
DA:290,0
DA:291,0
DA:293,0
DA:294,0
DA:296,0
DA:297,0
DA:299,0
DA:302,0
DA:303,0
DA:305,0
DA:306,0
DA:309,0
DA:311,0
DA:320,0
DA:321,0
DA:324,0
DA:325,0
DA:326,0
DA:327,0
DA:328,0
DA:332,0
DA:342,0
DA:343,0
DA:344,0
DA:345,0
DA:346,0
DA:347,0
DA:349,0
DA:350,0
DA:351,0
DA:355,0
DA:357,0
DA:361,0
DA:362,0
DA:363,0
DA:364,0
DA:367,0
DA:368,0
DA:369,0
DA:370,0
DA:371,0
DA:373,0
DA:382,0
DA:383,0
DA:384,0
DA:385,0
DA:387,0
DA:388,0
DA:389,0
DA:391,0
DA:392,0
DA:394,0
DA:395,0
DA:397,0
DA:398,0
DA:399,0
DA:400,0
DA:401,0
DA:402,0
DA:404,0
DA:405,0
DA:406,0
DA:407,0
DA:409,0
DA:410,0
DA:412,0
DA:413,0
DA:416,0
DA:419,0
DA:422,0
DA:423,0
DA:424,0
DA:425,0
DA:428,0
DA:442,0
DA:443,0
DA:445,0
DA:446,0
DA:448,0
DA:449,0
DA:452,0
DA:453,0
DA:454,0
DA:457,0
DA:458,0
DA:460,0
DA:463,0
DA:468,0
DA:472,0
DA:473,0
DA:474,0
DA:476,0
DA:486,0
DA:487,0
DA:489,0
DA:503,0
DA:505,0
DA:506,0
DA:508,0
DA:509,0
DA:510,0
DA:511,0
DA:513,0
DA:515,0
DA:516,0
DA:518,0
DA:520,0
DA:527,0
DA:529,0
DA:539,0
DA:541,0
DA:553,0
DA:558,0
DA:560,0
DA:569,0
DA:570,0
DA:579,0
DA:621,0
DA:625,0
DA:713,0
DA:718,0
DA:721,0
DA:826,0
DA:959,0
DA:966,0
DA:985,0
DA:993,0
DA:1005,0
DA:1019,0
DA:1020,0
DA:1025,0
DA:1037,0
DA:1040,0
DA:1058,0
DA:1059,0
DA:1064,0
DA:1076,0
DA:1079,0
DA:1091,0
DA:1114,0
DA:1121,0
DA:1133,0
DA:1147,0
DA:1148,0
DA:1153,0
DA:1165,0
DA:1168,0
DA:1186,0
DA:1187,0
DA:1192,0
DA:1204,0
DA:1207,0
LF:244
LH:0
BRDA:69,0,0,0
BRDA:69,0,1,0
BRDA:72,1,0,0
BRDA:72,1,1,0
BRDA:142,2,0,0
BRDA:142,2,1,0
BRDA:143,3,0,0
BRDA:143,3,1,0
BRDA:144,4,0,0
BRDA:144,4,1,0
BRDA:157,5,0,0
BRDA:157,5,1,0
BRDA:163,6,0,0
BRDA:163,6,1,0
BRDA:168,7,0,0
BRDA:168,7,1,0
BRDA:185,8,0,0
BRDA:185,8,1,0
BRDA:202,9,0,0
BRDA:202,9,1,0
BRDA:210,10,0,0
BRDA:210,10,1,0
BRDA:227,11,0,0
BRDA:227,11,1,0
BRDA:227,12,0,0
BRDA:227,12,1,0
BRDA:227,12,2,0
BRDA:234,13,0,0
BRDA:234,13,1,0
BRDA:242,14,0,0
BRDA:242,14,1,0
BRDA:251,15,0,0
BRDA:251,15,1,0
BRDA:251,15,2,0
BRDA:251,15,3,0
BRDA:272,16,0,0
BRDA:272,16,1,0
BRDA:280,17,0,0
BRDA:280,17,1,0
BRDA:290,18,0,0
BRDA:290,18,1,0
BRDA:296,19,0,0
BRDA:296,19,1,0
BRDA:297,20,0,0
BRDA:297,20,1,0
BRDA:303,21,0,0
BRDA:303,21,1,0
BRDA:303,22,0,0
BRDA:303,22,1,0
BRDA:309,23,0,0
BRDA:309,23,1,0
BRDA:316,24,0,0
BRDA:316,24,1,0
BRDA:325,25,0,0
BRDA:325,25,1,0
BRDA:325,26,0,0
BRDA:325,26,1,0
BRDA:332,27,0,0
BRDA:332,27,1,0
BRDA:332,27,2,0
BRDA:332,27,3,0
BRDA:345,28,0,0
BRDA:345,28,1,0
BRDA:351,29,0,0
BRDA:351,29,1,0
BRDA:352,30,0,0
BRDA:352,30,1,0
BRDA:352,31,0,0
BRDA:352,31,1,0
BRDA:363,32,0,0
BRDA:363,32,1,0
BRDA:371,33,0,0
BRDA:371,33,1,0
BRDA:388,34,0,0
BRDA:388,34,1,0
BRDA:391,35,0,0
BRDA:391,35,1,0
BRDA:392,36,0,0
BRDA:392,36,1,0
BRDA:397,37,0,0
BRDA:397,37,1,0
BRDA:406,38,0,0
BRDA:406,38,1,0
BRDA:409,39,0,0
BRDA:409,39,1,0
BRDA:410,40,0,0
BRDA:410,40,1,0
BRDA:423,41,0,0
BRDA:423,41,1,0
BRDA:443,42,0,0
BRDA:443,42,1,0
BRDA:454,43,0,0
BRDA:454,43,1,0
BRDA:460,44,0,0
BRDA:460,44,1,0
BRDA:460,45,0,0
BRDA:460,45,1,0
BRDA:486,46,0,0
BRDA:486,46,1,0
BRDA:527,47,0,0
BRDA:527,47,1,0
BRDA:539,48,0,0
BRDA:539,48,1,0
BRDA:594,49,0,0
BRDA:594,49,1,0
BRDA:649,50,0,0
BRDA:649,50,1,0
BRDA:662,51,0,0
BRDA:662,51,1,0
BRDA:691,52,0,0
BRDA:691,52,1,0
BRDA:700,53,0,0
BRDA:700,53,1,0
BRDA:713,54,0,0
BRDA:713,54,1,0
BRDA:714,55,0,0
BRDA:714,55,1,0
BRDA:714,56,0,0
BRDA:714,56,1,0
BRDA:725,57,0,0
BRDA:725,57,1,0
BRDA:729,58,0,0
BRDA:729,58,1,0
BRDA:733,59,0,0
BRDA:733,59,1,0
BRDA:776,60,0,0
BRDA:776,60,1,0
BRDA:776,61,0,0
BRDA:776,61,1,0
BRDA:861,62,0,0
BRDA:861,62,1,0
BRDA:861,62,2,0
BRDA:972,63,0,0
BRDA:972,63,1,0
BRDA:975,64,0,0
BRDA:975,64,1,0
BRDA:1101,65,0,0
BRDA:1101,65,1,0
BRDA:1104,66,0,0
BRDA:1104,66,1,0
BRF:140
BRH:0
end_of_record
TN:
SF:src\pages\admin\Departments.tsx
FN:14,DepartmentPage
FN:35,loadDepartments
FN:49,(anonymous_2)
FN:57,(anonymous_3)
FN:74,(anonymous_4)
FN:80,(anonymous_5)
FN:88,(anonymous_6)
FN:131,(anonymous_7)
FN:142,(anonymous_8)
FN:158,(anonymous_9)
FN:201,(anonymous_10)
FN:205,(anonymous_11)
FN:230,(anonymous_12)
FN:230,(anonymous_13)
FN:240,(anonymous_14)
FN:240,(anonymous_15)
FN:253,(anonymous_16)
FN:259,(anonymous_17)
FN:277,(anonymous_18)
FN:286,(anonymous_19)
FN:310,(anonymous_20)
FNF:21
FNH:16
FNDA:50,DepartmentPage
FNDA:18,loadDepartments
FNDA:15,(anonymous_2)
FNDA:1,(anonymous_3)
FNDA:3,(anonymous_4)
FNDA:1,(anonymous_5)
FNDA:1,(anonymous_6)
FNDA:2,(anonymous_7)
FNDA:1,(anonymous_8)
FNDA:2,(anonymous_9)
FNDA:35,(anonymous_10)
FNDA:3,(anonymous_11)
FNDA:0,(anonymous_12)
FNDA:0,(anonymous_13)
FNDA:1,(anonymous_14)
FNDA:1,(anonymous_15)
FNDA:0,(anonymous_16)
FNDA:0,(anonymous_17)
FNDA:1,(anonymous_18)
FNDA:0,(anonymous_19)
FNDA:1,(anonymous_20)
DA:20,50
DA:22,50
DA:23,50
DA:26,50
DA:27,50
DA:28,50
DA:29,50
DA:32,50
DA:36,18
DA:38,18
DA:44,17
DA:45,17
DA:46,17
DA:49,50
DA:50,15
DA:54,50
DA:55,50
DA:57,50
DA:58,1
DA:63,1
DA:64,1
DA:65,1
DA:66,1
DA:70,50
DA:71,50
DA:72,50
DA:74,50
DA:75,3
DA:76,3
DA:77,3
DA:80,50
DA:81,1
DA:83,1
DA:84,1
DA:85,1
DA:88,50
DA:89,1
DA:91,1
DA:92,1
DA:93,1
DA:96,50
DA:132,2
DA:133,2
DA:143,1
DA:144,1
DA:158,2
DA:202,35
DA:205,3
DA:230,0
DA:240,1
DA:253,0
DA:259,0
DA:277,1
DA:286,0
DA:310,1
LF:55
LH:51
BRDA:41,0,0,18
BRDA:41,0,1,16
BRDA:81,1,0,0
BRDA:81,1,1,1
BRDA:89,2,0,0
BRDA:89,2,1,1
BRDA:184,3,0,50
BRDA:184,3,1,21
BRDA:192,4,0,50
BRDA:192,4,1,29
BRDA:192,4,2,12
BRDA:200,5,0,50
BRDA:200,5,1,29
BRDA:222,6,0,50
BRDA:222,6,1,32
BRF:15
BRH:13
end_of_record
TN:
SF:src\pages\admin\EmployeeKpis.tsx
FN:29,EmployeeKpis
FN:77,(anonymous_1)
FN:91,(anonymous_2)
FN:92,(anonymous_3)
FN:100,loadEmployeeKpis
FN:122,(anonymous_5)
FN:123,loadStatic
FN:140,(anonymous_7)
FN:169,(anonymous_8)
FN:170,(anonymous_9)
FN:174,(anonymous_10)
FN:183,(anonymous_11)
FN:221,(anonymous_12)
FN:228,(anonymous_13)
FN:240,(anonymous_14)
FN:295,(anonymous_15)
FN:301,(anonymous_16)
FN:314,(anonymous_17)
FN:320,(anonymous_18)
FN:333,(anonymous_19)
FN:339,(anonymous_20)
FN:353,(anonymous_21)
FN:365,(anonymous_22)
FN:383,(anonymous_23)
FN:397,(anonymous_24)
FN:449,(anonymous_25)
FN:464,(anonymous_26)
FN:494,(anonymous_27)
FN:494,(anonymous_28)
FN:503,(anonymous_29)
FN:503,(anonymous_30)
FN:515,(anonymous_31)
FN:520,(anonymous_32)
FN:539,(anonymous_33)
FN:541,(anonymous_34)
FN:554,(anonymous_35)
FN:556,(anonymous_36)
FN:570,(anonymous_37)
FN:580,(anonymous_38)
FN:589,(anonymous_39)
FN:597,(anonymous_40)
FN:599,(anonymous_41)
FN:612,(anonymous_42)
FN:635,(anonymous_43)
FN:643,(anonymous_44)
FN:645,(anonymous_45)
FNF:46
FNH:26
FNDA:34,EmployeeKpis
FNDA:34,(anonymous_1)
FNDA:34,(anonymous_2)
FNDA:34,(anonymous_3)
FNDA:11,loadEmployeeKpis
FNDA:8,(anonymous_5)
FNDA:8,loadStatic
FNDA:9,(anonymous_7)
FNDA:16,(anonymous_8)
FNDA:8,(anonymous_9)
FNDA:0,(anonymous_10)
FNDA:0,(anonymous_11)
FNDA:3,(anonymous_12)
FNDA:1,(anonymous_13)
FNDA:1,(anonymous_14)
FNDA:0,(anonymous_15)
FNDA:17,(anonymous_16)
FNDA:0,(anonymous_17)
FNDA:17,(anonymous_18)
FNDA:0,(anonymous_19)
FNDA:136,(anonymous_20)
FNDA:0,(anonymous_21)
FNDA:0,(anonymous_22)
FNDA:0,(anonymous_23)
FNDA:1,(anonymous_24)
FNDA:32,(anonymous_25)
FNDA:3,(anonymous_26)
FNDA:0,(anonymous_27)
FNDA:0,(anonymous_28)
FNDA:1,(anonymous_29)
FNDA:1,(anonymous_30)
FNDA:0,(anonymous_31)
FNDA:0,(anonymous_32)
FNDA:0,(anonymous_33)
FNDA:17,(anonymous_34)
FNDA:0,(anonymous_35)
FNDA:17,(anonymous_36)
FNDA:0,(anonymous_37)
FNDA:0,(anonymous_38)
FNDA:0,(anonymous_39)
FNDA:0,(anonymous_40)
FNDA:136,(anonymous_41)
FNDA:0,(anonymous_42)
FNDA:1,(anonymous_43)
FNDA:0,(anonymous_44)
FNDA:136,(anonymous_45)
DA:37,34
DA:38,34
DA:39,34
DA:40,34
DA:42,34
DA:43,34
DA:44,34
DA:45,34
DA:46,34
DA:51,34
DA:52,34
DA:53,34
DA:54,34
DA:56,34
DA:57,34
DA:58,34
DA:59,34
DA:60,34
DA:61,34
DA:63,34
DA:70,34
DA:77,34
DA:78,34
DA:82,34
DA:83,0
DA:87,0
DA:88,0
DA:91,34
DA:92,34
DA:93,34
DA:94,34
DA:101,11
DA:103,11
DA:113,10
DA:114,10
DA:116,10
DA:122,34
DA:124,8
DA:130,8
DA:131,8
DA:132,8
DA:134,8
DA:140,34
DA:141,9
DA:155,34
DA:157,34
DA:158,34
DA:159,34
DA:160,34
DA:163,34
DA:164,34
DA:165,34
DA:166,34
DA:169,34
DA:170,16
DA:171,16
DA:174,34
DA:175,0
DA:177,0
DA:178,0
DA:179,0
DA:181,0
DA:183,0
DA:185,0
DA:199,0
DA:200,0
DA:201,0
DA:203,0
DA:204,0
DA:205,0
DA:206,0
DA:207,0
DA:208,0
DA:209,0
DA:210,0
DA:216,34
DA:217,34
DA:218,34
DA:219,34
DA:221,34
DA:222,3
DA:223,3
DA:224,3
DA:225,3
DA:228,34
DA:229,1
DA:231,1
DA:236,1
DA:237,1
DA:240,34
DA:241,1
DA:243,1
DA:244,1
DA:245,1
DA:251,34
DA:296,0
DA:297,0
DA:302,17
DA:315,0
DA:316,0
DA:321,17
DA:334,0
DA:335,0
DA:340,136
DA:354,0
DA:355,0
DA:366,0
DA:367,0
DA:384,0
DA:385,0
DA:386,0
DA:387,0
DA:388,0
DA:389,0
DA:397,1
DA:451,32
DA:456,32
DA:460,32
DA:464,3
DA:494,0
DA:503,1
DA:515,0
DA:520,0
DA:539,0
DA:542,17
DA:554,0
DA:557,17
DA:570,0
DA:580,0
DA:589,0
DA:597,0
DA:600,136
DA:612,0
DA:635,1
DA:643,0
DA:646,136
LF:136
LH:88
BRDA:54,0,0,34
BRDA:54,0,1,19
BRDA:78,1,0,34
BRDA:78,1,1,0
BRDA:79,2,0,34
BRDA:79,2,1,0
BRDA:83,3,0,0
BRDA:83,3,1,0
BRDA:84,4,0,0
BRDA:84,4,1,0
BRDA:93,5,0,0
BRDA:93,5,1,34
BRDA:106,6,0,11
BRDA:106,6,1,11
BRDA:107,7,0,11
BRDA:107,7,1,11
BRDA:108,8,0,11
BRDA:108,8,1,11
BRDA:109,9,0,11
BRDA:109,9,1,11
BRDA:110,10,0,11
BRDA:110,10,1,11
BRDA:130,11,0,8
BRDA:130,11,1,0
BRDA:131,12,0,8
BRDA:131,12,1,0
BRDA:132,13,0,8
BRDA:132,13,1,0
BRDA:166,14,0,34
BRDA:166,14,1,0
BRDA:171,15,0,0
BRDA:171,15,1,16
BRDA:179,16,0,0
BRDA:179,16,1,0
BRDA:188,17,0,0
BRDA:188,17,1,0
BRDA:229,18,0,0
BRDA:229,18,1,1
BRDA:241,19,0,0
BRDA:241,19,1,1
BRDA:261,20,0,34
BRDA:261,20,1,0
BRDA:267,21,0,34
BRDA:267,21,1,0
BRDA:303,22,0,17
BRDA:303,22,1,0
BRDA:436,23,0,11
BRDA:436,23,1,23
BRDA:442,24,0,9
BRDA:442,24,1,14
BRDA:451,25,0,32
BRDA:451,25,1,32
BRDA:451,25,2,0
BRDA:456,26,0,32
BRDA:456,26,1,32
BRDA:456,26,2,0
BRDA:470,27,0,32
BRDA:470,27,1,0
BRDA:525,28,0,34
BRDA:525,28,1,0
BRDA:525,28,2,0
BRDA:525,28,3,0
BRDA:543,29,0,17
BRDA:543,29,1,0
BRDA:625,30,0,0
BRDA:625,30,1,34
BRF:66
BRH:37
end_of_record
TN:
SF:src\pages\admin\Employees.tsx
FN:32,EmployeesPage
FN:75,loadEmployees
FN:93,(anonymous_2)
FN:94,loadStatic
FN:113,(anonymous_4)
FN:130,loadPersonsModal
FN:142,(anonymous_6)
FN:153,(anonymous_7)
FN:171,(anonymous_8)
FN:178,(anonymous_9)
FN:181,(anonymous_10)
FN:185,(anonymous_11)
FN:186,(anonymous_12)
FN:192,(anonymous_13)
FN:253,loadEmployeeHistories
FN:266,(anonymous_15)
FN:283,(anonymous_16)
FN:290,(anonymous_17)
FN:299,(anonymous_18)
FN:300,(anonymous_19)
FN:305,(anonymous_20)
FN:309,(anonymous_21)
FN:309,(anonymous_22)
FN:317,(anonymous_23)
FN:320,(anonymous_24)
FN:324,(anonymous_25)
FN:375,(anonymous_26)
FN:387,(anonymous_27)
FN:393,(anonymous_28)
FN:406,(anonymous_29)
FN:412,(anonymous_30)
FN:425,(anonymous_31)
FN:431,(anonymous_32)
FN:449,(anonymous_33)
FN:462,(anonymous_34)
FN:514,(anonymous_35)
FN:518,(anonymous_36)
FN:549,(anonymous_37)
FN:549,(anonymous_38)
FN:558,(anonymous_39)
FN:558,(anonymous_40)
FN:570,(anonymous_41)
FN:575,(anonymous_42)
FN:603,(anonymous_43)
FN:617,(anonymous_44)
FN:623,(anonymous_45)
FN:637,(anonymous_46)
FN:639,(anonymous_47)
FN:653,(anonymous_48)
FN:655,(anonymous_49)
FN:669,(anonymous_50)
FN:672,(anonymous_51)
FN:686,(anonymous_52)
FN:688,(anonymous_53)
FN:702,(anonymous_54)
FN:713,(anonymous_55)
FN:720,(anonymous_56)
FN:765,(anonymous_57)
FN:766,(anonymous_58)
FN:775,(anonymous_59)
FN:776,(anonymous_60)
FN:790,(anonymous_61)
FN:791,(anonymous_62)
FN:798,(anonymous_63)
FN:812,(anonymous_64)
FN:813,(anonymous_65)
FN:820,(anonymous_66)
FN:834,(anonymous_67)
FN:835,(anonymous_68)
FN:839,(anonymous_69)
FN:853,(anonymous_70)
FN:854,(anonymous_71)
FN:858,(anonymous_72)
FN:872,(anonymous_73)
FN:873,(anonymous_74)
FN:880,(anonymous_75)
FN:954,(anonymous_76)
FN:987,(anonymous_77)
FN:987,(anonymous_78)
FN:995,(anonymous_79)
FN:995,(anonymous_80)
FN:1009,(anonymous_81)
FN:1021,(anonymous_82)
FN:1031,(anonymous_83)
FN:1039,(anonymous_84)
FN:1043,(anonymous_85)
FN:1061,(anonymous_86)
FN:1061,(anonymous_87)
FN:1070,(anonymous_88)
FN:1070,(anonymous_89)
FNF:90
FNH:46
FNDA:65,EmployeesPage
FNDA:17,loadEmployees
FNDA:12,(anonymous_2)
FNDA:12,loadStatic
FNDA:16,(anonymous_4)
FNDA:1,loadPersonsModal
FNDA:13,(anonymous_6)
FNDA:0,(anonymous_7)
FNDA:12,(anonymous_8)
FNDA:0,(anonymous_9)
FNDA:0,(anonymous_10)
FNDA:24,(anonymous_11)
FNDA:12,(anonymous_12)
FNDA:0,(anonymous_13)
FNDA:4,loadEmployeeHistories
FNDA:4,(anonymous_15)
FNDA:18,(anonymous_16)
FNDA:1,(anonymous_17)
FNDA:1,(anonymous_18)
FNDA:1,(anonymous_19)
FNDA:1,(anonymous_20)
FNDA:1,(anonymous_21)
FNDA:1,(anonymous_22)
FNDA:16,(anonymous_23)
FNDA:16,(anonymous_24)
FNDA:48,(anonymous_25)
FNDA:2,(anonymous_26)
FNDA:0,(anonymous_27)
FNDA:33,(anonymous_28)
FNDA:0,(anonymous_29)
FNDA:33,(anonymous_30)
FNDA:0,(anonymous_31)
FNDA:33,(anonymous_32)
FNDA:1,(anonymous_33)
FNDA:2,(anonymous_34)
FNDA:48,(anonymous_35)
FNDA:4,(anonymous_36)
FNDA:0,(anonymous_37)
FNDA:0,(anonymous_38)
FNDA:1,(anonymous_39)
FNDA:1,(anonymous_40)
FNDA:0,(anonymous_41)
FNDA:0,(anonymous_42)
FNDA:1,(anonymous_43)
FNDA:0,(anonymous_44)
FNDA:33,(anonymous_45)
FNDA:0,(anonymous_46)
FNDA:0,(anonymous_47)
FNDA:0,(anonymous_48)
FNDA:0,(anonymous_49)
FNDA:0,(anonymous_50)
FNDA:33,(anonymous_51)
FNDA:0,(anonymous_52)
FNDA:33,(anonymous_53)
FNDA:0,(anonymous_54)
FNDA:0,(anonymous_55)
FNDA:0,(anonymous_56)
FNDA:1,(anonymous_57)
FNDA:1,(anonymous_58)
FNDA:1,(anonymous_59)
FNDA:1,(anonymous_60)
FNDA:0,(anonymous_61)
FNDA:0,(anonymous_62)
FNDA:33,(anonymous_63)
FNDA:0,(anonymous_64)
FNDA:0,(anonymous_65)
FNDA:33,(anonymous_66)
FNDA:0,(anonymous_67)
FNDA:0,(anonymous_68)
FNDA:33,(anonymous_69)
FNDA:0,(anonymous_70)
FNDA:0,(anonymous_71)
FNDA:33,(anonymous_72)
FNDA:0,(anonymous_73)
FNDA:0,(anonymous_74)
FNDA:33,(anonymous_75)
FNDA:0,(anonymous_76)
FNDA:0,(anonymous_77)
FNDA:0,(anonymous_78)
FNDA:0,(anonymous_79)
FNDA:0,(anonymous_80)
FNDA:0,(anonymous_81)
FNDA:0,(anonymous_82)
FNDA:0,(anonymous_83)
FNDA:1,(anonymous_84)
FNDA:0,(anonymous_85)
FNDA:0,(anonymous_86)
FNDA:0,(anonymous_87)
FNDA:0,(anonymous_88)
FNDA:0,(anonymous_89)
DA:40,65
DA:41,65
DA:42,65
DA:43,65
DA:44,65
DA:45,65
DA:46,65
DA:47,65
DA:52,65
DA:53,65
DA:54,65
DA:55,65
DA:56,65
DA:57,65
DA:59,65
DA:64,65
DA:65,65
DA:66,65
DA:67,65
DA:69,65
DA:70,65
DA:71,65
DA:72,65
DA:73,65
DA:76,17
DA:78,17
DA:87,17
DA:88,17
DA:90,17
DA:93,65
DA:95,12
DA:103,12
DA:104,12
DA:105,12
DA:106,12
DA:107,12
DA:110,12
DA:113,65
DA:114,16
DA:121,65
DA:122,65
DA:123,65
DA:124,65
DA:125,65
DA:126,65
DA:127,65
DA:128,65
DA:131,1
DA:138,1
DA:139,1
DA:142,65
DA:143,13
DA:144,1
DA:149,65
DA:150,65
DA:151,65
DA:153,65
DA:154,0
DA:155,0
DA:156,0
DA:157,0
DA:163,65
DA:165,65
DA:166,65
DA:167,65
DA:168,65
DA:169,65
DA:170,65
DA:171,12
DA:173,65
DA:174,65
DA:177,65
DA:178,0
DA:180,65
DA:181,0
DA:185,65
DA:186,24
DA:187,24
DA:188,0
DA:192,65
DA:193,0
DA:195,0
DA:207,0
DA:210,0
DA:211,0
DA:213,0
DA:218,0
DA:219,0
DA:220,0
DA:221,0
DA:222,0
DA:223,0
DA:224,0
DA:225,0
DA:226,0
DA:227,0
DA:228,0
DA:229,0
DA:235,65
DA:236,65
DA:239,65
DA:244,65
DA:247,65
DA:248,65
DA:249,65
DA:250,65
DA:251,65
DA:254,4
DA:255,4
DA:261,4
DA:262,4
DA:263,4
DA:266,65
DA:267,4
DA:268,4
DA:279,4
DA:280,4
DA:283,65
DA:284,18
DA:285,4
DA:290,65
DA:291,1
DA:293,1
DA:299,1
DA:300,1
DA:302,1
DA:305,65
DA:306,1
DA:308,1
DA:309,1
DA:310,1
DA:311,1
DA:315,65
DA:316,65
DA:317,16
DA:319,65
DA:320,16
DA:324,65
DA:325,48
DA:326,48
DA:332,65
DA:376,2
DA:377,2
DA:388,0
DA:389,0
DA:394,33
DA:407,0
DA:408,0
DA:413,33
DA:426,0
DA:427,0
DA:432,33
DA:450,1
DA:451,1
DA:452,1
DA:453,1
DA:454,1
DA:462,2
DA:515,48
DA:518,4
DA:549,0
DA:558,1
DA:570,0
DA:575,0
DA:603,1
DA:618,0
DA:619,0
DA:620,0
DA:624,33
DA:637,0
DA:640,0
DA:653,0
DA:656,0
DA:669,0
DA:673,33
DA:686,0
DA:689,33
DA:702,0
DA:713,0
DA:720,0
DA:766,1
DA:776,1
DA:791,0
DA:799,33
DA:813,0
DA:821,33
DA:835,0
DA:840,33
DA:854,0
DA:859,33
DA:873,0
DA:881,33
DA:955,0
DA:987,0
DA:995,0
DA:1009,0
DA:1022,0
DA:1023,0
DA:1032,0
DA:1033,0
DA:1040,1
DA:1043,0
DA:1061,0
DA:1070,0
LF:204
LH:142
BRDA:67,0,0,65
BRDA:67,0,1,34
BRDA:81,1,0,17
BRDA:81,1,1,15
BRDA:82,2,0,17
BRDA:82,2,1,17
BRDA:83,3,0,17
BRDA:83,3,1,17
BRDA:84,4,0,17
BRDA:84,4,1,17
BRDA:103,5,0,12
BRDA:103,5,1,0
BRDA:104,6,0,12
BRDA:104,6,1,0
BRDA:105,7,0,12
BRDA:105,7,1,0
BRDA:106,8,0,12
BRDA:106,8,1,0
BRDA:107,9,0,12
BRDA:107,9,1,0
BRDA:128,10,0,65
BRDA:128,10,1,64
BRDA:134,11,0,1
BRDA:134,11,1,1
BRDA:135,12,0,1
BRDA:135,12,1,1
BRDA:143,13,0,1
BRDA:143,13,1,12
BRDA:177,14,0,0
BRDA:177,14,1,65
BRDA:180,15,0,0
BRDA:180,15,1,65
BRDA:187,16,0,0
BRDA:187,16,1,24
BRDA:200,17,0,0
BRDA:200,17,1,0
BRDA:203,18,0,0
BRDA:203,18,1,0
BRDA:204,19,0,0
BRDA:204,19,1,0
BRDA:214,20,0,0
BRDA:214,20,1,0
BRDA:250,21,0,65
BRDA:250,21,1,65
BRDA:276,22,0,4
BRDA:276,22,1,4
BRDA:284,23,0,4
BRDA:284,23,1,14
BRDA:284,24,0,18
BRDA:284,24,1,4
BRDA:291,25,0,0
BRDA:291,25,1,1
BRDA:295,26,0,1
BRDA:295,26,1,0
BRDA:296,27,0,1
BRDA:296,27,1,0
BRDA:300,28,0,1
BRDA:300,28,1,0
BRDA:306,29,0,0
BRDA:306,29,1,1
BRDA:315,30,0,65
BRDA:315,30,1,49
BRDA:316,31,0,16
BRDA:316,31,1,49
BRDA:319,32,0,16
BRDA:319,32,1,49
BRDA:325,33,0,48
BRDA:325,33,1,0
BRDA:342,34,0,65
BRDA:342,34,1,0
BRDA:348,35,0,65
BRDA:348,35,1,0
BRDA:501,36,0,22
BRDA:501,36,1,43
BRDA:507,37,0,13
BRDA:507,37,1,30
BRDA:524,38,0,48
BRDA:524,38,1,0
BRDA:581,39,0,65
BRDA:581,39,1,0
BRDA:581,39,2,0
BRDA:581,39,3,0
BRDA:581,39,4,0
BRDA:581,39,5,0
BRDA:581,39,6,0
BRDA:605,40,0,0
BRDA:605,40,1,65
BRDA:734,41,0,0
BRDA:734,41,1,65
BRDA:746,42,0,65
BRDA:746,42,1,49
BRDA:754,43,0,65
BRDA:754,43,1,49
BRDA:764,44,0,65
BRDA:764,44,1,49
BRDA:774,45,0,65
BRDA:774,45,1,49
BRDA:789,46,0,65
BRDA:789,46,1,49
BRDA:811,47,0,65
BRDA:811,47,1,49
BRDA:833,48,0,65
BRDA:833,48,1,49
BRDA:852,49,0,65
BRDA:852,49,1,49
BRDA:871,50,0,65
BRDA:871,50,1,49
BRDA:941,51,0,4
BRDA:941,51,1,61
BRDA:947,52,0,61
BRDA:947,52,1,0
BRDA:956,53,0,0
BRDA:956,53,1,0
BRDA:957,54,0,0
BRDA:957,54,1,0
BRDA:958,55,0,0
BRDA:958,55,1,0
BRDA:959,56,0,0
BRDA:959,56,1,0
BRDA:960,57,0,0
BRDA:960,57,1,0
BRDA:962,58,0,0
BRDA:962,58,1,0
BRDA:963,59,0,0
BRDA:963,59,1,0
BRDA:986,60,0,65
BRDA:986,60,1,0
BRDA:994,61,0,65
BRDA:994,61,1,0
BRF:129
BRH:79
end_of_record
TN:
SF:src\pages\admin\EvaluationTypes.tsx
FN:23,EvaluationTypesPage
FN:54,loadEvaluationTypes
FN:71,(anonymous_2)
FN:72,loadStatic
FN:80,(anonymous_4)
FN:97,(anonymous_5)
FN:131,(anonymous_6)
FN:140,(anonymous_7)
FN:154,(anonymous_8)
FN:163,(anonymous_9)
FN:246,(anonymous_10)
FN:258,(anonymous_11)
FN:264,(anonymous_12)
FN:277,(anonymous_13)
FN:283,(anonymous_14)
FN:301,(anonymous_15)
FN:313,(anonymous_16)
FN:362,(anonymous_17)
FN:366,(anonymous_18)
FN:397,(anonymous_19)
FN:397,(anonymous_20)
FN:406,(anonymous_21)
FN:406,(anonymous_22)
FN:418,(anonymous_23)
FN:423,(anonymous_24)
FN:441,(anonymous_25)
FN:449,(anonymous_26)
FN:451,(anonymous_27)
FN:464,(anonymous_28)
FN:466,(anonymous_29)
FN:480,(anonymous_30)
FN:488,(anonymous_31)
FN:511,(anonymous_32)
FN:519,(anonymous_33)
FN:522,(anonymous_34)
FN:535,(anonymous_35)
FN:537,(anonymous_36)
FN:551,(anonymous_37)
FNF:38
FNH:24
FNDA:47,EvaluationTypesPage
FNDA:16,loadEvaluationTypes
FNDA:10,(anonymous_2)
FNDA:10,loadStatic
FNDA:14,(anonymous_4)
FNDA:0,(anonymous_5)
FNDA:3,(anonymous_6)
FNDA:1,(anonymous_7)
FNDA:1,(anonymous_8)
FNDA:35,(anonymous_9)
FNDA:2,(anonymous_10)
FNDA:0,(anonymous_11)
FNDA:20,(anonymous_12)
FNDA:0,(anonymous_13)
FNDA:235,(anonymous_14)
FNDA:1,(anonymous_15)
FNDA:1,(anonymous_16)
FNDA:35,(anonymous_17)
FNDA:3,(anonymous_18)
FNDA:0,(anonymous_19)
FNDA:0,(anonymous_20)
FNDA:1,(anonymous_21)
FNDA:1,(anonymous_22)
FNDA:0,(anonymous_23)
FNDA:0,(anonymous_24)
FNDA:0,(anonymous_25)
FNDA:0,(anonymous_26)
FNDA:20,(anonymous_27)
FNDA:0,(anonymous_28)
FNDA:235,(anonymous_29)
FNDA:0,(anonymous_30)
FNDA:0,(anonymous_31)
FNDA:1,(anonymous_32)
FNDA:0,(anonymous_33)
FNDA:20,(anonymous_34)
FNDA:0,(anonymous_35)
FNDA:235,(anonymous_36)
FNDA:1,(anonymous_37)
DA:31,47
DA:32,47
DA:37,47
DA:38,47
DA:39,47
DA:44,47
DA:45,47
DA:46,47
DA:47,47
DA:49,47
DA:50,47
DA:51,47
DA:52,47
DA:55,16
DA:57,16
DA:65,15
DA:66,15
DA:68,15
DA:71,47
DA:74,10
DA:75,10
DA:77,10
DA:80,47
DA:81,14
DA:88,47
DA:90,47
DA:91,47
DA:92,47
DA:95,47
DA:97,47
DA:98,0
DA:100,0
DA:108,0
DA:109,0
DA:110,0
DA:112,0
DA:113,0
DA:114,0
DA:115,0
DA:116,0
DA:122,47
DA:123,47
DA:124,47
DA:125,47
DA:126,47
DA:129,47
DA:131,47
DA:132,3
DA:133,3
DA:134,3
DA:135,3
DA:136,3
DA:137,3
DA:140,47
DA:141,1
DA:143,1
DA:150,1
DA:151,1
DA:154,47
DA:155,1
DA:157,1
DA:158,1
DA:159,1
DA:163,47
DA:164,35
DA:168,35
DA:170,0
DA:174,0
DA:176,0
DA:180,47
DA:203,47
DA:247,2
DA:248,2
DA:259,0
DA:260,0
DA:265,20
DA:278,0
DA:279,0
DA:284,235
DA:302,1
DA:303,1
DA:304,1
DA:305,1
DA:313,1
DA:363,35
DA:366,3
DA:397,0
DA:406,1
DA:418,0
DA:423,0
DA:441,0
DA:449,0
DA:452,20
DA:464,0
DA:467,235
DA:480,0
DA:488,0
DA:511,1
DA:519,0
DA:523,20
DA:535,0
DA:538,235
DA:551,1
LF:103
LH:76
BRDA:47,0,0,47
BRDA:47,0,1,29
BRDA:60,1,0,16
BRDA:60,1,1,14
BRDA:61,2,0,16
BRDA:61,2,1,16
BRDA:62,3,0,16
BRDA:62,3,1,16
BRDA:75,4,0,10
BRDA:75,4,1,0
BRDA:134,5,0,3
BRDA:134,5,1,0
BRDA:136,6,0,3
BRDA:136,6,1,0
BRDA:141,7,0,0
BRDA:141,7,1,1
BRDA:155,8,0,0
BRDA:155,8,1,1
BRDA:164,9,0,35
BRDA:164,9,1,0
BRDA:165,10,0,35
BRDA:165,10,1,0
BRDA:170,11,0,0
BRDA:170,11,1,0
BRDA:171,12,0,0
BRDA:171,12,1,0
BRDA:213,13,0,47
BRDA:213,13,1,0
BRDA:219,14,0,47
BRDA:219,14,1,0
BRDA:349,15,0,19
BRDA:349,15,1,28
BRDA:355,16,0,11
BRDA:355,16,1,17
BRDA:370,17,0,35
BRDA:370,17,1,0
BRDA:370,17,2,0
BRDA:378,18,0,35
BRDA:378,18,1,0
BRDA:428,19,0,47
BRDA:428,19,1,0
BRDA:428,19,2,0
BRDA:501,20,0,0
BRDA:501,20,1,47
BRF:44
BRH:25
end_of_record
TN:
SF:src\pages\admin\Kpis.tsx
FN:24,Kpis
FN:47,loadKpis
FN:64,(anonymous_2)
FN:65,loadStatic
FN:78,(anonymous_4)
FN:84,(anonymous_5)
FN:103,(anonymous_6)
FN:138,(anonymous_7)
FN:148,(anonymous_8)
FN:163,(anonymous_9)
FN:217,(anonymous_10)
FN:229,(anonymous_11)
FN:235,(anonymous_12)
FN:248,(anonymous_13)
FN:254,(anonymous_14)
FN:272,(anonymous_15)
FN:284,(anonymous_16)
FN:333,(anonymous_17)
FN:341,(anonymous_18)
FN:347,(anonymous_19)
FN:373,(anonymous_20)
FN:373,(anonymous_21)
FN:382,(anonymous_22)
FN:382,(anonymous_23)
FN:394,(anonymous_24)
FN:399,(anonymous_25)
FN:419,(anonymous_26)
FN:427,(anonymous_27)
FN:429,(anonymous_28)
FN:442,(anonymous_29)
FN:444,(anonymous_30)
FN:456,(anonymous_31)
FN:465,(anonymous_32)
FN:473,(anonymous_33)
FN:496,(anonymous_34)
FN:504,(anonymous_35)
FN:507,(anonymous_36)
FN:520,(anonymous_37)
FN:523,(anonymous_38)
FN:535,(anonymous_39)
FN:544,(anonymous_40)
FNF:41
FNH:26
FNDA:48,Kpis
FNDA:16,loadKpis
FNDA:10,(anonymous_2)
FNDA:10,loadStatic
FNDA:14,(anonymous_4)
FNDA:99,(anonymous_5)
FNDA:0,(anonymous_6)
FNDA:3,(anonymous_7)
FNDA:1,(anonymous_8)
FNDA:1,(anonymous_9)
FNDA:2,(anonymous_10)
FNDA:0,(anonymous_11)
FNDA:21,(anonymous_12)
FNDA:0,(anonymous_13)
FNDA:21,(anonymous_14)
FNDA:1,(anonymous_15)
FNDA:1,(anonymous_16)
FNDA:36,(anonymous_17)
FNDA:20,(anonymous_18)
FNDA:3,(anonymous_19)
FNDA:0,(anonymous_20)
FNDA:0,(anonymous_21)
FNDA:1,(anonymous_22)
FNDA:1,(anonymous_23)
FNDA:0,(anonymous_24)
FNDA:0,(anonymous_25)
FNDA:0,(anonymous_26)
FNDA:0,(anonymous_27)
FNDA:21,(anonymous_28)
FNDA:0,(anonymous_29)
FNDA:21,(anonymous_30)
FNDA:0,(anonymous_31)
FNDA:0,(anonymous_32)
FNDA:0,(anonymous_33)
FNDA:1,(anonymous_34)
FNDA:0,(anonymous_35)
FNDA:21,(anonymous_36)
FNDA:0,(anonymous_37)
FNDA:21,(anonymous_38)
FNDA:1,(anonymous_39)
FNDA:1,(anonymous_40)
DA:25,48
DA:26,48
DA:27,48
DA:29,48
DA:30,48
DA:31,48
DA:32,48
DA:37,48
DA:38,48
DA:39,48
DA:40,48
DA:42,48
DA:43,48
DA:44,48
DA:45,48
DA:48,16
DA:50,16
DA:58,15
DA:59,15
DA:61,15
DA:64,48
DA:66,10
DA:71,10
DA:72,10
DA:75,10
DA:78,48
DA:79,14
DA:84,48
DA:85,99
DA:86,99
DA:87,0
DA:88,0
DA:89,0
DA:95,48
DA:97,48
DA:98,48
DA:99,48
DA:100,48
DA:101,48
DA:103,48
DA:104,0
DA:106,0
DA:115,0
DA:116,0
DA:117,0
DA:119,0
DA:120,0
DA:121,0
DA:122,0
DA:123,0
DA:124,0
DA:130,48
DA:131,48
DA:132,48
DA:133,48
DA:134,48
DA:135,48
DA:136,48
DA:138,48
DA:139,3
DA:140,3
DA:141,3
DA:142,3
DA:143,3
DA:144,3
DA:145,3
DA:148,48
DA:149,1
DA:151,1
DA:159,1
DA:160,1
DA:163,48
DA:164,1
DA:166,1
DA:167,1
DA:168,1
DA:174,48
DA:218,2
DA:219,2
DA:230,0
DA:231,0
DA:236,21
DA:249,0
DA:250,0
DA:255,21
DA:273,1
DA:274,1
DA:275,1
DA:276,1
DA:284,1
DA:335,36
DA:340,36
DA:341,20
DA:343,36
DA:347,3
DA:373,0
DA:382,1
DA:394,0
DA:399,0
DA:419,0
DA:427,0
DA:430,21
DA:442,0
DA:445,21
DA:456,0
DA:465,0
DA:473,0
DA:496,1
DA:504,0
DA:508,21
DA:520,0
DA:524,21
DA:535,1
DA:544,1
LF:114
LH:85
BRDA:40,0,0,48
BRDA:40,0,1,29
BRDA:53,1,0,16
BRDA:53,1,1,14
BRDA:54,2,0,16
BRDA:54,2,1,16
BRDA:55,3,0,16
BRDA:55,3,1,16
BRDA:71,4,0,10
BRDA:71,4,1,0
BRDA:72,5,0,10
BRDA:72,5,1,0
BRDA:85,6,0,99
BRDA:85,6,1,0
BRDA:85,7,0,99
BRDA:85,7,1,0
BRDA:87,8,0,0
BRDA:87,8,1,0
BRDA:87,9,0,0
BRDA:87,9,1,0
BRDA:141,10,0,3
BRDA:141,10,1,0
BRDA:149,11,0,0
BRDA:149,11,1,1
BRDA:164,12,0,0
BRDA:164,12,1,1
BRDA:184,13,0,48
BRDA:184,13,1,0
BRDA:190,14,0,48
BRDA:190,14,1,0
BRDA:320,15,0,19
BRDA:320,15,1,29
BRDA:326,16,0,11
BRDA:326,16,1,18
BRDA:335,17,0,36
BRDA:335,17,1,20
BRDA:335,17,2,0
BRDA:340,18,0,36
BRDA:340,18,1,20
BRDA:352,19,0,36
BRDA:352,19,1,0
BRDA:405,20,0,48
BRDA:405,20,1,0
BRDA:405,20,2,0
BRDA:405,20,3,0
BRDA:486,21,0,0
BRDA:486,21,1,48
BRF:47
BRH:28
end_of_record
TN:
SF:src\pages\admin\OrgChart.tsx
FN:20,OrgChart
FN:27,(anonymous_1)
FN:28,loadData
FN:101,(anonymous_3)
FN:119,OrgBranch
FN:147,(anonymous_5)
FN:163,(anonymous_6)
FN:163,(anonymous_7)
FN:176,(anonymous_8)
FNF:9
FNH:0
FNDA:0,OrgChart
FNDA:0,(anonymous_1)
FNDA:0,loadData
FNDA:0,(anonymous_3)
FNDA:0,OrgBranch
FNDA:0,(anonymous_5)
FNDA:0,(anonymous_6)
FNDA:0,(anonymous_7)
FNDA:0,(anonymous_8)
DA:21,0
DA:22,0
DA:24,0
DA:25,0
DA:27,0
DA:29,0
DA:32,0
DA:37,0
DA:42,0
DA:43,0
DA:44,0
DA:53,0
DA:54,0
DA:55,0
DA:56,0
DA:65,0
DA:66,0
DA:67,0
DA:68,0
DA:69,0
DA:71,0
DA:75,0
DA:76,0
DA:79,0
DA:83,0
DA:102,0
DA:120,0
DA:122,0
DA:148,0
DA:163,0
DA:177,0
LF:31
LH:0
BRDA:37,0,0,0
BRDA:37,0,1,0
BRDA:39,1,0,0
BRDA:39,1,1,0
BRDA:55,2,0,0
BRDA:55,2,1,0
BRDA:58,3,0,0
BRDA:58,3,1,0
BRDA:67,4,0,0
BRDA:67,4,1,0
BRDA:69,5,0,0
BRDA:69,5,1,0
BRDA:97,6,0,0
BRDA:97,6,1,0
BRDA:132,7,0,0
BRDA:132,7,1,0
BRDA:141,8,0,0
BRDA:141,8,1,0
BRDA:150,9,0,0
BRDA:150,9,1,0
BRDA:159,10,0,0
BRDA:159,10,1,0
BRDA:166,11,0,0
BRDA:166,11,1,0
BRDA:172,12,0,0
BRDA:172,12,1,0
BRDA:172,12,2,0
BRF:27
BRH:0
end_of_record
TN:
SF:src\pages\admin\Persons.tsx
FN:20,Persons
FN:48,(anonymous_1)
FN:54,(anonymous_2)
FN:55,loadGeo
FN:66,loadPersons
FN:85,(anonymous_5)
FN:106,(anonymous_6)
FN:109,(anonymous_7)
FN:139,(anonymous_8)
FN:154,(anonymous_9)
FN:158,(anonymous_10)
FN:163,(anonymous_11)
FN:172,(anonymous_12)
FN:217,(anonymous_13)
FN:228,(anonymous_14)
FN:239,(anonymous_15)
FN:251,(anonymous_16)
FN:258,(anonymous_17)
FN:272,(anonymous_18)
FN:278,(anonymous_19)
FN:296,(anonymous_20)
FN:310,(anonymous_21)
FN:351,(anonymous_22)
FN:352,(anonymous_23)
FN:353,(anonymous_24)
FN:359,(anonymous_25)
FN:388,(anonymous_26)
FN:388,(anonymous_27)
FN:397,(anonymous_28)
FN:397,(anonymous_29)
FN:408,(anonymous_30)
FN:422,(anonymous_31)
FN:434,(anonymous_32)
FN:435,(anonymous_33)
FN:436,(anonymous_34)
FN:438,(anonymous_35)
FN:439,(anonymous_36)
FN:440,(anonymous_37)
FN:441,(anonymous_38)
FN:442,(anonymous_39)
FN:450,(anonymous_40)
FN:456,(anonymous_41)
FN:470,(anonymous_42)
FN:473,(anonymous_43)
FN:487,(anonymous_44)
FN:506,(anonymous_45)
FN:512,(anonymous_46)
FN:518,(anonymous_47)
FN:527,(anonymous_48)
FN:534,(anonymous_49)
FN:541,(anonymous_50)
FN:548,(anonymous_51)
FN:555,(anonymous_52)
FN:564,(anonymous_53)
FN:566,(anonymous_54)
FN:571,(anonymous_55)
FN:585,(anonymous_56)
FN:588,(anonymous_57)
FNF:58
FNH:36
FNDA:66,Persons
FNDA:0,(anonymous_1)
FNDA:12,(anonymous_2)
FNDA:12,loadGeo
FNDA:21,loadPersons
FNDA:18,(anonymous_5)
FNDA:0,(anonymous_6)
FNDA:1,(anonymous_7)
FNDA:3,(anonymous_8)
FNDA:3,(anonymous_9)
FNDA:9,(anonymous_10)
FNDA:1,(anonymous_11)
FNDA:1,(anonymous_12)
FNDA:2,(anonymous_13)
FNDA:1,(anonymous_14)
FNDA:1,(anonymous_15)
FNDA:0,(anonymous_16)
FNDA:60,(anonymous_17)
FNDA:0,(anonymous_18)
FNDA:90,(anonymous_19)
FNDA:1,(anonymous_20)
FNDA:2,(anonymous_21)
FNDA:46,(anonymous_22)
FNDA:46,(anonymous_23)
FNDA:46,(anonymous_24)
FNDA:3,(anonymous_25)
FNDA:0,(anonymous_26)
FNDA:0,(anonymous_27)
FNDA:1,(anonymous_28)
FNDA:1,(anonymous_29)
FNDA:0,(anonymous_30)
FNDA:0,(anonymous_31)
FNDA:1,(anonymous_32)
FNDA:1,(anonymous_33)
FNDA:1,(anonymous_34)
FNDA:1,(anonymous_35)
FNDA:1,(anonymous_36)
FNDA:1,(anonymous_37)
FNDA:1,(anonymous_38)
FNDA:1,(anonymous_39)
FNDA:0,(anonymous_40)
FNDA:60,(anonymous_41)
FNDA:0,(anonymous_42)
FNDA:0,(anonymous_43)
FNDA:0,(anonymous_44)
FNDA:1,(anonymous_45)
FNDA:0,(anonymous_46)
FNDA:0,(anonymous_47)
FNDA:0,(anonymous_48)
FNDA:0,(anonymous_49)
FNDA:0,(anonymous_50)
FNDA:0,(anonymous_51)
FNDA:0,(anonymous_52)
FNDA:0,(anonymous_53)
FNDA:0,(anonymous_54)
FNDA:60,(anonymous_55)
FNDA:0,(anonymous_56)
FNDA:12,(anonymous_57)
DA:21,66
DA:22,66
DA:23,66
DA:25,66
DA:26,66
DA:27,66
DA:28,66
DA:33,66
DA:34,66
DA:35,66
DA:36,66
DA:41,66
DA:42,66
DA:43,66
DA:44,66
DA:45,66
DA:47,66
DA:48,0
DA:54,66
DA:56,12
DA:57,12
DA:58,12
DA:60,12
DA:67,21
DA:69,21
DA:78,21
DA:80,20
DA:81,20
DA:82,20
DA:85,66
DA:86,18
DA:92,66
DA:94,66
DA:95,66
DA:96,66
DA:97,66
DA:98,66
DA:99,66
DA:100,66
DA:101,66
DA:102,66
DA:103,66
DA:105,66
DA:106,0
DA:109,66
DA:110,1
DA:122,1
DA:125,1
DA:126,1
DA:132,66
DA:133,66
DA:135,66
DA:136,66
DA:137,66
DA:139,66
DA:140,3
DA:142,3
DA:154,3
DA:155,3
DA:157,3
DA:158,9
DA:160,3
DA:163,66
DA:164,1
DA:166,1
DA:168,1
DA:169,1
DA:172,66
DA:173,1
DA:175,1
DA:177,1
DA:180,1
DA:186,66
DA:218,2
DA:219,2
DA:229,1
DA:230,1
DA:240,1
DA:241,1
DA:252,0
DA:253,0
DA:254,0
DA:259,60
DA:273,0
DA:274,0
DA:279,90
DA:297,1
DA:298,1
DA:299,1
DA:300,1
DA:301,1
DA:302,1
DA:310,2
DA:352,46
DA:353,46
DA:355,46
DA:359,3
DA:388,0
DA:397,1
DA:408,0
DA:422,0
DA:434,1
DA:435,1
DA:436,1
DA:438,1
DA:439,1
DA:440,1
DA:441,1
DA:442,1
DA:451,0
DA:452,0
DA:457,60
DA:470,0
DA:474,0
DA:487,0
DA:506,1
DA:512,0
DA:518,0
DA:527,0
DA:534,0
DA:541,0
DA:548,0
DA:555,0
DA:565,0
DA:566,0
DA:567,0
DA:572,60
DA:585,0
DA:589,12
LF:129
LH:103
BRDA:47,0,0,0
BRDA:47,0,1,66
BRDA:72,1,0,21
BRDA:72,1,1,19
BRDA:73,2,0,21
BRDA:73,2,1,20
BRDA:74,3,0,21
BRDA:74,3,1,20
BRDA:75,4,0,21
BRDA:75,4,1,21
BRDA:105,5,0,0
BRDA:105,5,1,66
BRDA:146,6,0,3
BRDA:146,6,1,0
BRDA:147,7,0,3
BRDA:147,7,1,0
BRDA:148,8,0,3
BRDA:148,8,1,0
BRDA:149,9,0,3
BRDA:149,9,1,0
BRDA:150,10,0,3
BRDA:150,10,1,0
BRDA:155,11,0,3
BRDA:155,11,1,0
BRDA:164,12,0,0
BRDA:164,12,1,1
BRDA:173,13,0,0
BRDA:173,13,1,1
BRDA:342,14,0,66
BRDA:342,14,1,26
BRDA:350,15,0,66
BRDA:350,15,1,40
BRDA:364,16,0,26
BRDA:364,16,1,20
BRDA:365,17,0,46
BRDA:365,17,1,20
BRDA:366,18,0,46
BRDA:366,18,1,20
BRDA:367,19,0,46
BRDA:367,19,1,20
BRDA:368,20,0,46
BRDA:368,20,1,20
BRDA:369,21,0,46
BRDA:369,21,1,0
BRDA:370,22,0,46
BRDA:370,22,1,0
BRDA:380,23,0,66
BRDA:380,23,1,37
BRDA:505,24,0,66
BRDA:505,24,1,60
BRDA:511,25,0,66
BRDA:511,25,1,60
BRDA:517,26,0,66
BRDA:517,26,1,60
BRDA:526,27,0,66
BRDA:526,27,1,60
BRDA:533,28,0,66
BRDA:533,28,1,60
BRDA:540,29,0,66
BRDA:540,29,1,60
BRDA:547,30,0,66
BRDA:547,30,1,60
BRDA:554,31,0,66
BRDA:554,31,1,60
BRDA:583,32,0,66
BRDA:583,32,1,60
BRF:66
BRH:54
end_of_record
TN:
SF:src\pages\admin\RoleTypes.tsx
FN:19,RoleTypePage
FN:42,(anonymous_1)
FN:43,loadDeps
FN:51,loadRoleTypes
FN:67,(anonymous_4)
FN:78,(anonymous_5)
FN:96,(anonymous_6)
FN:103,(anonymous_7)
FN:115,(anonymous_8)
FN:156,(anonymous_9)
FN:168,(anonymous_10)
FN:174,(anonymous_11)
FN:192,(anonymous_12)
FN:209,(anonymous_13)
FN:238,(anonymous_14)
FN:248,(anonymous_15)
FN:270,(anonymous_16)
FN:270,(anonymous_17)
FN:278,(anonymous_18)
FN:278,(anonymous_19)
FN:289,(anonymous_20)
FN:294,(anonymous_21)
FN:312,(anonymous_22)
FN:320,(anonymous_23)
FN:322,(anonymous_24)
FN:335,(anonymous_25)
FN:359,(anonymous_26)
FN:367,(anonymous_27)
FN:369,(anonymous_28)
FNF:29
FNH:24
FNDA:60,RoleTypePage
FNDA:11,(anonymous_1)
FNDA:11,loadDeps
FNDA:20,loadRoleTypes
FNDA:17,(anonymous_4)
FNDA:1,(anonymous_5)
FNDA:3,(anonymous_6)
FNDA:1,(anonymous_7)
FNDA:1,(anonymous_8)
FNDA:2,(anonymous_9)
FNDA:2,(anonymous_10)
FNDA:64,(anonymous_11)
FNDA:1,(anonymous_12)
FNDA:2,(anonymous_13)
FNDA:53,(anonymous_14)
FNDA:3,(anonymous_15)
FNDA:0,(anonymous_16)
FNDA:0,(anonymous_17)
FNDA:1,(anonymous_18)
FNDA:1,(anonymous_19)
FNDA:0,(anonymous_20)
FNDA:0,(anonymous_21)
FNDA:1,(anonymous_22)
FNDA:1,(anonymous_23)
FNDA:64,(anonymous_24)
FNDA:0,(anonymous_25)
FNDA:1,(anonymous_26)
FNDA:1,(anonymous_27)
FNDA:64,(anonymous_28)
DA:20,60
DA:23,60
DA:26,60
DA:27,60
DA:30,60
DA:31,60
DA:32,60
DA:33,60
DA:36,60
DA:37,60
DA:39,60
DA:42,60
DA:44,11
DA:45,11
DA:47,11
DA:52,20
DA:54,20
DA:61,19
DA:62,19
DA:64,19
DA:67,60
DA:68,17
DA:74,60
DA:75,60
DA:76,60
DA:78,60
DA:79,1
DA:85,1
DA:86,1
DA:87,1
DA:93,60
DA:94,60
DA:96,60
DA:97,3
DA:98,3
DA:99,3
DA:100,3
DA:103,60
DA:104,1
DA:106,1
DA:111,1
DA:112,1
DA:115,60
DA:116,1
DA:118,1
DA:119,1
DA:120,1
DA:126,60
DA:157,2
DA:158,2
DA:169,2
DA:170,2
DA:175,64
DA:193,1
DA:194,1
DA:195,1
DA:209,2
DA:240,53
DA:244,53
DA:248,3
DA:270,0
DA:278,1
DA:289,0
DA:294,0
DA:312,1
DA:320,1
DA:323,64
DA:335,0
DA:359,1
DA:367,1
DA:370,64
LF:71
LH:67
BRDA:45,0,0,11
BRDA:45,0,1,0
BRDA:57,1,0,20
BRDA:57,1,1,17
BRDA:58,2,0,20
BRDA:58,2,1,18
BRDA:104,3,0,0
BRDA:104,3,1,1
BRDA:116,4,0,0
BRDA:116,4,1,1
BRDA:231,5,0,23
BRDA:231,5,1,37
BRDA:240,6,0,53
BRDA:240,6,1,30
BRDA:240,6,2,0
BRDA:262,7,0,60
BRDA:262,7,1,29
BRDA:300,8,0,60
BRDA:300,8,1,10
BRDA:347,9,0,60
BRDA:347,9,1,10
BRF:21
BRH:17
end_of_record
TN:
SF:src\pages\admin\Roles.tsx
FN:21,RolesPage
FN:49,(anonymous_1)
FN:50,loadStatic
FN:63,loadRoles
FN:80,(anonymous_4)
FN:93,(anonymous_5)
FN:112,(anonymous_6)
FN:121,(anonymous_7)
FN:135,(anonymous_8)
FN:176,(anonymous_9)
FN:188,(anonymous_10)
FN:194,(anonymous_11)
FN:207,(anonymous_12)
FN:213,(anonymous_13)
FN:231,(anonymous_14)
FN:249,(anonymous_15)
FN:276,(anonymous_16)
FN:278,(anonymous_17)
FN:281,(anonymous_18)
FN:287,(anonymous_19)
FN:313,(anonymous_20)
FN:322,(anonymous_21)
FN:333,(anonymous_22)
FN:338,(anonymous_23)
FN:356,(anonymous_24)
FN:364,(anonymous_25)
FN:366,(anonymous_26)
FN:379,(anonymous_27)
FN:382,(anonymous_28)
FN:383,(anonymous_29)
FN:396,(anonymous_30)
FN:404,(anonymous_31)
FN:427,(anonymous_32)
FN:435,(anonymous_33)
FN:437,(anonymous_34)
FN:450,(anonymous_35)
FN:453,(anonymous_36)
FN:454,(anonymous_37)
FN:467,(anonymous_38)
FNF:39
FNH:32
FNDA:64,RolesPage
FNDA:12,(anonymous_1)
FNDA:12,loadStatic
FNDA:21,loadRoles
FNDA:18,(anonymous_4)
FNDA:1,(anonymous_5)
FNDA:3,(anonymous_6)
FNDA:1,(anonymous_7)
FNDA:1,(anonymous_8)
FNDA:2,(anonymous_9)
FNDA:1,(anonymous_10)
FNDA:64,(anonymous_11)
FNDA:1,(anonymous_12)
FNDA:64,(anonymous_13)
FNDA:1,(anonymous_14)
FNDA:2,(anonymous_15)
FNDA:55,(anonymous_16)
FNDA:55,(anonymous_17)
FNDA:55,(anonymous_18)
FNDA:3,(anonymous_19)
FNDA:0,(anonymous_20)
FNDA:1,(anonymous_21)
FNDA:0,(anonymous_22)
FNDA:0,(anonymous_23)
FNDA:1,(anonymous_24)
FNDA:1,(anonymous_25)
FNDA:64,(anonymous_26)
FNDA:1,(anonymous_27)
FNDA:64,(anonymous_28)
FNDA:20,(anonymous_29)
FNDA:1,(anonymous_30)
FNDA:0,(anonymous_31)
FNDA:1,(anonymous_32)
FNDA:0,(anonymous_33)
FNDA:64,(anonymous_34)
FNDA:0,(anonymous_35)
FNDA:64,(anonymous_36)
FNDA:20,(anonymous_37)
FNDA:0,(anonymous_38)
DA:22,64
DA:23,64
DA:24,64
DA:29,64
DA:30,64
DA:31,64
DA:34,64
DA:35,64
DA:36,64
DA:37,64
DA:40,64
DA:41,64
DA:42,64
DA:44,64
DA:49,64
DA:51,12
DA:52,12
DA:54,12
DA:55,12
DA:57,12
DA:64,21
DA:66,21
DA:74,20
DA:75,20
DA:77,20
DA:80,64
DA:81,18
DA:87,64
DA:88,64
DA:89,64
DA:90,64
DA:91,64
DA:93,64
DA:94,1
DA:101,1
DA:102,1
DA:103,1
DA:109,64
DA:110,64
DA:112,64
DA:113,3
DA:114,3
DA:115,3
DA:116,3
DA:117,3
DA:118,3
DA:121,64
DA:122,1
DA:124,1
DA:131,1
DA:132,1
DA:135,64
DA:136,1
DA:138,1
DA:139,1
DA:140,1
DA:146,64
DA:177,2
DA:178,2
DA:189,1
DA:190,1
DA:195,64
DA:208,1
DA:209,1
DA:214,64
DA:232,1
DA:233,1
DA:234,1
DA:235,1
DA:249,2
DA:278,55
DA:281,55
DA:283,55
DA:287,3
DA:313,0
DA:322,1
DA:333,0
DA:338,0
DA:356,1
DA:364,1
DA:367,64
DA:379,1
DA:382,64
DA:384,20
DA:396,1
DA:404,0
DA:427,1
DA:435,0
DA:438,64
DA:450,0
DA:453,64
DA:455,20
DA:467,0
LF:93
LH:86
BRDA:54,0,0,12
BRDA:54,0,1,0
BRDA:55,1,0,12
BRDA:55,1,1,0
BRDA:69,2,0,21
BRDA:69,2,1,19
BRDA:70,3,0,21
BRDA:70,3,1,20
BRDA:71,4,0,21
BRDA:71,4,1,20
BRDA:122,5,0,0
BRDA:122,5,1,1
BRDA:136,6,0,0
BRDA:136,6,1,1
BRDA:269,7,0,24
BRDA:269,7,1,40
BRDA:278,8,0,55
BRDA:278,8,1,0
BRDA:281,9,0,55
BRDA:281,9,1,0
BRDA:305,10,0,64
BRDA:305,10,1,33
BRDA:344,11,0,64
BRDA:344,11,1,11
BRDA:344,11,2,10
BRDA:415,12,0,64
BRDA:415,12,1,11
BRDA:415,12,2,10
BRF:28
BRH:22
end_of_record
TN:
SF:src\pages\admin\Teams.tsx
FN:21,TeamsPage
FN:71,(anonymous_1)
FN:72,loadStatic
FN:87,loadTeams
FN:104,(anonymous_4)
FN:112,(anonymous_5)
FN:115,(anonymous_6)
FN:120,(anonymous_7)
FN:122,(anonymous_8)
FN:131,(anonymous_9)
FN:145,(anonymous_10)
FN:146,(anonymous_11)
FN:163,(anonymous_12)
FN:169,(anonymous_13)
FN:178,(anonymous_14)
FN:186,(anonymous_15)
FN:186,(anonymous_16)
FN:188,(anonymous_17)
FN:189,(anonymous_18)
FN:191,(anonymous_19)
FN:200,(anonymous_20)
FN:203,(anonymous_21)
FN:203,(anonymous_22)
FN:212,(anonymous_23)
FN:224,(anonymous_24)
FN:226,(anonymous_25)
FN:274,(anonymous_26)
FN:286,(anonymous_27)
FN:292,(anonymous_28)
FN:310,(anonymous_29)
FN:329,(anonymous_30)
FN:365,(anonymous_31)
FN:369,(anonymous_32)
FN:400,(anonymous_33)
FN:400,(anonymous_34)
FN:408,(anonymous_35)
FN:408,(anonymous_36)
FN:419,(anonymous_37)
FN:424,(anonymous_38)
FN:442,(anonymous_39)
FN:451,(anonymous_40)
FN:459,(anonymous_41)
FN:462,(anonymous_42)
FN:475,(anonymous_43)
FN:498,(anonymous_44)
FN:507,(anonymous_45)
FN:515,(anonymous_46)
FN:519,(anonymous_47)
FN:520,(anonymous_48)
FN:544,(anonymous_49)
FN:571,(anonymous_50)
FN:599,(anonymous_51)
FNF:52
FNH:45
FNDA:71,TeamsPage
FNDA:12,(anonymous_1)
FNDA:12,loadStatic
FNDA:20,loadTeams
FNDA:18,(anonymous_4)
FNDA:28,(anonymous_5)
FNDA:12,(anonymous_6)
FNDA:8,(anonymous_7)
FNDA:0,(anonymous_8)
FNDA:1,(anonymous_9)
FNDA:1,(anonymous_10)
FNDA:3,(anonymous_11)
FNDA:4,(anonymous_12)
FNDA:12,(anonymous_13)
FNDA:1,(anonymous_14)
FNDA:1,(anonymous_15)
FNDA:2,(anonymous_16)
FNDA:1,(anonymous_17)
FNDA:1,(anonymous_18)
FNDA:3,(anonymous_19)
FNDA:1,(anonymous_20)
FNDA:1,(anonymous_21)
FNDA:2,(anonymous_22)
FNDA:1,(anonymous_23)
FNDA:94,(anonymous_24)
FNDA:35,(anonymous_25)
FNDA:2,(anonymous_26)
FNDA:2,(anonymous_27)
FNDA:125,(anonymous_28)
FNDA:1,(anonymous_29)
FNDA:2,(anonymous_30)
FNDA:94,(anonymous_31)
FNDA:4,(anonymous_32)
FNDA:0,(anonymous_33)
FNDA:0,(anonymous_34)
FNDA:1,(anonymous_35)
FNDA:1,(anonymous_36)
FNDA:0,(anonymous_37)
FNDA:0,(anonymous_38)
FNDA:1,(anonymous_39)
FNDA:1,(anonymous_40)
FNDA:1,(anonymous_41)
FNDA:125,(anonymous_42)
FNDA:0,(anonymous_43)
FNDA:1,(anonymous_44)
FNDA:1,(anonymous_45)
FNDA:1,(anonymous_46)
FNDA:125,(anonymous_47)
FNDA:112,(anonymous_48)
FNDA:0,(anonymous_49)
FNDA:26,(anonymous_50)
FNDA:1,(anonymous_51)
DA:30,71
DA:31,71
DA:36,71
DA:37,71
DA:38,71
DA:39,71
DA:40,71
DA:43,71
DA:44,71
DA:45,71
DA:46,71
DA:49,71
DA:50,71
DA:52,71
DA:53,71
DA:56,71
DA:57,71
DA:58,71
DA:59,71
DA:62,71
DA:63,71
DA:64,71
DA:65,71
DA:66,71
DA:71,71
DA:73,12
DA:78,12
DA:79,12
DA:81,12
DA:88,20
DA:90,20
DA:98,19
DA:99,19
DA:101,19
DA:104,71
DA:105,18
DA:112,71
DA:113,28
DA:115,12
DA:116,4
DA:117,4
DA:119,4
DA:120,8
DA:121,0
DA:122,0
DA:125,4
DA:131,71
DA:132,1
DA:133,1
DA:134,1
DA:141,1
DA:142,1
DA:145,1
DA:146,3
DA:147,1
DA:150,1
DA:151,1
DA:152,1
DA:153,1
DA:154,1
DA:156,0
DA:163,71
DA:164,4
DA:165,4
DA:166,4
DA:167,4
DA:169,12
DA:170,4
DA:171,4
DA:172,4
DA:178,71
DA:179,1
DA:180,1
DA:186,2
DA:188,1
DA:189,1
DA:190,1
DA:191,3
DA:194,1
DA:200,71
DA:201,1
DA:202,1
DA:203,2
DA:204,1
DA:206,1
DA:212,71
DA:213,1
DA:214,1
DA:215,1
DA:216,1
DA:217,1
DA:219,0
DA:224,71
DA:225,94
DA:226,35
DA:232,71
DA:275,2
DA:276,2
DA:287,2
DA:288,2
DA:293,125
DA:311,1
DA:312,1
DA:313,1
DA:329,2
DA:366,94
DA:369,4
DA:400,0
DA:408,1
DA:419,0
DA:424,0
DA:442,1
DA:451,1
DA:459,1
DA:463,125
DA:475,0
DA:498,1
DA:507,1
DA:515,1
DA:519,125
DA:521,112
DA:545,0
DA:572,26
DA:599,1
LF:124
LH:115
BRDA:46,0,0,71
BRDA:46,0,1,31
BRDA:78,1,0,12
BRDA:78,1,1,0
BRDA:79,2,0,12
BRDA:79,2,1,0
BRDA:93,3,0,20
BRDA:93,3,1,17
BRDA:94,4,0,20
BRDA:94,4,1,18
BRDA:113,5,0,24
BRDA:113,5,1,4
BRDA:119,6,0,4
BRDA:119,6,1,0
BRDA:120,7,0,8
BRDA:120,7,1,0
BRDA:121,8,0,0
BRDA:121,8,1,0
BRDA:122,9,0,0
BRDA:122,9,1,0
BRDA:137,10,0,1
BRDA:137,10,1,0
BRDA:146,11,0,0
BRDA:146,11,1,1
BRDA:166,12,0,4
BRDA:166,12,1,0
BRDA:167,13,0,4
BRDA:167,13,1,4
BRDA:179,14,0,0
BRDA:179,14,1,1
BRDA:183,15,0,1
BRDA:183,15,1,0
BRDA:186,16,0,1
BRDA:186,16,1,1
BRDA:190,17,0,0
BRDA:190,17,1,1
BRDA:191,18,0,1
BRDA:191,18,1,2
BRDA:201,19,0,0
BRDA:201,19,1,1
BRDA:213,20,0,0
BRDA:213,20,1,1
BRDA:217,21,0,1
BRDA:217,21,1,0
BRDA:225,22,0,61
BRDA:225,22,1,33
BRDA:226,23,0,33
BRDA:226,23,1,0
BRDA:242,24,0,71
BRDA:242,24,1,2
BRDA:248,25,0,71
BRDA:248,25,1,0
BRDA:352,26,0,24
BRDA:352,26,1,47
BRDA:358,27,0,12
BRDA:358,27,1,35
BRDA:373,28,0,94
BRDA:373,28,1,62
BRDA:555,29,0,58
BRDA:555,29,1,13
BRDA:574,30,0,26
BRDA:574,30,1,0
BRDA:577,31,0,26
BRDA:577,31,1,0
BRDA:582,32,0,0
BRDA:582,32,1,26
BRDA:587,33,0,13
BRDA:587,33,1,13
BRDA:594,34,0,26
BRDA:594,34,1,13
BRF:70
BRH:48
end_of_record
TN:
SF:src\pages\admin\Users.tsx
FN:20,Users
FN:38,loadPersonsModal
FN:50,(anonymous_2)
FN:68,loadUsers
FN:81,(anonymous_4)
FN:82,loadInitial
FN:89,(anonymous_6)
FN:103,(anonymous_7)
FN:110,(anonymous_8)
FN:130,(anonymous_9)
FN:136,(anonymous_10)
FN:148,(anonymous_11)
FN:191,(anonymous_12)
FN:202,(anonymous_13)
FN:214,(anonymous_14)
FN:220,(anonymous_15)
FN:238,(anonymous_16)
FN:250,(anonymous_17)
FN:275,(anonymous_18)
FN:279,(anonymous_19)
FN:300,(anonymous_20)
FN:300,(anonymous_21)
FN:309,(anonymous_22)
FN:309,(anonymous_23)
FN:321,(anonymous_24)
FN:326,(anonymous_25)
FN:342,(anonymous_26)
FN:355,(anonymous_27)
FN:357,(anonymous_28)
FN:370,(anonymous_29)
FN:378,(anonymous_30)
FN:396,(anonymous_31)
FN:398,(anonymous_32)
FN:411,(anonymous_33)
FN:423,(anonymous_34)
FN:433,(anonymous_35)
FN:441,(anonymous_36)
FN:445,(anonymous_37)
FN:463,(anonymous_38)
FN:463,(anonymous_39)
FN:472,(anonymous_40)
FN:472,(anonymous_41)
FNF:42
FNH:34
FNDA:54,Users
FNDA:5,loadPersonsModal
FNDA:18,(anonymous_2)
FNDA:23,loadUsers
FNDA:12,(anonymous_4)
FNDA:12,loadInitial
FNDA:20,(anonymous_6)
FNDA:1,(anonymous_7)
FNDA:1,(anonymous_8)
FNDA:3,(anonymous_9)
FNDA:1,(anonymous_10)
FNDA:1,(anonymous_11)
FNDA:2,(anonymous_12)
FNDA:2,(anonymous_13)
FNDA:2,(anonymous_14)
FNDA:70,(anonymous_15)
FNDA:1,(anonymous_16)
FNDA:3,(anonymous_17)
FNDA:94,(anonymous_18)
FNDA:3,(anonymous_19)
FNDA:0,(anonymous_20)
FNDA:0,(anonymous_21)
FNDA:1,(anonymous_22)
FNDA:1,(anonymous_23)
FNDA:0,(anonymous_24)
FNDA:0,(anonymous_25)
FNDA:2,(anonymous_26)
FNDA:1,(anonymous_27)
FNDA:70,(anonymous_28)
FNDA:1,(anonymous_29)
FNDA:0,(anonymous_30)
FNDA:1,(anonymous_31)
FNDA:70,(anonymous_32)
FNDA:0,(anonymous_33)
FNDA:1,(anonymous_34)
FNDA:1,(anonymous_35)
FNDA:20,(anonymous_36)
FNDA:1,(anonymous_37)
FNDA:0,(anonymous_38)
FNDA:0,(anonymous_39)
FNDA:1,(anonymous_40)
FNDA:1,(anonymous_41)
DA:21,54
DA:22,54
DA:23,54
DA:25,54
DA:26,54
DA:29,54
DA:30,54
DA:31,54
DA:32,54
DA:33,54
DA:34,54
DA:36,54
DA:39,5
DA:46,5
DA:47,5
DA:50,54
DA:51,18
DA:54,54
DA:57,54
DA:58,54
DA:59,54
DA:60,54
DA:63,54
DA:64,54
DA:65,54
DA:69,23
DA:77,23
DA:78,23
DA:81,54
DA:83,12
DA:84,12
DA:86,12
DA:89,54
DA:90,20
DA:94,54
DA:96,54
DA:97,54
DA:98,54
DA:100,54
DA:101,54
DA:103,54
DA:104,1
DA:105,1
DA:106,1
DA:107,1
DA:110,54
DA:111,1
DA:120,1
DA:121,1
DA:122,1
DA:126,54
DA:127,54
DA:128,54
DA:130,54
DA:131,3
DA:132,3
DA:133,3
DA:136,54
DA:137,1
DA:139,1
DA:144,1
DA:145,1
DA:148,54
DA:149,1
DA:151,1
DA:152,1
DA:153,1
DA:160,54
DA:192,2
DA:193,2
DA:203,2
DA:204,2
DA:215,2
DA:216,2
DA:221,70
DA:239,1
DA:240,1
DA:241,1
DA:242,1
DA:250,3
DA:276,94
DA:279,3
DA:300,0
DA:309,1
DA:321,0
DA:326,0
DA:342,2
DA:355,1
DA:358,70
DA:370,1
DA:378,0
DA:396,1
DA:399,70
DA:411,0
DA:424,1
DA:425,1
DA:434,1
DA:435,1
DA:442,20
DA:445,1
DA:463,0
DA:472,1
LF:102
LH:96
BRDA:42,0,0,5
BRDA:42,0,1,2
BRDA:43,1,0,5
BRDA:43,1,1,3
BRDA:51,2,0,5
BRDA:51,2,1,13
BRDA:72,3,0,23
BRDA:72,3,1,19
BRDA:73,4,0,23
BRDA:73,4,1,20
BRDA:74,5,0,23
BRDA:74,5,1,21
BRDA:137,6,0,0
BRDA:137,6,1,1
BRDA:149,7,0,0
BRDA:149,7,1,1
BRDA:283,8,0,94
BRDA:283,8,1,0
BRDA:292,9,0,54
BRDA:292,9,1,19
BRDA:329,10,0,54
BRDA:329,10,1,4
BRDA:329,10,2,3
BRDA:344,11,0,4
BRDA:344,11,1,50
BRDA:455,12,0,54
BRDA:455,12,1,44
BRF:27
BRH:24
end_of_record
TN:
SF:src\pages\employee\EmployeeDashboard.tsx
FN:50,colorByProgress
FN:59,getHeatColor
FN:67,EmployeeDashboard
FN:102,(anonymous_3)
FN:103,fetchData
FN:125,fetchPerformanceReviews
FN:145,(anonymous_6)
FN:155,(anonymous_7)
FN:166,(anonymous_8)
FN:169,(anonymous_9)
FN:182,(anonymous_10)
FN:183,(anonymous_11)
FN:204,(anonymous_12)
FN:207,(anonymous_13)
FN:213,(anonymous_14)
FN:216,(anonymous_15)
FN:223,(anonymous_16)
FN:231,(anonymous_17)
FN:241,(anonymous_18)
FN:253,(anonymous_19)
FN:258,(anonymous_20)
FN:264,(anonymous_21)
FN:273,(anonymous_22)
FN:277,(anonymous_23)
FN:278,(anonymous_24)
FN:280,(anonymous_25)
FN:298,(anonymous_26)
FN:303,(anonymous_27)
FN:304,(anonymous_28)
FN:305,(anonymous_29)
FN:312,(anonymous_30)
FN:316,(anonymous_31)
FN:317,(anonymous_32)
FN:323,(anonymous_33)
FN:328,(anonymous_34)
FN:336,(anonymous_35)
FN:349,(anonymous_36)
FN:351,(anonymous_37)
FN:361,(anonymous_38)
FN:363,(anonymous_39)
FN:374,(anonymous_40)
FN:375,(anonymous_41)
FN:380,handleOpenReviewModal
FN:440,(anonymous_43)
FN:450,(anonymous_44)
FN:460,(anonymous_45)
FN:476,(anonymous_46)
FN:479,(anonymous_47)
FN:490,(anonymous_48)
FN:605,(anonymous_49)
FN:659,(anonymous_50)
FN:673,(anonymous_51)
FN:685,(anonymous_52)
FN:687,(anonymous_53)
FN:737,(anonymous_54)
FN:741,(anonymous_55)
FN:864,(anonymous_56)
FN:898,(anonymous_57)
FN:898,(anonymous_58)
FN:907,(anonymous_59)
FN:908,(anonymous_60)
FNF:61
FNH:0
FNDA:0,colorByProgress
FNDA:0,getHeatColor
FNDA:0,EmployeeDashboard
FNDA:0,(anonymous_3)
FNDA:0,fetchData
FNDA:0,fetchPerformanceReviews
FNDA:0,(anonymous_6)
FNDA:0,(anonymous_7)
FNDA:0,(anonymous_8)
FNDA:0,(anonymous_9)
FNDA:0,(anonymous_10)
FNDA:0,(anonymous_11)
FNDA:0,(anonymous_12)
FNDA:0,(anonymous_13)
FNDA:0,(anonymous_14)
FNDA:0,(anonymous_15)
FNDA:0,(anonymous_16)
FNDA:0,(anonymous_17)
FNDA:0,(anonymous_18)
FNDA:0,(anonymous_19)
FNDA:0,(anonymous_20)
FNDA:0,(anonymous_21)
FNDA:0,(anonymous_22)
FNDA:0,(anonymous_23)
FNDA:0,(anonymous_24)
FNDA:0,(anonymous_25)
FNDA:0,(anonymous_26)
FNDA:0,(anonymous_27)
FNDA:0,(anonymous_28)
FNDA:0,(anonymous_29)
FNDA:0,(anonymous_30)
FNDA:0,(anonymous_31)
FNDA:0,(anonymous_32)
FNDA:0,(anonymous_33)
FNDA:0,(anonymous_34)
FNDA:0,(anonymous_35)
FNDA:0,(anonymous_36)
FNDA:0,(anonymous_37)
FNDA:0,(anonymous_38)
FNDA:0,(anonymous_39)
FNDA:0,(anonymous_40)
FNDA:0,(anonymous_41)
FNDA:0,handleOpenReviewModal
FNDA:0,(anonymous_43)
FNDA:0,(anonymous_44)
FNDA:0,(anonymous_45)
FNDA:0,(anonymous_46)
FNDA:0,(anonymous_47)
FNDA:0,(anonymous_48)
FNDA:0,(anonymous_49)
FNDA:0,(anonymous_50)
FNDA:0,(anonymous_51)
FNDA:0,(anonymous_52)
FNDA:0,(anonymous_53)
FNDA:0,(anonymous_54)
FNDA:0,(anonymous_55)
FNDA:0,(anonymous_56)
FNDA:0,(anonymous_57)
FNDA:0,(anonymous_58)
FNDA:0,(anonymous_59)
FNDA:0,(anonymous_60)
DA:51,0
DA:52,0
DA:53,0
DA:54,0
DA:55,0
DA:60,0
DA:61,0
DA:62,0
DA:63,0
DA:64,0
DA:68,0
DA:69,0
DA:73,0
DA:75,0
DA:77,0
DA:78,0
DA:81,0
DA:82,0
DA:83,0
DA:84,0
DA:86,0
DA:89,0
DA:92,0
DA:93,0
DA:94,0
DA:95,0
DA:97,0
DA:98,0
DA:99,0
DA:102,0
DA:104,0
DA:106,0
DA:111,0
DA:112,0
DA:114,0
DA:115,0
DA:116,0
DA:118,0
DA:120,0
DA:126,0
DA:127,0
DA:129,0
DA:134,0
DA:137,0
DA:142,0
DA:145,0
DA:148,0
DA:149,0
DA:151,0
DA:155,0
DA:156,0
DA:160,0
DA:166,0
DA:167,0
DA:169,0
DA:170,0
DA:171,0
DA:172,0
DA:178,0
DA:182,0
DA:183,0
DA:184,0
DA:185,0
DA:187,0
DA:188,0
DA:189,0
DA:190,0
DA:193,0
DA:194,0
DA:195,0
DA:196,0
DA:199,0
DA:204,0
DA:205,0
DA:206,0
DA:207,0
DA:208,0
DA:213,0
DA:216,0
DA:217,0
DA:219,0
DA:221,0
DA:222,0
DA:223,0
DA:224,0
DA:225,0
DA:229,0
DA:230,0
DA:231,0
DA:232,0
DA:233,0
DA:237,0
DA:241,0
DA:242,0
DA:244,0
DA:245,0
DA:247,0
DA:248,0
DA:249,0
DA:250,0
DA:253,0
DA:254,0
DA:255,0
DA:258,0
DA:263,0
DA:264,0
DA:267,0
DA:273,0
DA:274,0
DA:276,0
DA:277,0
DA:278,0
DA:280,0
DA:282,0
DA:298,0
DA:301,0
DA:302,0
DA:303,0
DA:304,0
DA:305,0
DA:312,0
DA:313,0
DA:315,0
DA:316,0
DA:317,0
DA:318,0
DA:322,0
DA:323,0
DA:326,0
DA:327,0
DA:328,0
DA:329,0
DA:330,0
DA:334,0
DA:335,0
DA:336,0
DA:337,0
DA:338,0
DA:342,0
DA:345,0
DA:346,0
DA:347,0
DA:349,0
DA:351,0
DA:356,0
DA:357,0
DA:358,0
DA:360,0
DA:361,0
DA:362,0
DA:363,0
DA:364,0
DA:367,0
DA:368,0
DA:371,0
DA:374,0
DA:375,0
DA:381,0
DA:382,0
DA:383,0
DA:388,0
DA:389,0
DA:400,0
DA:440,0
DA:450,0
DA:460,0
DA:476,0
DA:480,0
DA:491,0
DA:492,0
DA:493,0
DA:494,0
DA:606,0
DA:607,0
DA:608,0
DA:609,0
DA:611,0
DA:660,0
DA:674,0
DA:686,0
DA:688,0
DA:738,0
DA:741,0
DA:865,0
DA:898,0
DA:908,0
LF:186
LH:0
BRDA:51,0,0,0
BRDA:51,0,1,0
BRDA:53,1,0,0
BRDA:53,1,1,0
BRDA:54,2,0,0
BRDA:54,2,1,0
BRDA:60,3,0,0
BRDA:60,3,1,0
BRDA:61,4,0,0
BRDA:61,4,1,0
BRDA:62,5,0,0
BRDA:62,5,1,0
BRDA:63,6,0,0
BRDA:63,6,1,0
BRDA:111,7,0,0
BRDA:111,7,1,0
BRDA:111,7,2,0
BRDA:112,8,0,0
BRDA:112,8,1,0
BRDA:112,8,2,0
BRDA:116,9,0,0
BRDA:116,9,1,0
BRDA:134,10,0,0
BRDA:134,10,1,0
BRDA:134,10,2,0
BRDA:137,11,0,0
BRDA:137,11,1,0
BRDA:137,11,2,0
BRDA:137,11,3,0
BRDA:162,12,0,0
BRDA:162,12,1,0
BRDA:170,13,0,0
BRDA:170,13,1,0
BRDA:171,14,0,0
BRDA:171,14,1,0
BRDA:184,15,0,0
BRDA:184,15,1,0
BRDA:184,16,0,0
BRDA:184,16,1,0
BRDA:185,17,0,0
BRDA:185,17,1,0
BRDA:185,18,0,0
BRDA:185,18,1,0
BRDA:187,19,0,0
BRDA:187,19,1,0
BRDA:187,20,0,0
BRDA:187,20,1,0
BRDA:190,21,0,0
BRDA:190,21,1,0
BRDA:193,22,0,0
BRDA:193,22,1,0
BRDA:193,23,0,0
BRDA:193,23,1,0
BRDA:196,24,0,0
BRDA:196,24,1,0
BRDA:205,25,0,0
BRDA:205,25,1,0
BRDA:207,26,0,0
BRDA:207,26,1,0
BRDA:208,27,0,0
BRDA:208,27,1,0
BRDA:217,28,0,0
BRDA:217,28,1,0
BRDA:219,29,0,0
BRDA:219,29,1,0
BRDA:221,30,0,0
BRDA:221,30,1,0
BRDA:225,31,0,0
BRDA:225,31,1,0
BRDA:229,32,0,0
BRDA:229,32,1,0
BRDA:233,33,0,0
BRDA:233,33,1,0
BRDA:242,34,0,0
BRDA:242,34,1,0
BRDA:242,35,0,0
BRDA:242,35,1,0
BRDA:244,36,0,0
BRDA:244,36,1,0
BRDA:249,37,0,0
BRDA:249,37,1,0
BRDA:254,38,0,0
BRDA:254,38,1,0
BRDA:258,39,0,0
BRDA:258,39,1,0
BRDA:267,40,0,0
BRDA:267,40,1,0
BRDA:274,41,0,0
BRDA:274,41,1,0
BRDA:280,42,0,0
BRDA:280,42,1,0
BRDA:284,43,0,0
BRDA:284,43,1,0
BRDA:315,44,0,0
BRDA:315,44,1,0
BRDA:322,45,0,0
BRDA:322,45,1,0
BRDA:326,46,0,0
BRDA:326,46,1,0
BRDA:330,47,0,0
BRDA:330,47,1,0
BRDA:334,48,0,0
BRDA:334,48,1,0
BRDA:338,49,0,0
BRDA:338,49,1,0
BRDA:364,50,0,0
BRDA:364,50,1,0
BRDA:388,51,0,0
BRDA:388,51,1,0
BRDA:606,52,0,0
BRDA:606,52,1,0
BRDA:607,53,0,0
BRDA:607,53,1,0
BRDA:608,54,0,0
BRDA:608,54,1,0
BRDA:615,55,0,0
BRDA:615,55,1,0
BRDA:691,56,0,0
BRDA:691,56,1,0
BRDA:700,57,0,0
BRDA:700,57,1,0
BRDA:740,58,0,0
BRDA:740,58,1,0
BRDA:748,59,0,0
BRDA:748,59,1,0
BRDA:750,60,0,0
BRDA:750,60,1,0
BRDA:753,61,0,0
BRDA:753,61,1,0
BRDA:764,62,0,0
BRDA:764,62,1,0
BRDA:845,63,0,0
BRDA:845,63,1,0
BRDA:854,64,0,0
BRDA:854,64,1,0
BRF:135
BRH:0
end_of_record
TN:
SF:src\pages\employee\EmployeeKpiEvolution.tsx
FN:27,EmployeeKpiEvolution
FN:60,(anonymous_1)
FN:69,(anonymous_2)
FN:75,loadEmployeeKpis
FN:92,(anonymous_4)
FN:100,loadEvolutions
FN:109,(anonymous_6)
FN:121,(anonymous_7)
FN:127,(anonymous_8)
FN:147,(anonymous_9)
FN:153,(anonymous_10)
FN:170,(anonymous_11)
FN:171,(anonymous_12)
FN:222,(anonymous_13)
FN:236,(anonymous_14)
FN:250,(anonymous_15)
FN:256,(anonymous_16)
FN:275,(anonymous_17)
FN:325,(anonymous_18)
FN:329,(anonymous_19)
FN:348,(anonymous_20)
FN:382,(anonymous_21)
FN:417,(anonymous_22)
FN:458,(anonymous_23)
FN:505,(anonymous_24)
FN:505,(anonymous_25)
FN:513,(anonymous_26)
FN:513,(anonymous_27)
FN:526,(anonymous_28)
FN:531,(anonymous_29)
FN:555,(anonymous_30)
FN:567,(anonymous_31)
FN:583,(anonymous_32)
FN:588,(anonymous_33)
FN:612,(anonymous_34)
FN:624,(anonymous_35)
FNF:36
FNH:0
FNDA:0,EmployeeKpiEvolution
FNDA:0,(anonymous_1)
FNDA:0,(anonymous_2)
FNDA:0,loadEmployeeKpis
FNDA:0,(anonymous_4)
FNDA:0,loadEvolutions
FNDA:0,(anonymous_6)
FNDA:0,(anonymous_7)
FNDA:0,(anonymous_8)
FNDA:0,(anonymous_9)
FNDA:0,(anonymous_10)
FNDA:0,(anonymous_11)
FNDA:0,(anonymous_12)
FNDA:0,(anonymous_13)
FNDA:0,(anonymous_14)
FNDA:0,(anonymous_15)
FNDA:0,(anonymous_16)
FNDA:0,(anonymous_17)
FNDA:0,(anonymous_18)
FNDA:0,(anonymous_19)
FNDA:0,(anonymous_20)
FNDA:0,(anonymous_21)
FNDA:0,(anonymous_22)
FNDA:0,(anonymous_23)
FNDA:0,(anonymous_24)
FNDA:0,(anonymous_25)
FNDA:0,(anonymous_26)
FNDA:0,(anonymous_27)
FNDA:0,(anonymous_28)
FNDA:0,(anonymous_29)
FNDA:0,(anonymous_30)
FNDA:0,(anonymous_31)
FNDA:0,(anonymous_32)
FNDA:0,(anonymous_33)
FNDA:0,(anonymous_34)
FNDA:0,(anonymous_35)
DA:28,0
DA:35,0
DA:37,0
DA:38,0
DA:43,0
DA:44,0
DA:49,0
DA:50,0
DA:51,0
DA:52,0
DA:54,0
DA:55,0
DA:56,0
DA:57,0
DA:60,0
DA:61,0
DA:62,0
DA:63,0
DA:64,0
DA:65,0
DA:66,0
DA:69,0
DA:76,0
DA:78,0
DA:87,0
DA:88,0
DA:89,0
DA:92,0
DA:93,0
DA:101,0
DA:106,0
DA:109,0
DA:110,0
DA:117,0
DA:118,0
DA:119,0
DA:121,0
DA:122,0
DA:123,0
DA:124,0
DA:127,0
DA:128,0
DA:130,0
DA:136,0
DA:137,0
DA:138,0
DA:144,0
DA:145,0
DA:147,0
DA:148,0
DA:149,0
DA:150,0
DA:153,0
DA:154,0
DA:156,0
DA:160,0
DA:161,0
DA:162,0
DA:168,0
DA:170,0
DA:171,0
DA:177,0
DA:223,0
DA:224,0
DA:237,0
DA:238,0
DA:251,0
DA:252,0
DA:257,0
DA:276,0
DA:277,0
DA:278,0
DA:279,0
DA:326,0
DA:328,0
DA:329,0
DA:333,0
DA:341,0
DA:348,0
DA:383,0
DA:384,0
DA:418,0
DA:421,0
DA:426,0
DA:428,0
DA:458,0
DA:505,0
DA:513,0
DA:526,0
DA:531,0
DA:555,0
DA:567,0
DA:583,0
DA:588,0
DA:612,0
DA:624,0
LF:96
LH:0
BRDA:52,0,0,0
BRDA:52,0,1,0
BRDA:63,1,0,0
BRDA:63,1,1,0
BRDA:64,2,0,0
BRDA:64,2,1,0
BRDA:65,3,0,0
BRDA:65,3,1,0
BRDA:82,4,0,0
BRDA:82,4,1,0
BRDA:83,5,0,0
BRDA:83,5,1,0
BRDA:84,6,0,0
BRDA:84,6,1,0
BRDA:87,7,0,0
BRDA:87,7,1,0
BRDA:88,8,0,0
BRDA:88,8,1,0
BRDA:106,9,0,0
BRDA:106,9,1,0
BRDA:128,10,0,0
BRDA:128,10,1,0
BRDA:154,11,0,0
BRDA:154,11,1,0
BRDA:171,12,0,0
BRDA:171,12,1,0
BRDA:187,13,0,0
BRDA:187,13,1,0
BRDA:193,14,0,0
BRDA:193,14,1,0
BRDA:312,15,0,0
BRDA:312,15,1,0
BRDA:318,16,0,0
BRDA:318,16,1,0
BRDA:333,17,0,0
BRDA:333,17,1,0
BRDA:333,17,2,0
BRDA:338,18,0,0
BRDA:338,18,1,0
BRDA:346,19,0,0
BRDA:346,19,1,0
BRDA:353,20,0,0
BRDA:353,20,1,0
BRDA:353,21,0,0
BRDA:353,21,1,0
BRDA:355,22,0,0
BRDA:355,22,1,0
BRDA:362,23,0,0
BRDA:362,23,1,0
BRDA:365,24,0,0
BRDA:365,24,1,0
BRDA:368,25,0,0
BRDA:368,25,1,0
BRDA:371,26,0,0
BRDA:371,26,1,0
BRDA:392,27,0,0
BRDA:392,27,1,0
BRDA:395,28,0,0
BRDA:395,28,1,0
BRDA:421,29,0,0
BRDA:421,29,1,0
BRDA:435,30,0,0
BRDA:435,30,1,0
BRDA:442,31,0,0
BRDA:442,31,1,0
BRDA:449,32,0,0
BRDA:449,32,1,0
BRDA:489,33,0,0
BRDA:489,33,1,0
BRDA:527,34,0,0
BRDA:527,34,1,0
BRDA:536,35,0,0
BRDA:536,35,1,0
BRDA:539,36,0,0
BRDA:539,36,1,0
BRDA:549,37,0,0
BRDA:549,37,1,0
BRDA:572,38,0,0
BRDA:572,38,1,0
BRDA:593,39,0,0
BRDA:593,39,1,0
BRDA:596,40,0,0
BRDA:596,40,1,0
BRDA:606,41,0,0
BRDA:606,41,1,0
BRDA:629,42,0,0
BRDA:629,42,1,0
BRF:87
BRH:0
end_of_record
TN:
SF:src\pages\login\Login.tsx
FN:8,LoginPage
FN:17,(anonymous_1)
FN:73,(anonymous_2)
FN:87,(anonymous_3)
FNF:4
FNH:4
FNDA:16,LoginPage
FNDA:3,(anonymous_1)
FNDA:3,(anonymous_2)
FNDA:3,(anonymous_3)
DA:9,16
DA:10,16
DA:11,16
DA:12,16
DA:14,16
DA:15,16
DA:17,16
DA:18,3
DA:19,3
DA:20,3
DA:22,3
DA:23,3
DA:24,2
DA:26,1
DA:31,3
DA:35,16
DA:73,3
DA:87,3
LF:18
LH:18
BRDA:27,0,0,1
BRDA:27,0,1,0
BRDA:94,1,0,16
BRDA:94,1,1,1
BRDA:103,2,0,3
BRDA:103,2,1,13
BRF:6
BRH:5
end_of_record
TN:
SF:src\pages\manager\TeamDashboardTabs.tsx
FN:9,TeamDashboardTabs
FN:39,(anonymous_1)
FNF:2
FNH:0
FNDA:0,TeamDashboardTabs
FNDA:0,(anonymous_1)
DA:10,0
DA:12,0
DA:39,0
LF:3
LH:0
BRDA:72,0,0,0
BRDA:72,0,1,0
BRDA:76,1,0,0
BRDA:76,1,1,0
BRF:4
BRH:0
end_of_record
TN:
SF:src\pages\manager\TeamKpis.tsx
FN:29,TeamKpis
FN:79,(anonymous_1)
FN:93,(anonymous_2)
FN:94,(anonymous_3)
[...]
BRDA:167,16,1,0
BRDA:172,17,0,0
BRDA:172,17,1,0
BRDA:180,18,0,0
BRDA:180,18,1,0
BRDA:226,19,0,0
BRDA:226,19,1,0
BRDA:238,20,0,0
BRDA:238,20,1,0
BRDA:258,21,0,0
BRDA:258,21,1,0
BRDA:264,22,0,0
BRDA:264,22,1,0
BRDA:433,23,0,0
BRDA:433,23,1,0
BRDA:439,24,0,0
BRDA:439,24,1,0
BRDA:448,25,0,0
BRDA:448,25,1,0
BRDA:448,25,2,0
BRDA:453,26,0,0
BRDA:453,26,1,0
BRDA:453,26,2,0
BRDA:467,27,0,0
BRDA:467,27,1,0
BRDA:522,28,0,0
BRDA:522,28,1,0
BRDA:522,28,2,0
BRDA:522,28,3,0
BRDA:622,29,0,0
BRDA:622,29,1,0
BRF:64
BRH:0
end_of_record
TN:
SF:src\pages\manager\dashboard\TeamKPIDashboard.tsx
FN:44,colorByProgress
FN:52,getHeatColor
FN:64,TeamKpisDashboard
FN:86,(anonymous_3)
FN:87,load
FN:98,(anonymous_5)
FN:99,(anonymous_6)
FN:115,(anonymous_7)
FN:116,(anonymous_8)
FN:136,(anonymous_9)
FN:139,(anonymous_10)
FN:144,(anonymous_11)
FN:150,(anonymous_12)
FN:153,(anonymous_13)
FN:157,(anonymous_14)
FN:165,(anonymous_15)
FN:178,(anonymous_16)
FN:190,(anonymous_17)
FN:195,(anonymous_18)
FN:202,(anonymous_19)
FN:217,(anonymous_20)
FN:218,(anonymous_21)
FN:219,(anonymous_22)
FN:230,(anonymous_23)
FN:232,(anonymous_24)
FN:242,(anonymous_25)
FN:244,(anonymous_26)
FN:254,(anonymous_27)
FN:255,(anonymous_28)
FN:278,(anonymous_29)
FN:288,(anonymous_30)
FN:297,(anonymous_31)
FN:313,(anonymous_32)
FN:316,(anonymous_33)
FN:336,(anonymous_34)
FN:412,(anonymous_35)
FN:453,(anonymous_36)
FN:467,(anonymous_37)
FN:475,(anonymous_38)
FN:477,(anonymous_39)
FN:510,(anonymous_40)
FN:514,(anonymous_41)
FN:535,(anonymous_42)
FN:543,(anonymous_43)
FNF:44
FNH:0
FNDA:0,colorByProgress
FNDA:0,getHeatColor
FNDA:0,TeamKpisDashboard
FNDA:0,(anonymous_3)
FNDA:0,load
FNDA:0,(anonymous_5)
FNDA:0,(anonymous_6)
FNDA:0,(anonymous_7)
FNDA:0,(anonymous_8)
FNDA:0,(anonymous_9)
FNDA:0,(anonymous_10)
FNDA:0,(anonymous_11)
FNDA:0,(anonymous_12)
FNDA:0,(anonymous_13)
FNDA:0,(anonymous_14)
FNDA:0,(anonymous_15)
FNDA:0,(anonymous_16)
FNDA:0,(anonymous_17)
FNDA:0,(anonymous_18)
FNDA:0,(anonymous_19)
FNDA:0,(anonymous_20)
FNDA:0,(anonymous_21)
FNDA:0,(anonymous_22)
FNDA:0,(anonymous_23)
FNDA:0,(anonymous_24)
FNDA:0,(anonymous_25)
FNDA:0,(anonymous_26)
FNDA:0,(anonymous_27)
FNDA:0,(anonymous_28)
FNDA:0,(anonymous_29)
FNDA:0,(anonymous_30)
FNDA:0,(anonymous_31)
FNDA:0,(anonymous_32)
FNDA:0,(anonymous_33)
FNDA:0,(anonymous_34)
FNDA:0,(anonymous_35)
FNDA:0,(anonymous_36)
FNDA:0,(anonymous_37)
FNDA:0,(anonymous_38)
FNDA:0,(anonymous_39)
FNDA:0,(anonymous_40)
FNDA:0,(anonymous_41)
FNDA:0,(anonymous_42)
FNDA:0,(anonymous_43)
DA:45,0
DA:46,0
DA:47,0
DA:48,0
DA:49,0
DA:53,0
DA:54,0
DA:55,0
DA:56,0
DA:57,0
DA:65,0
DA:66,0
DA:68,0
DA:70,0
DA:71,0
DA:76,0
DA:77,0
DA:78,0
DA:79,0
DA:81,0
DA:86,0
DA:88,0
DA:91,0
DA:92,0
DA:93,0
DA:95,0
DA:96,0
DA:98,0
DA:99,0
DA:101,0
DA:103,0
DA:105,0
DA:107,0
DA:115,0
DA:116,0
DA:117,0
DA:118,0
DA:120,0
DA:121,0
DA:122,0
DA:123,0
DA:126,0
DA:127,0
DA:128,0
DA:129,0
DA:132,0
DA:136,0
DA:137,0
DA:138,0
DA:139,0
DA:140,0
DA:144,0
DA:150,0
DA:151,0
DA:153,0
DA:155,0
DA:156,0
DA:157,0
DA:158,0
DA:159,0
DA:163,0
DA:164,0
DA:165,0
DA:166,0
DA:167,0
DA:171,0
DA:178,0
DA:179,0
DA:181,0
DA:182,0
DA:184,0
DA:185,0
DA:186,0
DA:187,0
DA:190,0
DA:191,0
DA:192,0
DA:195,0
DA:201,0
DA:203,0
DA:207,0
DA:215,0
DA:216,0
DA:217,0
DA:218,0
DA:219,0
DA:226,0
DA:227,0
DA:228,0
DA:230,0
DA:232,0
DA:237,0
DA:238,0
DA:239,0
DA:241,0
DA:242,0
DA:243,0
DA:244,0
DA:245,0
DA:247,0
DA:248,0
DA:251,0
DA:254,0
DA:255,0
DA:263,0
DA:278,0
DA:288,0
DA:297,0
DA:313,0
DA:317,0
DA:337,0
DA:338,0
DA:339,0
DA:340,0
DA:413,0
DA:414,0
DA:415,0
DA:416,0
DA:418,0
DA:454,0
DA:468,0
DA:476,0
DA:478,0
DA:511,0
DA:514,0
DA:535,0
DA:543,0
LF:127
LH:0
BRDA:45,0,0,0
BRDA:45,0,1,0
BRDA:47,1,0,0
BRDA:47,1,1,0
BRDA:48,2,0,0
BRDA:48,2,1,0
BRDA:53,3,0,0
BRDA:53,3,1,0
BRDA:54,4,0,0
BRDA:54,4,1,0
BRDA:55,5,0,0
BRDA:55,5,1,0
BRDA:56,6,0,0
BRDA:56,6,1,0
BRDA:92,7,0,0
BRDA:92,7,1,0
BRDA:92,7,2,0
BRDA:96,8,0,0
BRDA:96,8,1,0
BRDA:96,8,2,0
BRDA:103,9,0,0
BRDA:103,9,1,0
BRDA:117,10,0,0
BRDA:117,10,1,0
BRDA:117,11,0,0
BRDA:117,11,1,0
BRDA:118,12,0,0
BRDA:118,12,1,0
BRDA:118,13,0,0
BRDA:118,13,1,0
BRDA:120,14,0,0
BRDA:120,14,1,0
BRDA:120,15,0,0
BRDA:120,15,1,0
BRDA:123,16,0,0
BRDA:123,16,1,0
BRDA:126,17,0,0
BRDA:126,17,1,0
BRDA:126,18,0,0
BRDA:126,18,1,0
BRDA:129,19,0,0
BRDA:129,19,1,0
BRDA:137,20,0,0
BRDA:137,20,1,0
BRDA:139,21,0,0
BRDA:139,21,1,0
BRDA:140,22,0,0
BRDA:140,22,1,0
BRDA:151,23,0,0
BRDA:151,23,1,0
BRDA:155,24,0,0
BRDA:155,24,1,0
BRDA:159,25,0,0
BRDA:159,25,1,0
BRDA:163,26,0,0
BRDA:163,26,1,0
BRDA:167,27,0,0
BRDA:167,27,1,0
BRDA:179,28,0,0
BRDA:179,28,1,0
BRDA:179,29,0,0
BRDA:179,29,1,0
BRDA:181,30,0,0
BRDA:181,30,1,0
BRDA:186,31,0,0
BRDA:186,31,1,0
BRDA:191,32,0,0
BRDA:191,32,1,0
BRDA:195,33,0,0
BRDA:195,33,1,0
BRDA:207,34,0,0
BRDA:207,34,1,0
BRDA:245,35,0,0
BRDA:245,35,1,0
BRDA:413,36,0,0
BRDA:413,36,1,0
BRDA:414,37,0,0
BRDA:414,37,1,0
BRDA:415,38,0,0
BRDA:415,38,1,0
BRDA:491,39,0,0
BRDA:491,39,1,0
BRDA:513,40,0,0
BRDA:513,40,1,0
BRDA:520,41,0,0
BRDA:520,41,1,0
BRDA:521,42,0,0
BRDA:521,42,1,0
BRDA:530,43,0,0
BRDA:530,43,1,0
BRDA:542,44,0,0
BRDA:542,44,1,0
BRF:92
BRH:0
end_of_record
TN:
SF:src\pages\manager\dashboard\TeamMembersKPIDashboard.tsx
FN:50,colorByProgress
FN:58,getHeatColor
FN:66,TeamMembersKpiDashboard
FN:112,(anonymous_3)
FN:113,load
FN:122,(anonymous_5)
FN:128,(anonymous_6)
FN:137,(anonymous_7)
FN:138,(anonymous_8)
FN:152,fetchPerformanceReviews
FN:172,(anonymous_10)
FN:184,(anonymous_11)
FN:195,(anonymous_12)
FN:209,(anonymous_13)
FN:210,(anonymous_14)
FN:231,(anonymous_15)
FN:234,(anonymous_16)
FN:240,(anonymous_17)
FN:246,(anonymous_18)
FN:250,(anonymous_19)
FN:255,(anonymous_20)
FN:263,(anonymous_21)
FN:275,(anonymous_22)
FN:287,(anonymous_23)
FN:292,(anonymous_24)
FN:299,(anonymous_25)
FN:308,(anonymous_26)
FN:315,(anonymous_27)
FN:316,(anonymous_28)
FN:317,(anonymous_29)
FN:327,(anonymous_30)
FN:329,(anonymous_31)
FN:339,(anonymous_32)
FN:341,(anonymous_33)
FN:351,(anonymous_34)
FN:352,(anonymous_35)
FN:359,handleOpenReviewModal
FN:366,handleCreateReview
FN:403,(anonymous_38)
FN:413,(anonymous_39)
FN:422,(anonymous_40)
FN:425,(anonymous_41)
FN:439,(anonymous_42)
FN:456,(anonymous_43)
FN:459,(anonymous_44)
FN:479,(anonymous_45)
FN:556,(anonymous_46)
FN:596,(anonymous_47)
FN:610,(anonymous_48)
FN:618,(anonymous_49)
FN:620,(anonymous_50)
FN:651,(anonymous_51)
FN:655,(anonymous_52)
FN:685,(anonymous_53)
FN:780,(anonymous_54)
FN:813,(anonymous_55)
FN:813,(anonymous_56)
FN:822,(anonymous_57)
FN:823,(anonymous_58)
FN:838,(anonymous_59)
FN:843,(anonymous_60)
FN:864,(anonymous_61)
FN:872,(anonymous_62)
FNF:63
FNH:0
FNDA:0,colorByProgress
FNDA:0,getHeatColor
FNDA:0,TeamMembersKpiDashboard
FNDA:0,(anonymous_3)
FNDA:0,load
FNDA:0,(anonymous_5)
FNDA:0,(anonymous_6)
FNDA:0,(anonymous_7)
FNDA:0,(anonymous_8)
FNDA:0,fetchPerformanceReviews
FNDA:0,(anonymous_10)
FNDA:0,(anonymous_11)
FNDA:0,(anonymous_12)
FNDA:0,(anonymous_13)
FNDA:0,(anonymous_14)
FNDA:0,(anonymous_15)
FNDA:0,(anonymous_16)
FNDA:0,(anonymous_17)
FNDA:0,(anonymous_18)
FNDA:0,(anonymous_19)
FNDA:0,(anonymous_20)
FNDA:0,(anonymous_21)
FNDA:0,(anonymous_22)
FNDA:0,(anonymous_23)
FNDA:0,(anonymous_24)
FNDA:0,(anonymous_25)
FNDA:0,(anonymous_26)
FNDA:0,(anonymous_27)
FNDA:0,(anonymous_28)
FNDA:0,(anonymous_29)
FNDA:0,(anonymous_30)
FNDA:0,(anonymous_31)
FNDA:0,(anonymous_32)
FNDA:0,(anonymous_33)
FNDA:0,(anonymous_34)
FNDA:0,(anonymous_35)
FNDA:0,handleOpenReviewModal
FNDA:0,handleCreateReview
FNDA:0,(anonymous_38)
FNDA:0,(anonymous_39)
FNDA:0,(anonymous_40)
FNDA:0,(anonymous_41)
FNDA:0,(anonymous_42)
FNDA:0,(anonymous_43)
FNDA:0,(anonymous_44)
FNDA:0,(anonymous_45)
FNDA:0,(anonymous_46)
FNDA:0,(anonymous_47)
FNDA:0,(anonymous_48)
FNDA:0,(anonymous_49)
FNDA:0,(anonymous_50)
FNDA:0,(anonymous_51)
FNDA:0,(anonymous_52)
FNDA:0,(anonymous_53)
FNDA:0,(anonymous_54)
FNDA:0,(anonymous_55)
FNDA:0,(anonymous_56)
FNDA:0,(anonymous_57)
FNDA:0,(anonymous_58)
FNDA:0,(anonymous_59)
FNDA:0,(anonymous_60)
FNDA:0,(anonymous_61)
FNDA:0,(anonymous_62)
DA:51,0
DA:52,0
DA:53,0
DA:54,0
DA:55,0
DA:59,0
DA:60,0
DA:61,0
DA:62,0
DA:63,0
DA:67,0
DA:68,0
DA:69,0
DA:73,0
DA:78,0
DA:79,0
DA:80,0
DA:81,0
DA:84,0
DA:87,0
DA:88,0
DA:89,0
DA:90,0
DA:93,0
DA:94,0
DA:95,0
DA:100,0
DA:101,0
DA:102,0
DA:103,0
DA:104,0
DA:106,0
DA:112,0
DA:114,0
DA:117,0
DA:118,0
DA:119,0
DA:121,0
DA:122,0
DA:126,0
DA:127,0
DA:128,0
DA:129,0
DA:132,0
DA:136,0
DA:137,0
DA:138,0
DA:139,0
DA:141,0
DA:143,0
DA:145,0
DA:153,0
DA:154,0
DA:155,0
DA:161,0
DA:165,0
DA:171,0
DA:173,0
DA:176,0
DA:177,0
DA:179,0
DA:184,0
DA:185,0
DA:186,0
DA:187,0
DA:188,0
DA:189,0
DA:191,0
DA:195,0
DA:196,0
DA:197,0
DA:201,0
DA:209,0
DA:210,0
DA:211,0
DA:212,0
DA:213,0
DA:215,0
DA:216,0
DA:217,0
DA:218,0
DA:220,0
DA:221,0
DA:222,0
DA:223,0
DA:226,0
DA:231,0
DA:232,0
DA:233,0
DA:234,0
DA:235,0
DA:239,0
DA:240,0
DA:246,0
DA:247,0
DA:249,0
DA:250,0
DA:253,0
DA:254,0
DA:255,0
DA:256,0
DA:257,0
DA:261,0
DA:262,0
DA:263,0
DA:264,0
DA:265,0
DA:269,0
DA:275,0
DA:276,0
DA:278,0
DA:279,0
DA:281,0
DA:282,0
DA:283,0
DA:284,0
DA:287,0
DA:288,0
DA:289,0
DA:292,0
DA:298,0
DA:300,0
DA:304,0
DA:308,0
DA:313,0
DA:314,0
DA:315,0
DA:316,0
DA:317,0
DA:323,0
DA:324,0
DA:325,0
DA:327,0
DA:329,0
DA:334,0
DA:335,0
DA:336,0
DA:338,0
DA:339,0
DA:340,0
DA:341,0
DA:342,0
DA:344,0
DA:345,0
DA:348,0
DA:351,0
DA:352,0
DA:360,0
DA:361,0
DA:362,0
DA:363,0
DA:367,0
DA:369,0
DA:371,0
DA:377,0
DA:379,0
DA:380,0
DA:387,0
DA:403,0
DA:413,0
DA:422,0
DA:426,0
DA:439,0
DA:456,0
DA:460,0
DA:480,0
DA:481,0
DA:482,0
DA:483,0
DA:484,0
DA:557,0
DA:558,0
DA:559,0
DA:561,0
DA:597,0
DA:611,0
DA:619,0
DA:621,0
DA:652,0
DA:655,0
DA:685,0
DA:781,0
DA:813,0
DA:823,0
DA:838,0
DA:843,0
DA:864,0
DA:872,0
LF:188
LH:0
BRDA:51,0,0,0
BRDA:51,0,1,0
BRDA:53,1,0,0
BRDA:53,1,1,0
BRDA:54,2,0,0
BRDA:54,2,1,0
BRDA:59,3,0,0
BRDA:59,3,1,0
BRDA:60,4,0,0
BRDA:60,4,1,0
BRDA:61,5,0,0
BRDA:61,5,1,0
BRDA:62,6,0,0
BRDA:62,6,1,0
BRDA:118,7,0,0
BRDA:118,7,1,0
BRDA:118,7,2,0
BRDA:127,8,0,0
BRDA:127,8,1,0
BRDA:127,8,2,0
BRDA:136,9,0,0
BRDA:136,9,1,0
BRDA:136,9,2,0
BRDA:141,10,0,0
BRDA:141,10,1,0
BRDA:161,11,0,0
BRDA:161,11,1,0
BRDA:161,11,2,0
BRDA:165,12,0,0
BRDA:165,12,1,0
BRDA:165,12,2,0
BRDA:165,12,3,0
BRDA:185,13,0,0
BRDA:185,13,1,0
BRDA:196,14,0,0
BRDA:196,14,1,0
BRDA:203,15,0,0
BRDA:203,15,1,0
BRDA:211,16,0,0
BRDA:211,16,1,0
BRDA:211,17,0,0
BRDA:211,17,1,0
BRDA:212,18,0,0
BRDA:212,18,1,0
BRDA:212,19,0,0
BRDA:212,19,1,0
BRDA:213,20,0,0
BRDA:213,20,1,0
BRDA:213,21,0,0
BRDA:213,21,1,0
BRDA:215,22,0,0
BRDA:215,22,1,0
BRDA:215,23,0,0
BRDA:215,23,1,0
BRDA:218,24,0,0
BRDA:218,24,1,0
BRDA:220,25,0,0
BRDA:220,25,1,0
BRDA:220,26,0,0
BRDA:220,26,1,0
BRDA:223,27,0,0
BRDA:223,27,1,0
BRDA:232,28,0,0
BRDA:232,28,1,0
BRDA:234,29,0,0
BRDA:234,29,1,0
BRDA:235,30,0,0
BRDA:235,30,1,0
BRDA:247,31,0,0
BRDA:247,31,1,0
BRDA:253,32,0,0
BRDA:253,32,1,0
BRDA:256,33,0,0
BRDA:256,33,1,0
BRDA:257,34,0,0
BRDA:257,34,1,0
BRDA:261,35,0,0
BRDA:261,35,1,0
BRDA:264,36,0,0
BRDA:264,36,1,0
BRDA:265,37,0,0
BRDA:265,37,1,0
BRDA:276,38,0,0
BRDA:276,38,1,0
BRDA:276,39,0,0
BRDA:276,39,1,0
BRDA:278,40,0,0
BRDA:278,40,1,0
BRDA:282,41,0,0
BRDA:282,41,1,0
BRDA:283,42,0,0
BRDA:283,42,1,0
BRDA:288,43,0,0
BRDA:288,43,1,0
BRDA:292,44,0,0
BRDA:292,44,1,0
BRDA:300,45,0,0
BRDA:300,45,1,0
BRDA:301,46,0,0
BRDA:301,46,1,0
BRDA:330,47,0,0
BRDA:330,47,1,0
BRDA:342,48,0,0
BRDA:342,48,1,0
BRDA:360,49,0,0
BRDA:360,49,1,0
BRDA:367,50,0,0
BRDA:367,50,1,0
BRDA:367,51,0,0
BRDA:367,51,1,0
BRDA:369,52,0,0
BRDA:369,52,1,0
BRDA:427,53,0,0
BRDA:427,53,1,0
BRDA:557,54,0,0
BRDA:557,54,1,0
BRDA:558,55,0,0
BRDA:558,55,1,0
BRDA:559,56,0,0
BRDA:559,56,1,0
BRDA:565,57,0,0
BRDA:565,57,1,0
BRDA:630,58,0,0
BRDA:630,58,1,0
BRDA:654,59,0,0
BRDA:654,59,1,0
BRDA:661,60,0,0
BRDA:661,60,1,0
BRDA:663,61,0,0
BRDA:663,61,1,0
BRDA:672,62,0,0
BRDA:672,62,1,0
BRDA:684,63,0,0
BRDA:684,63,1,0
BRDA:751,64,0,0
BRDA:751,64,1,0
BRDA:761,65,0,0
BRDA:761,65,1,0
BRDA:770,66,0,0
BRDA:770,66,1,0
BRDA:850,67,0,0
BRDA:850,67,1,0
BRF:142
BRH:0
end_of_record
TN:
SF:src\pages\manager\kpi\KpiReview.tsx
FN:9,KpiReview
FN:40,(anonymous_1)
FNF:2
FNH:0
FNDA:0,KpiReview
FNDA:0,(anonymous_1)
DA:10,0
DA:12,0
DA:40,0
LF:3
LH:0
BRDA:74,0,0,0
BRDA:74,0,1,0
BRDA:78,1,0,0
BRDA:78,1,1,0
BRF:4
BRH:0
end_of_record
TN:
SF:src\pages\manager\kpi\components\EmployeeKpiReviewSection.tsx
FN:10,EmployeeKpiReviewSection
FN:26,(anonymous_1)
FN:27,fetchData
FN:42,(anonymous_3)
FN:45,handleApprove
FN:51,handleReject
FN:56,handleConfirmRejection
FN:93,(anonymous_7)
FN:94,(anonymous_8)
FN:106,(anonymous_9)
FN:137,(anonymous_10)
FN:139,(anonymous_11)
FN:170,(anonymous_12)
FN:207,(anonymous_13)
FN:233,(anonymous_14)
FN:243,(anonymous_15)
FN:287,(anonymous_16)
FN:292,(anonymous_17)
FN:301,(anonymous_18)
FNF:19
FNH:0
FNDA:0,EmployeeKpiReviewSection
FNDA:0,(anonymous_1)
FNDA:0,fetchData
FNDA:0,(anonymous_3)
FNDA:0,handleApprove
FNDA:0,handleReject
FNDA:0,handleConfirmRejection
FNDA:0,(anonymous_7)
FNDA:0,(anonymous_8)
FNDA:0,(anonymous_9)
FNDA:0,(anonymous_10)
FNDA:0,(anonymous_11)
FNDA:0,(anonymous_12)
FNDA:0,(anonymous_13)
FNDA:0,(anonymous_14)
FNDA:0,(anonymous_15)
FNDA:0,(anonymous_16)
FNDA:0,(anonymous_17)
FNDA:0,(anonymous_18)
DA:11,0
DA:16,0
DA:18,0
DA:19,0
DA:20,0
DA:21,0
DA:22,0
DA:23,0
DA:24,0
DA:26,0
DA:29,0
DA:34,0
DA:35,0
DA:37,0
DA:41,0
DA:42,0
DA:46,0
DA:47,0
DA:48,0
DA:52,0
DA:53,0
DA:57,0
DA:58,0
DA:59,0
DA:60,0
DA:61,0
DA:62,0
DA:65,0
DA:94,0
DA:95,0
DA:97,0
DA:107,0
DA:138,0
DA:139,0
DA:141,0
DA:143,0
DA:171,0
DA:208,0
DA:234,0
DA:244,0
DA:287,0
DA:292,0
DA:301,0
LF:43
LH:0
BRDA:34,0,0,0
BRDA:34,0,1,0
BRDA:34,0,2,0
BRDA:35,1,0,0
BRDA:35,1,1,0
BRDA:35,1,2,0
BRDA:48,2,0,0
BRDA:48,2,1,0
BRDA:48,2,2,0
BRDA:57,3,0,0
BRDA:57,3,1,0
BRDA:60,4,0,0
BRDA:60,4,1,0
BRDA:60,4,2,0
BRDA:100,5,0,0
BRDA:100,5,1,0
BRDA:107,6,0,0
BRDA:107,6,1,0
BRDA:110,7,0,0
BRDA:110,7,1,0
BRDA:116,8,0,0
BRDA:116,8,1,0
BRDA:125,9,0,0
BRDA:125,9,1,0
BRDA:149,10,0,0
BRDA:149,10,1,0
BRDA:150,11,0,0
BRDA:150,11,1,0
BRDA:154,12,0,0
BRDA:154,12,1,0
BRDA:164,13,0,0
BRDA:164,13,1,0
BRDA:172,14,0,0
BRDA:172,14,1,0
BRDA:176,15,0,0
BRDA:176,15,1,0
BRDA:181,16,0,0
BRDA:181,16,1,0
BRDA:192,17,0,0
BRDA:192,17,1,0
BRDA:221,18,0,0
BRDA:221,18,1,0
BRDA:228,19,0,0
BRDA:228,19,1,0
BRF:44
BRH:0
end_of_record
TN:
SF:src\pages\manager\kpi\components\TeamKpiReviewSection.tsx
FN:10,TeamKpiReviewSection
FN:24,(anonymous_1)
FN:25,fetchData
FN:39,(anonymous_3)
FN:42,handleApprove
FN:48,handleReject
FN:53,handleConfirmRejection
FN:93,(anonymous_7)
FN:94,(anonymous_8)
FN:106,(anonymous_9)
FN:137,(anonymous_10)
FN:139,(anonymous_11)
FN:172,(anonymous_12)
FN:209,(anonymous_13)
FN:235,(anonymous_14)
FN:245,(anonymous_15)
FN:289,(anonymous_16)
FN:294,(anonymous_17)
FN:303,(anonymous_18)
FNF:19
FNH:0
FNDA:0,TeamKpiReviewSection
FNDA:0,(anonymous_1)
FNDA:0,fetchData
FNDA:0,(anonymous_3)
FNDA:0,handleApprove
FNDA:0,handleReject
FNDA:0,handleConfirmRejection
FNDA:0,(anonymous_7)
FNDA:0,(anonymous_8)
FNDA:0,(anonymous_9)
FNDA:0,(anonymous_10)
FNDA:0,(anonymous_11)
FNDA:0,(anonymous_12)
FNDA:0,(anonymous_13)
FNDA:0,(anonymous_14)
FNDA:0,(anonymous_15)
FNDA:0,(anonymous_16)
FNDA:0,(anonymous_17)
FNDA:0,(anonymous_18)
DA:11,0
DA:12,0
DA:15,0
DA:16,0
DA:17,0
DA:18,0
DA:20,0
DA:21,0
DA:22,0
DA:24,0
DA:26,0
DA:31,0
DA:32,0
DA:34,0
DA:38,0
DA:39,0
DA:43,0
DA:44,0
DA:45,0
DA:49,0
DA:50,0
DA:54,0
DA:55,0
DA:59,0
DA:60,0
DA:61,0
DA:62,0
DA:65,0
DA:94,0
DA:95,0
DA:97,0
DA:107,0
DA:138,0
DA:139,0
DA:141,0
DA:143,0
DA:173,0
DA:210,0
DA:236,0
DA:246,0
DA:289,0
DA:294,0
DA:303,0
LF:43
LH:0
BRDA:31,0,0,0
BRDA:31,0,1,0
BRDA:31,0,2,0
BRDA:32,1,0,0
BRDA:32,1,1,0
BRDA:32,1,2,0
BRDA:45,2,0,0
BRDA:45,2,1,0
BRDA:45,2,2,0
BRDA:54,3,0,0
BRDA:54,3,1,0
BRDA:60,4,0,0
BRDA:60,4,1,0
BRDA:60,4,2,0
BRDA:107,5,0,0
BRDA:107,5,1,0
BRDA:110,6,0,0
BRDA:110,6,1,0
BRDA:116,7,0,0
BRDA:116,7,1,0
BRDA:125,8,0,0
BRDA:125,8,1,0
BRDA:149,9,0,0
BRDA:149,9,1,0
BRDA:150,10,0,0
BRDA:150,10,1,0
BRDA:154,11,0,0
BRDA:154,11,1,0
BRDA:162,12,0,0
BRDA:162,12,1,0
BRDA:166,13,0,0
BRDA:166,13,1,0
BRDA:174,14,0,0
BRDA:174,14,1,0
BRDA:178,15,0,0
BRDA:178,15,1,0
BRDA:183,16,0,0
BRDA:183,16,1,0
BRDA:194,17,0,0
BRDA:194,17,1,0
BRDA:223,18,0,0
BRDA:223,18,1,0
BRDA:230,19,0,0
BRDA:230,19,1,0
BRF:44
BRH:0
end_of_record
TN:
SF:src\pages\super-admin\Company.tsx
FN:20,CompanyPage
FN:40,(anonymous_1)
FN:41,load
FN:49,(anonymous_3)
FN:52,(anonymous_4)
FN:53,load
FN:60,loadCompanies
FN:77,(anonymous_7)
FN:93,(anonymous_8)
FN:96,(anonymous_9)
FN:124,(anonymous_10)
FN:134,(anonymous_11)
FN:138,(anonymous_12)
FN:144,(anonymous_13)
FN:160,(anonymous_14)
FN:167,(anonymous_15)
FN:169,(anonymous_16)
FN:203,(anonymous_17)
FN:211,(anonymous_18)
FN:220,(anonymous_19)
FN:226,(anonymous_20)
FN:240,(anonymous_21)
FN:243,(anonymous_22)
FN:262,(anonymous_23)
FN:274,(anonymous_24)
FN:309,(anonymous_25)
FN:313,(anonymous_26)
FN:336,(anonymous_27)
FN:336,(anonymous_28)
FN:345,(anonymous_29)
FN:345,(anonymous_30)
FN:356,(anonymous_31)
FN:371,(anonymous_32)
FN:381,(anonymous_33)
FN:382,(anonymous_34)
FN:383,(anonymous_35)
FN:384,(anonymous_36)
FN:385,(anonymous_37)
FN:393,(anonymous_38)
FN:399,(anonymous_39)
FN:413,(anonymous_40)
FN:416,(anonymous_41)
FN:430,(anonymous_42)
FN:445,(anonymous_43)
FN:446,(anonymous_44)
FN:447,(anonymous_45)
FN:448,(anonymous_46)
FN:449,(anonymous_47)
FN:457,(anonymous_48)
FN:463,(anonymous_49)
FN:477,(anonymous_50)
FN:480,(anonymous_51)
FNF:52
FNH:0
FNDA:0,CompanyPage
FNDA:0,(anonymous_1)
FNDA:0,load
FNDA:0,(anonymous_3)
FNDA:0,(anonymous_4)
FNDA:0,load
FNDA:0,loadCompanies
FNDA:0,(anonymous_7)
FNDA:0,(anonymous_8)
FNDA:0,(anonymous_9)
FNDA:0,(anonymous_10)
FNDA:0,(anonymous_11)
FNDA:0,(anonymous_12)
FNDA:0,(anonymous_13)
FNDA:0,(anonymous_14)
FNDA:0,(anonymous_15)
FNDA:0,(anonymous_16)
FNDA:0,(anonymous_17)
FNDA:0,(anonymous_18)
FNDA:0,(anonymous_19)
FNDA:0,(anonymous_20)
FNDA:0,(anonymous_21)
FNDA:0,(anonymous_22)
FNDA:0,(anonymous_23)
FNDA:0,(anonymous_24)
FNDA:0,(anonymous_25)
FNDA:0,(anonymous_26)
FNDA:0,(anonymous_27)
FNDA:0,(anonymous_28)
FNDA:0,(anonymous_29)
FNDA:0,(anonymous_30)
FNDA:0,(anonymous_31)
FNDA:0,(anonymous_32)
FNDA:0,(anonymous_33)
FNDA:0,(anonymous_34)
FNDA:0,(anonymous_35)
FNDA:0,(anonymous_36)
FNDA:0,(anonymous_37)
FNDA:0,(anonymous_38)
FNDA:0,(anonymous_39)
FNDA:0,(anonymous_40)
FNDA:0,(anonymous_41)
FNDA:0,(anonymous_42)
FNDA:0,(anonymous_43)
FNDA:0,(anonymous_44)
FNDA:0,(anonymous_45)
FNDA:0,(anonymous_46)
FNDA:0,(anonymous_47)
FNDA:0,(anonymous_48)
FNDA:0,(anonymous_49)
FNDA:0,(anonymous_50)
FNDA:0,(anonymous_51)
DA:21,0
DA:22,0
DA:23,0
DA:24,0
DA:26,0
DA:27,0
DA:28,0
DA:30,0
DA:31,0
DA:32,0
DA:33,0
DA:35,0
DA:36,0
DA:37,0
DA:38,0
DA:40,0
DA:42,0
DA:43,0
DA:45,0
DA:48,0
DA:49,0
DA:52,0
DA:54,0
DA:55,0
DA:57,0
DA:61,0
DA:63,0
DA:71,0
DA:72,0
DA:73,0
DA:74,0
DA:77,0
DA:78,0
DA:82,0
DA:84,0
DA:85,0
DA:86,0
DA:87,0
DA:88,0
DA:89,0
DA:90,0
DA:92,0
DA:93,0
DA:96,0
DA:97,0
DA:106,0
DA:107,0
DA:111,0
DA:112,0
DA:114,0
DA:115,0
DA:116,0
DA:117,0
DA:118,0
DA:120,0
DA:121,0
DA:122,0
DA:124,0
DA:125,0
DA:127,0
DA:128,0
DA:129,0
DA:130,0
DA:131,0
DA:133,0
DA:134,0
DA:135,0
DA:137,0
DA:138,0
DA:139,0
DA:141,0
DA:144,0
DA:145,0
DA:147,0
DA:156,0
DA:157,0
DA:160,0
DA:161,0
DA:162,0
DA:163,0
DA:164,0
DA:167,0
DA:168,0
DA:169,0
DA:173,0
DA:203,0
DA:211,0
DA:221,0
DA:222,0
DA:227,0
DA:240,0
DA:244,0
DA:263,0
DA:264,0
DA:265,0
DA:266,0
DA:274,0
DA:310,0
DA:313,0
DA:336,0
DA:345,0
DA:356,0
DA:371,0
DA:381,0
DA:382,0
DA:383,0
DA:384,0
DA:385,0
DA:394,0
DA:395,0
DA:400,0
DA:413,0
DA:417,0
DA:430,0
DA:445,0
DA:446,0
DA:447,0
DA:448,0
DA:449,0
DA:458,0
DA:459,0
DA:464,0
DA:477,0
DA:481,0
LF:124
LH:0
BRDA:48,0,0,0
BRDA:48,0,1,0
BRDA:92,1,0,0
BRDA:92,1,1,0
BRDA:135,2,0,0
BRDA:135,2,1,0
BRDA:145,3,0,0
BRDA:145,3,1,0
BRDA:161,4,0,0
BRDA:161,4,1,0
BRDA:168,5,0,0
BRDA:168,5,1,0
BRDA:300,6,0,0
BRDA:300,6,1,0
BRDA:308,7,0,0
BRDA:308,7,1,0
BRDA:328,8,0,0
BRDA:328,8,1,0
BRF:18
BRH:0
end_of_record
TN:
SF:src\utils\rateKPI.ts
FN:1,rateKPI
FNF:1
FNH:0
FNDA:0,rateKPI
DA:2,0
DA:3,0
DA:4,0
DA:5,0
LF:4
LH:0
BRDA:2,0,0,0
BRDA:2,0,1,0
BRDA:3,1,0,0
BRDA:3,1,1,0
BRDA:3,2,0,0
BRDA:3,2,1,0
BRDA:4,3,0,0
BRDA:4,3,1,0
BRDA:4,4,0,0
BRDA:4,4,1,0
BRF:10
BRH:0
end_of_record
